[2024-12-13T16:58:52.832+0000] {processor.py:186} INFO - Started process (PID=80) to work on /home/airflow/.local/lib/python3.12/site-packages/airflow/example_dags/example_outlet_event_extra.py
[2024-12-13T16:58:52.832+0000] {processor.py:914} INFO - Processing file /home/airflow/.local/lib/python3.12/site-packages/airflow/example_dags/example_outlet_event_extra.py for tasks to queue
[2024-12-13T16:58:52.835+0000] {logging_mixin.py:190} INFO - [2024-12-13T16:58:52.834+0000] {dagbag.py:588} INFO - Filling up the DagBag from /home/airflow/.local/lib/python3.12/site-packages/airflow/example_dags/example_outlet_event_extra.py
[2024-12-13T16:58:53.230+0000] {processor.py:925} INFO - DAG(s) 'dataset_with_extra_from_classic_operator', 'dataset_with_extra_by_yield', 'dataset_with_extra_by_context' retrieved from /home/airflow/.local/lib/python3.12/site-packages/airflow/example_dags/example_outlet_event_extra.py
[2024-12-13T16:58:53.301+0000] {logging_mixin.py:190} INFO - [2024-12-13T16:58:53.301+0000] {override.py:1911} INFO - Created Permission View: can edit on DAG:dataset_with_extra_from_classic_operator
[2024-12-13T16:58:53.309+0000] {logging_mixin.py:190} INFO - [2024-12-13T16:58:53.309+0000] {override.py:1911} INFO - Created Permission View: can read on DAG:dataset_with_extra_from_classic_operator
[2024-12-13T16:58:53.316+0000] {logging_mixin.py:190} INFO - [2024-12-13T16:58:53.316+0000] {override.py:1911} INFO - Created Permission View: can delete on DAG:dataset_with_extra_from_classic_operator
[2024-12-13T16:58:53.323+0000] {logging_mixin.py:190} INFO - [2024-12-13T16:58:53.323+0000] {override.py:1911} INFO - Created Permission View: menu access on DAG Run:dataset_with_extra_from_classic_operator
[2024-12-13T16:58:53.328+0000] {logging_mixin.py:190} INFO - [2024-12-13T16:58:53.328+0000] {override.py:1911} INFO - Created Permission View: can delete on DAG Run:dataset_with_extra_from_classic_operator
[2024-12-13T16:58:53.334+0000] {logging_mixin.py:190} INFO - [2024-12-13T16:58:53.334+0000] {override.py:1911} INFO - Created Permission View: can read on DAG Run:dataset_with_extra_from_classic_operator
[2024-12-13T16:58:53.339+0000] {logging_mixin.py:190} INFO - [2024-12-13T16:58:53.339+0000] {override.py:1911} INFO - Created Permission View: can create on DAG Run:dataset_with_extra_from_classic_operator
[2024-12-13T16:58:53.351+0000] {logging_mixin.py:190} INFO - [2024-12-13T16:58:53.350+0000] {override.py:1911} INFO - Created Permission View: can edit on DAG:dataset_with_extra_by_yield
[2024-12-13T16:58:53.356+0000] {logging_mixin.py:190} INFO - [2024-12-13T16:58:53.356+0000] {override.py:1911} INFO - Created Permission View: can read on DAG:dataset_with_extra_by_yield
[2024-12-13T16:58:53.361+0000] {logging_mixin.py:190} INFO - [2024-12-13T16:58:53.361+0000] {override.py:1911} INFO - Created Permission View: can delete on DAG:dataset_with_extra_by_yield
[2024-12-13T16:58:53.367+0000] {logging_mixin.py:190} INFO - [2024-12-13T16:58:53.367+0000] {override.py:1911} INFO - Created Permission View: menu access on DAG Run:dataset_with_extra_by_yield
[2024-12-13T16:58:53.372+0000] {logging_mixin.py:190} INFO - [2024-12-13T16:58:53.372+0000] {override.py:1911} INFO - Created Permission View: can delete on DAG Run:dataset_with_extra_by_yield
[2024-12-13T16:58:53.377+0000] {logging_mixin.py:190} INFO - [2024-12-13T16:58:53.377+0000] {override.py:1911} INFO - Created Permission View: can read on DAG Run:dataset_with_extra_by_yield
[2024-12-13T16:58:53.383+0000] {logging_mixin.py:190} INFO - [2024-12-13T16:58:53.382+0000] {override.py:1911} INFO - Created Permission View: can create on DAG Run:dataset_with_extra_by_yield
[2024-12-13T16:58:53.393+0000] {logging_mixin.py:190} INFO - [2024-12-13T16:58:53.393+0000] {override.py:1911} INFO - Created Permission View: can edit on DAG:dataset_with_extra_by_context
[2024-12-13T16:58:53.398+0000] {logging_mixin.py:190} INFO - [2024-12-13T16:58:53.398+0000] {override.py:1911} INFO - Created Permission View: can read on DAG:dataset_with_extra_by_context
[2024-12-13T16:58:53.404+0000] {logging_mixin.py:190} INFO - [2024-12-13T16:58:53.404+0000] {override.py:1911} INFO - Created Permission View: can delete on DAG:dataset_with_extra_by_context
[2024-12-13T16:58:53.410+0000] {logging_mixin.py:190} INFO - [2024-12-13T16:58:53.410+0000] {override.py:1911} INFO - Created Permission View: menu access on DAG Run:dataset_with_extra_by_context
[2024-12-13T16:58:53.416+0000] {logging_mixin.py:190} INFO - [2024-12-13T16:58:53.416+0000] {override.py:1911} INFO - Created Permission View: can delete on DAG Run:dataset_with_extra_by_context
[2024-12-13T16:58:53.422+0000] {logging_mixin.py:190} INFO - [2024-12-13T16:58:53.421+0000] {override.py:1911} INFO - Created Permission View: can read on DAG Run:dataset_with_extra_by_context
[2024-12-13T16:58:53.427+0000] {logging_mixin.py:190} INFO - [2024-12-13T16:58:53.427+0000] {override.py:1911} INFO - Created Permission View: can create on DAG Run:dataset_with_extra_by_context
[2024-12-13T16:58:53.427+0000] {logging_mixin.py:190} INFO - [2024-12-13T16:58:53.427+0000] {dag.py:3239} INFO - Sync 3 DAGs
[2024-12-13T16:58:53.437+0000] {logging_mixin.py:190} INFO - [2024-12-13T16:58:53.436+0000] {dag.py:3262} INFO - Creating ORM DAG for dataset_with_extra_from_classic_operator
[2024-12-13T16:58:53.437+0000] {logging_mixin.py:190} INFO - [2024-12-13T16:58:53.437+0000] {dag.py:3262} INFO - Creating ORM DAG for dataset_with_extra_by_context
[2024-12-13T16:58:53.437+0000] {logging_mixin.py:190} INFO - [2024-12-13T16:58:53.437+0000] {dag.py:3262} INFO - Creating ORM DAG for dataset_with_extra_by_yield
[2024-12-13T16:58:53.445+0000] {logging_mixin.py:190} INFO - [2024-12-13T16:58:53.444+0000] {dag.py:4180} INFO - Setting next_dagrun for dataset_with_extra_by_context to 2024-12-12 00:00:00+00:00, run_after=2024-12-13 00:00:00+00:00
[2024-12-13T16:58:53.446+0000] {logging_mixin.py:190} INFO - [2024-12-13T16:58:53.446+0000] {dag.py:4180} INFO - Setting next_dagrun for dataset_with_extra_by_yield to 2024-12-12 00:00:00+00:00, run_after=2024-12-13 00:00:00+00:00
[2024-12-13T16:58:53.447+0000] {logging_mixin.py:190} INFO - [2024-12-13T16:58:53.447+0000] {dag.py:4180} INFO - Setting next_dagrun for dataset_with_extra_from_classic_operator to 2024-12-12 00:00:00+00:00, run_after=2024-12-13 00:00:00+00:00
[2024-12-13T16:58:53.465+0000] {processor.py:208} INFO - Processing /home/airflow/.local/lib/python3.12/site-packages/airflow/example_dags/example_outlet_event_extra.py took 0.638 seconds
[2024-12-13T16:59:23.716+0000] {processor.py:186} INFO - Started process (PID=143) to work on /home/airflow/.local/lib/python3.12/site-packages/airflow/example_dags/example_outlet_event_extra.py
[2024-12-13T16:59:23.717+0000] {processor.py:914} INFO - Processing file /home/airflow/.local/lib/python3.12/site-packages/airflow/example_dags/example_outlet_event_extra.py for tasks to queue
[2024-12-13T16:59:23.719+0000] {logging_mixin.py:190} INFO - [2024-12-13T16:59:23.718+0000] {dagbag.py:588} INFO - Filling up the DagBag from /home/airflow/.local/lib/python3.12/site-packages/airflow/example_dags/example_outlet_event_extra.py
[2024-12-13T16:59:24.060+0000] {processor.py:925} INFO - DAG(s) 'dataset_with_extra_from_classic_operator', 'dataset_with_extra_by_context', 'dataset_with_extra_by_yield' retrieved from /home/airflow/.local/lib/python3.12/site-packages/airflow/example_dags/example_outlet_event_extra.py
[2024-12-13T16:59:24.078+0000] {logging_mixin.py:190} INFO - [2024-12-13T16:59:24.078+0000] {dag.py:3239} INFO - Sync 3 DAGs
[2024-12-13T16:59:24.096+0000] {logging_mixin.py:190} INFO - [2024-12-13T16:59:24.096+0000] {dag.py:4180} INFO - Setting next_dagrun for dataset_with_extra_by_context to 2024-12-12 00:00:00+00:00, run_after=2024-12-13 00:00:00+00:00
[2024-12-13T16:59:24.099+0000] {logging_mixin.py:190} INFO - [2024-12-13T16:59:24.099+0000] {dag.py:4180} INFO - Setting next_dagrun for dataset_with_extra_by_yield to 2024-12-12 00:00:00+00:00, run_after=2024-12-13 00:00:00+00:00
[2024-12-13T16:59:24.102+0000] {logging_mixin.py:190} INFO - [2024-12-13T16:59:24.101+0000] {dag.py:4180} INFO - Setting next_dagrun for dataset_with_extra_from_classic_operator to 2024-12-12 00:00:00+00:00, run_after=2024-12-13 00:00:00+00:00
[2024-12-13T16:59:24.116+0000] {processor.py:208} INFO - Processing /home/airflow/.local/lib/python3.12/site-packages/airflow/example_dags/example_outlet_event_extra.py took 0.404 seconds
[2024-12-13T16:59:54.622+0000] {processor.py:186} INFO - Started process (PID=206) to work on /home/airflow/.local/lib/python3.12/site-packages/airflow/example_dags/example_outlet_event_extra.py
[2024-12-13T16:59:54.623+0000] {processor.py:914} INFO - Processing file /home/airflow/.local/lib/python3.12/site-packages/airflow/example_dags/example_outlet_event_extra.py for tasks to queue
[2024-12-13T16:59:54.625+0000] {logging_mixin.py:190} INFO - [2024-12-13T16:59:54.624+0000] {dagbag.py:588} INFO - Filling up the DagBag from /home/airflow/.local/lib/python3.12/site-packages/airflow/example_dags/example_outlet_event_extra.py
[2024-12-13T16:59:54.960+0000] {processor.py:925} INFO - DAG(s) 'dataset_with_extra_from_classic_operator', 'dataset_with_extra_by_context', 'dataset_with_extra_by_yield' retrieved from /home/airflow/.local/lib/python3.12/site-packages/airflow/example_dags/example_outlet_event_extra.py
[2024-12-13T16:59:54.975+0000] {logging_mixin.py:190} INFO - [2024-12-13T16:59:54.975+0000] {dag.py:3239} INFO - Sync 3 DAGs
[2024-12-13T16:59:54.991+0000] {logging_mixin.py:190} INFO - [2024-12-13T16:59:54.990+0000] {dag.py:4180} INFO - Setting next_dagrun for dataset_with_extra_by_context to 2024-12-12 00:00:00+00:00, run_after=2024-12-13 00:00:00+00:00
[2024-12-13T16:59:54.994+0000] {logging_mixin.py:190} INFO - [2024-12-13T16:59:54.994+0000] {dag.py:4180} INFO - Setting next_dagrun for dataset_with_extra_by_yield to 2024-12-12 00:00:00+00:00, run_after=2024-12-13 00:00:00+00:00
[2024-12-13T16:59:54.996+0000] {logging_mixin.py:190} INFO - [2024-12-13T16:59:54.996+0000] {dag.py:4180} INFO - Setting next_dagrun for dataset_with_extra_from_classic_operator to 2024-12-12 00:00:00+00:00, run_after=2024-12-13 00:00:00+00:00
[2024-12-13T16:59:55.012+0000] {processor.py:208} INFO - Processing /home/airflow/.local/lib/python3.12/site-packages/airflow/example_dags/example_outlet_event_extra.py took 0.394 seconds
[2024-12-13T17:00:25.688+0000] {processor.py:186} INFO - Started process (PID=269) to work on /home/airflow/.local/lib/python3.12/site-packages/airflow/example_dags/example_outlet_event_extra.py
[2024-12-13T17:00:25.689+0000] {processor.py:914} INFO - Processing file /home/airflow/.local/lib/python3.12/site-packages/airflow/example_dags/example_outlet_event_extra.py for tasks to queue
[2024-12-13T17:00:25.690+0000] {logging_mixin.py:190} INFO - [2024-12-13T17:00:25.690+0000] {dagbag.py:588} INFO - Filling up the DagBag from /home/airflow/.local/lib/python3.12/site-packages/airflow/example_dags/example_outlet_event_extra.py
[2024-12-13T17:00:26.046+0000] {processor.py:925} INFO - DAG(s) 'dataset_with_extra_by_context', 'dataset_with_extra_from_classic_operator', 'dataset_with_extra_by_yield' retrieved from /home/airflow/.local/lib/python3.12/site-packages/airflow/example_dags/example_outlet_event_extra.py
[2024-12-13T17:00:26.062+0000] {logging_mixin.py:190} INFO - [2024-12-13T17:00:26.062+0000] {dag.py:3239} INFO - Sync 3 DAGs
[2024-12-13T17:00:26.079+0000] {logging_mixin.py:190} INFO - [2024-12-13T17:00:26.078+0000] {dag.py:4180} INFO - Setting next_dagrun for dataset_with_extra_by_context to 2024-12-12 00:00:00+00:00, run_after=2024-12-13 00:00:00+00:00
[2024-12-13T17:00:26.082+0000] {logging_mixin.py:190} INFO - [2024-12-13T17:00:26.082+0000] {dag.py:4180} INFO - Setting next_dagrun for dataset_with_extra_by_yield to 2024-12-12 00:00:00+00:00, run_after=2024-12-13 00:00:00+00:00
[2024-12-13T17:00:26.084+0000] {logging_mixin.py:190} INFO - [2024-12-13T17:00:26.083+0000] {dag.py:4180} INFO - Setting next_dagrun for dataset_with_extra_from_classic_operator to 2024-12-12 00:00:00+00:00, run_after=2024-12-13 00:00:00+00:00
[2024-12-13T17:00:26.097+0000] {processor.py:208} INFO - Processing /home/airflow/.local/lib/python3.12/site-packages/airflow/example_dags/example_outlet_event_extra.py took 0.413 seconds
[2024-12-13T17:00:56.724+0000] {processor.py:186} INFO - Started process (PID=333) to work on /home/airflow/.local/lib/python3.12/site-packages/airflow/example_dags/example_outlet_event_extra.py
[2024-12-13T17:00:56.725+0000] {processor.py:914} INFO - Processing file /home/airflow/.local/lib/python3.12/site-packages/airflow/example_dags/example_outlet_event_extra.py for tasks to queue
[2024-12-13T17:00:56.727+0000] {logging_mixin.py:190} INFO - [2024-12-13T17:00:56.726+0000] {dagbag.py:588} INFO - Filling up the DagBag from /home/airflow/.local/lib/python3.12/site-packages/airflow/example_dags/example_outlet_event_extra.py
[2024-12-13T17:00:57.069+0000] {processor.py:925} INFO - DAG(s) 'dataset_with_extra_by_yield', 'dataset_with_extra_from_classic_operator', 'dataset_with_extra_by_context' retrieved from /home/airflow/.local/lib/python3.12/site-packages/airflow/example_dags/example_outlet_event_extra.py
[2024-12-13T17:00:57.086+0000] {logging_mixin.py:190} INFO - [2024-12-13T17:00:57.085+0000] {dag.py:3239} INFO - Sync 3 DAGs
[2024-12-13T17:00:57.102+0000] {logging_mixin.py:190} INFO - [2024-12-13T17:00:57.102+0000] {dag.py:4180} INFO - Setting next_dagrun for dataset_with_extra_by_context to 2024-12-12 00:00:00+00:00, run_after=2024-12-13 00:00:00+00:00
[2024-12-13T17:00:57.105+0000] {logging_mixin.py:190} INFO - [2024-12-13T17:00:57.105+0000] {dag.py:4180} INFO - Setting next_dagrun for dataset_with_extra_by_yield to 2024-12-12 00:00:00+00:00, run_after=2024-12-13 00:00:00+00:00
[2024-12-13T17:00:57.107+0000] {logging_mixin.py:190} INFO - [2024-12-13T17:00:57.107+0000] {dag.py:4180} INFO - Setting next_dagrun for dataset_with_extra_from_classic_operator to 2024-12-12 00:00:00+00:00, run_after=2024-12-13 00:00:00+00:00
[2024-12-13T17:00:57.121+0000] {processor.py:208} INFO - Processing /home/airflow/.local/lib/python3.12/site-packages/airflow/example_dags/example_outlet_event_extra.py took 0.401 seconds
[2024-12-13T17:01:27.609+0000] {processor.py:186} INFO - Started process (PID=395) to work on /home/airflow/.local/lib/python3.12/site-packages/airflow/example_dags/example_outlet_event_extra.py
[2024-12-13T17:01:27.610+0000] {processor.py:914} INFO - Processing file /home/airflow/.local/lib/python3.12/site-packages/airflow/example_dags/example_outlet_event_extra.py for tasks to queue
[2024-12-13T17:01:27.611+0000] {logging_mixin.py:190} INFO - [2024-12-13T17:01:27.611+0000] {dagbag.py:588} INFO - Filling up the DagBag from /home/airflow/.local/lib/python3.12/site-packages/airflow/example_dags/example_outlet_event_extra.py
[2024-12-13T17:01:27.964+0000] {processor.py:925} INFO - DAG(s) 'dataset_with_extra_from_classic_operator', 'dataset_with_extra_by_context', 'dataset_with_extra_by_yield' retrieved from /home/airflow/.local/lib/python3.12/site-packages/airflow/example_dags/example_outlet_event_extra.py
[2024-12-13T17:01:27.980+0000] {logging_mixin.py:190} INFO - [2024-12-13T17:01:27.980+0000] {dag.py:3239} INFO - Sync 3 DAGs
[2024-12-13T17:01:27.995+0000] {logging_mixin.py:190} INFO - [2024-12-13T17:01:27.995+0000] {dag.py:4180} INFO - Setting next_dagrun for dataset_with_extra_by_context to 2024-12-12 00:00:00+00:00, run_after=2024-12-13 00:00:00+00:00
[2024-12-13T17:01:27.998+0000] {logging_mixin.py:190} INFO - [2024-12-13T17:01:27.998+0000] {dag.py:4180} INFO - Setting next_dagrun for dataset_with_extra_by_yield to 2024-12-12 00:00:00+00:00, run_after=2024-12-13 00:00:00+00:00
[2024-12-13T17:01:28.001+0000] {logging_mixin.py:190} INFO - [2024-12-13T17:01:28.001+0000] {dag.py:4180} INFO - Setting next_dagrun for dataset_with_extra_from_classic_operator to 2024-12-12 00:00:00+00:00, run_after=2024-12-13 00:00:00+00:00
[2024-12-13T17:01:28.015+0000] {processor.py:208} INFO - Processing /home/airflow/.local/lib/python3.12/site-packages/airflow/example_dags/example_outlet_event_extra.py took 0.410 seconds
[2024-12-13T17:01:58.783+0000] {processor.py:186} INFO - Started process (PID=458) to work on /home/airflow/.local/lib/python3.12/site-packages/airflow/example_dags/example_outlet_event_extra.py
[2024-12-13T17:01:58.783+0000] {processor.py:914} INFO - Processing file /home/airflow/.local/lib/python3.12/site-packages/airflow/example_dags/example_outlet_event_extra.py for tasks to queue
[2024-12-13T17:01:58.785+0000] {logging_mixin.py:190} INFO - [2024-12-13T17:01:58.785+0000] {dagbag.py:588} INFO - Filling up the DagBag from /home/airflow/.local/lib/python3.12/site-packages/airflow/example_dags/example_outlet_event_extra.py
[2024-12-13T17:01:59.134+0000] {processor.py:925} INFO - DAG(s) 'dataset_with_extra_by_context', 'dataset_with_extra_by_yield', 'dataset_with_extra_from_classic_operator' retrieved from /home/airflow/.local/lib/python3.12/site-packages/airflow/example_dags/example_outlet_event_extra.py
[2024-12-13T17:01:59.155+0000] {logging_mixin.py:190} INFO - [2024-12-13T17:01:59.154+0000] {dag.py:3239} INFO - Sync 3 DAGs
[2024-12-13T17:01:59.171+0000] {logging_mixin.py:190} INFO - [2024-12-13T17:01:59.171+0000] {dag.py:4180} INFO - Setting next_dagrun for dataset_with_extra_by_context to 2024-12-12 00:00:00+00:00, run_after=2024-12-13 00:00:00+00:00
[2024-12-13T17:01:59.174+0000] {logging_mixin.py:190} INFO - [2024-12-13T17:01:59.174+0000] {dag.py:4180} INFO - Setting next_dagrun for dataset_with_extra_by_yield to 2024-12-12 00:00:00+00:00, run_after=2024-12-13 00:00:00+00:00
[2024-12-13T17:01:59.176+0000] {logging_mixin.py:190} INFO - [2024-12-13T17:01:59.176+0000] {dag.py:4180} INFO - Setting next_dagrun for dataset_with_extra_from_classic_operator to 2024-12-12 00:00:00+00:00, run_after=2024-12-13 00:00:00+00:00
[2024-12-13T17:01:59.191+0000] {processor.py:208} INFO - Processing /home/airflow/.local/lib/python3.12/site-packages/airflow/example_dags/example_outlet_event_extra.py took 0.413 seconds
[2024-12-13T17:02:29.946+0000] {processor.py:186} INFO - Started process (PID=523) to work on /home/airflow/.local/lib/python3.12/site-packages/airflow/example_dags/example_outlet_event_extra.py
[2024-12-13T17:02:29.947+0000] {processor.py:914} INFO - Processing file /home/airflow/.local/lib/python3.12/site-packages/airflow/example_dags/example_outlet_event_extra.py for tasks to queue
[2024-12-13T17:02:29.949+0000] {logging_mixin.py:190} INFO - [2024-12-13T17:02:29.949+0000] {dagbag.py:588} INFO - Filling up the DagBag from /home/airflow/.local/lib/python3.12/site-packages/airflow/example_dags/example_outlet_event_extra.py
[2024-12-13T17:02:30.320+0000] {processor.py:925} INFO - DAG(s) 'dataset_with_extra_from_classic_operator', 'dataset_with_extra_by_yield', 'dataset_with_extra_by_context' retrieved from /home/airflow/.local/lib/python3.12/site-packages/airflow/example_dags/example_outlet_event_extra.py
[2024-12-13T17:02:30.337+0000] {logging_mixin.py:190} INFO - [2024-12-13T17:02:30.337+0000] {dag.py:3239} INFO - Sync 3 DAGs
[2024-12-13T17:02:30.354+0000] {logging_mixin.py:190} INFO - [2024-12-13T17:02:30.354+0000] {dag.py:4180} INFO - Setting next_dagrun for dataset_with_extra_by_context to 2024-12-12 00:00:00+00:00, run_after=2024-12-13 00:00:00+00:00
[2024-12-13T17:02:30.358+0000] {logging_mixin.py:190} INFO - [2024-12-13T17:02:30.357+0000] {dag.py:4180} INFO - Setting next_dagrun for dataset_with_extra_by_yield to 2024-12-12 00:00:00+00:00, run_after=2024-12-13 00:00:00+00:00
[2024-12-13T17:02:30.359+0000] {logging_mixin.py:190} INFO - [2024-12-13T17:02:30.359+0000] {dag.py:4180} INFO - Setting next_dagrun for dataset_with_extra_from_classic_operator to 2024-12-12 00:00:00+00:00, run_after=2024-12-13 00:00:00+00:00
[2024-12-13T17:02:30.372+0000] {processor.py:208} INFO - Processing /home/airflow/.local/lib/python3.12/site-packages/airflow/example_dags/example_outlet_event_extra.py took 0.430 seconds
[2024-12-13T17:03:01.125+0000] {processor.py:186} INFO - Started process (PID=587) to work on /home/airflow/.local/lib/python3.12/site-packages/airflow/example_dags/example_outlet_event_extra.py
[2024-12-13T17:03:01.126+0000] {processor.py:914} INFO - Processing file /home/airflow/.local/lib/python3.12/site-packages/airflow/example_dags/example_outlet_event_extra.py for tasks to queue
[2024-12-13T17:03:01.128+0000] {logging_mixin.py:190} INFO - [2024-12-13T17:03:01.127+0000] {dagbag.py:588} INFO - Filling up the DagBag from /home/airflow/.local/lib/python3.12/site-packages/airflow/example_dags/example_outlet_event_extra.py
[2024-12-13T17:03:01.483+0000] {processor.py:925} INFO - DAG(s) 'dataset_with_extra_by_context', 'dataset_with_extra_by_yield', 'dataset_with_extra_from_classic_operator' retrieved from /home/airflow/.local/lib/python3.12/site-packages/airflow/example_dags/example_outlet_event_extra.py
[2024-12-13T17:03:01.500+0000] {logging_mixin.py:190} INFO - [2024-12-13T17:03:01.499+0000] {dag.py:3239} INFO - Sync 3 DAGs
[2024-12-13T17:03:01.515+0000] {logging_mixin.py:190} INFO - [2024-12-13T17:03:01.515+0000] {dag.py:4180} INFO - Setting next_dagrun for dataset_with_extra_by_context to 2024-12-12 00:00:00+00:00, run_after=2024-12-13 00:00:00+00:00
[2024-12-13T17:03:01.518+0000] {logging_mixin.py:190} INFO - [2024-12-13T17:03:01.518+0000] {dag.py:4180} INFO - Setting next_dagrun for dataset_with_extra_by_yield to 2024-12-12 00:00:00+00:00, run_after=2024-12-13 00:00:00+00:00
[2024-12-13T17:03:01.520+0000] {logging_mixin.py:190} INFO - [2024-12-13T17:03:01.520+0000] {dag.py:4180} INFO - Setting next_dagrun for dataset_with_extra_from_classic_operator to 2024-12-12 00:00:00+00:00, run_after=2024-12-13 00:00:00+00:00
[2024-12-13T17:03:01.535+0000] {processor.py:208} INFO - Processing /home/airflow/.local/lib/python3.12/site-packages/airflow/example_dags/example_outlet_event_extra.py took 0.414 seconds
[2024-12-13T17:03:31.684+0000] {processor.py:186} INFO - Started process (PID=652) to work on /home/airflow/.local/lib/python3.12/site-packages/airflow/example_dags/example_outlet_event_extra.py
[2024-12-13T17:03:31.684+0000] {processor.py:914} INFO - Processing file /home/airflow/.local/lib/python3.12/site-packages/airflow/example_dags/example_outlet_event_extra.py for tasks to queue
[2024-12-13T17:03:31.686+0000] {logging_mixin.py:190} INFO - [2024-12-13T17:03:31.686+0000] {dagbag.py:588} INFO - Filling up the DagBag from /home/airflow/.local/lib/python3.12/site-packages/airflow/example_dags/example_outlet_event_extra.py
[2024-12-13T17:03:32.048+0000] {processor.py:925} INFO - DAG(s) 'dataset_with_extra_from_classic_operator', 'dataset_with_extra_by_yield', 'dataset_with_extra_by_context' retrieved from /home/airflow/.local/lib/python3.12/site-packages/airflow/example_dags/example_outlet_event_extra.py
[2024-12-13T17:03:32.064+0000] {logging_mixin.py:190} INFO - [2024-12-13T17:03:32.064+0000] {dag.py:3239} INFO - Sync 3 DAGs
[2024-12-13T17:03:32.081+0000] {logging_mixin.py:190} INFO - [2024-12-13T17:03:32.081+0000] {dag.py:4180} INFO - Setting next_dagrun for dataset_with_extra_by_context to 2024-12-12 00:00:00+00:00, run_after=2024-12-13 00:00:00+00:00
[2024-12-13T17:03:32.085+0000] {logging_mixin.py:190} INFO - [2024-12-13T17:03:32.085+0000] {dag.py:4180} INFO - Setting next_dagrun for dataset_with_extra_by_yield to 2024-12-12 00:00:00+00:00, run_after=2024-12-13 00:00:00+00:00
[2024-12-13T17:03:32.087+0000] {logging_mixin.py:190} INFO - [2024-12-13T17:03:32.086+0000] {dag.py:4180} INFO - Setting next_dagrun for dataset_with_extra_from_classic_operator to 2024-12-12 00:00:00+00:00, run_after=2024-12-13 00:00:00+00:00
[2024-12-13T17:03:32.101+0000] {processor.py:208} INFO - Processing /home/airflow/.local/lib/python3.12/site-packages/airflow/example_dags/example_outlet_event_extra.py took 0.422 seconds
[2024-12-13T17:04:02.881+0000] {processor.py:186} INFO - Started process (PID=715) to work on /home/airflow/.local/lib/python3.12/site-packages/airflow/example_dags/example_outlet_event_extra.py
[2024-12-13T17:04:02.882+0000] {processor.py:914} INFO - Processing file /home/airflow/.local/lib/python3.12/site-packages/airflow/example_dags/example_outlet_event_extra.py for tasks to queue
[2024-12-13T17:04:02.883+0000] {logging_mixin.py:190} INFO - [2024-12-13T17:04:02.883+0000] {dagbag.py:588} INFO - Filling up the DagBag from /home/airflow/.local/lib/python3.12/site-packages/airflow/example_dags/example_outlet_event_extra.py
[2024-12-13T17:04:03.231+0000] {processor.py:925} INFO - DAG(s) 'dataset_with_extra_from_classic_operator', 'dataset_with_extra_by_yield', 'dataset_with_extra_by_context' retrieved from /home/airflow/.local/lib/python3.12/site-packages/airflow/example_dags/example_outlet_event_extra.py
[2024-12-13T17:04:03.248+0000] {logging_mixin.py:190} INFO - [2024-12-13T17:04:03.248+0000] {dag.py:3239} INFO - Sync 3 DAGs
[2024-12-13T17:04:03.264+0000] {logging_mixin.py:190} INFO - [2024-12-13T17:04:03.264+0000] {dag.py:4180} INFO - Setting next_dagrun for dataset_with_extra_by_context to 2024-12-12 00:00:00+00:00, run_after=2024-12-13 00:00:00+00:00
[2024-12-13T17:04:03.267+0000] {logging_mixin.py:190} INFO - [2024-12-13T17:04:03.267+0000] {dag.py:4180} INFO - Setting next_dagrun for dataset_with_extra_by_yield to 2024-12-12 00:00:00+00:00, run_after=2024-12-13 00:00:00+00:00
[2024-12-13T17:04:03.269+0000] {logging_mixin.py:190} INFO - [2024-12-13T17:04:03.269+0000] {dag.py:4180} INFO - Setting next_dagrun for dataset_with_extra_from_classic_operator to 2024-12-12 00:00:00+00:00, run_after=2024-12-13 00:00:00+00:00
[2024-12-13T17:04:03.284+0000] {processor.py:208} INFO - Processing /home/airflow/.local/lib/python3.12/site-packages/airflow/example_dags/example_outlet_event_extra.py took 0.407 seconds
