[2024-12-13T16:58:52.161+0000] {processor.py:186} INFO - Started process (PID=74) to work on /home/airflow/.local/lib/python3.12/site-packages/airflow/example_dags/example_skip_dag.py
[2024-12-13T16:58:52.161+0000] {processor.py:914} INFO - Processing file /home/airflow/.local/lib/python3.12/site-packages/airflow/example_dags/example_skip_dag.py for tasks to queue
[2024-12-13T16:58:52.163+0000] {logging_mixin.py:190} INFO - [2024-12-13T16:58:52.163+0000] {dagbag.py:588} INFO - Filling up the DagBag from /home/airflow/.local/lib/python3.12/site-packages/airflow/example_dags/example_skip_dag.py
[2024-12-13T16:58:52.169+0000] {processor.py:925} INFO - DAG(s) 'example_skip_dag' retrieved from /home/airflow/.local/lib/python3.12/site-packages/airflow/example_dags/example_skip_dag.py
[2024-12-13T16:58:52.239+0000] {logging_mixin.py:190} INFO - [2024-12-13T16:58:52.239+0000] {override.py:1911} INFO - Created Permission View: can edit on DAG:example_skip_dag
[2024-12-13T16:58:52.245+0000] {logging_mixin.py:190} INFO - [2024-12-13T16:58:52.245+0000] {override.py:1911} INFO - Created Permission View: can read on DAG:example_skip_dag
[2024-12-13T16:58:52.250+0000] {logging_mixin.py:190} INFO - [2024-12-13T16:58:52.250+0000] {override.py:1911} INFO - Created Permission View: can delete on DAG:example_skip_dag
[2024-12-13T16:58:52.255+0000] {logging_mixin.py:190} INFO - [2024-12-13T16:58:52.255+0000] {override.py:1911} INFO - Created Permission View: menu access on DAG Run:example_skip_dag
[2024-12-13T16:58:52.259+0000] {logging_mixin.py:190} INFO - [2024-12-13T16:58:52.259+0000] {override.py:1911} INFO - Created Permission View: can delete on DAG Run:example_skip_dag
[2024-12-13T16:58:52.264+0000] {logging_mixin.py:190} INFO - [2024-12-13T16:58:52.264+0000] {override.py:1911} INFO - Created Permission View: can read on DAG Run:example_skip_dag
[2024-12-13T16:58:52.268+0000] {logging_mixin.py:190} INFO - [2024-12-13T16:58:52.268+0000] {override.py:1911} INFO - Created Permission View: can create on DAG Run:example_skip_dag
[2024-12-13T16:58:52.268+0000] {logging_mixin.py:190} INFO - [2024-12-13T16:58:52.268+0000] {dag.py:3239} INFO - Sync 1 DAGs
[2024-12-13T16:58:52.277+0000] {logging_mixin.py:190} INFO - [2024-12-13T16:58:52.277+0000] {dag.py:3262} INFO - Creating ORM DAG for example_skip_dag
[2024-12-13T16:58:52.284+0000] {logging_mixin.py:190} INFO - [2024-12-13T16:58:52.284+0000] {dag.py:4180} INFO - Setting next_dagrun for example_skip_dag to 2024-12-12 00:00:00+00:00, run_after=2024-12-13 00:00:00+00:00
[2024-12-13T16:58:52.296+0000] {processor.py:208} INFO - Processing /home/airflow/.local/lib/python3.12/site-packages/airflow/example_dags/example_skip_dag.py took 0.139 seconds
[2024-12-13T16:59:23.336+0000] {processor.py:186} INFO - Started process (PID=137) to work on /home/airflow/.local/lib/python3.12/site-packages/airflow/example_dags/example_skip_dag.py
[2024-12-13T16:59:23.337+0000] {processor.py:914} INFO - Processing file /home/airflow/.local/lib/python3.12/site-packages/airflow/example_dags/example_skip_dag.py for tasks to queue
[2024-12-13T16:59:23.338+0000] {logging_mixin.py:190} INFO - [2024-12-13T16:59:23.338+0000] {dagbag.py:588} INFO - Filling up the DagBag from /home/airflow/.local/lib/python3.12/site-packages/airflow/example_dags/example_skip_dag.py
[2024-12-13T16:59:23.344+0000] {processor.py:925} INFO - DAG(s) 'example_skip_dag' retrieved from /home/airflow/.local/lib/python3.12/site-packages/airflow/example_dags/example_skip_dag.py
[2024-12-13T16:59:23.358+0000] {logging_mixin.py:190} INFO - [2024-12-13T16:59:23.358+0000] {dag.py:3239} INFO - Sync 1 DAGs
[2024-12-13T16:59:23.373+0000] {logging_mixin.py:190} INFO - [2024-12-13T16:59:23.372+0000] {dag.py:4180} INFO - Setting next_dagrun for example_skip_dag to 2024-12-12 00:00:00+00:00, run_after=2024-12-13 00:00:00+00:00
[2024-12-13T16:59:23.385+0000] {processor.py:208} INFO - Processing /home/airflow/.local/lib/python3.12/site-packages/airflow/example_dags/example_skip_dag.py took 0.053 seconds
[2024-12-13T16:59:54.253+0000] {processor.py:186} INFO - Started process (PID=200) to work on /home/airflow/.local/lib/python3.12/site-packages/airflow/example_dags/example_skip_dag.py
[2024-12-13T16:59:54.254+0000] {processor.py:914} INFO - Processing file /home/airflow/.local/lib/python3.12/site-packages/airflow/example_dags/example_skip_dag.py for tasks to queue
[2024-12-13T16:59:54.255+0000] {logging_mixin.py:190} INFO - [2024-12-13T16:59:54.255+0000] {dagbag.py:588} INFO - Filling up the DagBag from /home/airflow/.local/lib/python3.12/site-packages/airflow/example_dags/example_skip_dag.py
[2024-12-13T16:59:54.261+0000] {processor.py:925} INFO - DAG(s) 'example_skip_dag' retrieved from /home/airflow/.local/lib/python3.12/site-packages/airflow/example_dags/example_skip_dag.py
[2024-12-13T16:59:54.275+0000] {logging_mixin.py:190} INFO - [2024-12-13T16:59:54.275+0000] {dag.py:3239} INFO - Sync 1 DAGs
[2024-12-13T16:59:54.290+0000] {logging_mixin.py:190} INFO - [2024-12-13T16:59:54.290+0000] {dag.py:4180} INFO - Setting next_dagrun for example_skip_dag to 2024-12-12 00:00:00+00:00, run_after=2024-12-13 00:00:00+00:00
[2024-12-13T16:59:54.304+0000] {processor.py:208} INFO - Processing /home/airflow/.local/lib/python3.12/site-packages/airflow/example_dags/example_skip_dag.py took 0.055 seconds
[2024-12-13T17:00:25.462+0000] {processor.py:186} INFO - Started process (PID=263) to work on /home/airflow/.local/lib/python3.12/site-packages/airflow/example_dags/example_skip_dag.py
[2024-12-13T17:00:25.463+0000] {processor.py:914} INFO - Processing file /home/airflow/.local/lib/python3.12/site-packages/airflow/example_dags/example_skip_dag.py for tasks to queue
[2024-12-13T17:00:25.464+0000] {logging_mixin.py:190} INFO - [2024-12-13T17:00:25.464+0000] {dagbag.py:588} INFO - Filling up the DagBag from /home/airflow/.local/lib/python3.12/site-packages/airflow/example_dags/example_skip_dag.py
[2024-12-13T17:00:25.470+0000] {processor.py:925} INFO - DAG(s) 'example_skip_dag' retrieved from /home/airflow/.local/lib/python3.12/site-packages/airflow/example_dags/example_skip_dag.py
[2024-12-13T17:00:25.485+0000] {logging_mixin.py:190} INFO - [2024-12-13T17:00:25.485+0000] {dag.py:3239} INFO - Sync 1 DAGs
[2024-12-13T17:00:25.500+0000] {logging_mixin.py:190} INFO - [2024-12-13T17:00:25.500+0000] {dag.py:4180} INFO - Setting next_dagrun for example_skip_dag to 2024-12-12 00:00:00+00:00, run_after=2024-12-13 00:00:00+00:00
[2024-12-13T17:00:25.513+0000] {processor.py:208} INFO - Processing /home/airflow/.local/lib/python3.12/site-packages/airflow/example_dags/example_skip_dag.py took 0.055 seconds
[2024-12-13T17:00:56.324+0000] {processor.py:186} INFO - Started process (PID=326) to work on /home/airflow/.local/lib/python3.12/site-packages/airflow/example_dags/example_skip_dag.py
[2024-12-13T17:00:56.324+0000] {processor.py:914} INFO - Processing file /home/airflow/.local/lib/python3.12/site-packages/airflow/example_dags/example_skip_dag.py for tasks to queue
[2024-12-13T17:00:56.326+0000] {logging_mixin.py:190} INFO - [2024-12-13T17:00:56.325+0000] {dagbag.py:588} INFO - Filling up the DagBag from /home/airflow/.local/lib/python3.12/site-packages/airflow/example_dags/example_skip_dag.py
[2024-12-13T17:00:56.331+0000] {processor.py:925} INFO - DAG(s) 'example_skip_dag' retrieved from /home/airflow/.local/lib/python3.12/site-packages/airflow/example_dags/example_skip_dag.py
[2024-12-13T17:00:56.346+0000] {logging_mixin.py:190} INFO - [2024-12-13T17:00:56.345+0000] {dag.py:3239} INFO - Sync 1 DAGs
[2024-12-13T17:00:56.361+0000] {logging_mixin.py:190} INFO - [2024-12-13T17:00:56.361+0000] {dag.py:4180} INFO - Setting next_dagrun for example_skip_dag to 2024-12-12 00:00:00+00:00, run_after=2024-12-13 00:00:00+00:00
[2024-12-13T17:00:56.373+0000] {processor.py:208} INFO - Processing /home/airflow/.local/lib/python3.12/site-packages/airflow/example_dags/example_skip_dag.py took 0.053 seconds
[2024-12-13T17:01:27.241+0000] {processor.py:186} INFO - Started process (PID=389) to work on /home/airflow/.local/lib/python3.12/site-packages/airflow/example_dags/example_skip_dag.py
[2024-12-13T17:01:27.242+0000] {processor.py:914} INFO - Processing file /home/airflow/.local/lib/python3.12/site-packages/airflow/example_dags/example_skip_dag.py for tasks to queue
[2024-12-13T17:01:27.244+0000] {logging_mixin.py:190} INFO - [2024-12-13T17:01:27.244+0000] {dagbag.py:588} INFO - Filling up the DagBag from /home/airflow/.local/lib/python3.12/site-packages/airflow/example_dags/example_skip_dag.py
[2024-12-13T17:01:27.249+0000] {processor.py:925} INFO - DAG(s) 'example_skip_dag' retrieved from /home/airflow/.local/lib/python3.12/site-packages/airflow/example_dags/example_skip_dag.py
[2024-12-13T17:01:27.265+0000] {logging_mixin.py:190} INFO - [2024-12-13T17:01:27.264+0000] {dag.py:3239} INFO - Sync 1 DAGs
[2024-12-13T17:01:27.280+0000] {logging_mixin.py:190} INFO - [2024-12-13T17:01:27.280+0000] {dag.py:4180} INFO - Setting next_dagrun for example_skip_dag to 2024-12-12 00:00:00+00:00, run_after=2024-12-13 00:00:00+00:00
[2024-12-13T17:01:27.293+0000] {processor.py:208} INFO - Processing /home/airflow/.local/lib/python3.12/site-packages/airflow/example_dags/example_skip_dag.py took 0.056 seconds
[2024-12-13T17:01:58.545+0000] {processor.py:186} INFO - Started process (PID=452) to work on /home/airflow/.local/lib/python3.12/site-packages/airflow/example_dags/example_skip_dag.py
[2024-12-13T17:01:58.546+0000] {processor.py:914} INFO - Processing file /home/airflow/.local/lib/python3.12/site-packages/airflow/example_dags/example_skip_dag.py for tasks to queue
[2024-12-13T17:01:58.547+0000] {logging_mixin.py:190} INFO - [2024-12-13T17:01:58.547+0000] {dagbag.py:588} INFO - Filling up the DagBag from /home/airflow/.local/lib/python3.12/site-packages/airflow/example_dags/example_skip_dag.py
[2024-12-13T17:01:58.553+0000] {processor.py:925} INFO - DAG(s) 'example_skip_dag' retrieved from /home/airflow/.local/lib/python3.12/site-packages/airflow/example_dags/example_skip_dag.py
[2024-12-13T17:01:58.568+0000] {logging_mixin.py:190} INFO - [2024-12-13T17:01:58.568+0000] {dag.py:3239} INFO - Sync 1 DAGs
[2024-12-13T17:01:58.584+0000] {logging_mixin.py:190} INFO - [2024-12-13T17:01:58.584+0000] {dag.py:4180} INFO - Setting next_dagrun for example_skip_dag to 2024-12-12 00:00:00+00:00, run_after=2024-12-13 00:00:00+00:00
[2024-12-13T17:01:58.598+0000] {processor.py:208} INFO - Processing /home/airflow/.local/lib/python3.12/site-packages/airflow/example_dags/example_skip_dag.py took 0.057 seconds
[2024-12-13T17:02:29.489+0000] {processor.py:186} INFO - Started process (PID=515) to work on /home/airflow/.local/lib/python3.12/site-packages/airflow/example_dags/example_skip_dag.py
[2024-12-13T17:02:29.490+0000] {processor.py:914} INFO - Processing file /home/airflow/.local/lib/python3.12/site-packages/airflow/example_dags/example_skip_dag.py for tasks to queue
[2024-12-13T17:02:29.492+0000] {logging_mixin.py:190} INFO - [2024-12-13T17:02:29.491+0000] {dagbag.py:588} INFO - Filling up the DagBag from /home/airflow/.local/lib/python3.12/site-packages/airflow/example_dags/example_skip_dag.py
[2024-12-13T17:02:29.497+0000] {processor.py:925} INFO - DAG(s) 'example_skip_dag' retrieved from /home/airflow/.local/lib/python3.12/site-packages/airflow/example_dags/example_skip_dag.py
[2024-12-13T17:02:29.513+0000] {logging_mixin.py:190} INFO - [2024-12-13T17:02:29.513+0000] {dag.py:3239} INFO - Sync 1 DAGs
[2024-12-13T17:02:29.530+0000] {logging_mixin.py:190} INFO - [2024-12-13T17:02:29.530+0000] {dag.py:4180} INFO - Setting next_dagrun for example_skip_dag to 2024-12-12 00:00:00+00:00, run_after=2024-12-13 00:00:00+00:00
[2024-12-13T17:02:29.542+0000] {processor.py:208} INFO - Processing /home/airflow/.local/lib/python3.12/site-packages/airflow/example_dags/example_skip_dag.py took 0.057 seconds
[2024-12-13T17:03:00.646+0000] {processor.py:186} INFO - Started process (PID=578) to work on /home/airflow/.local/lib/python3.12/site-packages/airflow/example_dags/example_skip_dag.py
[2024-12-13T17:03:00.648+0000] {processor.py:914} INFO - Processing file /home/airflow/.local/lib/python3.12/site-packages/airflow/example_dags/example_skip_dag.py for tasks to queue
[2024-12-13T17:03:00.650+0000] {logging_mixin.py:190} INFO - [2024-12-13T17:03:00.650+0000] {dagbag.py:588} INFO - Filling up the DagBag from /home/airflow/.local/lib/python3.12/site-packages/airflow/example_dags/example_skip_dag.py
[2024-12-13T17:03:00.656+0000] {processor.py:925} INFO - DAG(s) 'example_skip_dag' retrieved from /home/airflow/.local/lib/python3.12/site-packages/airflow/example_dags/example_skip_dag.py
[2024-12-13T17:03:00.672+0000] {logging_mixin.py:190} INFO - [2024-12-13T17:03:00.672+0000] {dag.py:3239} INFO - Sync 1 DAGs
[2024-12-13T17:03:00.688+0000] {logging_mixin.py:190} INFO - [2024-12-13T17:03:00.688+0000] {dag.py:4180} INFO - Setting next_dagrun for example_skip_dag to 2024-12-12 00:00:00+00:00, run_after=2024-12-13 00:00:00+00:00
[2024-12-13T17:03:00.701+0000] {processor.py:208} INFO - Processing /home/airflow/.local/lib/python3.12/site-packages/airflow/example_dags/example_skip_dag.py took 0.060 seconds
[2024-12-13T17:03:31.068+0000] {processor.py:186} INFO - Started process (PID=641) to work on /home/airflow/.local/lib/python3.12/site-packages/airflow/example_dags/example_skip_dag.py
[2024-12-13T17:03:31.068+0000] {processor.py:914} INFO - Processing file /home/airflow/.local/lib/python3.12/site-packages/airflow/example_dags/example_skip_dag.py for tasks to queue
[2024-12-13T17:03:31.070+0000] {logging_mixin.py:190} INFO - [2024-12-13T17:03:31.070+0000] {dagbag.py:588} INFO - Filling up the DagBag from /home/airflow/.local/lib/python3.12/site-packages/airflow/example_dags/example_skip_dag.py
[2024-12-13T17:03:31.075+0000] {processor.py:925} INFO - DAG(s) 'example_skip_dag' retrieved from /home/airflow/.local/lib/python3.12/site-packages/airflow/example_dags/example_skip_dag.py
[2024-12-13T17:03:31.091+0000] {logging_mixin.py:190} INFO - [2024-12-13T17:03:31.091+0000] {dag.py:3239} INFO - Sync 1 DAGs
[2024-12-13T17:03:31.106+0000] {logging_mixin.py:190} INFO - [2024-12-13T17:03:31.106+0000] {dag.py:4180} INFO - Setting next_dagrun for example_skip_dag to 2024-12-12 00:00:00+00:00, run_after=2024-12-13 00:00:00+00:00
[2024-12-13T17:03:31.118+0000] {processor.py:208} INFO - Processing /home/airflow/.local/lib/python3.12/site-packages/airflow/example_dags/example_skip_dag.py took 0.054 seconds
[2024-12-13T17:04:02.275+0000] {processor.py:186} INFO - Started process (PID=704) to work on /home/airflow/.local/lib/python3.12/site-packages/airflow/example_dags/example_skip_dag.py
[2024-12-13T17:04:02.276+0000] {processor.py:914} INFO - Processing file /home/airflow/.local/lib/python3.12/site-packages/airflow/example_dags/example_skip_dag.py for tasks to queue
[2024-12-13T17:04:02.278+0000] {logging_mixin.py:190} INFO - [2024-12-13T17:04:02.278+0000] {dagbag.py:588} INFO - Filling up the DagBag from /home/airflow/.local/lib/python3.12/site-packages/airflow/example_dags/example_skip_dag.py
[2024-12-13T17:04:02.283+0000] {processor.py:925} INFO - DAG(s) 'example_skip_dag' retrieved from /home/airflow/.local/lib/python3.12/site-packages/airflow/example_dags/example_skip_dag.py
[2024-12-13T17:04:02.298+0000] {logging_mixin.py:190} INFO - [2024-12-13T17:04:02.298+0000] {dag.py:3239} INFO - Sync 1 DAGs
[2024-12-13T17:04:02.313+0000] {logging_mixin.py:190} INFO - [2024-12-13T17:04:02.313+0000] {dag.py:4180} INFO - Setting next_dagrun for example_skip_dag to 2024-12-12 00:00:00+00:00, run_after=2024-12-13 00:00:00+00:00
[2024-12-13T17:04:02.326+0000] {processor.py:208} INFO - Processing /home/airflow/.local/lib/python3.12/site-packages/airflow/example_dags/example_skip_dag.py took 0.054 seconds
