[2024-12-13T16:58:52.551+0000] {processor.py:186} INFO - Started process (PID=77) to work on /home/airflow/.local/lib/python3.12/site-packages/airflow/example_dags/example_bash_operator.py
[2024-12-13T16:58:52.552+0000] {processor.py:914} INFO - Processing file /home/airflow/.local/lib/python3.12/site-packages/airflow/example_dags/example_bash_operator.py for tasks to queue
[2024-12-13T16:58:52.553+0000] {logging_mixin.py:190} INFO - [2024-12-13T16:58:52.553+0000] {dagbag.py:588} INFO - Filling up the DagBag from /home/airflow/.local/lib/python3.12/site-packages/airflow/example_dags/example_bash_operator.py
[2024-12-13T16:58:52.563+0000] {processor.py:925} INFO - DAG(s) 'example_bash_operator' retrieved from /home/airflow/.local/lib/python3.12/site-packages/airflow/example_dags/example_bash_operator.py
[2024-12-13T16:58:52.650+0000] {logging_mixin.py:190} INFO - [2024-12-13T16:58:52.649+0000] {override.py:1911} INFO - Created Permission View: can edit on DAG:example_bash_operator
[2024-12-13T16:58:52.657+0000] {logging_mixin.py:190} INFO - [2024-12-13T16:58:52.657+0000] {override.py:1911} INFO - Created Permission View: can read on DAG:example_bash_operator
[2024-12-13T16:58:52.663+0000] {logging_mixin.py:190} INFO - [2024-12-13T16:58:52.662+0000] {override.py:1911} INFO - Created Permission View: can delete on DAG:example_bash_operator
[2024-12-13T16:58:52.668+0000] {logging_mixin.py:190} INFO - [2024-12-13T16:58:52.668+0000] {override.py:1911} INFO - Created Permission View: menu access on DAG Run:example_bash_operator
[2024-12-13T16:58:52.673+0000] {logging_mixin.py:190} INFO - [2024-12-13T16:58:52.673+0000] {override.py:1911} INFO - Created Permission View: can delete on DAG Run:example_bash_operator
[2024-12-13T16:58:52.678+0000] {logging_mixin.py:190} INFO - [2024-12-13T16:58:52.678+0000] {override.py:1911} INFO - Created Permission View: can read on DAG Run:example_bash_operator
[2024-12-13T16:58:52.683+0000] {logging_mixin.py:190} INFO - [2024-12-13T16:58:52.683+0000] {override.py:1911} INFO - Created Permission View: can create on DAG Run:example_bash_operator
[2024-12-13T16:58:52.683+0000] {logging_mixin.py:190} INFO - [2024-12-13T16:58:52.683+0000] {dag.py:3239} INFO - Sync 1 DAGs
[2024-12-13T16:58:52.692+0000] {logging_mixin.py:190} INFO - [2024-12-13T16:58:52.692+0000] {dag.py:3262} INFO - Creating ORM DAG for example_bash_operator
[2024-12-13T16:58:52.699+0000] {logging_mixin.py:190} INFO - [2024-12-13T16:58:52.699+0000] {dag.py:4180} INFO - Setting next_dagrun for example_bash_operator to 2024-12-12 00:00:00+00:00, run_after=2024-12-13 00:00:00+00:00
[2024-12-13T16:58:52.710+0000] {processor.py:208} INFO - Processing /home/airflow/.local/lib/python3.12/site-packages/airflow/example_dags/example_bash_operator.py took 0.163 seconds
[2024-12-13T16:59:23.558+0000] {processor.py:186} INFO - Started process (PID=140) to work on /home/airflow/.local/lib/python3.12/site-packages/airflow/example_dags/example_bash_operator.py
[2024-12-13T16:59:23.559+0000] {processor.py:914} INFO - Processing file /home/airflow/.local/lib/python3.12/site-packages/airflow/example_dags/example_bash_operator.py for tasks to queue
[2024-12-13T16:59:23.560+0000] {logging_mixin.py:190} INFO - [2024-12-13T16:59:23.560+0000] {dagbag.py:588} INFO - Filling up the DagBag from /home/airflow/.local/lib/python3.12/site-packages/airflow/example_dags/example_bash_operator.py
[2024-12-13T16:59:23.569+0000] {processor.py:925} INFO - DAG(s) 'example_bash_operator' retrieved from /home/airflow/.local/lib/python3.12/site-packages/airflow/example_dags/example_bash_operator.py
[2024-12-13T16:59:23.590+0000] {logging_mixin.py:190} INFO - [2024-12-13T16:59:23.590+0000] {dag.py:3239} INFO - Sync 1 DAGs
[2024-12-13T16:59:23.607+0000] {logging_mixin.py:190} INFO - [2024-12-13T16:59:23.607+0000] {dag.py:4180} INFO - Setting next_dagrun for example_bash_operator to 2024-12-12 00:00:00+00:00, run_after=2024-12-13 00:00:00+00:00
[2024-12-13T16:59:23.621+0000] {processor.py:208} INFO - Processing /home/airflow/.local/lib/python3.12/site-packages/airflow/example_dags/example_bash_operator.py took 0.067 seconds
[2024-12-13T16:59:54.477+0000] {processor.py:186} INFO - Started process (PID=203) to work on /home/airflow/.local/lib/python3.12/site-packages/airflow/example_dags/example_bash_operator.py
[2024-12-13T16:59:54.478+0000] {processor.py:914} INFO - Processing file /home/airflow/.local/lib/python3.12/site-packages/airflow/example_dags/example_bash_operator.py for tasks to queue
[2024-12-13T16:59:54.479+0000] {logging_mixin.py:190} INFO - [2024-12-13T16:59:54.479+0000] {dagbag.py:588} INFO - Filling up the DagBag from /home/airflow/.local/lib/python3.12/site-packages/airflow/example_dags/example_bash_operator.py
[2024-12-13T16:59:54.488+0000] {processor.py:925} INFO - DAG(s) 'example_bash_operator' retrieved from /home/airflow/.local/lib/python3.12/site-packages/airflow/example_dags/example_bash_operator.py
[2024-12-13T16:59:54.510+0000] {logging_mixin.py:190} INFO - [2024-12-13T16:59:54.510+0000] {dag.py:3239} INFO - Sync 1 DAGs
[2024-12-13T16:59:54.527+0000] {logging_mixin.py:190} INFO - [2024-12-13T16:59:54.527+0000] {dag.py:4180} INFO - Setting next_dagrun for example_bash_operator to 2024-12-12 00:00:00+00:00, run_after=2024-12-13 00:00:00+00:00
[2024-12-13T16:59:54.539+0000] {processor.py:208} INFO - Processing /home/airflow/.local/lib/python3.12/site-packages/airflow/example_dags/example_bash_operator.py took 0.066 seconds
[2024-12-13T17:00:25.579+0000] {processor.py:186} INFO - Started process (PID=266) to work on /home/airflow/.local/lib/python3.12/site-packages/airflow/example_dags/example_bash_operator.py
[2024-12-13T17:00:25.580+0000] {processor.py:914} INFO - Processing file /home/airflow/.local/lib/python3.12/site-packages/airflow/example_dags/example_bash_operator.py for tasks to queue
[2024-12-13T17:00:25.582+0000] {logging_mixin.py:190} INFO - [2024-12-13T17:00:25.581+0000] {dagbag.py:588} INFO - Filling up the DagBag from /home/airflow/.local/lib/python3.12/site-packages/airflow/example_dags/example_bash_operator.py
[2024-12-13T17:00:25.590+0000] {processor.py:925} INFO - DAG(s) 'example_bash_operator' retrieved from /home/airflow/.local/lib/python3.12/site-packages/airflow/example_dags/example_bash_operator.py
[2024-12-13T17:00:25.609+0000] {logging_mixin.py:190} INFO - [2024-12-13T17:00:25.609+0000] {dag.py:3239} INFO - Sync 1 DAGs
[2024-12-13T17:00:25.626+0000] {logging_mixin.py:190} INFO - [2024-12-13T17:00:25.625+0000] {dag.py:4180} INFO - Setting next_dagrun for example_bash_operator to 2024-12-12 00:00:00+00:00, run_after=2024-12-13 00:00:00+00:00
[2024-12-13T17:00:25.639+0000] {processor.py:208} INFO - Processing /home/airflow/.local/lib/python3.12/site-packages/airflow/example_dags/example_bash_operator.py took 0.063 seconds
[2024-12-13T17:00:56.539+0000] {processor.py:186} INFO - Started process (PID=329) to work on /home/airflow/.local/lib/python3.12/site-packages/airflow/example_dags/example_bash_operator.py
[2024-12-13T17:00:56.540+0000] {processor.py:914} INFO - Processing file /home/airflow/.local/lib/python3.12/site-packages/airflow/example_dags/example_bash_operator.py for tasks to queue
[2024-12-13T17:00:56.541+0000] {logging_mixin.py:190} INFO - [2024-12-13T17:00:56.541+0000] {dagbag.py:588} INFO - Filling up the DagBag from /home/airflow/.local/lib/python3.12/site-packages/airflow/example_dags/example_bash_operator.py
[2024-12-13T17:00:56.549+0000] {processor.py:925} INFO - DAG(s) 'example_bash_operator' retrieved from /home/airflow/.local/lib/python3.12/site-packages/airflow/example_dags/example_bash_operator.py
[2024-12-13T17:00:56.568+0000] {logging_mixin.py:190} INFO - [2024-12-13T17:00:56.568+0000] {dag.py:3239} INFO - Sync 1 DAGs
[2024-12-13T17:00:56.584+0000] {logging_mixin.py:190} INFO - [2024-12-13T17:00:56.584+0000] {dag.py:4180} INFO - Setting next_dagrun for example_bash_operator to 2024-12-12 00:00:00+00:00, run_after=2024-12-13 00:00:00+00:00
[2024-12-13T17:00:56.596+0000] {processor.py:208} INFO - Processing /home/airflow/.local/lib/python3.12/site-packages/airflow/example_dags/example_bash_operator.py took 0.060 seconds
[2024-12-13T17:01:27.466+0000] {processor.py:186} INFO - Started process (PID=392) to work on /home/airflow/.local/lib/python3.12/site-packages/airflow/example_dags/example_bash_operator.py
[2024-12-13T17:01:27.467+0000] {processor.py:914} INFO - Processing file /home/airflow/.local/lib/python3.12/site-packages/airflow/example_dags/example_bash_operator.py for tasks to queue
[2024-12-13T17:01:27.469+0000] {logging_mixin.py:190} INFO - [2024-12-13T17:01:27.468+0000] {dagbag.py:588} INFO - Filling up the DagBag from /home/airflow/.local/lib/python3.12/site-packages/airflow/example_dags/example_bash_operator.py
[2024-12-13T17:01:27.477+0000] {processor.py:925} INFO - DAG(s) 'example_bash_operator' retrieved from /home/airflow/.local/lib/python3.12/site-packages/airflow/example_dags/example_bash_operator.py
[2024-12-13T17:01:27.495+0000] {logging_mixin.py:190} INFO - [2024-12-13T17:01:27.495+0000] {dag.py:3239} INFO - Sync 1 DAGs
[2024-12-13T17:01:27.511+0000] {logging_mixin.py:190} INFO - [2024-12-13T17:01:27.511+0000] {dag.py:4180} INFO - Setting next_dagrun for example_bash_operator to 2024-12-12 00:00:00+00:00, run_after=2024-12-13 00:00:00+00:00
[2024-12-13T17:01:27.524+0000] {processor.py:208} INFO - Processing /home/airflow/.local/lib/python3.12/site-packages/airflow/example_dags/example_bash_operator.py took 0.062 seconds
[2024-12-13T17:01:58.670+0000] {processor.py:186} INFO - Started process (PID=455) to work on /home/airflow/.local/lib/python3.12/site-packages/airflow/example_dags/example_bash_operator.py
[2024-12-13T17:01:58.671+0000] {processor.py:914} INFO - Processing file /home/airflow/.local/lib/python3.12/site-packages/airflow/example_dags/example_bash_operator.py for tasks to queue
[2024-12-13T17:01:58.673+0000] {logging_mixin.py:190} INFO - [2024-12-13T17:01:58.672+0000] {dagbag.py:588} INFO - Filling up the DagBag from /home/airflow/.local/lib/python3.12/site-packages/airflow/example_dags/example_bash_operator.py
[2024-12-13T17:01:58.682+0000] {processor.py:925} INFO - DAG(s) 'example_bash_operator' retrieved from /home/airflow/.local/lib/python3.12/site-packages/airflow/example_dags/example_bash_operator.py
[2024-12-13T17:01:58.702+0000] {logging_mixin.py:190} INFO - [2024-12-13T17:01:58.702+0000] {dag.py:3239} INFO - Sync 1 DAGs
[2024-12-13T17:01:58.719+0000] {logging_mixin.py:190} INFO - [2024-12-13T17:01:58.719+0000] {dag.py:4180} INFO - Setting next_dagrun for example_bash_operator to 2024-12-12 00:00:00+00:00, run_after=2024-12-13 00:00:00+00:00
[2024-12-13T17:01:58.732+0000] {processor.py:208} INFO - Processing /home/airflow/.local/lib/python3.12/site-packages/airflow/example_dags/example_bash_operator.py took 0.066 seconds
[2024-12-13T17:02:29.713+0000] {processor.py:186} INFO - Started process (PID=518) to work on /home/airflow/.local/lib/python3.12/site-packages/airflow/example_dags/example_bash_operator.py
[2024-12-13T17:02:29.714+0000] {processor.py:914} INFO - Processing file /home/airflow/.local/lib/python3.12/site-packages/airflow/example_dags/example_bash_operator.py for tasks to queue
[2024-12-13T17:02:29.716+0000] {logging_mixin.py:190} INFO - [2024-12-13T17:02:29.716+0000] {dagbag.py:588} INFO - Filling up the DagBag from /home/airflow/.local/lib/python3.12/site-packages/airflow/example_dags/example_bash_operator.py
[2024-12-13T17:02:29.724+0000] {processor.py:925} INFO - DAG(s) 'example_bash_operator' retrieved from /home/airflow/.local/lib/python3.12/site-packages/airflow/example_dags/example_bash_operator.py
[2024-12-13T17:02:29.744+0000] {logging_mixin.py:190} INFO - [2024-12-13T17:02:29.744+0000] {dag.py:3239} INFO - Sync 1 DAGs
[2024-12-13T17:02:29.761+0000] {logging_mixin.py:190} INFO - [2024-12-13T17:02:29.761+0000] {dag.py:4180} INFO - Setting next_dagrun for example_bash_operator to 2024-12-12 00:00:00+00:00, run_after=2024-12-13 00:00:00+00:00
[2024-12-13T17:02:29.776+0000] {processor.py:208} INFO - Processing /home/airflow/.local/lib/python3.12/site-packages/airflow/example_dags/example_bash_operator.py took 0.067 seconds
[2024-12-13T17:03:00.880+0000] {processor.py:186} INFO - Started process (PID=581) to work on /home/airflow/.local/lib/python3.12/site-packages/airflow/example_dags/example_bash_operator.py
[2024-12-13T17:03:00.881+0000] {processor.py:914} INFO - Processing file /home/airflow/.local/lib/python3.12/site-packages/airflow/example_dags/example_bash_operator.py for tasks to queue
[2024-12-13T17:03:00.883+0000] {logging_mixin.py:190} INFO - [2024-12-13T17:03:00.883+0000] {dagbag.py:588} INFO - Filling up the DagBag from /home/airflow/.local/lib/python3.12/site-packages/airflow/example_dags/example_bash_operator.py
[2024-12-13T17:03:00.892+0000] {processor.py:925} INFO - DAG(s) 'example_bash_operator' retrieved from /home/airflow/.local/lib/python3.12/site-packages/airflow/example_dags/example_bash_operator.py
[2024-12-13T17:03:00.910+0000] {logging_mixin.py:190} INFO - [2024-12-13T17:03:00.910+0000] {dag.py:3239} INFO - Sync 1 DAGs
[2024-12-13T17:03:00.927+0000] {logging_mixin.py:190} INFO - [2024-12-13T17:03:00.927+0000] {dag.py:4180} INFO - Setting next_dagrun for example_bash_operator to 2024-12-12 00:00:00+00:00, run_after=2024-12-13 00:00:00+00:00
[2024-12-13T17:03:00.939+0000] {processor.py:208} INFO - Processing /home/airflow/.local/lib/python3.12/site-packages/airflow/example_dags/example_bash_operator.py took 0.064 seconds
[2024-12-13T17:03:31.292+0000] {processor.py:186} INFO - Started process (PID=644) to work on /home/airflow/.local/lib/python3.12/site-packages/airflow/example_dags/example_bash_operator.py
[2024-12-13T17:03:31.293+0000] {processor.py:914} INFO - Processing file /home/airflow/.local/lib/python3.12/site-packages/airflow/example_dags/example_bash_operator.py for tasks to queue
[2024-12-13T17:03:31.295+0000] {logging_mixin.py:190} INFO - [2024-12-13T17:03:31.294+0000] {dagbag.py:588} INFO - Filling up the DagBag from /home/airflow/.local/lib/python3.12/site-packages/airflow/example_dags/example_bash_operator.py
[2024-12-13T17:03:31.304+0000] {processor.py:925} INFO - DAG(s) 'example_bash_operator' retrieved from /home/airflow/.local/lib/python3.12/site-packages/airflow/example_dags/example_bash_operator.py
[2024-12-13T17:03:31.326+0000] {logging_mixin.py:190} INFO - [2024-12-13T17:03:31.326+0000] {dag.py:3239} INFO - Sync 1 DAGs
[2024-12-13T17:03:31.344+0000] {logging_mixin.py:190} INFO - [2024-12-13T17:03:31.344+0000] {dag.py:4180} INFO - Setting next_dagrun for example_bash_operator to 2024-12-12 00:00:00+00:00, run_after=2024-12-13 00:00:00+00:00
[2024-12-13T17:03:31.358+0000] {processor.py:208} INFO - Processing /home/airflow/.local/lib/python3.12/site-packages/airflow/example_dags/example_bash_operator.py took 0.070 seconds
[2024-12-13T17:04:02.502+0000] {processor.py:186} INFO - Started process (PID=707) to work on /home/airflow/.local/lib/python3.12/site-packages/airflow/example_dags/example_bash_operator.py
[2024-12-13T17:04:02.503+0000] {processor.py:914} INFO - Processing file /home/airflow/.local/lib/python3.12/site-packages/airflow/example_dags/example_bash_operator.py for tasks to queue
[2024-12-13T17:04:02.505+0000] {logging_mixin.py:190} INFO - [2024-12-13T17:04:02.505+0000] {dagbag.py:588} INFO - Filling up the DagBag from /home/airflow/.local/lib/python3.12/site-packages/airflow/example_dags/example_bash_operator.py
[2024-12-13T17:04:02.515+0000] {processor.py:925} INFO - DAG(s) 'example_bash_operator' retrieved from /home/airflow/.local/lib/python3.12/site-packages/airflow/example_dags/example_bash_operator.py
[2024-12-13T17:04:02.534+0000] {logging_mixin.py:190} INFO - [2024-12-13T17:04:02.534+0000] {dag.py:3239} INFO - Sync 1 DAGs
[2024-12-13T17:04:02.551+0000] {logging_mixin.py:190} INFO - [2024-12-13T17:04:02.551+0000] {dag.py:4180} INFO - Setting next_dagrun for example_bash_operator to 2024-12-12 00:00:00+00:00, run_after=2024-12-13 00:00:00+00:00
[2024-12-13T17:04:02.563+0000] {processor.py:208} INFO - Processing /home/airflow/.local/lib/python3.12/site-packages/airflow/example_dags/example_bash_operator.py took 0.065 seconds
