[2024-12-13T16:58:54.703+0000] {processor.py:186} INFO - Started process (PID=97) to work on /home/airflow/.local/lib/python3.12/site-packages/airflow/example_dags/example_local_kubernetes_executor.py
[2024-12-13T16:58:54.704+0000] {processor.py:914} INFO - Processing file /home/airflow/.local/lib/python3.12/site-packages/airflow/example_dags/example_local_kubernetes_executor.py for tasks to queue
[2024-12-13T16:58:54.705+0000] {logging_mixin.py:190} INFO - [2024-12-13T16:58:54.705+0000] {dagbag.py:588} INFO - Filling up the DagBag from /home/airflow/.local/lib/python3.12/site-packages/airflow/example_dags/example_local_kubernetes_executor.py
[2024-12-13T16:58:54.712+0000] {processor.py:925} INFO - DAG(s) 'example_local_kubernetes_executor' retrieved from /home/airflow/.local/lib/python3.12/site-packages/airflow/example_dags/example_local_kubernetes_executor.py
[2024-12-13T16:58:54.795+0000] {logging_mixin.py:190} INFO - [2024-12-13T16:58:54.794+0000] {override.py:1911} INFO - Created Permission View: can edit on DAG:example_local_kubernetes_executor
[2024-12-13T16:58:54.801+0000] {logging_mixin.py:190} INFO - [2024-12-13T16:58:54.801+0000] {override.py:1911} INFO - Created Permission View: can read on DAG:example_local_kubernetes_executor
[2024-12-13T16:58:54.805+0000] {logging_mixin.py:190} INFO - [2024-12-13T16:58:54.805+0000] {override.py:1911} INFO - Created Permission View: can delete on DAG:example_local_kubernetes_executor
[2024-12-13T16:58:54.810+0000] {logging_mixin.py:190} INFO - [2024-12-13T16:58:54.810+0000] {override.py:1911} INFO - Created Permission View: menu access on DAG Run:example_local_kubernetes_executor
[2024-12-13T16:58:54.815+0000] {logging_mixin.py:190} INFO - [2024-12-13T16:58:54.815+0000] {override.py:1911} INFO - Created Permission View: can delete on DAG Run:example_local_kubernetes_executor
[2024-12-13T16:58:54.819+0000] {logging_mixin.py:190} INFO - [2024-12-13T16:58:54.819+0000] {override.py:1911} INFO - Created Permission View: can read on DAG Run:example_local_kubernetes_executor
[2024-12-13T16:58:54.824+0000] {logging_mixin.py:190} INFO - [2024-12-13T16:58:54.824+0000] {override.py:1911} INFO - Created Permission View: can create on DAG Run:example_local_kubernetes_executor
[2024-12-13T16:58:54.824+0000] {logging_mixin.py:190} INFO - [2024-12-13T16:58:54.824+0000] {dag.py:3239} INFO - Sync 1 DAGs
[2024-12-13T16:58:54.833+0000] {logging_mixin.py:190} INFO - [2024-12-13T16:58:54.833+0000] {dag.py:3262} INFO - Creating ORM DAG for example_local_kubernetes_executor
[2024-12-13T16:58:54.833+0000] {logging_mixin.py:190} INFO - [2024-12-13T16:58:54.833+0000] {dag.py:4180} INFO - Setting next_dagrun for example_local_kubernetes_executor to None, run_after=None
[2024-12-13T16:58:54.844+0000] {processor.py:208} INFO - Processing /home/airflow/.local/lib/python3.12/site-packages/airflow/example_dags/example_local_kubernetes_executor.py took 0.145 seconds
[2024-12-13T16:59:25.591+0000] {processor.py:186} INFO - Started process (PID=160) to work on /home/airflow/.local/lib/python3.12/site-packages/airflow/example_dags/example_local_kubernetes_executor.py
[2024-12-13T16:59:25.592+0000] {processor.py:914} INFO - Processing file /home/airflow/.local/lib/python3.12/site-packages/airflow/example_dags/example_local_kubernetes_executor.py for tasks to queue
[2024-12-13T16:59:25.594+0000] {logging_mixin.py:190} INFO - [2024-12-13T16:59:25.593+0000] {dagbag.py:588} INFO - Filling up the DagBag from /home/airflow/.local/lib/python3.12/site-packages/airflow/example_dags/example_local_kubernetes_executor.py
[2024-12-13T16:59:25.601+0000] {processor.py:925} INFO - DAG(s) 'example_local_kubernetes_executor' retrieved from /home/airflow/.local/lib/python3.12/site-packages/airflow/example_dags/example_local_kubernetes_executor.py
[2024-12-13T16:59:25.623+0000] {logging_mixin.py:190} INFO - [2024-12-13T16:59:25.623+0000] {dag.py:3239} INFO - Sync 1 DAGs
[2024-12-13T16:59:25.633+0000] {logging_mixin.py:190} INFO - [2024-12-13T16:59:25.633+0000] {dag.py:4180} INFO - Setting next_dagrun for example_local_kubernetes_executor to None, run_after=None
[2024-12-13T16:59:25.647+0000] {processor.py:208} INFO - Processing /home/airflow/.local/lib/python3.12/site-packages/airflow/example_dags/example_local_kubernetes_executor.py took 0.060 seconds
[2024-12-13T16:59:56.442+0000] {processor.py:186} INFO - Started process (PID=223) to work on /home/airflow/.local/lib/python3.12/site-packages/airflow/example_dags/example_local_kubernetes_executor.py
[2024-12-13T16:59:56.442+0000] {processor.py:914} INFO - Processing file /home/airflow/.local/lib/python3.12/site-packages/airflow/example_dags/example_local_kubernetes_executor.py for tasks to queue
[2024-12-13T16:59:56.444+0000] {logging_mixin.py:190} INFO - [2024-12-13T16:59:56.444+0000] {dagbag.py:588} INFO - Filling up the DagBag from /home/airflow/.local/lib/python3.12/site-packages/airflow/example_dags/example_local_kubernetes_executor.py
[2024-12-13T16:59:56.451+0000] {processor.py:925} INFO - DAG(s) 'example_local_kubernetes_executor' retrieved from /home/airflow/.local/lib/python3.12/site-packages/airflow/example_dags/example_local_kubernetes_executor.py
[2024-12-13T16:59:56.474+0000] {logging_mixin.py:190} INFO - [2024-12-13T16:59:56.474+0000] {dag.py:3239} INFO - Sync 1 DAGs
[2024-12-13T16:59:56.485+0000] {logging_mixin.py:190} INFO - [2024-12-13T16:59:56.484+0000] {dag.py:4180} INFO - Setting next_dagrun for example_local_kubernetes_executor to None, run_after=None
[2024-12-13T16:59:56.499+0000] {processor.py:208} INFO - Processing /home/airflow/.local/lib/python3.12/site-packages/airflow/example_dags/example_local_kubernetes_executor.py took 0.061 seconds
[2024-12-13T17:00:27.462+0000] {processor.py:186} INFO - Started process (PID=286) to work on /home/airflow/.local/lib/python3.12/site-packages/airflow/example_dags/example_local_kubernetes_executor.py
[2024-12-13T17:00:27.463+0000] {processor.py:914} INFO - Processing file /home/airflow/.local/lib/python3.12/site-packages/airflow/example_dags/example_local_kubernetes_executor.py for tasks to queue
[2024-12-13T17:00:27.465+0000] {logging_mixin.py:190} INFO - [2024-12-13T17:00:27.464+0000] {dagbag.py:588} INFO - Filling up the DagBag from /home/airflow/.local/lib/python3.12/site-packages/airflow/example_dags/example_local_kubernetes_executor.py
[2024-12-13T17:00:27.473+0000] {processor.py:925} INFO - DAG(s) 'example_local_kubernetes_executor' retrieved from /home/airflow/.local/lib/python3.12/site-packages/airflow/example_dags/example_local_kubernetes_executor.py
[2024-12-13T17:00:27.496+0000] {logging_mixin.py:190} INFO - [2024-12-13T17:00:27.495+0000] {dag.py:3239} INFO - Sync 1 DAGs
[2024-12-13T17:00:27.505+0000] {logging_mixin.py:190} INFO - [2024-12-13T17:00:27.505+0000] {dag.py:4180} INFO - Setting next_dagrun for example_local_kubernetes_executor to None, run_after=None
[2024-12-13T17:00:27.519+0000] {processor.py:208} INFO - Processing /home/airflow/.local/lib/python3.12/site-packages/airflow/example_dags/example_local_kubernetes_executor.py took 0.060 seconds
[2024-12-13T17:00:58.415+0000] {processor.py:186} INFO - Started process (PID=349) to work on /home/airflow/.local/lib/python3.12/site-packages/airflow/example_dags/example_local_kubernetes_executor.py
[2024-12-13T17:00:58.415+0000] {processor.py:914} INFO - Processing file /home/airflow/.local/lib/python3.12/site-packages/airflow/example_dags/example_local_kubernetes_executor.py for tasks to queue
[2024-12-13T17:00:58.417+0000] {logging_mixin.py:190} INFO - [2024-12-13T17:00:58.417+0000] {dagbag.py:588} INFO - Filling up the DagBag from /home/airflow/.local/lib/python3.12/site-packages/airflow/example_dags/example_local_kubernetes_executor.py
[2024-12-13T17:00:58.424+0000] {processor.py:925} INFO - DAG(s) 'example_local_kubernetes_executor' retrieved from /home/airflow/.local/lib/python3.12/site-packages/airflow/example_dags/example_local_kubernetes_executor.py
[2024-12-13T17:00:58.449+0000] {logging_mixin.py:190} INFO - [2024-12-13T17:00:58.449+0000] {dag.py:3239} INFO - Sync 1 DAGs
[2024-12-13T17:00:58.458+0000] {logging_mixin.py:190} INFO - [2024-12-13T17:00:58.458+0000] {dag.py:4180} INFO - Setting next_dagrun for example_local_kubernetes_executor to None, run_after=None
[2024-12-13T17:00:58.472+0000] {processor.py:208} INFO - Processing /home/airflow/.local/lib/python3.12/site-packages/airflow/example_dags/example_local_kubernetes_executor.py took 0.061 seconds
[2024-12-13T17:01:29.362+0000] {processor.py:186} INFO - Started process (PID=412) to work on /home/airflow/.local/lib/python3.12/site-packages/airflow/example_dags/example_local_kubernetes_executor.py
[2024-12-13T17:01:29.362+0000] {processor.py:914} INFO - Processing file /home/airflow/.local/lib/python3.12/site-packages/airflow/example_dags/example_local_kubernetes_executor.py for tasks to queue
[2024-12-13T17:01:29.364+0000] {logging_mixin.py:190} INFO - [2024-12-13T17:01:29.364+0000] {dagbag.py:588} INFO - Filling up the DagBag from /home/airflow/.local/lib/python3.12/site-packages/airflow/example_dags/example_local_kubernetes_executor.py
[2024-12-13T17:01:29.371+0000] {processor.py:925} INFO - DAG(s) 'example_local_kubernetes_executor' retrieved from /home/airflow/.local/lib/python3.12/site-packages/airflow/example_dags/example_local_kubernetes_executor.py
[2024-12-13T17:01:29.393+0000] {logging_mixin.py:190} INFO - [2024-12-13T17:01:29.393+0000] {dag.py:3239} INFO - Sync 1 DAGs
[2024-12-13T17:01:29.403+0000] {logging_mixin.py:190} INFO - [2024-12-13T17:01:29.403+0000] {dag.py:4180} INFO - Setting next_dagrun for example_local_kubernetes_executor to None, run_after=None
[2024-12-13T17:01:29.418+0000] {processor.py:208} INFO - Processing /home/airflow/.local/lib/python3.12/site-packages/airflow/example_dags/example_local_kubernetes_executor.py took 0.060 seconds
[2024-12-13T17:01:59.516+0000] {processor.py:186} INFO - Started process (PID=474) to work on /home/airflow/.local/lib/python3.12/site-packages/airflow/example_dags/example_local_kubernetes_executor.py
[2024-12-13T17:01:59.517+0000] {processor.py:914} INFO - Processing file /home/airflow/.local/lib/python3.12/site-packages/airflow/example_dags/example_local_kubernetes_executor.py for tasks to queue
[2024-12-13T17:01:59.518+0000] {logging_mixin.py:190} INFO - [2024-12-13T17:01:59.518+0000] {dagbag.py:588} INFO - Filling up the DagBag from /home/airflow/.local/lib/python3.12/site-packages/airflow/example_dags/example_local_kubernetes_executor.py
[2024-12-13T17:01:59.524+0000] {processor.py:925} INFO - DAG(s) 'example_local_kubernetes_executor' retrieved from /home/airflow/.local/lib/python3.12/site-packages/airflow/example_dags/example_local_kubernetes_executor.py
[2024-12-13T17:01:59.546+0000] {logging_mixin.py:190} INFO - [2024-12-13T17:01:59.545+0000] {dag.py:3239} INFO - Sync 1 DAGs
[2024-12-13T17:01:59.556+0000] {logging_mixin.py:190} INFO - [2024-12-13T17:01:59.556+0000] {dag.py:4180} INFO - Setting next_dagrun for example_local_kubernetes_executor to None, run_after=None
[2024-12-13T17:01:59.569+0000] {processor.py:208} INFO - Processing /home/airflow/.local/lib/python3.12/site-packages/airflow/example_dags/example_local_kubernetes_executor.py took 0.057 seconds
[2024-12-13T17:02:30.673+0000] {processor.py:186} INFO - Started process (PID=537) to work on /home/airflow/.local/lib/python3.12/site-packages/airflow/example_dags/example_local_kubernetes_executor.py
[2024-12-13T17:02:30.674+0000] {processor.py:914} INFO - Processing file /home/airflow/.local/lib/python3.12/site-packages/airflow/example_dags/example_local_kubernetes_executor.py for tasks to queue
[2024-12-13T17:02:30.675+0000] {logging_mixin.py:190} INFO - [2024-12-13T17:02:30.675+0000] {dagbag.py:588} INFO - Filling up the DagBag from /home/airflow/.local/lib/python3.12/site-packages/airflow/example_dags/example_local_kubernetes_executor.py
[2024-12-13T17:02:30.682+0000] {processor.py:925} INFO - DAG(s) 'example_local_kubernetes_executor' retrieved from /home/airflow/.local/lib/python3.12/site-packages/airflow/example_dags/example_local_kubernetes_executor.py
[2024-12-13T17:02:30.702+0000] {logging_mixin.py:190} INFO - [2024-12-13T17:02:30.702+0000] {dag.py:3239} INFO - Sync 1 DAGs
[2024-12-13T17:02:30.712+0000] {logging_mixin.py:190} INFO - [2024-12-13T17:02:30.712+0000] {dag.py:4180} INFO - Setting next_dagrun for example_local_kubernetes_executor to None, run_after=None
[2024-12-13T17:02:30.724+0000] {processor.py:208} INFO - Processing /home/airflow/.local/lib/python3.12/site-packages/airflow/example_dags/example_local_kubernetes_executor.py took 0.055 seconds
[2024-12-13T17:03:01.832+0000] {processor.py:186} INFO - Started process (PID=600) to work on /home/airflow/.local/lib/python3.12/site-packages/airflow/example_dags/example_local_kubernetes_executor.py
[2024-12-13T17:03:01.832+0000] {processor.py:914} INFO - Processing file /home/airflow/.local/lib/python3.12/site-packages/airflow/example_dags/example_local_kubernetes_executor.py for tasks to queue
[2024-12-13T17:03:01.834+0000] {logging_mixin.py:190} INFO - [2024-12-13T17:03:01.834+0000] {dagbag.py:588} INFO - Filling up the DagBag from /home/airflow/.local/lib/python3.12/site-packages/airflow/example_dags/example_local_kubernetes_executor.py
[2024-12-13T17:03:01.840+0000] {processor.py:925} INFO - DAG(s) 'example_local_kubernetes_executor' retrieved from /home/airflow/.local/lib/python3.12/site-packages/airflow/example_dags/example_local_kubernetes_executor.py
[2024-12-13T17:03:01.861+0000] {logging_mixin.py:190} INFO - [2024-12-13T17:03:01.861+0000] {dag.py:3239} INFO - Sync 1 DAGs
[2024-12-13T17:03:01.871+0000] {logging_mixin.py:190} INFO - [2024-12-13T17:03:01.871+0000] {dag.py:4180} INFO - Setting next_dagrun for example_local_kubernetes_executor to None, run_after=None
[2024-12-13T17:03:01.884+0000] {processor.py:208} INFO - Processing /home/airflow/.local/lib/python3.12/site-packages/airflow/example_dags/example_local_kubernetes_executor.py took 0.056 seconds
[2024-12-13T17:03:32.260+0000] {processor.py:186} INFO - Started process (PID=663) to work on /home/airflow/.local/lib/python3.12/site-packages/airflow/example_dags/example_local_kubernetes_executor.py
[2024-12-13T17:03:32.261+0000] {processor.py:914} INFO - Processing file /home/airflow/.local/lib/python3.12/site-packages/airflow/example_dags/example_local_kubernetes_executor.py for tasks to queue
[2024-12-13T17:03:32.263+0000] {logging_mixin.py:190} INFO - [2024-12-13T17:03:32.262+0000] {dagbag.py:588} INFO - Filling up the DagBag from /home/airflow/.local/lib/python3.12/site-packages/airflow/example_dags/example_local_kubernetes_executor.py
[2024-12-13T17:03:32.269+0000] {processor.py:925} INFO - DAG(s) 'example_local_kubernetes_executor' retrieved from /home/airflow/.local/lib/python3.12/site-packages/airflow/example_dags/example_local_kubernetes_executor.py
[2024-12-13T17:03:32.292+0000] {logging_mixin.py:190} INFO - [2024-12-13T17:03:32.292+0000] {dag.py:3239} INFO - Sync 1 DAGs
[2024-12-13T17:03:32.303+0000] {logging_mixin.py:190} INFO - [2024-12-13T17:03:32.303+0000] {dag.py:4180} INFO - Setting next_dagrun for example_local_kubernetes_executor to None, run_after=None
[2024-12-13T17:03:32.319+0000] {processor.py:208} INFO - Processing /home/airflow/.local/lib/python3.12/site-packages/airflow/example_dags/example_local_kubernetes_executor.py took 0.063 seconds
[2024-12-13T17:04:03.436+0000] {processor.py:186} INFO - Started process (PID=726) to work on /home/airflow/.local/lib/python3.12/site-packages/airflow/example_dags/example_local_kubernetes_executor.py
[2024-12-13T17:04:03.437+0000] {processor.py:914} INFO - Processing file /home/airflow/.local/lib/python3.12/site-packages/airflow/example_dags/example_local_kubernetes_executor.py for tasks to queue
[2024-12-13T17:04:03.439+0000] {logging_mixin.py:190} INFO - [2024-12-13T17:04:03.438+0000] {dagbag.py:588} INFO - Filling up the DagBag from /home/airflow/.local/lib/python3.12/site-packages/airflow/example_dags/example_local_kubernetes_executor.py
[2024-12-13T17:04:03.445+0000] {processor.py:925} INFO - DAG(s) 'example_local_kubernetes_executor' retrieved from /home/airflow/.local/lib/python3.12/site-packages/airflow/example_dags/example_local_kubernetes_executor.py
[2024-12-13T17:04:03.468+0000] {logging_mixin.py:190} INFO - [2024-12-13T17:04:03.467+0000] {dag.py:3239} INFO - Sync 1 DAGs
[2024-12-13T17:04:03.478+0000] {logging_mixin.py:190} INFO - [2024-12-13T17:04:03.478+0000] {dag.py:4180} INFO - Setting next_dagrun for example_local_kubernetes_executor to None, run_after=None
[2024-12-13T17:04:03.490+0000] {processor.py:208} INFO - Processing /home/airflow/.local/lib/python3.12/site-packages/airflow/example_dags/example_local_kubernetes_executor.py took 0.058 seconds
