[2024-12-13T16:58:50.350+0000] {processor.py:186} INFO - Started process (PID=58) to work on /home/airflow/.local/lib/python3.12/site-packages/airflow/example_dags/example_dag_decorator.py
[2024-12-13T16:58:50.350+0000] {processor.py:914} INFO - Processing file /home/airflow/.local/lib/python3.12/site-packages/airflow/example_dags/example_dag_decorator.py for tasks to queue
[2024-12-13T16:58:50.352+0000] {logging_mixin.py:190} INFO - [2024-12-13T16:58:50.352+0000] {dagbag.py:588} INFO - Filling up the DagBag from /home/airflow/.local/lib/python3.12/site-packages/airflow/example_dags/example_dag_decorator.py
[2024-12-13T16:58:50.365+0000] {processor.py:925} INFO - DAG(s) 'example_dag_decorator' retrieved from /home/airflow/.local/lib/python3.12/site-packages/airflow/example_dags/example_dag_decorator.py
[2024-12-13T16:58:50.441+0000] {logging_mixin.py:190} INFO - [2024-12-13T16:58:50.440+0000] {override.py:1911} INFO - Created Permission View: can edit on DAG:example_dag_decorator
[2024-12-13T16:58:50.449+0000] {logging_mixin.py:190} INFO - [2024-12-13T16:58:50.448+0000] {override.py:1911} INFO - Created Permission View: can read on DAG:example_dag_decorator
[2024-12-13T16:58:50.454+0000] {logging_mixin.py:190} INFO - [2024-12-13T16:58:50.454+0000] {override.py:1911} INFO - Created Permission View: can delete on DAG:example_dag_decorator
[2024-12-13T16:58:50.460+0000] {logging_mixin.py:190} INFO - [2024-12-13T16:58:50.460+0000] {override.py:1911} INFO - Created Permission View: menu access on DAG Run:example_dag_decorator
[2024-12-13T16:58:50.466+0000] {logging_mixin.py:190} INFO - [2024-12-13T16:58:50.466+0000] {override.py:1911} INFO - Created Permission View: can delete on DAG Run:example_dag_decorator
[2024-12-13T16:58:50.471+0000] {logging_mixin.py:190} INFO - [2024-12-13T16:58:50.471+0000] {override.py:1911} INFO - Created Permission View: can read on DAG Run:example_dag_decorator
[2024-12-13T16:58:50.478+0000] {logging_mixin.py:190} INFO - [2024-12-13T16:58:50.477+0000] {override.py:1911} INFO - Created Permission View: can create on DAG Run:example_dag_decorator
[2024-12-13T16:58:50.478+0000] {logging_mixin.py:190} INFO - [2024-12-13T16:58:50.478+0000] {dag.py:3239} INFO - Sync 1 DAGs
[2024-12-13T16:58:50.488+0000] {logging_mixin.py:190} INFO - [2024-12-13T16:58:50.487+0000] {dag.py:3262} INFO - Creating ORM DAG for example_dag_decorator
[2024-12-13T16:58:50.488+0000] {logging_mixin.py:190} INFO - [2024-12-13T16:58:50.488+0000] {dag.py:4180} INFO - Setting next_dagrun for example_dag_decorator to None, run_after=None
[2024-12-13T16:58:50.501+0000] {processor.py:208} INFO - Processing /home/airflow/.local/lib/python3.12/site-packages/airflow/example_dags/example_dag_decorator.py took 0.155 seconds
[2024-12-13T16:59:20.611+0000] {processor.py:186} INFO - Started process (PID=121) to work on /home/airflow/.local/lib/python3.12/site-packages/airflow/example_dags/example_dag_decorator.py
[2024-12-13T16:59:20.612+0000] {processor.py:914} INFO - Processing file /home/airflow/.local/lib/python3.12/site-packages/airflow/example_dags/example_dag_decorator.py for tasks to queue
[2024-12-13T16:59:20.614+0000] {logging_mixin.py:190} INFO - [2024-12-13T16:59:20.613+0000] {dagbag.py:588} INFO - Filling up the DagBag from /home/airflow/.local/lib/python3.12/site-packages/airflow/example_dags/example_dag_decorator.py
[2024-12-13T16:59:20.622+0000] {processor.py:925} INFO - DAG(s) 'example_dag_decorator' retrieved from /home/airflow/.local/lib/python3.12/site-packages/airflow/example_dags/example_dag_decorator.py
[2024-12-13T16:59:20.638+0000] {logging_mixin.py:190} INFO - [2024-12-13T16:59:20.637+0000] {dag.py:3239} INFO - Sync 1 DAGs
[2024-12-13T16:59:20.647+0000] {logging_mixin.py:190} INFO - [2024-12-13T16:59:20.647+0000] {dag.py:4180} INFO - Setting next_dagrun for example_dag_decorator to None, run_after=None
[2024-12-13T16:59:20.659+0000] {processor.py:208} INFO - Processing /home/airflow/.local/lib/python3.12/site-packages/airflow/example_dags/example_dag_decorator.py took 0.052 seconds
[2024-12-13T16:59:51.559+0000] {processor.py:186} INFO - Started process (PID=184) to work on /home/airflow/.local/lib/python3.12/site-packages/airflow/example_dags/example_dag_decorator.py
[2024-12-13T16:59:51.560+0000] {processor.py:914} INFO - Processing file /home/airflow/.local/lib/python3.12/site-packages/airflow/example_dags/example_dag_decorator.py for tasks to queue
[2024-12-13T16:59:51.561+0000] {logging_mixin.py:190} INFO - [2024-12-13T16:59:51.561+0000] {dagbag.py:588} INFO - Filling up the DagBag from /home/airflow/.local/lib/python3.12/site-packages/airflow/example_dags/example_dag_decorator.py
[2024-12-13T16:59:51.570+0000] {processor.py:925} INFO - DAG(s) 'example_dag_decorator' retrieved from /home/airflow/.local/lib/python3.12/site-packages/airflow/example_dags/example_dag_decorator.py
[2024-12-13T16:59:51.587+0000] {logging_mixin.py:190} INFO - [2024-12-13T16:59:51.586+0000] {dag.py:3239} INFO - Sync 1 DAGs
[2024-12-13T16:59:51.597+0000] {logging_mixin.py:190} INFO - [2024-12-13T16:59:51.596+0000] {dag.py:4180} INFO - Setting next_dagrun for example_dag_decorator to None, run_after=None
[2024-12-13T16:59:51.610+0000] {processor.py:208} INFO - Processing /home/airflow/.local/lib/python3.12/site-packages/airflow/example_dags/example_dag_decorator.py took 0.055 seconds
[2024-12-13T17:00:22.418+0000] {processor.py:186} INFO - Started process (PID=253) to work on /home/airflow/.local/lib/python3.12/site-packages/airflow/example_dags/example_dag_decorator.py
[2024-12-13T17:00:22.419+0000] {processor.py:914} INFO - Processing file /home/airflow/.local/lib/python3.12/site-packages/airflow/example_dags/example_dag_decorator.py for tasks to queue
[2024-12-13T17:00:22.420+0000] {logging_mixin.py:190} INFO - [2024-12-13T17:00:22.420+0000] {dagbag.py:588} INFO - Filling up the DagBag from /home/airflow/.local/lib/python3.12/site-packages/airflow/example_dags/example_dag_decorator.py
[2024-12-13T17:00:22.429+0000] {processor.py:925} INFO - DAG(s) 'example_dag_decorator' retrieved from /home/airflow/.local/lib/python3.12/site-packages/airflow/example_dags/example_dag_decorator.py
[2024-12-13T17:00:22.444+0000] {logging_mixin.py:190} INFO - [2024-12-13T17:00:22.444+0000] {dag.py:3239} INFO - Sync 1 DAGs
[2024-12-13T17:00:22.453+0000] {logging_mixin.py:190} INFO - [2024-12-13T17:00:22.453+0000] {dag.py:4180} INFO - Setting next_dagrun for example_dag_decorator to None, run_after=None
[2024-12-13T17:00:22.465+0000] {processor.py:208} INFO - Processing /home/airflow/.local/lib/python3.12/site-packages/airflow/example_dags/example_dag_decorator.py took 0.051 seconds
[2024-12-13T17:00:52.579+0000] {processor.py:186} INFO - Started process (PID=316) to work on /home/airflow/.local/lib/python3.12/site-packages/airflow/example_dags/example_dag_decorator.py
[2024-12-13T17:00:52.580+0000] {processor.py:914} INFO - Processing file /home/airflow/.local/lib/python3.12/site-packages/airflow/example_dags/example_dag_decorator.py for tasks to queue
[2024-12-13T17:00:52.581+0000] {logging_mixin.py:190} INFO - [2024-12-13T17:00:52.581+0000] {dagbag.py:588} INFO - Filling up the DagBag from /home/airflow/.local/lib/python3.12/site-packages/airflow/example_dags/example_dag_decorator.py
[2024-12-13T17:00:52.590+0000] {processor.py:925} INFO - DAG(s) 'example_dag_decorator' retrieved from /home/airflow/.local/lib/python3.12/site-packages/airflow/example_dags/example_dag_decorator.py
[2024-12-13T17:00:52.606+0000] {logging_mixin.py:190} INFO - [2024-12-13T17:00:52.605+0000] {dag.py:3239} INFO - Sync 1 DAGs
[2024-12-13T17:00:52.615+0000] {logging_mixin.py:190} INFO - [2024-12-13T17:00:52.614+0000] {dag.py:4180} INFO - Setting next_dagrun for example_dag_decorator to None, run_after=None
[2024-12-13T17:00:52.628+0000] {processor.py:208} INFO - Processing /home/airflow/.local/lib/python3.12/site-packages/airflow/example_dags/example_dag_decorator.py took 0.053 seconds
[2024-12-13T17:01:23.500+0000] {processor.py:186} INFO - Started process (PID=379) to work on /home/airflow/.local/lib/python3.12/site-packages/airflow/example_dags/example_dag_decorator.py
[2024-12-13T17:01:23.501+0000] {processor.py:914} INFO - Processing file /home/airflow/.local/lib/python3.12/site-packages/airflow/example_dags/example_dag_decorator.py for tasks to queue
[2024-12-13T17:01:23.502+0000] {logging_mixin.py:190} INFO - [2024-12-13T17:01:23.502+0000] {dagbag.py:588} INFO - Filling up the DagBag from /home/airflow/.local/lib/python3.12/site-packages/airflow/example_dags/example_dag_decorator.py
[2024-12-13T17:01:23.511+0000] {processor.py:925} INFO - DAG(s) 'example_dag_decorator' retrieved from /home/airflow/.local/lib/python3.12/site-packages/airflow/example_dags/example_dag_decorator.py
[2024-12-13T17:01:23.526+0000] {logging_mixin.py:190} INFO - [2024-12-13T17:01:23.526+0000] {dag.py:3239} INFO - Sync 1 DAGs
[2024-12-13T17:01:23.535+0000] {logging_mixin.py:190} INFO - [2024-12-13T17:01:23.535+0000] {dag.py:4180} INFO - Setting next_dagrun for example_dag_decorator to None, run_after=None
[2024-12-13T17:01:23.547+0000] {processor.py:208} INFO - Processing /home/airflow/.local/lib/python3.12/site-packages/airflow/example_dags/example_dag_decorator.py took 0.051 seconds
[2024-12-13T17:01:54.466+0000] {processor.py:186} INFO - Started process (PID=442) to work on /home/airflow/.local/lib/python3.12/site-packages/airflow/example_dags/example_dag_decorator.py
[2024-12-13T17:01:54.466+0000] {processor.py:914} INFO - Processing file /home/airflow/.local/lib/python3.12/site-packages/airflow/example_dags/example_dag_decorator.py for tasks to queue
[2024-12-13T17:01:54.468+0000] {logging_mixin.py:190} INFO - [2024-12-13T17:01:54.468+0000] {dagbag.py:588} INFO - Filling up the DagBag from /home/airflow/.local/lib/python3.12/site-packages/airflow/example_dags/example_dag_decorator.py
[2024-12-13T17:01:54.476+0000] {processor.py:925} INFO - DAG(s) 'example_dag_decorator' retrieved from /home/airflow/.local/lib/python3.12/site-packages/airflow/example_dags/example_dag_decorator.py
[2024-12-13T17:01:54.493+0000] {logging_mixin.py:190} INFO - [2024-12-13T17:01:54.492+0000] {dag.py:3239} INFO - Sync 1 DAGs
[2024-12-13T17:01:54.502+0000] {logging_mixin.py:190} INFO - [2024-12-13T17:01:54.501+0000] {dag.py:4180} INFO - Setting next_dagrun for example_dag_decorator to None, run_after=None
[2024-12-13T17:01:54.514+0000] {processor.py:208} INFO - Processing /home/airflow/.local/lib/python3.12/site-packages/airflow/example_dags/example_dag_decorator.py took 0.052 seconds
[2024-12-13T17:02:24.748+0000] {processor.py:186} INFO - Started process (PID=505) to work on /home/airflow/.local/lib/python3.12/site-packages/airflow/example_dags/example_dag_decorator.py
[2024-12-13T17:02:24.749+0000] {processor.py:914} INFO - Processing file /home/airflow/.local/lib/python3.12/site-packages/airflow/example_dags/example_dag_decorator.py for tasks to queue
[2024-12-13T17:02:24.751+0000] {logging_mixin.py:190} INFO - [2024-12-13T17:02:24.751+0000] {dagbag.py:588} INFO - Filling up the DagBag from /home/airflow/.local/lib/python3.12/site-packages/airflow/example_dags/example_dag_decorator.py
[2024-12-13T17:02:24.759+0000] {processor.py:925} INFO - DAG(s) 'example_dag_decorator' retrieved from /home/airflow/.local/lib/python3.12/site-packages/airflow/example_dags/example_dag_decorator.py
[2024-12-13T17:02:24.834+0000] {logging_mixin.py:190} INFO - [2024-12-13T17:02:24.834+0000] {dag.py:3239} INFO - Sync 1 DAGs
[2024-12-13T17:02:24.841+0000] {logging_mixin.py:190} INFO - [2024-12-13T17:02:24.841+0000] {dag.py:4180} INFO - Setting next_dagrun for example_dag_decorator to None, run_after=None
[2024-12-13T17:02:24.855+0000] {processor.py:208} INFO - Processing /home/airflow/.local/lib/python3.12/site-packages/airflow/example_dags/example_dag_decorator.py took 0.110 seconds
[2024-12-13T17:02:55.816+0000] {processor.py:186} INFO - Started process (PID=568) to work on /home/airflow/.local/lib/python3.12/site-packages/airflow/example_dags/example_dag_decorator.py
[2024-12-13T17:02:55.817+0000] {processor.py:914} INFO - Processing file /home/airflow/.local/lib/python3.12/site-packages/airflow/example_dags/example_dag_decorator.py for tasks to queue
[2024-12-13T17:02:55.818+0000] {logging_mixin.py:190} INFO - [2024-12-13T17:02:55.818+0000] {dagbag.py:588} INFO - Filling up the DagBag from /home/airflow/.local/lib/python3.12/site-packages/airflow/example_dags/example_dag_decorator.py
[2024-12-13T17:02:55.827+0000] {processor.py:925} INFO - DAG(s) 'example_dag_decorator' retrieved from /home/airflow/.local/lib/python3.12/site-packages/airflow/example_dags/example_dag_decorator.py
[2024-12-13T17:02:55.902+0000] {logging_mixin.py:190} INFO - [2024-12-13T17:02:55.902+0000] {dag.py:3239} INFO - Sync 1 DAGs
[2024-12-13T17:02:55.910+0000] {logging_mixin.py:190} INFO - [2024-12-13T17:02:55.910+0000] {dag.py:4180} INFO - Setting next_dagrun for example_dag_decorator to None, run_after=None
[2024-12-13T17:02:55.922+0000] {processor.py:208} INFO - Processing /home/airflow/.local/lib/python3.12/site-packages/airflow/example_dags/example_dag_decorator.py took 0.110 seconds
[2024-12-13T17:03:26.285+0000] {processor.py:186} INFO - Started process (PID=631) to work on /home/airflow/.local/lib/python3.12/site-packages/airflow/example_dags/example_dag_decorator.py
[2024-12-13T17:03:26.286+0000] {processor.py:914} INFO - Processing file /home/airflow/.local/lib/python3.12/site-packages/airflow/example_dags/example_dag_decorator.py for tasks to queue
[2024-12-13T17:03:26.287+0000] {logging_mixin.py:190} INFO - [2024-12-13T17:03:26.287+0000] {dagbag.py:588} INFO - Filling up the DagBag from /home/airflow/.local/lib/python3.12/site-packages/airflow/example_dags/example_dag_decorator.py
[2024-12-13T17:03:26.297+0000] {processor.py:925} INFO - DAG(s) 'example_dag_decorator' retrieved from /home/airflow/.local/lib/python3.12/site-packages/airflow/example_dags/example_dag_decorator.py
[2024-12-13T17:03:26.368+0000] {logging_mixin.py:190} INFO - [2024-12-13T17:03:26.368+0000] {dag.py:3239} INFO - Sync 1 DAGs
[2024-12-13T17:03:26.378+0000] {logging_mixin.py:190} INFO - [2024-12-13T17:03:26.377+0000] {dag.py:4180} INFO - Setting next_dagrun for example_dag_decorator to None, run_after=None
[2024-12-13T17:03:26.391+0000] {processor.py:208} INFO - Processing /home/airflow/.local/lib/python3.12/site-packages/airflow/example_dags/example_dag_decorator.py took 0.110 seconds
[2024-12-13T17:03:56.476+0000] {processor.py:186} INFO - Started process (PID=694) to work on /home/airflow/.local/lib/python3.12/site-packages/airflow/example_dags/example_dag_decorator.py
[2024-12-13T17:03:56.477+0000] {processor.py:914} INFO - Processing file /home/airflow/.local/lib/python3.12/site-packages/airflow/example_dags/example_dag_decorator.py for tasks to queue
[2024-12-13T17:03:56.479+0000] {logging_mixin.py:190} INFO - [2024-12-13T17:03:56.479+0000] {dagbag.py:588} INFO - Filling up the DagBag from /home/airflow/.local/lib/python3.12/site-packages/airflow/example_dags/example_dag_decorator.py
[2024-12-13T17:03:56.487+0000] {processor.py:925} INFO - DAG(s) 'example_dag_decorator' retrieved from /home/airflow/.local/lib/python3.12/site-packages/airflow/example_dags/example_dag_decorator.py
[2024-12-13T17:03:56.559+0000] {logging_mixin.py:190} INFO - [2024-12-13T17:03:56.559+0000] {dag.py:3239} INFO - Sync 1 DAGs
[2024-12-13T17:03:56.566+0000] {logging_mixin.py:190} INFO - [2024-12-13T17:03:56.566+0000] {dag.py:4180} INFO - Setting next_dagrun for example_dag_decorator to None, run_after=None
[2024-12-13T17:03:56.580+0000] {processor.py:208} INFO - Processing /home/airflow/.local/lib/python3.12/site-packages/airflow/example_dags/example_dag_decorator.py took 0.108 seconds
