[2024-12-13T16:58:55.942+0000] {processor.py:186} INFO - Started process (PID=109) to work on /home/airflow/.local/lib/python3.12/site-packages/airflow/example_dags/example_xcom.py
[2024-12-13T16:58:55.943+0000] {processor.py:914} INFO - Processing file /home/airflow/.local/lib/python3.12/site-packages/airflow/example_dags/example_xcom.py for tasks to queue
[2024-12-13T16:58:55.945+0000] {logging_mixin.py:190} INFO - [2024-12-13T16:58:55.944+0000] {dagbag.py:588} INFO - Filling up the DagBag from /home/airflow/.local/lib/python3.12/site-packages/airflow/example_dags/example_xcom.py
[2024-12-13T16:58:55.952+0000] {processor.py:925} INFO - DAG(s) 'example_xcom' retrieved from /home/airflow/.local/lib/python3.12/site-packages/airflow/example_dags/example_xcom.py
[2024-12-13T16:58:56.026+0000] {logging_mixin.py:190} INFO - [2024-12-13T16:58:56.026+0000] {override.py:1911} INFO - Created Permission View: can edit on DAG:example_xcom
[2024-12-13T16:58:56.035+0000] {logging_mixin.py:190} INFO - [2024-12-13T16:58:56.035+0000] {override.py:1911} INFO - Created Permission View: can read on DAG:example_xcom
[2024-12-13T16:58:56.040+0000] {logging_mixin.py:190} INFO - [2024-12-13T16:58:56.040+0000] {override.py:1911} INFO - Created Permission View: can delete on DAG:example_xcom
[2024-12-13T16:58:56.046+0000] {logging_mixin.py:190} INFO - [2024-12-13T16:58:56.046+0000] {override.py:1911} INFO - Created Permission View: menu access on DAG Run:example_xcom
[2024-12-13T16:58:56.051+0000] {logging_mixin.py:190} INFO - [2024-12-13T16:58:56.051+0000] {override.py:1911} INFO - Created Permission View: can delete on DAG Run:example_xcom
[2024-12-13T16:58:56.055+0000] {logging_mixin.py:190} INFO - [2024-12-13T16:58:56.055+0000] {override.py:1911} INFO - Created Permission View: can read on DAG Run:example_xcom
[2024-12-13T16:58:56.061+0000] {logging_mixin.py:190} INFO - [2024-12-13T16:58:56.060+0000] {override.py:1911} INFO - Created Permission View: can create on DAG Run:example_xcom
[2024-12-13T16:58:56.061+0000] {logging_mixin.py:190} INFO - [2024-12-13T16:58:56.061+0000] {dag.py:3239} INFO - Sync 1 DAGs
[2024-12-13T16:58:56.069+0000] {logging_mixin.py:190} INFO - [2024-12-13T16:58:56.069+0000] {dag.py:3262} INFO - Creating ORM DAG for example_xcom
[2024-12-13T16:58:56.076+0000] {logging_mixin.py:190} INFO - [2024-12-13T16:58:56.075+0000] {dag.py:4180} INFO - Setting next_dagrun for example_xcom to 2021-01-01 00:00:00+00:00, run_after=2021-01-01 00:00:00+00:00
[2024-12-13T16:58:56.088+0000] {processor.py:208} INFO - Processing /home/airflow/.local/lib/python3.12/site-packages/airflow/example_dags/example_xcom.py took 0.150 seconds
[2024-12-13T16:59:26.137+0000] {processor.py:186} INFO - Started process (PID=172) to work on /home/airflow/.local/lib/python3.12/site-packages/airflow/example_dags/example_xcom.py
[2024-12-13T16:59:26.138+0000] {processor.py:914} INFO - Processing file /home/airflow/.local/lib/python3.12/site-packages/airflow/example_dags/example_xcom.py for tasks to queue
[2024-12-13T16:59:26.139+0000] {logging_mixin.py:190} INFO - [2024-12-13T16:59:26.139+0000] {dagbag.py:588} INFO - Filling up the DagBag from /home/airflow/.local/lib/python3.12/site-packages/airflow/example_dags/example_xcom.py
[2024-12-13T16:59:26.145+0000] {processor.py:925} INFO - DAG(s) 'example_xcom' retrieved from /home/airflow/.local/lib/python3.12/site-packages/airflow/example_dags/example_xcom.py
[2024-12-13T16:59:26.159+0000] {logging_mixin.py:190} INFO - [2024-12-13T16:59:26.159+0000] {dag.py:3239} INFO - Sync 1 DAGs
[2024-12-13T16:59:26.174+0000] {logging_mixin.py:190} INFO - [2024-12-13T16:59:26.174+0000] {dag.py:4180} INFO - Setting next_dagrun for example_xcom to 2021-01-01 00:00:00+00:00, run_after=2021-01-01 00:00:00+00:00
[2024-12-13T16:59:26.186+0000] {processor.py:208} INFO - Processing /home/airflow/.local/lib/python3.12/site-packages/airflow/example_dags/example_xcom.py took 0.053 seconds
[2024-12-13T16:59:56.998+0000] {processor.py:186} INFO - Started process (PID=235) to work on /home/airflow/.local/lib/python3.12/site-packages/airflow/example_dags/example_xcom.py
[2024-12-13T16:59:56.999+0000] {processor.py:914} INFO - Processing file /home/airflow/.local/lib/python3.12/site-packages/airflow/example_dags/example_xcom.py for tasks to queue
[2024-12-13T16:59:57.000+0000] {logging_mixin.py:190} INFO - [2024-12-13T16:59:57.000+0000] {dagbag.py:588} INFO - Filling up the DagBag from /home/airflow/.local/lib/python3.12/site-packages/airflow/example_dags/example_xcom.py
[2024-12-13T16:59:57.007+0000] {processor.py:925} INFO - DAG(s) 'example_xcom' retrieved from /home/airflow/.local/lib/python3.12/site-packages/airflow/example_dags/example_xcom.py
[2024-12-13T16:59:57.021+0000] {logging_mixin.py:190} INFO - [2024-12-13T16:59:57.021+0000] {dag.py:3239} INFO - Sync 1 DAGs
[2024-12-13T16:59:57.036+0000] {logging_mixin.py:190} INFO - [2024-12-13T16:59:57.036+0000] {dag.py:4180} INFO - Setting next_dagrun for example_xcom to 2021-01-01 00:00:00+00:00, run_after=2021-01-01 00:00:00+00:00
[2024-12-13T16:59:57.049+0000] {processor.py:208} INFO - Processing /home/airflow/.local/lib/python3.12/site-packages/airflow/example_dags/example_xcom.py took 0.055 seconds
[2024-12-13T17:00:28.134+0000] {processor.py:186} INFO - Started process (PID=298) to work on /home/airflow/.local/lib/python3.12/site-packages/airflow/example_dags/example_xcom.py
[2024-12-13T17:00:28.135+0000] {processor.py:914} INFO - Processing file /home/airflow/.local/lib/python3.12/site-packages/airflow/example_dags/example_xcom.py for tasks to queue
[2024-12-13T17:00:28.137+0000] {logging_mixin.py:190} INFO - [2024-12-13T17:00:28.136+0000] {dagbag.py:588} INFO - Filling up the DagBag from /home/airflow/.local/lib/python3.12/site-packages/airflow/example_dags/example_xcom.py
[2024-12-13T17:00:28.143+0000] {processor.py:925} INFO - DAG(s) 'example_xcom' retrieved from /home/airflow/.local/lib/python3.12/site-packages/airflow/example_dags/example_xcom.py
[2024-12-13T17:00:28.159+0000] {logging_mixin.py:190} INFO - [2024-12-13T17:00:28.159+0000] {dag.py:3239} INFO - Sync 1 DAGs
[2024-12-13T17:00:28.174+0000] {logging_mixin.py:190} INFO - [2024-12-13T17:00:28.174+0000] {dag.py:4180} INFO - Setting next_dagrun for example_xcom to 2021-01-01 00:00:00+00:00, run_after=2021-01-01 00:00:00+00:00
[2024-12-13T17:00:28.187+0000] {processor.py:208} INFO - Processing /home/airflow/.local/lib/python3.12/site-packages/airflow/example_dags/example_xcom.py took 0.056 seconds
[2024-12-13T17:00:59.053+0000] {processor.py:186} INFO - Started process (PID=361) to work on /home/airflow/.local/lib/python3.12/site-packages/airflow/example_dags/example_xcom.py
[2024-12-13T17:00:59.053+0000] {processor.py:914} INFO - Processing file /home/airflow/.local/lib/python3.12/site-packages/airflow/example_dags/example_xcom.py for tasks to queue
[2024-12-13T17:00:59.055+0000] {logging_mixin.py:190} INFO - [2024-12-13T17:00:59.055+0000] {dagbag.py:588} INFO - Filling up the DagBag from /home/airflow/.local/lib/python3.12/site-packages/airflow/example_dags/example_xcom.py
[2024-12-13T17:00:59.061+0000] {processor.py:925} INFO - DAG(s) 'example_xcom' retrieved from /home/airflow/.local/lib/python3.12/site-packages/airflow/example_dags/example_xcom.py
[2024-12-13T17:00:59.077+0000] {logging_mixin.py:190} INFO - [2024-12-13T17:00:59.077+0000] {dag.py:3239} INFO - Sync 1 DAGs
[2024-12-13T17:00:59.093+0000] {logging_mixin.py:190} INFO - [2024-12-13T17:00:59.093+0000] {dag.py:4180} INFO - Setting next_dagrun for example_xcom to 2021-01-01 00:00:00+00:00, run_after=2021-01-01 00:00:00+00:00
[2024-12-13T17:00:59.108+0000] {processor.py:208} INFO - Processing /home/airflow/.local/lib/python3.12/site-packages/airflow/example_dags/example_xcom.py took 0.059 seconds
[2024-12-13T17:01:30.002+0000] {processor.py:186} INFO - Started process (PID=424) to work on /home/airflow/.local/lib/python3.12/site-packages/airflow/example_dags/example_xcom.py
[2024-12-13T17:01:30.003+0000] {processor.py:914} INFO - Processing file /home/airflow/.local/lib/python3.12/site-packages/airflow/example_dags/example_xcom.py for tasks to queue
[2024-12-13T17:01:30.005+0000] {logging_mixin.py:190} INFO - [2024-12-13T17:01:30.004+0000] {dagbag.py:588} INFO - Filling up the DagBag from /home/airflow/.local/lib/python3.12/site-packages/airflow/example_dags/example_xcom.py
[2024-12-13T17:01:30.011+0000] {processor.py:925} INFO - DAG(s) 'example_xcom' retrieved from /home/airflow/.local/lib/python3.12/site-packages/airflow/example_dags/example_xcom.py
[2024-12-13T17:01:30.027+0000] {logging_mixin.py:190} INFO - [2024-12-13T17:01:30.027+0000] {dag.py:3239} INFO - Sync 1 DAGs
[2024-12-13T17:01:30.043+0000] {logging_mixin.py:190} INFO - [2024-12-13T17:01:30.042+0000] {dag.py:4180} INFO - Setting next_dagrun for example_xcom to 2021-01-01 00:00:00+00:00, run_after=2021-01-01 00:00:00+00:00
[2024-12-13T17:01:30.057+0000] {processor.py:208} INFO - Processing /home/airflow/.local/lib/python3.12/site-packages/airflow/example_dags/example_xcom.py took 0.058 seconds
[2024-12-13T17:02:00.298+0000] {processor.py:186} INFO - Started process (PID=487) to work on /home/airflow/.local/lib/python3.12/site-packages/airflow/example_dags/example_xcom.py
[2024-12-13T17:02:00.299+0000] {processor.py:914} INFO - Processing file /home/airflow/.local/lib/python3.12/site-packages/airflow/example_dags/example_xcom.py for tasks to queue
[2024-12-13T17:02:00.300+0000] {logging_mixin.py:190} INFO - [2024-12-13T17:02:00.300+0000] {dagbag.py:588} INFO - Filling up the DagBag from /home/airflow/.local/lib/python3.12/site-packages/airflow/example_dags/example_xcom.py
[2024-12-13T17:02:00.307+0000] {processor.py:925} INFO - DAG(s) 'example_xcom' retrieved from /home/airflow/.local/lib/python3.12/site-packages/airflow/example_dags/example_xcom.py
[2024-12-13T17:02:00.322+0000] {logging_mixin.py:190} INFO - [2024-12-13T17:02:00.322+0000] {dag.py:3239} INFO - Sync 1 DAGs
[2024-12-13T17:02:00.337+0000] {logging_mixin.py:190} INFO - [2024-12-13T17:02:00.337+0000] {dag.py:4180} INFO - Setting next_dagrun for example_xcom to 2021-01-01 00:00:00+00:00, run_after=2021-01-01 00:00:00+00:00
[2024-12-13T17:02:00.350+0000] {processor.py:208} INFO - Processing /home/airflow/.local/lib/python3.12/site-packages/airflow/example_dags/example_xcom.py took 0.056 seconds
[2024-12-13T17:02:31.354+0000] {processor.py:186} INFO - Started process (PID=550) to work on /home/airflow/.local/lib/python3.12/site-packages/airflow/example_dags/example_xcom.py
[2024-12-13T17:02:31.355+0000] {processor.py:914} INFO - Processing file /home/airflow/.local/lib/python3.12/site-packages/airflow/example_dags/example_xcom.py for tasks to queue
[2024-12-13T17:02:31.356+0000] {logging_mixin.py:190} INFO - [2024-12-13T17:02:31.356+0000] {dagbag.py:588} INFO - Filling up the DagBag from /home/airflow/.local/lib/python3.12/site-packages/airflow/example_dags/example_xcom.py
[2024-12-13T17:02:31.363+0000] {processor.py:925} INFO - DAG(s) 'example_xcom' retrieved from /home/airflow/.local/lib/python3.12/site-packages/airflow/example_dags/example_xcom.py
[2024-12-13T17:02:31.377+0000] {logging_mixin.py:190} INFO - [2024-12-13T17:02:31.377+0000] {dag.py:3239} INFO - Sync 1 DAGs
[2024-12-13T17:02:31.393+0000] {logging_mixin.py:190} INFO - [2024-12-13T17:02:31.393+0000] {dag.py:4180} INFO - Setting next_dagrun for example_xcom to 2021-01-01 00:00:00+00:00, run_after=2021-01-01 00:00:00+00:00
[2024-12-13T17:02:31.405+0000] {processor.py:208} INFO - Processing /home/airflow/.local/lib/python3.12/site-packages/airflow/example_dags/example_xcom.py took 0.055 seconds
[2024-12-13T17:03:02.752+0000] {processor.py:186} INFO - Started process (PID=613) to work on /home/airflow/.local/lib/python3.12/site-packages/airflow/example_dags/example_xcom.py
[2024-12-13T17:03:02.753+0000] {processor.py:914} INFO - Processing file /home/airflow/.local/lib/python3.12/site-packages/airflow/example_dags/example_xcom.py for tasks to queue
[2024-12-13T17:03:02.754+0000] {logging_mixin.py:190} INFO - [2024-12-13T17:03:02.754+0000] {dagbag.py:588} INFO - Filling up the DagBag from /home/airflow/.local/lib/python3.12/site-packages/airflow/example_dags/example_xcom.py
[2024-12-13T17:03:02.761+0000] {processor.py:925} INFO - DAG(s) 'example_xcom' retrieved from /home/airflow/.local/lib/python3.12/site-packages/airflow/example_dags/example_xcom.py
[2024-12-13T17:03:02.777+0000] {logging_mixin.py:190} INFO - [2024-12-13T17:03:02.777+0000] {dag.py:3239} INFO - Sync 1 DAGs
[2024-12-13T17:03:02.792+0000] {logging_mixin.py:190} INFO - [2024-12-13T17:03:02.791+0000] {dag.py:4180} INFO - Setting next_dagrun for example_xcom to 2021-01-01 00:00:00+00:00, run_after=2021-01-01 00:00:00+00:00
[2024-12-13T17:03:02.804+0000] {processor.py:208} INFO - Processing /home/airflow/.local/lib/python3.12/site-packages/airflow/example_dags/example_xcom.py took 0.056 seconds
[2024-12-13T17:03:33.876+0000] {processor.py:186} INFO - Started process (PID=676) to work on /home/airflow/.local/lib/python3.12/site-packages/airflow/example_dags/example_xcom.py
[2024-12-13T17:03:33.876+0000] {processor.py:914} INFO - Processing file /home/airflow/.local/lib/python3.12/site-packages/airflow/example_dags/example_xcom.py for tasks to queue
[2024-12-13T17:03:33.878+0000] {logging_mixin.py:190} INFO - [2024-12-13T17:03:33.878+0000] {dagbag.py:588} INFO - Filling up the DagBag from /home/airflow/.local/lib/python3.12/site-packages/airflow/example_dags/example_xcom.py
[2024-12-13T17:03:33.885+0000] {processor.py:925} INFO - DAG(s) 'example_xcom' retrieved from /home/airflow/.local/lib/python3.12/site-packages/airflow/example_dags/example_xcom.py
[2024-12-13T17:03:33.900+0000] {logging_mixin.py:190} INFO - [2024-12-13T17:03:33.900+0000] {dag.py:3239} INFO - Sync 1 DAGs
[2024-12-13T17:03:33.919+0000] {logging_mixin.py:190} INFO - [2024-12-13T17:03:33.918+0000] {dag.py:4180} INFO - Setting next_dagrun for example_xcom to 2021-01-01 00:00:00+00:00, run_after=2021-01-01 00:00:00+00:00
[2024-12-13T17:03:33.939+0000] {processor.py:208} INFO - Processing /home/airflow/.local/lib/python3.12/site-packages/airflow/example_dags/example_xcom.py took 0.068 seconds
[2024-12-13T17:04:04.006+0000] {processor.py:186} INFO - Started process (PID=738) to work on /home/airflow/.local/lib/python3.12/site-packages/airflow/example_dags/example_xcom.py
[2024-12-13T17:04:04.007+0000] {processor.py:914} INFO - Processing file /home/airflow/.local/lib/python3.12/site-packages/airflow/example_dags/example_xcom.py for tasks to queue
[2024-12-13T17:04:04.008+0000] {logging_mixin.py:190} INFO - [2024-12-13T17:04:04.008+0000] {dagbag.py:588} INFO - Filling up the DagBag from /home/airflow/.local/lib/python3.12/site-packages/airflow/example_dags/example_xcom.py
[2024-12-13T17:04:04.015+0000] {processor.py:925} INFO - DAG(s) 'example_xcom' retrieved from /home/airflow/.local/lib/python3.12/site-packages/airflow/example_dags/example_xcom.py
[2024-12-13T17:04:04.030+0000] {logging_mixin.py:190} INFO - [2024-12-13T17:04:04.030+0000] {dag.py:3239} INFO - Sync 1 DAGs
[2024-12-13T17:04:04.046+0000] {logging_mixin.py:190} INFO - [2024-12-13T17:04:04.046+0000] {dag.py:4180} INFO - Setting next_dagrun for example_xcom to 2021-01-01 00:00:00+00:00, run_after=2021-01-01 00:00:00+00:00
[2024-12-13T17:04:04.061+0000] {processor.py:208} INFO - Processing /home/airflow/.local/lib/python3.12/site-packages/airflow/example_dags/example_xcom.py took 0.060 seconds
