[2024-12-13T16:58:55.267+0000] {processor.py:186} INFO - Started process (PID=101) to work on /home/airflow/.local/lib/python3.12/site-packages/airflow/example_dags/example_external_task_marker_dag.py
[2024-12-13T16:58:55.267+0000] {processor.py:914} INFO - Processing file /home/airflow/.local/lib/python3.12/site-packages/airflow/example_dags/example_external_task_marker_dag.py for tasks to queue
[2024-12-13T16:58:55.269+0000] {logging_mixin.py:190} INFO - [2024-12-13T16:58:55.269+0000] {dagbag.py:588} INFO - Filling up the DagBag from /home/airflow/.local/lib/python3.12/site-packages/airflow/example_dags/example_external_task_marker_dag.py
[2024-12-13T16:58:55.276+0000] {processor.py:925} INFO - DAG(s) 'example_external_task_marker_parent', 'example_external_task_marker_child' retrieved from /home/airflow/.local/lib/python3.12/site-packages/airflow/example_dags/example_external_task_marker_dag.py
[2024-12-13T16:58:55.347+0000] {logging_mixin.py:190} INFO - [2024-12-13T16:58:55.346+0000] {override.py:1911} INFO - Created Permission View: can edit on DAG:example_external_task_marker_parent
[2024-12-13T16:58:55.354+0000] {logging_mixin.py:190} INFO - [2024-12-13T16:58:55.354+0000] {override.py:1911} INFO - Created Permission View: can read on DAG:example_external_task_marker_parent
[2024-12-13T16:58:55.360+0000] {logging_mixin.py:190} INFO - [2024-12-13T16:58:55.360+0000] {override.py:1911} INFO - Created Permission View: can delete on DAG:example_external_task_marker_parent
[2024-12-13T16:58:55.366+0000] {logging_mixin.py:190} INFO - [2024-12-13T16:58:55.366+0000] {override.py:1911} INFO - Created Permission View: menu access on DAG Run:example_external_task_marker_parent
[2024-12-13T16:58:55.372+0000] {logging_mixin.py:190} INFO - [2024-12-13T16:58:55.371+0000] {override.py:1911} INFO - Created Permission View: can delete on DAG Run:example_external_task_marker_parent
[2024-12-13T16:58:55.376+0000] {logging_mixin.py:190} INFO - [2024-12-13T16:58:55.376+0000] {override.py:1911} INFO - Created Permission View: can read on DAG Run:example_external_task_marker_parent
[2024-12-13T16:58:55.381+0000] {logging_mixin.py:190} INFO - [2024-12-13T16:58:55.380+0000] {override.py:1911} INFO - Created Permission View: can create on DAG Run:example_external_task_marker_parent
[2024-12-13T16:58:55.391+0000] {logging_mixin.py:190} INFO - [2024-12-13T16:58:55.391+0000] {override.py:1911} INFO - Created Permission View: can edit on DAG:example_external_task_marker_child
[2024-12-13T16:58:55.396+0000] {logging_mixin.py:190} INFO - [2024-12-13T16:58:55.396+0000] {override.py:1911} INFO - Created Permission View: can read on DAG:example_external_task_marker_child
[2024-12-13T16:58:55.401+0000] {logging_mixin.py:190} INFO - [2024-12-13T16:58:55.401+0000] {override.py:1911} INFO - Created Permission View: can delete on DAG:example_external_task_marker_child
[2024-12-13T16:58:55.407+0000] {logging_mixin.py:190} INFO - [2024-12-13T16:58:55.407+0000] {override.py:1911} INFO - Created Permission View: menu access on DAG Run:example_external_task_marker_child
[2024-12-13T16:58:55.412+0000] {logging_mixin.py:190} INFO - [2024-12-13T16:58:55.412+0000] {override.py:1911} INFO - Created Permission View: can delete on DAG Run:example_external_task_marker_child
[2024-12-13T16:58:55.418+0000] {logging_mixin.py:190} INFO - [2024-12-13T16:58:55.418+0000] {override.py:1911} INFO - Created Permission View: can read on DAG Run:example_external_task_marker_child
[2024-12-13T16:58:55.423+0000] {logging_mixin.py:190} INFO - [2024-12-13T16:58:55.423+0000] {override.py:1911} INFO - Created Permission View: can create on DAG Run:example_external_task_marker_child
[2024-12-13T16:58:55.423+0000] {logging_mixin.py:190} INFO - [2024-12-13T16:58:55.423+0000] {dag.py:3239} INFO - Sync 2 DAGs
[2024-12-13T16:58:55.432+0000] {logging_mixin.py:190} INFO - [2024-12-13T16:58:55.432+0000] {dag.py:3262} INFO - Creating ORM DAG for example_external_task_marker_child
[2024-12-13T16:58:55.432+0000] {logging_mixin.py:190} INFO - [2024-12-13T16:58:55.432+0000] {dag.py:3262} INFO - Creating ORM DAG for example_external_task_marker_parent
[2024-12-13T16:58:55.433+0000] {logging_mixin.py:190} INFO - [2024-12-13T16:58:55.433+0000] {dag.py:4180} INFO - Setting next_dagrun for example_external_task_marker_child to None, run_after=None
[2024-12-13T16:58:55.433+0000] {logging_mixin.py:190} INFO - [2024-12-13T16:58:55.433+0000] {dag.py:4180} INFO - Setting next_dagrun for example_external_task_marker_parent to None, run_after=None
[2024-12-13T16:58:55.445+0000] {processor.py:208} INFO - Processing /home/airflow/.local/lib/python3.12/site-packages/airflow/example_dags/example_external_task_marker_dag.py took 0.183 seconds
[2024-12-13T16:59:25.861+0000] {processor.py:186} INFO - Started process (PID=164) to work on /home/airflow/.local/lib/python3.12/site-packages/airflow/example_dags/example_external_task_marker_dag.py
[2024-12-13T16:59:25.862+0000] {processor.py:914} INFO - Processing file /home/airflow/.local/lib/python3.12/site-packages/airflow/example_dags/example_external_task_marker_dag.py for tasks to queue
[2024-12-13T16:59:25.863+0000] {logging_mixin.py:190} INFO - [2024-12-13T16:59:25.863+0000] {dagbag.py:588} INFO - Filling up the DagBag from /home/airflow/.local/lib/python3.12/site-packages/airflow/example_dags/example_external_task_marker_dag.py
[2024-12-13T16:59:25.869+0000] {processor.py:925} INFO - DAG(s) 'example_external_task_marker_child', 'example_external_task_marker_parent' retrieved from /home/airflow/.local/lib/python3.12/site-packages/airflow/example_dags/example_external_task_marker_dag.py
[2024-12-13T16:59:25.885+0000] {logging_mixin.py:190} INFO - [2024-12-13T16:59:25.884+0000] {dag.py:3239} INFO - Sync 2 DAGs
[2024-12-13T16:59:25.895+0000] {logging_mixin.py:190} INFO - [2024-12-13T16:59:25.894+0000] {dag.py:4180} INFO - Setting next_dagrun for example_external_task_marker_child to None, run_after=None
[2024-12-13T16:59:25.897+0000] {logging_mixin.py:190} INFO - [2024-12-13T16:59:25.897+0000] {dag.py:4180} INFO - Setting next_dagrun for example_external_task_marker_parent to None, run_after=None
[2024-12-13T16:59:25.907+0000] {processor.py:208} INFO - Processing /home/airflow/.local/lib/python3.12/site-packages/airflow/example_dags/example_external_task_marker_dag.py took 0.050 seconds
[2024-12-13T16:59:56.728+0000] {processor.py:186} INFO - Started process (PID=227) to work on /home/airflow/.local/lib/python3.12/site-packages/airflow/example_dags/example_external_task_marker_dag.py
[2024-12-13T16:59:56.729+0000] {processor.py:914} INFO - Processing file /home/airflow/.local/lib/python3.12/site-packages/airflow/example_dags/example_external_task_marker_dag.py for tasks to queue
[2024-12-13T16:59:56.730+0000] {logging_mixin.py:190} INFO - [2024-12-13T16:59:56.730+0000] {dagbag.py:588} INFO - Filling up the DagBag from /home/airflow/.local/lib/python3.12/site-packages/airflow/example_dags/example_external_task_marker_dag.py
[2024-12-13T16:59:56.736+0000] {processor.py:925} INFO - DAG(s) 'example_external_task_marker_child', 'example_external_task_marker_parent' retrieved from /home/airflow/.local/lib/python3.12/site-packages/airflow/example_dags/example_external_task_marker_dag.py
[2024-12-13T16:59:56.751+0000] {logging_mixin.py:190} INFO - [2024-12-13T16:59:56.751+0000] {dag.py:3239} INFO - Sync 2 DAGs
[2024-12-13T16:59:56.760+0000] {logging_mixin.py:190} INFO - [2024-12-13T16:59:56.760+0000] {dag.py:4180} INFO - Setting next_dagrun for example_external_task_marker_child to None, run_after=None
[2024-12-13T16:59:56.763+0000] {logging_mixin.py:190} INFO - [2024-12-13T16:59:56.763+0000] {dag.py:4180} INFO - Setting next_dagrun for example_external_task_marker_parent to None, run_after=None
[2024-12-13T16:59:56.774+0000] {processor.py:208} INFO - Processing /home/airflow/.local/lib/python3.12/site-packages/airflow/example_dags/example_external_task_marker_dag.py took 0.050 seconds
[2024-12-13T17:00:27.771+0000] {processor.py:186} INFO - Started process (PID=290) to work on /home/airflow/.local/lib/python3.12/site-packages/airflow/example_dags/example_external_task_marker_dag.py
[2024-12-13T17:00:27.772+0000] {processor.py:914} INFO - Processing file /home/airflow/.local/lib/python3.12/site-packages/airflow/example_dags/example_external_task_marker_dag.py for tasks to queue
[2024-12-13T17:00:27.774+0000] {logging_mixin.py:190} INFO - [2024-12-13T17:00:27.774+0000] {dagbag.py:588} INFO - Filling up the DagBag from /home/airflow/.local/lib/python3.12/site-packages/airflow/example_dags/example_external_task_marker_dag.py
[2024-12-13T17:00:27.781+0000] {processor.py:925} INFO - DAG(s) 'example_external_task_marker_parent', 'example_external_task_marker_child' retrieved from /home/airflow/.local/lib/python3.12/site-packages/airflow/example_dags/example_external_task_marker_dag.py
[2024-12-13T17:00:27.799+0000] {logging_mixin.py:190} INFO - [2024-12-13T17:00:27.799+0000] {dag.py:3239} INFO - Sync 2 DAGs
[2024-12-13T17:00:27.813+0000] {logging_mixin.py:190} INFO - [2024-12-13T17:00:27.813+0000] {dag.py:4180} INFO - Setting next_dagrun for example_external_task_marker_child to None, run_after=None
[2024-12-13T17:00:27.816+0000] {logging_mixin.py:190} INFO - [2024-12-13T17:00:27.816+0000] {dag.py:4180} INFO - Setting next_dagrun for example_external_task_marker_parent to None, run_after=None
[2024-12-13T17:00:27.829+0000] {processor.py:208} INFO - Processing /home/airflow/.local/lib/python3.12/site-packages/airflow/example_dags/example_external_task_marker_dag.py took 0.062 seconds
[2024-12-13T17:00:58.699+0000] {processor.py:186} INFO - Started process (PID=353) to work on /home/airflow/.local/lib/python3.12/site-packages/airflow/example_dags/example_external_task_marker_dag.py
[2024-12-13T17:00:58.699+0000] {processor.py:914} INFO - Processing file /home/airflow/.local/lib/python3.12/site-packages/airflow/example_dags/example_external_task_marker_dag.py for tasks to queue
[2024-12-13T17:00:58.701+0000] {logging_mixin.py:190} INFO - [2024-12-13T17:00:58.701+0000] {dagbag.py:588} INFO - Filling up the DagBag from /home/airflow/.local/lib/python3.12/site-packages/airflow/example_dags/example_external_task_marker_dag.py
[2024-12-13T17:00:58.707+0000] {processor.py:925} INFO - DAG(s) 'example_external_task_marker_parent', 'example_external_task_marker_child' retrieved from /home/airflow/.local/lib/python3.12/site-packages/airflow/example_dags/example_external_task_marker_dag.py
[2024-12-13T17:00:58.725+0000] {logging_mixin.py:190} INFO - [2024-12-13T17:00:58.725+0000] {dag.py:3239} INFO - Sync 2 DAGs
[2024-12-13T17:00:58.735+0000] {logging_mixin.py:190} INFO - [2024-12-13T17:00:58.735+0000] {dag.py:4180} INFO - Setting next_dagrun for example_external_task_marker_child to None, run_after=None
[2024-12-13T17:00:58.738+0000] {logging_mixin.py:190} INFO - [2024-12-13T17:00:58.738+0000] {dag.py:4180} INFO - Setting next_dagrun for example_external_task_marker_parent to None, run_after=None
[2024-12-13T17:00:58.749+0000] {processor.py:208} INFO - Processing /home/airflow/.local/lib/python3.12/site-packages/airflow/example_dags/example_external_task_marker_dag.py took 0.054 seconds
[2024-12-13T17:01:29.649+0000] {processor.py:186} INFO - Started process (PID=416) to work on /home/airflow/.local/lib/python3.12/site-packages/airflow/example_dags/example_external_task_marker_dag.py
[2024-12-13T17:01:29.650+0000] {processor.py:914} INFO - Processing file /home/airflow/.local/lib/python3.12/site-packages/airflow/example_dags/example_external_task_marker_dag.py for tasks to queue
[2024-12-13T17:01:29.652+0000] {logging_mixin.py:190} INFO - [2024-12-13T17:01:29.652+0000] {dagbag.py:588} INFO - Filling up the DagBag from /home/airflow/.local/lib/python3.12/site-packages/airflow/example_dags/example_external_task_marker_dag.py
[2024-12-13T17:01:29.658+0000] {processor.py:925} INFO - DAG(s) 'example_external_task_marker_child', 'example_external_task_marker_parent' retrieved from /home/airflow/.local/lib/python3.12/site-packages/airflow/example_dags/example_external_task_marker_dag.py
[2024-12-13T17:01:29.674+0000] {logging_mixin.py:190} INFO - [2024-12-13T17:01:29.674+0000] {dag.py:3239} INFO - Sync 2 DAGs
[2024-12-13T17:01:29.683+0000] {logging_mixin.py:190} INFO - [2024-12-13T17:01:29.683+0000] {dag.py:4180} INFO - Setting next_dagrun for example_external_task_marker_child to None, run_after=None
[2024-12-13T17:01:29.686+0000] {logging_mixin.py:190} INFO - [2024-12-13T17:01:29.686+0000] {dag.py:4180} INFO - Setting next_dagrun for example_external_task_marker_parent to None, run_after=None
[2024-12-13T17:01:29.698+0000] {processor.py:208} INFO - Processing /home/airflow/.local/lib/python3.12/site-packages/airflow/example_dags/example_external_task_marker_dag.py took 0.052 seconds
[2024-12-13T17:01:59.732+0000] {processor.py:186} INFO - Started process (PID=478) to work on /home/airflow/.local/lib/python3.12/site-packages/airflow/example_dags/example_external_task_marker_dag.py
[2024-12-13T17:01:59.733+0000] {processor.py:914} INFO - Processing file /home/airflow/.local/lib/python3.12/site-packages/airflow/example_dags/example_external_task_marker_dag.py for tasks to queue
[2024-12-13T17:01:59.734+0000] {logging_mixin.py:190} INFO - [2024-12-13T17:01:59.734+0000] {dagbag.py:588} INFO - Filling up the DagBag from /home/airflow/.local/lib/python3.12/site-packages/airflow/example_dags/example_external_task_marker_dag.py
[2024-12-13T17:01:59.739+0000] {processor.py:925} INFO - DAG(s) 'example_external_task_marker_parent', 'example_external_task_marker_child' retrieved from /home/airflow/.local/lib/python3.12/site-packages/airflow/example_dags/example_external_task_marker_dag.py
[2024-12-13T17:01:59.756+0000] {logging_mixin.py:190} INFO - [2024-12-13T17:01:59.756+0000] {dag.py:3239} INFO - Sync 2 DAGs
[2024-12-13T17:01:59.766+0000] {logging_mixin.py:190} INFO - [2024-12-13T17:01:59.766+0000] {dag.py:4180} INFO - Setting next_dagrun for example_external_task_marker_child to None, run_after=None
[2024-12-13T17:01:59.768+0000] {logging_mixin.py:190} INFO - [2024-12-13T17:01:59.768+0000] {dag.py:4180} INFO - Setting next_dagrun for example_external_task_marker_parent to None, run_after=None
[2024-12-13T17:01:59.779+0000] {processor.py:208} INFO - Processing /home/airflow/.local/lib/python3.12/site-packages/airflow/example_dags/example_external_task_marker_dag.py took 0.051 seconds
[2024-12-13T17:02:30.815+0000] {processor.py:186} INFO - Started process (PID=541) to work on /home/airflow/.local/lib/python3.12/site-packages/airflow/example_dags/example_external_task_marker_dag.py
[2024-12-13T17:02:30.816+0000] {processor.py:914} INFO - Processing file /home/airflow/.local/lib/python3.12/site-packages/airflow/example_dags/example_external_task_marker_dag.py for tasks to queue
[2024-12-13T17:02:30.817+0000] {logging_mixin.py:190} INFO - [2024-12-13T17:02:30.817+0000] {dagbag.py:588} INFO - Filling up the DagBag from /home/airflow/.local/lib/python3.12/site-packages/airflow/example_dags/example_external_task_marker_dag.py
[2024-12-13T17:02:30.823+0000] {processor.py:925} INFO - DAG(s) 'example_external_task_marker_child', 'example_external_task_marker_parent' retrieved from /home/airflow/.local/lib/python3.12/site-packages/airflow/example_dags/example_external_task_marker_dag.py
[2024-12-13T17:02:30.838+0000] {logging_mixin.py:190} INFO - [2024-12-13T17:02:30.837+0000] {dag.py:3239} INFO - Sync 2 DAGs
[2024-12-13T17:02:30.847+0000] {logging_mixin.py:190} INFO - [2024-12-13T17:02:30.847+0000] {dag.py:4180} INFO - Setting next_dagrun for example_external_task_marker_child to None, run_after=None
[2024-12-13T17:02:30.849+0000] {logging_mixin.py:190} INFO - [2024-12-13T17:02:30.849+0000] {dag.py:4180} INFO - Setting next_dagrun for example_external_task_marker_parent to None, run_after=None
[2024-12-13T17:02:30.859+0000] {processor.py:208} INFO - Processing /home/airflow/.local/lib/python3.12/site-packages/airflow/example_dags/example_external_task_marker_dag.py took 0.048 seconds
[2024-12-13T17:03:01.989+0000] {processor.py:186} INFO - Started process (PID=604) to work on /home/airflow/.local/lib/python3.12/site-packages/airflow/example_dags/example_external_task_marker_dag.py
[2024-12-13T17:03:01.989+0000] {processor.py:914} INFO - Processing file /home/airflow/.local/lib/python3.12/site-packages/airflow/example_dags/example_external_task_marker_dag.py for tasks to queue
[2024-12-13T17:03:01.991+0000] {logging_mixin.py:190} INFO - [2024-12-13T17:03:01.991+0000] {dagbag.py:588} INFO - Filling up the DagBag from /home/airflow/.local/lib/python3.12/site-packages/airflow/example_dags/example_external_task_marker_dag.py
[2024-12-13T17:03:01.996+0000] {processor.py:925} INFO - DAG(s) 'example_external_task_marker_parent', 'example_external_task_marker_child' retrieved from /home/airflow/.local/lib/python3.12/site-packages/airflow/example_dags/example_external_task_marker_dag.py
[2024-12-13T17:03:02.011+0000] {logging_mixin.py:190} INFO - [2024-12-13T17:03:02.011+0000] {dag.py:3239} INFO - Sync 2 DAGs
[2024-12-13T17:03:02.021+0000] {logging_mixin.py:190} INFO - [2024-12-13T17:03:02.021+0000] {dag.py:4180} INFO - Setting next_dagrun for example_external_task_marker_child to None, run_after=None
[2024-12-13T17:03:02.024+0000] {logging_mixin.py:190} INFO - [2024-12-13T17:03:02.024+0000] {dag.py:4180} INFO - Setting next_dagrun for example_external_task_marker_parent to None, run_after=None
[2024-12-13T17:03:02.035+0000] {processor.py:208} INFO - Processing /home/airflow/.local/lib/python3.12/site-packages/airflow/example_dags/example_external_task_marker_dag.py took 0.050 seconds
[2024-12-13T17:03:32.426+0000] {processor.py:186} INFO - Started process (PID=667) to work on /home/airflow/.local/lib/python3.12/site-packages/airflow/example_dags/example_external_task_marker_dag.py
[2024-12-13T17:03:32.427+0000] {processor.py:914} INFO - Processing file /home/airflow/.local/lib/python3.12/site-packages/airflow/example_dags/example_external_task_marker_dag.py for tasks to queue
[2024-12-13T17:03:32.429+0000] {logging_mixin.py:190} INFO - [2024-12-13T17:03:32.429+0000] {dagbag.py:588} INFO - Filling up the DagBag from /home/airflow/.local/lib/python3.12/site-packages/airflow/example_dags/example_external_task_marker_dag.py
[2024-12-13T17:03:32.435+0000] {processor.py:925} INFO - DAG(s) 'example_external_task_marker_child', 'example_external_task_marker_parent' retrieved from /home/airflow/.local/lib/python3.12/site-packages/airflow/example_dags/example_external_task_marker_dag.py
[2024-12-13T17:03:32.452+0000] {logging_mixin.py:190} INFO - [2024-12-13T17:03:32.452+0000] {dag.py:3239} INFO - Sync 2 DAGs
[2024-12-13T17:03:32.462+0000] {logging_mixin.py:190} INFO - [2024-12-13T17:03:32.462+0000] {dag.py:4180} INFO - Setting next_dagrun for example_external_task_marker_child to None, run_after=None
[2024-12-13T17:03:32.465+0000] {logging_mixin.py:190} INFO - [2024-12-13T17:03:32.465+0000] {dag.py:4180} INFO - Setting next_dagrun for example_external_task_marker_parent to None, run_after=None
[2024-12-13T17:03:32.478+0000] {processor.py:208} INFO - Processing /home/airflow/.local/lib/python3.12/site-packages/airflow/example_dags/example_external_task_marker_dag.py took 0.056 seconds
[2024-12-13T17:04:03.592+0000] {processor.py:186} INFO - Started process (PID=730) to work on /home/airflow/.local/lib/python3.12/site-packages/airflow/example_dags/example_external_task_marker_dag.py
[2024-12-13T17:04:03.593+0000] {processor.py:914} INFO - Processing file /home/airflow/.local/lib/python3.12/site-packages/airflow/example_dags/example_external_task_marker_dag.py for tasks to queue
[2024-12-13T17:04:03.595+0000] {logging_mixin.py:190} INFO - [2024-12-13T17:04:03.594+0000] {dagbag.py:588} INFO - Filling up the DagBag from /home/airflow/.local/lib/python3.12/site-packages/airflow/example_dags/example_external_task_marker_dag.py
[2024-12-13T17:04:03.600+0000] {processor.py:925} INFO - DAG(s) 'example_external_task_marker_parent', 'example_external_task_marker_child' retrieved from /home/airflow/.local/lib/python3.12/site-packages/airflow/example_dags/example_external_task_marker_dag.py
[2024-12-13T17:04:03.616+0000] {logging_mixin.py:190} INFO - [2024-12-13T17:04:03.616+0000] {dag.py:3239} INFO - Sync 2 DAGs
[2024-12-13T17:04:03.626+0000] {logging_mixin.py:190} INFO - [2024-12-13T17:04:03.626+0000] {dag.py:4180} INFO - Setting next_dagrun for example_external_task_marker_child to None, run_after=None
[2024-12-13T17:04:03.628+0000] {logging_mixin.py:190} INFO - [2024-12-13T17:04:03.628+0000] {dag.py:4180} INFO - Setting next_dagrun for example_external_task_marker_parent to None, run_after=None
[2024-12-13T17:04:03.640+0000] {processor.py:208} INFO - Processing /home/airflow/.local/lib/python3.12/site-packages/airflow/example_dags/example_external_task_marker_dag.py took 0.052 seconds
