[2024-12-13T16:58:55.622+0000] {processor.py:186} INFO - Started process (PID=105) to work on /home/airflow/.local/lib/python3.12/site-packages/airflow/example_dags/example_latest_only_with_trigger.py
[2024-12-13T16:58:55.623+0000] {processor.py:914} INFO - Processing file /home/airflow/.local/lib/python3.12/site-packages/airflow/example_dags/example_latest_only_with_trigger.py for tasks to queue
[2024-12-13T16:58:55.624+0000] {logging_mixin.py:190} INFO - [2024-12-13T16:58:55.624+0000] {dagbag.py:588} INFO - Filling up the DagBag from /home/airflow/.local/lib/python3.12/site-packages/airflow/example_dags/example_latest_only_with_trigger.py
[2024-12-13T16:58:55.631+0000] {processor.py:925} INFO - DAG(s) 'latest_only_with_trigger' retrieved from /home/airflow/.local/lib/python3.12/site-packages/airflow/example_dags/example_latest_only_with_trigger.py
[2024-12-13T16:58:55.702+0000] {logging_mixin.py:190} INFO - [2024-12-13T16:58:55.701+0000] {override.py:1911} INFO - Created Permission View: can edit on DAG:latest_only_with_trigger
[2024-12-13T16:58:55.709+0000] {logging_mixin.py:190} INFO - [2024-12-13T16:58:55.709+0000] {override.py:1911} INFO - Created Permission View: can read on DAG:latest_only_with_trigger
[2024-12-13T16:58:55.714+0000] {logging_mixin.py:190} INFO - [2024-12-13T16:58:55.713+0000] {override.py:1911} INFO - Created Permission View: can delete on DAG:latest_only_with_trigger
[2024-12-13T16:58:55.719+0000] {logging_mixin.py:190} INFO - [2024-12-13T16:58:55.719+0000] {override.py:1911} INFO - Created Permission View: menu access on DAG Run:latest_only_with_trigger
[2024-12-13T16:58:55.724+0000] {logging_mixin.py:190} INFO - [2024-12-13T16:58:55.724+0000] {override.py:1911} INFO - Created Permission View: can delete on DAG Run:latest_only_with_trigger
[2024-12-13T16:58:55.729+0000] {logging_mixin.py:190} INFO - [2024-12-13T16:58:55.729+0000] {override.py:1911} INFO - Created Permission View: can read on DAG Run:latest_only_with_trigger
[2024-12-13T16:58:55.733+0000] {logging_mixin.py:190} INFO - [2024-12-13T16:58:55.733+0000] {override.py:1911} INFO - Created Permission View: can create on DAG Run:latest_only_with_trigger
[2024-12-13T16:58:55.733+0000] {logging_mixin.py:190} INFO - [2024-12-13T16:58:55.733+0000] {dag.py:3239} INFO - Sync 1 DAGs
[2024-12-13T16:58:55.742+0000] {logging_mixin.py:190} INFO - [2024-12-13T16:58:55.742+0000] {dag.py:3262} INFO - Creating ORM DAG for latest_only_with_trigger
[2024-12-13T16:58:55.748+0000] {logging_mixin.py:190} INFO - [2024-12-13T16:58:55.748+0000] {dag.py:4180} INFO - Setting next_dagrun for latest_only_with_trigger to 2024-12-13 12:00:00+00:00, run_after=2024-12-13 16:00:00+00:00
[2024-12-13T16:58:55.761+0000] {processor.py:208} INFO - Processing /home/airflow/.local/lib/python3.12/site-packages/airflow/example_dags/example_latest_only_with_trigger.py took 0.143 seconds
[2024-12-13T16:59:25.998+0000] {processor.py:186} INFO - Started process (PID=168) to work on /home/airflow/.local/lib/python3.12/site-packages/airflow/example_dags/example_latest_only_with_trigger.py
[2024-12-13T16:59:25.999+0000] {processor.py:914} INFO - Processing file /home/airflow/.local/lib/python3.12/site-packages/airflow/example_dags/example_latest_only_with_trigger.py for tasks to queue
[2024-12-13T16:59:26.000+0000] {logging_mixin.py:190} INFO - [2024-12-13T16:59:26.000+0000] {dagbag.py:588} INFO - Filling up the DagBag from /home/airflow/.local/lib/python3.12/site-packages/airflow/example_dags/example_latest_only_with_trigger.py
[2024-12-13T16:59:26.005+0000] {processor.py:925} INFO - DAG(s) 'latest_only_with_trigger' retrieved from /home/airflow/.local/lib/python3.12/site-packages/airflow/example_dags/example_latest_only_with_trigger.py
[2024-12-13T16:59:26.021+0000] {logging_mixin.py:190} INFO - [2024-12-13T16:59:26.020+0000] {dag.py:3239} INFO - Sync 1 DAGs
[2024-12-13T16:59:26.036+0000] {logging_mixin.py:190} INFO - [2024-12-13T16:59:26.036+0000] {dag.py:4180} INFO - Setting next_dagrun for latest_only_with_trigger to 2024-12-13 12:00:00+00:00, run_after=2024-12-13 16:00:00+00:00
[2024-12-13T16:59:26.049+0000] {processor.py:208} INFO - Processing /home/airflow/.local/lib/python3.12/site-packages/airflow/example_dags/example_latest_only_with_trigger.py took 0.056 seconds
[2024-12-13T16:59:56.863+0000] {processor.py:186} INFO - Started process (PID=231) to work on /home/airflow/.local/lib/python3.12/site-packages/airflow/example_dags/example_latest_only_with_trigger.py
[2024-12-13T16:59:56.864+0000] {processor.py:914} INFO - Processing file /home/airflow/.local/lib/python3.12/site-packages/airflow/example_dags/example_latest_only_with_trigger.py for tasks to queue
[2024-12-13T16:59:56.865+0000] {logging_mixin.py:190} INFO - [2024-12-13T16:59:56.865+0000] {dagbag.py:588} INFO - Filling up the DagBag from /home/airflow/.local/lib/python3.12/site-packages/airflow/example_dags/example_latest_only_with_trigger.py
[2024-12-13T16:59:56.870+0000] {processor.py:925} INFO - DAG(s) 'latest_only_with_trigger' retrieved from /home/airflow/.local/lib/python3.12/site-packages/airflow/example_dags/example_latest_only_with_trigger.py
[2024-12-13T16:59:56.884+0000] {logging_mixin.py:190} INFO - [2024-12-13T16:59:56.884+0000] {dag.py:3239} INFO - Sync 1 DAGs
[2024-12-13T16:59:56.900+0000] {logging_mixin.py:190} INFO - [2024-12-13T16:59:56.900+0000] {dag.py:4180} INFO - Setting next_dagrun for latest_only_with_trigger to 2024-12-13 12:00:00+00:00, run_after=2024-12-13 16:00:00+00:00
[2024-12-13T16:59:56.912+0000] {processor.py:208} INFO - Processing /home/airflow/.local/lib/python3.12/site-packages/airflow/example_dags/example_latest_only_with_trigger.py took 0.052 seconds
[2024-12-13T17:00:27.999+0000] {processor.py:186} INFO - Started process (PID=294) to work on /home/airflow/.local/lib/python3.12/site-packages/airflow/example_dags/example_latest_only_with_trigger.py
[2024-12-13T17:00:28.000+0000] {processor.py:914} INFO - Processing file /home/airflow/.local/lib/python3.12/site-packages/airflow/example_dags/example_latest_only_with_trigger.py for tasks to queue
[2024-12-13T17:00:28.001+0000] {logging_mixin.py:190} INFO - [2024-12-13T17:00:28.001+0000] {dagbag.py:588} INFO - Filling up the DagBag from /home/airflow/.local/lib/python3.12/site-packages/airflow/example_dags/example_latest_only_with_trigger.py
[2024-12-13T17:00:28.006+0000] {processor.py:925} INFO - DAG(s) 'latest_only_with_trigger' retrieved from /home/airflow/.local/lib/python3.12/site-packages/airflow/example_dags/example_latest_only_with_trigger.py
[2024-12-13T17:00:28.021+0000] {logging_mixin.py:190} INFO - [2024-12-13T17:00:28.021+0000] {dag.py:3239} INFO - Sync 1 DAGs
[2024-12-13T17:00:28.037+0000] {logging_mixin.py:190} INFO - [2024-12-13T17:00:28.037+0000] {dag.py:4180} INFO - Setting next_dagrun for latest_only_with_trigger to 2024-12-13 12:00:00+00:00, run_after=2024-12-13 16:00:00+00:00
[2024-12-13T17:00:28.050+0000] {processor.py:208} INFO - Processing /home/airflow/.local/lib/python3.12/site-packages/airflow/example_dags/example_latest_only_with_trigger.py took 0.056 seconds
[2024-12-13T17:00:58.907+0000] {processor.py:186} INFO - Started process (PID=357) to work on /home/airflow/.local/lib/python3.12/site-packages/airflow/example_dags/example_latest_only_with_trigger.py
[2024-12-13T17:00:58.907+0000] {processor.py:914} INFO - Processing file /home/airflow/.local/lib/python3.12/site-packages/airflow/example_dags/example_latest_only_with_trigger.py for tasks to queue
[2024-12-13T17:00:58.909+0000] {logging_mixin.py:190} INFO - [2024-12-13T17:00:58.909+0000] {dagbag.py:588} INFO - Filling up the DagBag from /home/airflow/.local/lib/python3.12/site-packages/airflow/example_dags/example_latest_only_with_trigger.py
[2024-12-13T17:00:58.914+0000] {processor.py:925} INFO - DAG(s) 'latest_only_with_trigger' retrieved from /home/airflow/.local/lib/python3.12/site-packages/airflow/example_dags/example_latest_only_with_trigger.py
[2024-12-13T17:00:58.930+0000] {logging_mixin.py:190} INFO - [2024-12-13T17:00:58.929+0000] {dag.py:3239} INFO - Sync 1 DAGs
[2024-12-13T17:00:58.947+0000] {logging_mixin.py:190} INFO - [2024-12-13T17:00:58.947+0000] {dag.py:4180} INFO - Setting next_dagrun for latest_only_with_trigger to 2024-12-13 12:00:00+00:00, run_after=2024-12-13 16:00:00+00:00
[2024-12-13T17:00:58.960+0000] {processor.py:208} INFO - Processing /home/airflow/.local/lib/python3.12/site-packages/airflow/example_dags/example_latest_only_with_trigger.py took 0.057 seconds
[2024-12-13T17:01:29.858+0000] {processor.py:186} INFO - Started process (PID=420) to work on /home/airflow/.local/lib/python3.12/site-packages/airflow/example_dags/example_latest_only_with_trigger.py
[2024-12-13T17:01:29.859+0000] {processor.py:914} INFO - Processing file /home/airflow/.local/lib/python3.12/site-packages/airflow/example_dags/example_latest_only_with_trigger.py for tasks to queue
[2024-12-13T17:01:29.861+0000] {logging_mixin.py:190} INFO - [2024-12-13T17:01:29.860+0000] {dagbag.py:588} INFO - Filling up the DagBag from /home/airflow/.local/lib/python3.12/site-packages/airflow/example_dags/example_latest_only_with_trigger.py
[2024-12-13T17:01:29.866+0000] {processor.py:925} INFO - DAG(s) 'latest_only_with_trigger' retrieved from /home/airflow/.local/lib/python3.12/site-packages/airflow/example_dags/example_latest_only_with_trigger.py
[2024-12-13T17:01:29.881+0000] {logging_mixin.py:190} INFO - [2024-12-13T17:01:29.881+0000] {dag.py:3239} INFO - Sync 1 DAGs
[2024-12-13T17:01:29.899+0000] {logging_mixin.py:190} INFO - [2024-12-13T17:01:29.899+0000] {dag.py:4180} INFO - Setting next_dagrun for latest_only_with_trigger to 2024-12-13 12:00:00+00:00, run_after=2024-12-13 16:00:00+00:00
[2024-12-13T17:01:29.912+0000] {processor.py:208} INFO - Processing /home/airflow/.local/lib/python3.12/site-packages/airflow/example_dags/example_latest_only_with_trigger.py took 0.058 seconds
[2024-12-13T17:02:00.025+0000] {processor.py:186} INFO - Started process (PID=483) to work on /home/airflow/.local/lib/python3.12/site-packages/airflow/example_dags/example_latest_only_with_trigger.py
[2024-12-13T17:02:00.026+0000] {processor.py:914} INFO - Processing file /home/airflow/.local/lib/python3.12/site-packages/airflow/example_dags/example_latest_only_with_trigger.py for tasks to queue
[2024-12-13T17:02:00.028+0000] {logging_mixin.py:190} INFO - [2024-12-13T17:02:00.027+0000] {dagbag.py:588} INFO - Filling up the DagBag from /home/airflow/.local/lib/python3.12/site-packages/airflow/example_dags/example_latest_only_with_trigger.py
[2024-12-13T17:02:00.033+0000] {processor.py:925} INFO - DAG(s) 'latest_only_with_trigger' retrieved from /home/airflow/.local/lib/python3.12/site-packages/airflow/example_dags/example_latest_only_with_trigger.py
[2024-12-13T17:02:00.049+0000] {logging_mixin.py:190} INFO - [2024-12-13T17:02:00.049+0000] {dag.py:3239} INFO - Sync 1 DAGs
[2024-12-13T17:02:00.065+0000] {logging_mixin.py:190} INFO - [2024-12-13T17:02:00.065+0000] {dag.py:4180} INFO - Setting next_dagrun for latest_only_with_trigger to 2024-12-13 12:00:00+00:00, run_after=2024-12-13 16:00:00+00:00
[2024-12-13T17:02:00.078+0000] {processor.py:208} INFO - Processing /home/airflow/.local/lib/python3.12/site-packages/airflow/example_dags/example_latest_only_with_trigger.py took 0.057 seconds
[2024-12-13T17:02:31.085+0000] {processor.py:186} INFO - Started process (PID=546) to work on /home/airflow/.local/lib/python3.12/site-packages/airflow/example_dags/example_latest_only_with_trigger.py
[2024-12-13T17:02:31.085+0000] {processor.py:914} INFO - Processing file /home/airflow/.local/lib/python3.12/site-packages/airflow/example_dags/example_latest_only_with_trigger.py for tasks to queue
[2024-12-13T17:02:31.087+0000] {logging_mixin.py:190} INFO - [2024-12-13T17:02:31.087+0000] {dagbag.py:588} INFO - Filling up the DagBag from /home/airflow/.local/lib/python3.12/site-packages/airflow/example_dags/example_latest_only_with_trigger.py
[2024-12-13T17:02:31.092+0000] {processor.py:925} INFO - DAG(s) 'latest_only_with_trigger' retrieved from /home/airflow/.local/lib/python3.12/site-packages/airflow/example_dags/example_latest_only_with_trigger.py
[2024-12-13T17:02:31.106+0000] {logging_mixin.py:190} INFO - [2024-12-13T17:02:31.106+0000] {dag.py:3239} INFO - Sync 1 DAGs
[2024-12-13T17:02:31.122+0000] {logging_mixin.py:190} INFO - [2024-12-13T17:02:31.122+0000] {dag.py:4180} INFO - Setting next_dagrun for latest_only_with_trigger to 2024-12-13 12:00:00+00:00, run_after=2024-12-13 16:00:00+00:00
[2024-12-13T17:02:31.136+0000] {processor.py:208} INFO - Processing /home/airflow/.local/lib/python3.12/site-packages/airflow/example_dags/example_latest_only_with_trigger.py took 0.055 seconds
[2024-12-13T17:03:02.615+0000] {processor.py:186} INFO - Started process (PID=609) to work on /home/airflow/.local/lib/python3.12/site-packages/airflow/example_dags/example_latest_only_with_trigger.py
[2024-12-13T17:03:02.616+0000] {processor.py:914} INFO - Processing file /home/airflow/.local/lib/python3.12/site-packages/airflow/example_dags/example_latest_only_with_trigger.py for tasks to queue
[2024-12-13T17:03:02.618+0000] {logging_mixin.py:190} INFO - [2024-12-13T17:03:02.618+0000] {dagbag.py:588} INFO - Filling up the DagBag from /home/airflow/.local/lib/python3.12/site-packages/airflow/example_dags/example_latest_only_with_trigger.py
[2024-12-13T17:03:02.623+0000] {processor.py:925} INFO - DAG(s) 'latest_only_with_trigger' retrieved from /home/airflow/.local/lib/python3.12/site-packages/airflow/example_dags/example_latest_only_with_trigger.py
[2024-12-13T17:03:02.639+0000] {logging_mixin.py:190} INFO - [2024-12-13T17:03:02.638+0000] {dag.py:3239} INFO - Sync 1 DAGs
[2024-12-13T17:03:02.655+0000] {logging_mixin.py:190} INFO - [2024-12-13T17:03:02.655+0000] {dag.py:4180} INFO - Setting next_dagrun for latest_only_with_trigger to 2024-12-13 12:00:00+00:00, run_after=2024-12-13 16:00:00+00:00
[2024-12-13T17:03:02.667+0000] {processor.py:208} INFO - Processing /home/airflow/.local/lib/python3.12/site-packages/airflow/example_dags/example_latest_only_with_trigger.py took 0.056 seconds
[2024-12-13T17:03:33.581+0000] {processor.py:186} INFO - Started process (PID=672) to work on /home/airflow/.local/lib/python3.12/site-packages/airflow/example_dags/example_latest_only_with_trigger.py
[2024-12-13T17:03:33.582+0000] {processor.py:914} INFO - Processing file /home/airflow/.local/lib/python3.12/site-packages/airflow/example_dags/example_latest_only_with_trigger.py for tasks to queue
[2024-12-13T17:03:33.584+0000] {logging_mixin.py:190} INFO - [2024-12-13T17:03:33.584+0000] {dagbag.py:588} INFO - Filling up the DagBag from /home/airflow/.local/lib/python3.12/site-packages/airflow/example_dags/example_latest_only_with_trigger.py
[2024-12-13T17:03:33.589+0000] {processor.py:925} INFO - DAG(s) 'latest_only_with_trigger' retrieved from /home/airflow/.local/lib/python3.12/site-packages/airflow/example_dags/example_latest_only_with_trigger.py
[2024-12-13T17:03:33.606+0000] {logging_mixin.py:190} INFO - [2024-12-13T17:03:33.606+0000] {dag.py:3239} INFO - Sync 1 DAGs
[2024-12-13T17:03:33.622+0000] {logging_mixin.py:190} INFO - [2024-12-13T17:03:33.622+0000] {dag.py:4180} INFO - Setting next_dagrun for latest_only_with_trigger to 2024-12-13 12:00:00+00:00, run_after=2024-12-13 16:00:00+00:00
[2024-12-13T17:03:33.636+0000] {processor.py:208} INFO - Processing /home/airflow/.local/lib/python3.12/site-packages/airflow/example_dags/example_latest_only_with_trigger.py took 0.058 seconds
[2024-12-13T17:04:03.795+0000] {processor.py:186} INFO - Started process (PID=734) to work on /home/airflow/.local/lib/python3.12/site-packages/airflow/example_dags/example_latest_only_with_trigger.py
[2024-12-13T17:04:03.796+0000] {processor.py:914} INFO - Processing file /home/airflow/.local/lib/python3.12/site-packages/airflow/example_dags/example_latest_only_with_trigger.py for tasks to queue
[2024-12-13T17:04:03.798+0000] {logging_mixin.py:190} INFO - [2024-12-13T17:04:03.798+0000] {dagbag.py:588} INFO - Filling up the DagBag from /home/airflow/.local/lib/python3.12/site-packages/airflow/example_dags/example_latest_only_with_trigger.py
[2024-12-13T17:04:03.803+0000] {processor.py:925} INFO - DAG(s) 'latest_only_with_trigger' retrieved from /home/airflow/.local/lib/python3.12/site-packages/airflow/example_dags/example_latest_only_with_trigger.py
[2024-12-13T17:04:03.819+0000] {logging_mixin.py:190} INFO - [2024-12-13T17:04:03.819+0000] {dag.py:3239} INFO - Sync 1 DAGs
[2024-12-13T17:04:03.836+0000] {logging_mixin.py:190} INFO - [2024-12-13T17:04:03.836+0000] {dag.py:4180} INFO - Setting next_dagrun for latest_only_with_trigger to 2024-12-13 12:00:00+00:00, run_after=2024-12-13 16:00:00+00:00
[2024-12-13T17:04:03.849+0000] {processor.py:208} INFO - Processing /home/airflow/.local/lib/python3.12/site-packages/airflow/example_dags/example_latest_only_with_trigger.py took 0.057 seconds
