[2024-12-13T16:58:50.671+0000] {processor.py:186} INFO - Started process (PID=61) to work on /home/airflow/.local/lib/python3.12/site-packages/airflow/example_dags/example_params_trigger_ui.py
[2024-12-13T16:58:50.672+0000] {processor.py:914} INFO - Processing file /home/airflow/.local/lib/python3.12/site-packages/airflow/example_dags/example_params_trigger_ui.py for tasks to queue
[2024-12-13T16:58:50.673+0000] {logging_mixin.py:190} INFO - [2024-12-13T16:58:50.673+0000] {dagbag.py:588} INFO - Filling up the DagBag from /home/airflow/.local/lib/python3.12/site-packages/airflow/example_dags/example_params_trigger_ui.py
[2024-12-13T16:58:50.682+0000] {processor.py:925} INFO - DAG(s) 'example_params_trigger_ui' retrieved from /home/airflow/.local/lib/python3.12/site-packages/airflow/example_dags/example_params_trigger_ui.py
[2024-12-13T16:58:50.771+0000] {logging_mixin.py:190} INFO - [2024-12-13T16:58:50.770+0000] {override.py:1911} INFO - Created Permission View: can edit on DAG:example_params_trigger_ui
[2024-12-13T16:58:50.778+0000] {logging_mixin.py:190} INFO - [2024-12-13T16:58:50.778+0000] {override.py:1911} INFO - Created Permission View: can read on DAG:example_params_trigger_ui
[2024-12-13T16:58:50.783+0000] {logging_mixin.py:190} INFO - [2024-12-13T16:58:50.782+0000] {override.py:1911} INFO - Created Permission View: can delete on DAG:example_params_trigger_ui
[2024-12-13T16:58:50.788+0000] {logging_mixin.py:190} INFO - [2024-12-13T16:58:50.788+0000] {override.py:1911} INFO - Created Permission View: menu access on DAG Run:example_params_trigger_ui
[2024-12-13T16:58:50.794+0000] {logging_mixin.py:190} INFO - [2024-12-13T16:58:50.793+0000] {override.py:1911} INFO - Created Permission View: can delete on DAG Run:example_params_trigger_ui
[2024-12-13T16:58:50.798+0000] {logging_mixin.py:190} INFO - [2024-12-13T16:58:50.798+0000] {override.py:1911} INFO - Created Permission View: can read on DAG Run:example_params_trigger_ui
[2024-12-13T16:58:50.803+0000] {logging_mixin.py:190} INFO - [2024-12-13T16:58:50.802+0000] {override.py:1911} INFO - Created Permission View: can create on DAG Run:example_params_trigger_ui
[2024-12-13T16:58:50.803+0000] {logging_mixin.py:190} INFO - [2024-12-13T16:58:50.803+0000] {dag.py:3239} INFO - Sync 1 DAGs
[2024-12-13T16:58:50.813+0000] {logging_mixin.py:190} INFO - [2024-12-13T16:58:50.813+0000] {dag.py:3262} INFO - Creating ORM DAG for example_params_trigger_ui
[2024-12-13T16:58:50.814+0000] {logging_mixin.py:190} INFO - [2024-12-13T16:58:50.814+0000] {dag.py:4180} INFO - Setting next_dagrun for example_params_trigger_ui to None, run_after=None
[2024-12-13T16:58:50.827+0000] {processor.py:208} INFO - Processing /home/airflow/.local/lib/python3.12/site-packages/airflow/example_dags/example_params_trigger_ui.py took 0.160 seconds
[2024-12-13T16:59:21.683+0000] {processor.py:186} INFO - Started process (PID=129) to work on /home/airflow/.local/lib/python3.12/site-packages/airflow/example_dags/example_params_trigger_ui.py
[2024-12-13T16:59:21.684+0000] {processor.py:914} INFO - Processing file /home/airflow/.local/lib/python3.12/site-packages/airflow/example_dags/example_params_trigger_ui.py for tasks to queue
[2024-12-13T16:59:21.685+0000] {logging_mixin.py:190} INFO - [2024-12-13T16:59:21.685+0000] {dagbag.py:588} INFO - Filling up the DagBag from /home/airflow/.local/lib/python3.12/site-packages/airflow/example_dags/example_params_trigger_ui.py
[2024-12-13T16:59:21.692+0000] {processor.py:925} INFO - DAG(s) 'example_params_trigger_ui' retrieved from /home/airflow/.local/lib/python3.12/site-packages/airflow/example_dags/example_params_trigger_ui.py
[2024-12-13T16:59:21.722+0000] {logging_mixin.py:190} INFO - [2024-12-13T16:59:21.722+0000] {dag.py:3239} INFO - Sync 1 DAGs
[2024-12-13T16:59:21.732+0000] {logging_mixin.py:190} INFO - [2024-12-13T16:59:21.732+0000] {dag.py:4180} INFO - Setting next_dagrun for example_params_trigger_ui to None, run_after=None
[2024-12-13T16:59:21.745+0000] {processor.py:208} INFO - Processing /home/airflow/.local/lib/python3.12/site-packages/airflow/example_dags/example_params_trigger_ui.py took 0.066 seconds
[2024-12-13T16:59:52.636+0000] {processor.py:186} INFO - Started process (PID=192) to work on /home/airflow/.local/lib/python3.12/site-packages/airflow/example_dags/example_params_trigger_ui.py
[2024-12-13T16:59:52.636+0000] {processor.py:914} INFO - Processing file /home/airflow/.local/lib/python3.12/site-packages/airflow/example_dags/example_params_trigger_ui.py for tasks to queue
[2024-12-13T16:59:52.638+0000] {logging_mixin.py:190} INFO - [2024-12-13T16:59:52.638+0000] {dagbag.py:588} INFO - Filling up the DagBag from /home/airflow/.local/lib/python3.12/site-packages/airflow/example_dags/example_params_trigger_ui.py
[2024-12-13T16:59:52.645+0000] {processor.py:925} INFO - DAG(s) 'example_params_trigger_ui' retrieved from /home/airflow/.local/lib/python3.12/site-packages/airflow/example_dags/example_params_trigger_ui.py
[2024-12-13T16:59:52.677+0000] {logging_mixin.py:190} INFO - [2024-12-13T16:59:52.677+0000] {dag.py:3239} INFO - Sync 1 DAGs
[2024-12-13T16:59:52.688+0000] {logging_mixin.py:190} INFO - [2024-12-13T16:59:52.688+0000] {dag.py:4180} INFO - Setting next_dagrun for example_params_trigger_ui to None, run_after=None
[2024-12-13T16:59:52.701+0000] {processor.py:208} INFO - Processing /home/airflow/.local/lib/python3.12/site-packages/airflow/example_dags/example_params_trigger_ui.py took 0.069 seconds
[2024-12-13T17:00:23.489+0000] {processor.py:186} INFO - Started process (PID=255) to work on /home/airflow/.local/lib/python3.12/site-packages/airflow/example_dags/example_params_trigger_ui.py
[2024-12-13T17:00:23.490+0000] {processor.py:914} INFO - Processing file /home/airflow/.local/lib/python3.12/site-packages/airflow/example_dags/example_params_trigger_ui.py for tasks to queue
[2024-12-13T17:00:23.492+0000] {logging_mixin.py:190} INFO - [2024-12-13T17:00:23.492+0000] {dagbag.py:588} INFO - Filling up the DagBag from /home/airflow/.local/lib/python3.12/site-packages/airflow/example_dags/example_params_trigger_ui.py
[2024-12-13T17:00:23.501+0000] {processor.py:925} INFO - DAG(s) 'example_params_trigger_ui' retrieved from /home/airflow/.local/lib/python3.12/site-packages/airflow/example_dags/example_params_trigger_ui.py
[2024-12-13T17:00:23.533+0000] {logging_mixin.py:190} INFO - [2024-12-13T17:00:23.532+0000] {dag.py:3239} INFO - Sync 1 DAGs
[2024-12-13T17:00:23.543+0000] {logging_mixin.py:190} INFO - [2024-12-13T17:00:23.542+0000] {dag.py:4180} INFO - Setting next_dagrun for example_params_trigger_ui to None, run_after=None
[2024-12-13T17:00:23.555+0000] {processor.py:208} INFO - Processing /home/airflow/.local/lib/python3.12/site-packages/airflow/example_dags/example_params_trigger_ui.py took 0.070 seconds
[2024-12-13T17:00:53.655+0000] {processor.py:186} INFO - Started process (PID=318) to work on /home/airflow/.local/lib/python3.12/site-packages/airflow/example_dags/example_params_trigger_ui.py
[2024-12-13T17:00:53.656+0000] {processor.py:914} INFO - Processing file /home/airflow/.local/lib/python3.12/site-packages/airflow/example_dags/example_params_trigger_ui.py for tasks to queue
[2024-12-13T17:00:53.657+0000] {logging_mixin.py:190} INFO - [2024-12-13T17:00:53.657+0000] {dagbag.py:588} INFO - Filling up the DagBag from /home/airflow/.local/lib/python3.12/site-packages/airflow/example_dags/example_params_trigger_ui.py
[2024-12-13T17:00:53.665+0000] {processor.py:925} INFO - DAG(s) 'example_params_trigger_ui' retrieved from /home/airflow/.local/lib/python3.12/site-packages/airflow/example_dags/example_params_trigger_ui.py
[2024-12-13T17:00:53.696+0000] {logging_mixin.py:190} INFO - [2024-12-13T17:00:53.696+0000] {dag.py:3239} INFO - Sync 1 DAGs
[2024-12-13T17:00:53.706+0000] {logging_mixin.py:190} INFO - [2024-12-13T17:00:53.705+0000] {dag.py:4180} INFO - Setting next_dagrun for example_params_trigger_ui to None, run_after=None
[2024-12-13T17:00:53.719+0000] {processor.py:208} INFO - Processing /home/airflow/.local/lib/python3.12/site-packages/airflow/example_dags/example_params_trigger_ui.py took 0.069 seconds
[2024-12-13T17:01:24.572+0000] {processor.py:186} INFO - Started process (PID=381) to work on /home/airflow/.local/lib/python3.12/site-packages/airflow/example_dags/example_params_trigger_ui.py
[2024-12-13T17:01:24.575+0000] {processor.py:914} INFO - Processing file /home/airflow/.local/lib/python3.12/site-packages/airflow/example_dags/example_params_trigger_ui.py for tasks to queue
[2024-12-13T17:01:24.576+0000] {logging_mixin.py:190} INFO - [2024-12-13T17:01:24.576+0000] {dagbag.py:588} INFO - Filling up the DagBag from /home/airflow/.local/lib/python3.12/site-packages/airflow/example_dags/example_params_trigger_ui.py
[2024-12-13T17:01:24.584+0000] {processor.py:925} INFO - DAG(s) 'example_params_trigger_ui' retrieved from /home/airflow/.local/lib/python3.12/site-packages/airflow/example_dags/example_params_trigger_ui.py
[2024-12-13T17:01:24.613+0000] {logging_mixin.py:190} INFO - [2024-12-13T17:01:24.613+0000] {dag.py:3239} INFO - Sync 1 DAGs
[2024-12-13T17:01:24.622+0000] {logging_mixin.py:190} INFO - [2024-12-13T17:01:24.622+0000] {dag.py:4180} INFO - Setting next_dagrun for example_params_trigger_ui to None, run_after=None
[2024-12-13T17:01:24.636+0000] {processor.py:208} INFO - Processing /home/airflow/.local/lib/python3.12/site-packages/airflow/example_dags/example_params_trigger_ui.py took 0.067 seconds
[2024-12-13T17:01:55.478+0000] {processor.py:186} INFO - Started process (PID=444) to work on /home/airflow/.local/lib/python3.12/site-packages/airflow/example_dags/example_params_trigger_ui.py
[2024-12-13T17:01:55.478+0000] {processor.py:914} INFO - Processing file /home/airflow/.local/lib/python3.12/site-packages/airflow/example_dags/example_params_trigger_ui.py for tasks to queue
[2024-12-13T17:01:55.480+0000] {logging_mixin.py:190} INFO - [2024-12-13T17:01:55.480+0000] {dagbag.py:588} INFO - Filling up the DagBag from /home/airflow/.local/lib/python3.12/site-packages/airflow/example_dags/example_params_trigger_ui.py
[2024-12-13T17:01:55.487+0000] {processor.py:925} INFO - DAG(s) 'example_params_trigger_ui' retrieved from /home/airflow/.local/lib/python3.12/site-packages/airflow/example_dags/example_params_trigger_ui.py
[2024-12-13T17:01:55.516+0000] {logging_mixin.py:190} INFO - [2024-12-13T17:01:55.516+0000] {dag.py:3239} INFO - Sync 1 DAGs
[2024-12-13T17:01:55.525+0000] {logging_mixin.py:190} INFO - [2024-12-13T17:01:55.525+0000] {dag.py:4180} INFO - Setting next_dagrun for example_params_trigger_ui to None, run_after=None
[2024-12-13T17:01:55.537+0000] {processor.py:208} INFO - Processing /home/airflow/.local/lib/python3.12/site-packages/airflow/example_dags/example_params_trigger_ui.py took 0.063 seconds
[2024-12-13T17:02:25.815+0000] {processor.py:186} INFO - Started process (PID=507) to work on /home/airflow/.local/lib/python3.12/site-packages/airflow/example_dags/example_params_trigger_ui.py
[2024-12-13T17:02:25.817+0000] {processor.py:914} INFO - Processing file /home/airflow/.local/lib/python3.12/site-packages/airflow/example_dags/example_params_trigger_ui.py for tasks to queue
[2024-12-13T17:02:25.818+0000] {logging_mixin.py:190} INFO - [2024-12-13T17:02:25.818+0000] {dagbag.py:588} INFO - Filling up the DagBag from /home/airflow/.local/lib/python3.12/site-packages/airflow/example_dags/example_params_trigger_ui.py
[2024-12-13T17:02:25.826+0000] {processor.py:925} INFO - DAG(s) 'example_params_trigger_ui' retrieved from /home/airflow/.local/lib/python3.12/site-packages/airflow/example_dags/example_params_trigger_ui.py
[2024-12-13T17:02:25.856+0000] {logging_mixin.py:190} INFO - [2024-12-13T17:02:25.856+0000] {dag.py:3239} INFO - Sync 1 DAGs
[2024-12-13T17:02:25.865+0000] {logging_mixin.py:190} INFO - [2024-12-13T17:02:25.865+0000] {dag.py:4180} INFO - Setting next_dagrun for example_params_trigger_ui to None, run_after=None
[2024-12-13T17:02:25.877+0000] {processor.py:208} INFO - Processing /home/airflow/.local/lib/python3.12/site-packages/airflow/example_dags/example_params_trigger_ui.py took 0.066 seconds
[2024-12-13T17:02:55.939+0000] {processor.py:186} INFO - Started process (PID=570) to work on /home/airflow/.local/lib/python3.12/site-packages/airflow/example_dags/example_params_trigger_ui.py
[2024-12-13T17:02:55.940+0000] {processor.py:914} INFO - Processing file /home/airflow/.local/lib/python3.12/site-packages/airflow/example_dags/example_params_trigger_ui.py for tasks to queue
[2024-12-13T17:02:55.941+0000] {logging_mixin.py:190} INFO - [2024-12-13T17:02:55.941+0000] {dagbag.py:588} INFO - Filling up the DagBag from /home/airflow/.local/lib/python3.12/site-packages/airflow/example_dags/example_params_trigger_ui.py
[2024-12-13T17:02:55.949+0000] {processor.py:925} INFO - DAG(s) 'example_params_trigger_ui' retrieved from /home/airflow/.local/lib/python3.12/site-packages/airflow/example_dags/example_params_trigger_ui.py
[2024-12-13T17:02:55.978+0000] {logging_mixin.py:190} INFO - [2024-12-13T17:02:55.977+0000] {dag.py:3239} INFO - Sync 1 DAGs
[2024-12-13T17:02:55.987+0000] {logging_mixin.py:190} INFO - [2024-12-13T17:02:55.987+0000] {dag.py:4180} INFO - Setting next_dagrun for example_params_trigger_ui to None, run_after=None
[2024-12-13T17:02:55.999+0000] {processor.py:208} INFO - Processing /home/airflow/.local/lib/python3.12/site-packages/airflow/example_dags/example_params_trigger_ui.py took 0.064 seconds
[2024-12-13T17:03:26.413+0000] {processor.py:186} INFO - Started process (PID=633) to work on /home/airflow/.local/lib/python3.12/site-packages/airflow/example_dags/example_params_trigger_ui.py
[2024-12-13T17:03:26.414+0000] {processor.py:914} INFO - Processing file /home/airflow/.local/lib/python3.12/site-packages/airflow/example_dags/example_params_trigger_ui.py for tasks to queue
[2024-12-13T17:03:26.416+0000] {logging_mixin.py:190} INFO - [2024-12-13T17:03:26.415+0000] {dagbag.py:588} INFO - Filling up the DagBag from /home/airflow/.local/lib/python3.12/site-packages/airflow/example_dags/example_params_trigger_ui.py
[2024-12-13T17:03:26.424+0000] {processor.py:925} INFO - DAG(s) 'example_params_trigger_ui' retrieved from /home/airflow/.local/lib/python3.12/site-packages/airflow/example_dags/example_params_trigger_ui.py
[2024-12-13T17:03:26.454+0000] {logging_mixin.py:190} INFO - [2024-12-13T17:03:26.454+0000] {dag.py:3239} INFO - Sync 1 DAGs
[2024-12-13T17:03:26.465+0000] {logging_mixin.py:190} INFO - [2024-12-13T17:03:26.464+0000] {dag.py:4180} INFO - Setting next_dagrun for example_params_trigger_ui to None, run_after=None
[2024-12-13T17:03:26.478+0000] {processor.py:208} INFO - Processing /home/airflow/.local/lib/python3.12/site-packages/airflow/example_dags/example_params_trigger_ui.py took 0.068 seconds
[2024-12-13T17:03:56.600+0000] {processor.py:186} INFO - Started process (PID=696) to work on /home/airflow/.local/lib/python3.12/site-packages/airflow/example_dags/example_params_trigger_ui.py
[2024-12-13T17:03:56.601+0000] {processor.py:914} INFO - Processing file /home/airflow/.local/lib/python3.12/site-packages/airflow/example_dags/example_params_trigger_ui.py for tasks to queue
[2024-12-13T17:03:56.603+0000] {logging_mixin.py:190} INFO - [2024-12-13T17:03:56.603+0000] {dagbag.py:588} INFO - Filling up the DagBag from /home/airflow/.local/lib/python3.12/site-packages/airflow/example_dags/example_params_trigger_ui.py
[2024-12-13T17:03:56.611+0000] {processor.py:925} INFO - DAG(s) 'example_params_trigger_ui' retrieved from /home/airflow/.local/lib/python3.12/site-packages/airflow/example_dags/example_params_trigger_ui.py
[2024-12-13T17:03:56.641+0000] {logging_mixin.py:190} INFO - [2024-12-13T17:03:56.641+0000] {dag.py:3239} INFO - Sync 1 DAGs
[2024-12-13T17:03:56.650+0000] {logging_mixin.py:190} INFO - [2024-12-13T17:03:56.650+0000] {dag.py:4180} INFO - Setting next_dagrun for example_params_trigger_ui to None, run_after=None
[2024-12-13T17:03:56.663+0000] {processor.py:208} INFO - Processing /home/airflow/.local/lib/python3.12/site-packages/airflow/example_dags/example_params_trigger_ui.py took 0.067 seconds
