[2024-12-13T16:58:52.466+0000] {processor.py:186} INFO - Started process (PID=76) to work on /home/airflow/.local/lib/python3.12/site-packages/airflow/example_dags/example_workday_timetable.py
[2024-12-13T16:58:52.466+0000] {processor.py:914} INFO - Processing file /home/airflow/.local/lib/python3.12/site-packages/airflow/example_dags/example_workday_timetable.py for tasks to queue
[2024-12-13T16:58:52.468+0000] {logging_mixin.py:190} INFO - [2024-12-13T16:58:52.468+0000] {dagbag.py:588} INFO - Filling up the DagBag from /home/airflow/.local/lib/python3.12/site-packages/airflow/example_dags/example_workday_timetable.py
[2024-12-13T16:58:52.473+0000] {processor.py:925} INFO - DAG(s) 'example_workday_timetable' retrieved from /home/airflow/.local/lib/python3.12/site-packages/airflow/example_dags/example_workday_timetable.py
[2024-12-13T16:58:52.547+0000] {logging_mixin.py:190} INFO - [2024-12-13T16:58:52.546+0000] {override.py:1911} INFO - Created Permission View: can edit on DAG:example_workday_timetable
[2024-12-13T16:58:52.553+0000] {logging_mixin.py:190} INFO - [2024-12-13T16:58:52.553+0000] {override.py:1911} INFO - Created Permission View: can read on DAG:example_workday_timetable
[2024-12-13T16:58:52.557+0000] {logging_mixin.py:190} INFO - [2024-12-13T16:58:52.557+0000] {override.py:1911} INFO - Created Permission View: can delete on DAG:example_workday_timetable
[2024-12-13T16:58:52.563+0000] {logging_mixin.py:190} INFO - [2024-12-13T16:58:52.563+0000] {override.py:1911} INFO - Created Permission View: menu access on DAG Run:example_workday_timetable
[2024-12-13T16:58:52.567+0000] {logging_mixin.py:190} INFO - [2024-12-13T16:58:52.567+0000] {override.py:1911} INFO - Created Permission View: can delete on DAG Run:example_workday_timetable
[2024-12-13T16:58:52.572+0000] {logging_mixin.py:190} INFO - [2024-12-13T16:58:52.572+0000] {override.py:1911} INFO - Created Permission View: can read on DAG Run:example_workday_timetable
[2024-12-13T16:58:52.577+0000] {logging_mixin.py:190} INFO - [2024-12-13T16:58:52.576+0000] {override.py:1911} INFO - Created Permission View: can create on DAG Run:example_workday_timetable
[2024-12-13T16:58:52.577+0000] {logging_mixin.py:190} INFO - [2024-12-13T16:58:52.577+0000] {dag.py:3239} INFO - Sync 1 DAGs
[2024-12-13T16:58:52.587+0000] {logging_mixin.py:190} INFO - [2024-12-13T16:58:52.586+0000] {dag.py:3262} INFO - Creating ORM DAG for example_workday_timetable
[2024-12-13T16:58:52.627+0000] {logging_mixin.py:190} INFO - [2024-12-13T16:58:52.627+0000] {dag.py:4180} INFO - Setting next_dagrun for example_workday_timetable to 2021-01-04 00:00:00+00:00, run_after=2021-01-05 00:00:00+00:00
[2024-12-13T16:58:52.638+0000] {processor.py:208} INFO - Processing /home/airflow/.local/lib/python3.12/site-packages/airflow/example_dags/example_workday_timetable.py took 0.177 seconds
[2024-12-13T16:59:23.468+0000] {processor.py:186} INFO - Started process (PID=139) to work on /home/airflow/.local/lib/python3.12/site-packages/airflow/example_dags/example_workday_timetable.py
[2024-12-13T16:59:23.469+0000] {processor.py:914} INFO - Processing file /home/airflow/.local/lib/python3.12/site-packages/airflow/example_dags/example_workday_timetable.py for tasks to queue
[2024-12-13T16:59:23.471+0000] {logging_mixin.py:190} INFO - [2024-12-13T16:59:23.471+0000] {dagbag.py:588} INFO - Filling up the DagBag from /home/airflow/.local/lib/python3.12/site-packages/airflow/example_dags/example_workday_timetable.py
[2024-12-13T16:59:23.475+0000] {processor.py:925} INFO - DAG(s) 'example_workday_timetable' retrieved from /home/airflow/.local/lib/python3.12/site-packages/airflow/example_dags/example_workday_timetable.py
[2024-12-13T16:59:23.490+0000] {logging_mixin.py:190} INFO - [2024-12-13T16:59:23.490+0000] {dag.py:3239} INFO - Sync 1 DAGs
[2024-12-13T16:59:23.529+0000] {logging_mixin.py:190} INFO - [2024-12-13T16:59:23.529+0000] {dag.py:4180} INFO - Setting next_dagrun for example_workday_timetable to 2021-01-04 00:00:00+00:00, run_after=2021-01-05 00:00:00+00:00
[2024-12-13T16:59:23.541+0000] {processor.py:208} INFO - Processing /home/airflow/.local/lib/python3.12/site-packages/airflow/example_dags/example_workday_timetable.py took 0.077 seconds
[2024-12-13T16:59:54.380+0000] {processor.py:186} INFO - Started process (PID=202) to work on /home/airflow/.local/lib/python3.12/site-packages/airflow/example_dags/example_workday_timetable.py
[2024-12-13T16:59:54.381+0000] {processor.py:914} INFO - Processing file /home/airflow/.local/lib/python3.12/site-packages/airflow/example_dags/example_workday_timetable.py for tasks to queue
[2024-12-13T16:59:54.382+0000] {logging_mixin.py:190} INFO - [2024-12-13T16:59:54.382+0000] {dagbag.py:588} INFO - Filling up the DagBag from /home/airflow/.local/lib/python3.12/site-packages/airflow/example_dags/example_workday_timetable.py
[2024-12-13T16:59:54.387+0000] {processor.py:925} INFO - DAG(s) 'example_workday_timetable' retrieved from /home/airflow/.local/lib/python3.12/site-packages/airflow/example_dags/example_workday_timetable.py
[2024-12-13T16:59:54.400+0000] {logging_mixin.py:190} INFO - [2024-12-13T16:59:54.399+0000] {dag.py:3239} INFO - Sync 1 DAGs
[2024-12-13T16:59:54.443+0000] {logging_mixin.py:190} INFO - [2024-12-13T16:59:54.443+0000] {dag.py:4180} INFO - Setting next_dagrun for example_workday_timetable to 2021-01-04 00:00:00+00:00, run_after=2021-01-05 00:00:00+00:00
[2024-12-13T16:59:54.461+0000] {processor.py:208} INFO - Processing /home/airflow/.local/lib/python3.12/site-packages/airflow/example_dags/example_workday_timetable.py took 0.084 seconds
[2024-12-13T17:00:25.531+0000] {processor.py:186} INFO - Started process (PID=265) to work on /home/airflow/.local/lib/python3.12/site-packages/airflow/example_dags/example_workday_timetable.py
[2024-12-13T17:00:25.532+0000] {processor.py:914} INFO - Processing file /home/airflow/.local/lib/python3.12/site-packages/airflow/example_dags/example_workday_timetable.py for tasks to queue
[2024-12-13T17:00:25.534+0000] {logging_mixin.py:190} INFO - [2024-12-13T17:00:25.533+0000] {dagbag.py:588} INFO - Filling up the DagBag from /home/airflow/.local/lib/python3.12/site-packages/airflow/example_dags/example_workday_timetable.py
[2024-12-13T17:00:25.538+0000] {processor.py:925} INFO - DAG(s) 'example_workday_timetable' retrieved from /home/airflow/.local/lib/python3.12/site-packages/airflow/example_dags/example_workday_timetable.py
[2024-12-13T17:00:25.553+0000] {logging_mixin.py:190} INFO - [2024-12-13T17:00:25.552+0000] {dag.py:3239} INFO - Sync 1 DAGs
[2024-12-13T17:00:25.594+0000] {logging_mixin.py:190} INFO - [2024-12-13T17:00:25.594+0000] {dag.py:4180} INFO - Setting next_dagrun for example_workday_timetable to 2021-01-04 00:00:00+00:00, run_after=2021-01-05 00:00:00+00:00
[2024-12-13T17:00:25.606+0000] {processor.py:208} INFO - Processing /home/airflow/.local/lib/python3.12/site-packages/airflow/example_dags/example_workday_timetable.py took 0.078 seconds
[2024-12-13T17:00:56.452+0000] {processor.py:186} INFO - Started process (PID=328) to work on /home/airflow/.local/lib/python3.12/site-packages/airflow/example_dags/example_workday_timetable.py
[2024-12-13T17:00:56.453+0000] {processor.py:914} INFO - Processing file /home/airflow/.local/lib/python3.12/site-packages/airflow/example_dags/example_workday_timetable.py for tasks to queue
[2024-12-13T17:00:56.454+0000] {logging_mixin.py:190} INFO - [2024-12-13T17:00:56.454+0000] {dagbag.py:588} INFO - Filling up the DagBag from /home/airflow/.local/lib/python3.12/site-packages/airflow/example_dags/example_workday_timetable.py
[2024-12-13T17:00:56.458+0000] {processor.py:925} INFO - DAG(s) 'example_workday_timetable' retrieved from /home/airflow/.local/lib/python3.12/site-packages/airflow/example_dags/example_workday_timetable.py
[2024-12-13T17:00:56.471+0000] {logging_mixin.py:190} INFO - [2024-12-13T17:00:56.471+0000] {dag.py:3239} INFO - Sync 1 DAGs
[2024-12-13T17:00:56.511+0000] {logging_mixin.py:190} INFO - [2024-12-13T17:00:56.510+0000] {dag.py:4180} INFO - Setting next_dagrun for example_workday_timetable to 2021-01-04 00:00:00+00:00, run_after=2021-01-05 00:00:00+00:00
[2024-12-13T17:00:56.523+0000] {processor.py:208} INFO - Processing /home/airflow/.local/lib/python3.12/site-packages/airflow/example_dags/example_workday_timetable.py took 0.075 seconds
[2024-12-13T17:01:27.375+0000] {processor.py:186} INFO - Started process (PID=391) to work on /home/airflow/.local/lib/python3.12/site-packages/airflow/example_dags/example_workday_timetable.py
[2024-12-13T17:01:27.375+0000] {processor.py:914} INFO - Processing file /home/airflow/.local/lib/python3.12/site-packages/airflow/example_dags/example_workday_timetable.py for tasks to queue
[2024-12-13T17:01:27.377+0000] {logging_mixin.py:190} INFO - [2024-12-13T17:01:27.377+0000] {dagbag.py:588} INFO - Filling up the DagBag from /home/airflow/.local/lib/python3.12/site-packages/airflow/example_dags/example_workday_timetable.py
[2024-12-13T17:01:27.381+0000] {processor.py:925} INFO - DAG(s) 'example_workday_timetable' retrieved from /home/airflow/.local/lib/python3.12/site-packages/airflow/example_dags/example_workday_timetable.py
[2024-12-13T17:01:27.395+0000] {logging_mixin.py:190} INFO - [2024-12-13T17:01:27.394+0000] {dag.py:3239} INFO - Sync 1 DAGs
[2024-12-13T17:01:27.435+0000] {logging_mixin.py:190} INFO - [2024-12-13T17:01:27.434+0000] {dag.py:4180} INFO - Setting next_dagrun for example_workday_timetable to 2021-01-04 00:00:00+00:00, run_after=2021-01-05 00:00:00+00:00
[2024-12-13T17:01:27.448+0000] {processor.py:208} INFO - Processing /home/airflow/.local/lib/python3.12/site-packages/airflow/example_dags/example_workday_timetable.py took 0.078 seconds
[2024-12-13T17:01:58.617+0000] {processor.py:186} INFO - Started process (PID=454) to work on /home/airflow/.local/lib/python3.12/site-packages/airflow/example_dags/example_workday_timetable.py
[2024-12-13T17:01:58.618+0000] {processor.py:914} INFO - Processing file /home/airflow/.local/lib/python3.12/site-packages/airflow/example_dags/example_workday_timetable.py for tasks to queue
[2024-12-13T17:01:58.619+0000] {logging_mixin.py:190} INFO - [2024-12-13T17:01:58.619+0000] {dagbag.py:588} INFO - Filling up the DagBag from /home/airflow/.local/lib/python3.12/site-packages/airflow/example_dags/example_workday_timetable.py
[2024-12-13T17:01:58.624+0000] {processor.py:925} INFO - DAG(s) 'example_workday_timetable' retrieved from /home/airflow/.local/lib/python3.12/site-packages/airflow/example_dags/example_workday_timetable.py
[2024-12-13T17:01:58.638+0000] {logging_mixin.py:190} INFO - [2024-12-13T17:01:58.638+0000] {dag.py:3239} INFO - Sync 1 DAGs
[2024-12-13T17:01:58.681+0000] {logging_mixin.py:190} INFO - [2024-12-13T17:01:58.681+0000] {dag.py:4180} INFO - Setting next_dagrun for example_workday_timetable to 2021-01-04 00:00:00+00:00, run_after=2021-01-05 00:00:00+00:00
[2024-12-13T17:01:58.696+0000] {processor.py:208} INFO - Processing /home/airflow/.local/lib/python3.12/site-packages/airflow/example_dags/example_workday_timetable.py took 0.083 seconds
[2024-12-13T17:02:29.620+0000] {processor.py:186} INFO - Started process (PID=517) to work on /home/airflow/.local/lib/python3.12/site-packages/airflow/example_dags/example_workday_timetable.py
[2024-12-13T17:02:29.621+0000] {processor.py:914} INFO - Processing file /home/airflow/.local/lib/python3.12/site-packages/airflow/example_dags/example_workday_timetable.py for tasks to queue
[2024-12-13T17:02:29.623+0000] {logging_mixin.py:190} INFO - [2024-12-13T17:02:29.623+0000] {dagbag.py:588} INFO - Filling up the DagBag from /home/airflow/.local/lib/python3.12/site-packages/airflow/example_dags/example_workday_timetable.py
[2024-12-13T17:02:29.627+0000] {processor.py:925} INFO - DAG(s) 'example_workday_timetable' retrieved from /home/airflow/.local/lib/python3.12/site-packages/airflow/example_dags/example_workday_timetable.py
[2024-12-13T17:02:29.640+0000] {logging_mixin.py:190} INFO - [2024-12-13T17:02:29.640+0000] {dag.py:3239} INFO - Sync 1 DAGs
[2024-12-13T17:02:29.684+0000] {logging_mixin.py:190} INFO - [2024-12-13T17:02:29.684+0000] {dag.py:4180} INFO - Setting next_dagrun for example_workday_timetable to 2021-01-04 00:00:00+00:00, run_after=2021-01-05 00:00:00+00:00
[2024-12-13T17:02:29.697+0000] {processor.py:208} INFO - Processing /home/airflow/.local/lib/python3.12/site-packages/airflow/example_dags/example_workday_timetable.py took 0.081 seconds
[2024-12-13T17:03:00.785+0000] {processor.py:186} INFO - Started process (PID=580) to work on /home/airflow/.local/lib/python3.12/site-packages/airflow/example_dags/example_workday_timetable.py
[2024-12-13T17:03:00.786+0000] {processor.py:914} INFO - Processing file /home/airflow/.local/lib/python3.12/site-packages/airflow/example_dags/example_workday_timetable.py for tasks to queue
[2024-12-13T17:03:00.788+0000] {logging_mixin.py:190} INFO - [2024-12-13T17:03:00.788+0000] {dagbag.py:588} INFO - Filling up the DagBag from /home/airflow/.local/lib/python3.12/site-packages/airflow/example_dags/example_workday_timetable.py
[2024-12-13T17:03:00.792+0000] {processor.py:925} INFO - DAG(s) 'example_workday_timetable' retrieved from /home/airflow/.local/lib/python3.12/site-packages/airflow/example_dags/example_workday_timetable.py
[2024-12-13T17:03:00.807+0000] {logging_mixin.py:190} INFO - [2024-12-13T17:03:00.806+0000] {dag.py:3239} INFO - Sync 1 DAGs
[2024-12-13T17:03:00.849+0000] {logging_mixin.py:190} INFO - [2024-12-13T17:03:00.849+0000] {dag.py:4180} INFO - Setting next_dagrun for example_workday_timetable to 2021-01-04 00:00:00+00:00, run_after=2021-01-05 00:00:00+00:00
[2024-12-13T17:03:00.861+0000] {processor.py:208} INFO - Processing /home/airflow/.local/lib/python3.12/site-packages/airflow/example_dags/example_workday_timetable.py took 0.080 seconds
[2024-12-13T17:03:31.196+0000] {processor.py:186} INFO - Started process (PID=643) to work on /home/airflow/.local/lib/python3.12/site-packages/airflow/example_dags/example_workday_timetable.py
[2024-12-13T17:03:31.197+0000] {processor.py:914} INFO - Processing file /home/airflow/.local/lib/python3.12/site-packages/airflow/example_dags/example_workday_timetable.py for tasks to queue
[2024-12-13T17:03:31.199+0000] {logging_mixin.py:190} INFO - [2024-12-13T17:03:31.198+0000] {dagbag.py:588} INFO - Filling up the DagBag from /home/airflow/.local/lib/python3.12/site-packages/airflow/example_dags/example_workday_timetable.py
[2024-12-13T17:03:31.202+0000] {processor.py:925} INFO - DAG(s) 'example_workday_timetable' retrieved from /home/airflow/.local/lib/python3.12/site-packages/airflow/example_dags/example_workday_timetable.py
[2024-12-13T17:03:31.217+0000] {logging_mixin.py:190} INFO - [2024-12-13T17:03:31.217+0000] {dag.py:3239} INFO - Sync 1 DAGs
[2024-12-13T17:03:31.259+0000] {logging_mixin.py:190} INFO - [2024-12-13T17:03:31.259+0000] {dag.py:4180} INFO - Setting next_dagrun for example_workday_timetable to 2021-01-04 00:00:00+00:00, run_after=2021-01-05 00:00:00+00:00
[2024-12-13T17:03:31.272+0000] {processor.py:208} INFO - Processing /home/airflow/.local/lib/python3.12/site-packages/airflow/example_dags/example_workday_timetable.py took 0.080 seconds
[2024-12-13T17:04:02.406+0000] {processor.py:186} INFO - Started process (PID=706) to work on /home/airflow/.local/lib/python3.12/site-packages/airflow/example_dags/example_workday_timetable.py
[2024-12-13T17:04:02.407+0000] {processor.py:914} INFO - Processing file /home/airflow/.local/lib/python3.12/site-packages/airflow/example_dags/example_workday_timetable.py for tasks to queue
[2024-12-13T17:04:02.409+0000] {logging_mixin.py:190} INFO - [2024-12-13T17:04:02.409+0000] {dagbag.py:588} INFO - Filling up the DagBag from /home/airflow/.local/lib/python3.12/site-packages/airflow/example_dags/example_workday_timetable.py
[2024-12-13T17:04:02.413+0000] {processor.py:925} INFO - DAG(s) 'example_workday_timetable' retrieved from /home/airflow/.local/lib/python3.12/site-packages/airflow/example_dags/example_workday_timetable.py
[2024-12-13T17:04:02.428+0000] {logging_mixin.py:190} INFO - [2024-12-13T17:04:02.428+0000] {dag.py:3239} INFO - Sync 1 DAGs
[2024-12-13T17:04:02.472+0000] {logging_mixin.py:190} INFO - [2024-12-13T17:04:02.472+0000] {dag.py:4180} INFO - Setting next_dagrun for example_workday_timetable to 2021-01-04 00:00:00+00:00, run_after=2021-01-05 00:00:00+00:00
[2024-12-13T17:04:02.486+0000] {processor.py:208} INFO - Processing /home/airflow/.local/lib/python3.12/site-packages/airflow/example_dags/example_workday_timetable.py took 0.084 seconds
