[2024-12-13T16:58:51.915+0000] {processor.py:186} INFO - Started process (PID=72) to work on /home/airflow/.local/lib/python3.12/site-packages/airflow/example_dags/example_dataset_alias.py
[2024-12-13T16:58:51.916+0000] {processor.py:914} INFO - Processing file /home/airflow/.local/lib/python3.12/site-packages/airflow/example_dags/example_dataset_alias.py for tasks to queue
[2024-12-13T16:58:51.917+0000] {logging_mixin.py:190} INFO - [2024-12-13T16:58:51.917+0000] {dagbag.py:588} INFO - Filling up the DagBag from /home/airflow/.local/lib/python3.12/site-packages/airflow/example_dags/example_dataset_alias.py
[2024-12-13T16:58:52.271+0000] {processor.py:925} INFO - DAG(s) 'dataset_s3_bucket_producer', 'dataset_s3_bucket_consumer', 'dataset_alias_example_alias_consumer', 'dataset_alias_example_alias_producer' retrieved from /home/airflow/.local/lib/python3.12/site-packages/airflow/example_dags/example_dataset_alias.py
[2024-12-13T16:58:52.333+0000] {logging_mixin.py:190} INFO - [2024-12-13T16:58:52.333+0000] {override.py:1911} INFO - Created Permission View: can edit on DAG:dataset_s3_bucket_producer
[2024-12-13T16:58:52.341+0000] {logging_mixin.py:190} INFO - [2024-12-13T16:58:52.341+0000] {override.py:1911} INFO - Created Permission View: can read on DAG:dataset_s3_bucket_producer
[2024-12-13T16:58:52.347+0000] {logging_mixin.py:190} INFO - [2024-12-13T16:58:52.347+0000] {override.py:1911} INFO - Created Permission View: can delete on DAG:dataset_s3_bucket_producer
[2024-12-13T16:58:52.354+0000] {logging_mixin.py:190} INFO - [2024-12-13T16:58:52.354+0000] {override.py:1911} INFO - Created Permission View: menu access on DAG Run:dataset_s3_bucket_producer
[2024-12-13T16:58:52.359+0000] {logging_mixin.py:190} INFO - [2024-12-13T16:58:52.359+0000] {override.py:1911} INFO - Created Permission View: can delete on DAG Run:dataset_s3_bucket_producer
[2024-12-13T16:58:52.365+0000] {logging_mixin.py:190} INFO - [2024-12-13T16:58:52.364+0000] {override.py:1911} INFO - Created Permission View: can read on DAG Run:dataset_s3_bucket_producer
[2024-12-13T16:58:52.370+0000] {logging_mixin.py:190} INFO - [2024-12-13T16:58:52.370+0000] {override.py:1911} INFO - Created Permission View: can create on DAG Run:dataset_s3_bucket_producer
[2024-12-13T16:58:52.380+0000] {logging_mixin.py:190} INFO - [2024-12-13T16:58:52.380+0000] {override.py:1911} INFO - Created Permission View: can edit on DAG:dataset_s3_bucket_consumer
[2024-12-13T16:58:52.385+0000] {logging_mixin.py:190} INFO - [2024-12-13T16:58:52.385+0000] {override.py:1911} INFO - Created Permission View: can read on DAG:dataset_s3_bucket_consumer
[2024-12-13T16:58:52.391+0000] {logging_mixin.py:190} INFO - [2024-12-13T16:58:52.391+0000] {override.py:1911} INFO - Created Permission View: can delete on DAG:dataset_s3_bucket_consumer
[2024-12-13T16:58:52.399+0000] {logging_mixin.py:190} INFO - [2024-12-13T16:58:52.398+0000] {override.py:1911} INFO - Created Permission View: menu access on DAG Run:dataset_s3_bucket_consumer
[2024-12-13T16:58:52.405+0000] {logging_mixin.py:190} INFO - [2024-12-13T16:58:52.404+0000] {override.py:1911} INFO - Created Permission View: can delete on DAG Run:dataset_s3_bucket_consumer
[2024-12-13T16:58:52.410+0000] {logging_mixin.py:190} INFO - [2024-12-13T16:58:52.409+0000] {override.py:1911} INFO - Created Permission View: can read on DAG Run:dataset_s3_bucket_consumer
[2024-12-13T16:58:52.415+0000] {logging_mixin.py:190} INFO - [2024-12-13T16:58:52.415+0000] {override.py:1911} INFO - Created Permission View: can create on DAG Run:dataset_s3_bucket_consumer
[2024-12-13T16:58:52.424+0000] {logging_mixin.py:190} INFO - [2024-12-13T16:58:52.423+0000] {override.py:1911} INFO - Created Permission View: can edit on DAG:dataset_alias_example_alias_consumer
[2024-12-13T16:58:52.428+0000] {logging_mixin.py:190} INFO - [2024-12-13T16:58:52.428+0000] {override.py:1911} INFO - Created Permission View: can read on DAG:dataset_alias_example_alias_consumer
[2024-12-13T16:58:52.433+0000] {logging_mixin.py:190} INFO - [2024-12-13T16:58:52.433+0000] {override.py:1911} INFO - Created Permission View: can delete on DAG:dataset_alias_example_alias_consumer
[2024-12-13T16:58:52.438+0000] {logging_mixin.py:190} INFO - [2024-12-13T16:58:52.438+0000] {override.py:1911} INFO - Created Permission View: menu access on DAG Run:dataset_alias_example_alias_consumer
[2024-12-13T16:58:52.443+0000] {logging_mixin.py:190} INFO - [2024-12-13T16:58:52.443+0000] {override.py:1911} INFO - Created Permission View: can delete on DAG Run:dataset_alias_example_alias_consumer
[2024-12-13T16:58:52.448+0000] {logging_mixin.py:190} INFO - [2024-12-13T16:58:52.448+0000] {override.py:1911} INFO - Created Permission View: can read on DAG Run:dataset_alias_example_alias_consumer
[2024-12-13T16:58:52.453+0000] {logging_mixin.py:190} INFO - [2024-12-13T16:58:52.452+0000] {override.py:1911} INFO - Created Permission View: can create on DAG Run:dataset_alias_example_alias_consumer
[2024-12-13T16:58:52.463+0000] {logging_mixin.py:190} INFO - [2024-12-13T16:58:52.463+0000] {override.py:1911} INFO - Created Permission View: can edit on DAG:dataset_alias_example_alias_producer
[2024-12-13T16:58:52.469+0000] {logging_mixin.py:190} INFO - [2024-12-13T16:58:52.469+0000] {override.py:1911} INFO - Created Permission View: can read on DAG:dataset_alias_example_alias_producer
[2024-12-13T16:58:52.474+0000] {logging_mixin.py:190} INFO - [2024-12-13T16:58:52.474+0000] {override.py:1911} INFO - Created Permission View: can delete on DAG:dataset_alias_example_alias_producer
[2024-12-13T16:58:52.480+0000] {logging_mixin.py:190} INFO - [2024-12-13T16:58:52.480+0000] {override.py:1911} INFO - Created Permission View: menu access on DAG Run:dataset_alias_example_alias_producer
[2024-12-13T16:58:52.485+0000] {logging_mixin.py:190} INFO - [2024-12-13T16:58:52.484+0000] {override.py:1911} INFO - Created Permission View: can delete on DAG Run:dataset_alias_example_alias_producer
[2024-12-13T16:58:52.490+0000] {logging_mixin.py:190} INFO - [2024-12-13T16:58:52.489+0000] {override.py:1911} INFO - Created Permission View: can read on DAG Run:dataset_alias_example_alias_producer
[2024-12-13T16:58:52.495+0000] {logging_mixin.py:190} INFO - [2024-12-13T16:58:52.494+0000] {override.py:1911} INFO - Created Permission View: can create on DAG Run:dataset_alias_example_alias_producer
[2024-12-13T16:58:52.495+0000] {logging_mixin.py:190} INFO - [2024-12-13T16:58:52.495+0000] {dag.py:3239} INFO - Sync 4 DAGs
[2024-12-13T16:58:52.504+0000] {logging_mixin.py:190} INFO - [2024-12-13T16:58:52.503+0000] {dag.py:3262} INFO - Creating ORM DAG for dataset_s3_bucket_producer
[2024-12-13T16:58:52.504+0000] {logging_mixin.py:190} INFO - [2024-12-13T16:58:52.504+0000] {dag.py:3262} INFO - Creating ORM DAG for dataset_alias_example_alias_consumer
[2024-12-13T16:58:52.504+0000] {logging_mixin.py:190} INFO - [2024-12-13T16:58:52.504+0000] {dag.py:3262} INFO - Creating ORM DAG for dataset_alias_example_alias_producer
[2024-12-13T16:58:52.505+0000] {logging_mixin.py:190} INFO - [2024-12-13T16:58:52.505+0000] {dag.py:3262} INFO - Creating ORM DAG for dataset_s3_bucket_consumer
[2024-12-13T16:58:52.511+0000] {logging_mixin.py:190} INFO - [2024-12-13T16:58:52.511+0000] {dag.py:4180} INFO - Setting next_dagrun for dataset_alias_example_alias_consumer to None, run_after=None
[2024-12-13T16:58:52.511+0000] {logging_mixin.py:190} INFO - [2024-12-13T16:58:52.511+0000] {dag.py:4180} INFO - Setting next_dagrun for dataset_alias_example_alias_producer to None, run_after=None
[2024-12-13T16:58:52.512+0000] {logging_mixin.py:190} INFO - [2024-12-13T16:58:52.512+0000] {dag.py:4180} INFO - Setting next_dagrun for dataset_s3_bucket_consumer to None, run_after=None
[2024-12-13T16:58:52.512+0000] {logging_mixin.py:190} INFO - [2024-12-13T16:58:52.512+0000] {dag.py:4180} INFO - Setting next_dagrun for dataset_s3_bucket_producer to None, run_after=None
[2024-12-13T16:58:52.530+0000] {processor.py:208} INFO - Processing /home/airflow/.local/lib/python3.12/site-packages/airflow/example_dags/example_dataset_alias.py took 0.619 seconds
[2024-12-13T16:59:23.262+0000] {processor.py:186} INFO - Started process (PID=135) to work on /home/airflow/.local/lib/python3.12/site-packages/airflow/example_dags/example_dataset_alias.py
[2024-12-13T16:59:23.263+0000] {processor.py:914} INFO - Processing file /home/airflow/.local/lib/python3.12/site-packages/airflow/example_dags/example_dataset_alias.py for tasks to queue
[2024-12-13T16:59:23.264+0000] {logging_mixin.py:190} INFO - [2024-12-13T16:59:23.264+0000] {dagbag.py:588} INFO - Filling up the DagBag from /home/airflow/.local/lib/python3.12/site-packages/airflow/example_dags/example_dataset_alias.py
[2024-12-13T16:59:23.617+0000] {processor.py:925} INFO - DAG(s) 'dataset_s3_bucket_producer', 'dataset_alias_example_alias_consumer', 'dataset_alias_example_alias_producer', 'dataset_s3_bucket_consumer' retrieved from /home/airflow/.local/lib/python3.12/site-packages/airflow/example_dags/example_dataset_alias.py
[2024-12-13T16:59:23.636+0000] {logging_mixin.py:190} INFO - [2024-12-13T16:59:23.635+0000] {dag.py:3239} INFO - Sync 4 DAGs
[2024-12-13T16:59:23.653+0000] {logging_mixin.py:190} INFO - [2024-12-13T16:59:23.653+0000] {dag.py:4180} INFO - Setting next_dagrun for dataset_alias_example_alias_consumer to None, run_after=None
[2024-12-13T16:59:23.655+0000] {logging_mixin.py:190} INFO - [2024-12-13T16:59:23.655+0000] {dag.py:4180} INFO - Setting next_dagrun for dataset_alias_example_alias_producer to None, run_after=None
[2024-12-13T16:59:23.656+0000] {logging_mixin.py:190} INFO - [2024-12-13T16:59:23.656+0000] {dag.py:4180} INFO - Setting next_dagrun for dataset_s3_bucket_consumer to None, run_after=None
[2024-12-13T16:59:23.657+0000] {logging_mixin.py:190} INFO - [2024-12-13T16:59:23.657+0000] {dag.py:4180} INFO - Setting next_dagrun for dataset_s3_bucket_producer to None, run_after=None
[2024-12-13T16:59:23.674+0000] {processor.py:208} INFO - Processing /home/airflow/.local/lib/python3.12/site-packages/airflow/example_dags/example_dataset_alias.py took 0.416 seconds
[2024-12-13T16:59:54.182+0000] {processor.py:186} INFO - Started process (PID=198) to work on /home/airflow/.local/lib/python3.12/site-packages/airflow/example_dags/example_dataset_alias.py
[2024-12-13T16:59:54.183+0000] {processor.py:914} INFO - Processing file /home/airflow/.local/lib/python3.12/site-packages/airflow/example_dags/example_dataset_alias.py for tasks to queue
[2024-12-13T16:59:54.184+0000] {logging_mixin.py:190} INFO - [2024-12-13T16:59:54.184+0000] {dagbag.py:588} INFO - Filling up the DagBag from /home/airflow/.local/lib/python3.12/site-packages/airflow/example_dags/example_dataset_alias.py
[2024-12-13T16:59:54.531+0000] {processor.py:925} INFO - DAG(s) 'dataset_alias_example_alias_producer', 'dataset_s3_bucket_consumer', 'dataset_alias_example_alias_consumer', 'dataset_s3_bucket_producer' retrieved from /home/airflow/.local/lib/python3.12/site-packages/airflow/example_dags/example_dataset_alias.py
[2024-12-13T16:59:54.546+0000] {logging_mixin.py:190} INFO - [2024-12-13T16:59:54.545+0000] {dag.py:3239} INFO - Sync 4 DAGs
[2024-12-13T16:59:54.562+0000] {logging_mixin.py:190} INFO - [2024-12-13T16:59:54.562+0000] {dag.py:4180} INFO - Setting next_dagrun for dataset_alias_example_alias_consumer to None, run_after=None
[2024-12-13T16:59:54.564+0000] {logging_mixin.py:190} INFO - [2024-12-13T16:59:54.563+0000] {dag.py:4180} INFO - Setting next_dagrun for dataset_alias_example_alias_producer to None, run_after=None
[2024-12-13T16:59:54.565+0000] {logging_mixin.py:190} INFO - [2024-12-13T16:59:54.564+0000] {dag.py:4180} INFO - Setting next_dagrun for dataset_s3_bucket_consumer to None, run_after=None
[2024-12-13T16:59:54.565+0000] {logging_mixin.py:190} INFO - [2024-12-13T16:59:54.565+0000] {dag.py:4180} INFO - Setting next_dagrun for dataset_s3_bucket_producer to None, run_after=None
[2024-12-13T16:59:54.583+0000] {processor.py:208} INFO - Processing /home/airflow/.local/lib/python3.12/site-packages/airflow/example_dags/example_dataset_alias.py took 0.404 seconds
[2024-12-13T17:00:25.070+0000] {processor.py:186} INFO - Started process (PID=261) to work on /home/airflow/.local/lib/python3.12/site-packages/airflow/example_dags/example_dataset_alias.py
[2024-12-13T17:00:25.071+0000] {processor.py:914} INFO - Processing file /home/airflow/.local/lib/python3.12/site-packages/airflow/example_dags/example_dataset_alias.py for tasks to queue
[2024-12-13T17:00:25.073+0000] {logging_mixin.py:190} INFO - [2024-12-13T17:00:25.072+0000] {dagbag.py:588} INFO - Filling up the DagBag from /home/airflow/.local/lib/python3.12/site-packages/airflow/example_dags/example_dataset_alias.py
[2024-12-13T17:00:25.396+0000] {processor.py:925} INFO - DAG(s) 'dataset_alias_example_alias_consumer', 'dataset_alias_example_alias_producer', 'dataset_s3_bucket_consumer', 'dataset_s3_bucket_producer' retrieved from /home/airflow/.local/lib/python3.12/site-packages/airflow/example_dags/example_dataset_alias.py
[2024-12-13T17:00:25.409+0000] {logging_mixin.py:190} INFO - [2024-12-13T17:00:25.409+0000] {dag.py:3239} INFO - Sync 4 DAGs
[2024-12-13T17:00:25.422+0000] {logging_mixin.py:190} INFO - [2024-12-13T17:00:25.422+0000] {dag.py:4180} INFO - Setting next_dagrun for dataset_alias_example_alias_consumer to None, run_after=None
[2024-12-13T17:00:25.424+0000] {logging_mixin.py:190} INFO - [2024-12-13T17:00:25.424+0000] {dag.py:4180} INFO - Setting next_dagrun for dataset_alias_example_alias_producer to None, run_after=None
[2024-12-13T17:00:25.425+0000] {logging_mixin.py:190} INFO - [2024-12-13T17:00:25.425+0000] {dag.py:4180} INFO - Setting next_dagrun for dataset_s3_bucket_consumer to None, run_after=None
[2024-12-13T17:00:25.426+0000] {logging_mixin.py:190} INFO - [2024-12-13T17:00:25.425+0000] {dag.py:4180} INFO - Setting next_dagrun for dataset_s3_bucket_producer to None, run_after=None
[2024-12-13T17:00:25.439+0000] {processor.py:208} INFO - Processing /home/airflow/.local/lib/python3.12/site-packages/airflow/example_dags/example_dataset_alias.py took 0.373 seconds
[2024-12-13T17:00:56.250+0000] {processor.py:186} INFO - Started process (PID=324) to work on /home/airflow/.local/lib/python3.12/site-packages/airflow/example_dags/example_dataset_alias.py
[2024-12-13T17:00:56.250+0000] {processor.py:914} INFO - Processing file /home/airflow/.local/lib/python3.12/site-packages/airflow/example_dags/example_dataset_alias.py for tasks to queue
[2024-12-13T17:00:56.252+0000] {logging_mixin.py:190} INFO - [2024-12-13T17:00:56.252+0000] {dagbag.py:588} INFO - Filling up the DagBag from /home/airflow/.local/lib/python3.12/site-packages/airflow/example_dags/example_dataset_alias.py
[2024-12-13T17:00:56.587+0000] {processor.py:925} INFO - DAG(s) 'dataset_s3_bucket_consumer', 'dataset_s3_bucket_producer', 'dataset_alias_example_alias_producer', 'dataset_alias_example_alias_consumer' retrieved from /home/airflow/.local/lib/python3.12/site-packages/airflow/example_dags/example_dataset_alias.py
[2024-12-13T17:00:56.602+0000] {logging_mixin.py:190} INFO - [2024-12-13T17:00:56.602+0000] {dag.py:3239} INFO - Sync 4 DAGs
[2024-12-13T17:00:56.618+0000] {logging_mixin.py:190} INFO - [2024-12-13T17:00:56.618+0000] {dag.py:4180} INFO - Setting next_dagrun for dataset_alias_example_alias_consumer to None, run_after=None
[2024-12-13T17:00:56.620+0000] {logging_mixin.py:190} INFO - [2024-12-13T17:00:56.620+0000] {dag.py:4180} INFO - Setting next_dagrun for dataset_alias_example_alias_producer to None, run_after=None
[2024-12-13T17:00:56.621+0000] {logging_mixin.py:190} INFO - [2024-12-13T17:00:56.621+0000] {dag.py:4180} INFO - Setting next_dagrun for dataset_s3_bucket_consumer to None, run_after=None
[2024-12-13T17:00:56.622+0000] {logging_mixin.py:190} INFO - [2024-12-13T17:00:56.622+0000] {dag.py:4180} INFO - Setting next_dagrun for dataset_s3_bucket_producer to None, run_after=None
[2024-12-13T17:00:56.637+0000] {processor.py:208} INFO - Processing /home/airflow/.local/lib/python3.12/site-packages/airflow/example_dags/example_dataset_alias.py took 0.392 seconds
[2024-12-13T17:01:27.146+0000] {processor.py:186} INFO - Started process (PID=387) to work on /home/airflow/.local/lib/python3.12/site-packages/airflow/example_dags/example_dataset_alias.py
[2024-12-13T17:01:27.147+0000] {processor.py:914} INFO - Processing file /home/airflow/.local/lib/python3.12/site-packages/airflow/example_dags/example_dataset_alias.py for tasks to queue
[2024-12-13T17:01:27.148+0000] {logging_mixin.py:190} INFO - [2024-12-13T17:01:27.148+0000] {dagbag.py:588} INFO - Filling up the DagBag from /home/airflow/.local/lib/python3.12/site-packages/airflow/example_dags/example_dataset_alias.py
[2024-12-13T17:01:27.503+0000] {processor.py:925} INFO - DAG(s) 'dataset_alias_example_alias_consumer', 'dataset_s3_bucket_producer', 'dataset_alias_example_alias_producer', 'dataset_s3_bucket_consumer' retrieved from /home/airflow/.local/lib/python3.12/site-packages/airflow/example_dags/example_dataset_alias.py
[2024-12-13T17:01:27.518+0000] {logging_mixin.py:190} INFO - [2024-12-13T17:01:27.517+0000] {dag.py:3239} INFO - Sync 4 DAGs
[2024-12-13T17:01:27.533+0000] {logging_mixin.py:190} INFO - [2024-12-13T17:01:27.533+0000] {dag.py:4180} INFO - Setting next_dagrun for dataset_alias_example_alias_consumer to None, run_after=None
[2024-12-13T17:01:27.535+0000] {logging_mixin.py:190} INFO - [2024-12-13T17:01:27.535+0000] {dag.py:4180} INFO - Setting next_dagrun for dataset_alias_example_alias_producer to None, run_after=None
[2024-12-13T17:01:27.536+0000] {logging_mixin.py:190} INFO - [2024-12-13T17:01:27.536+0000] {dag.py:4180} INFO - Setting next_dagrun for dataset_s3_bucket_consumer to None, run_after=None
[2024-12-13T17:01:27.537+0000] {logging_mixin.py:190} INFO - [2024-12-13T17:01:27.537+0000] {dag.py:4180} INFO - Setting next_dagrun for dataset_s3_bucket_producer to None, run_after=None
[2024-12-13T17:01:27.552+0000] {processor.py:208} INFO - Processing /home/airflow/.local/lib/python3.12/site-packages/airflow/example_dags/example_dataset_alias.py took 0.410 seconds
[2024-12-13T17:01:58.098+0000] {processor.py:186} INFO - Started process (PID=450) to work on /home/airflow/.local/lib/python3.12/site-packages/airflow/example_dags/example_dataset_alias.py
[2024-12-13T17:01:58.099+0000] {processor.py:914} INFO - Processing file /home/airflow/.local/lib/python3.12/site-packages/airflow/example_dags/example_dataset_alias.py for tasks to queue
[2024-12-13T17:01:58.100+0000] {logging_mixin.py:190} INFO - [2024-12-13T17:01:58.100+0000] {dagbag.py:588} INFO - Filling up the DagBag from /home/airflow/.local/lib/python3.12/site-packages/airflow/example_dags/example_dataset_alias.py
[2024-12-13T17:01:58.470+0000] {processor.py:925} INFO - DAG(s) 'dataset_alias_example_alias_producer', 'dataset_s3_bucket_producer', 'dataset_s3_bucket_consumer', 'dataset_alias_example_alias_consumer' retrieved from /home/airflow/.local/lib/python3.12/site-packages/airflow/example_dags/example_dataset_alias.py
[2024-12-13T17:01:58.485+0000] {logging_mixin.py:190} INFO - [2024-12-13T17:01:58.485+0000] {dag.py:3239} INFO - Sync 4 DAGs
[2024-12-13T17:01:58.500+0000] {logging_mixin.py:190} INFO - [2024-12-13T17:01:58.500+0000] {dag.py:4180} INFO - Setting next_dagrun for dataset_alias_example_alias_consumer to None, run_after=None
[2024-12-13T17:01:58.501+0000] {logging_mixin.py:190} INFO - [2024-12-13T17:01:58.501+0000] {dag.py:4180} INFO - Setting next_dagrun for dataset_alias_example_alias_producer to None, run_after=None
[2024-12-13T17:01:58.503+0000] {logging_mixin.py:190} INFO - [2024-12-13T17:01:58.503+0000] {dag.py:4180} INFO - Setting next_dagrun for dataset_s3_bucket_consumer to None, run_after=None
[2024-12-13T17:01:58.504+0000] {logging_mixin.py:190} INFO - [2024-12-13T17:01:58.504+0000] {dag.py:4180} INFO - Setting next_dagrun for dataset_s3_bucket_producer to None, run_after=None
[2024-12-13T17:01:58.520+0000] {processor.py:208} INFO - Processing /home/airflow/.local/lib/python3.12/site-packages/airflow/example_dags/example_dataset_alias.py took 0.425 seconds
[2024-12-13T17:02:29.399+0000] {processor.py:186} INFO - Started process (PID=513) to work on /home/airflow/.local/lib/python3.12/site-packages/airflow/example_dags/example_dataset_alias.py
[2024-12-13T17:02:29.400+0000] {processor.py:914} INFO - Processing file /home/airflow/.local/lib/python3.12/site-packages/airflow/example_dags/example_dataset_alias.py for tasks to queue
[2024-12-13T17:02:29.401+0000] {logging_mixin.py:190} INFO - [2024-12-13T17:02:29.401+0000] {dagbag.py:588} INFO - Filling up the DagBag from /home/airflow/.local/lib/python3.12/site-packages/airflow/example_dags/example_dataset_alias.py
[2024-12-13T17:02:29.765+0000] {processor.py:925} INFO - DAG(s) 'dataset_alias_example_alias_producer', 'dataset_s3_bucket_producer', 'dataset_alias_example_alias_consumer', 'dataset_s3_bucket_consumer' retrieved from /home/airflow/.local/lib/python3.12/site-packages/airflow/example_dags/example_dataset_alias.py
[2024-12-13T17:02:29.783+0000] {logging_mixin.py:190} INFO - [2024-12-13T17:02:29.783+0000] {dag.py:3239} INFO - Sync 4 DAGs
[2024-12-13T17:02:29.799+0000] {logging_mixin.py:190} INFO - [2024-12-13T17:02:29.799+0000] {dag.py:4180} INFO - Setting next_dagrun for dataset_alias_example_alias_consumer to None, run_after=None
[2024-12-13T17:02:29.801+0000] {logging_mixin.py:190} INFO - [2024-12-13T17:02:29.801+0000] {dag.py:4180} INFO - Setting next_dagrun for dataset_alias_example_alias_producer to None, run_after=None
[2024-12-13T17:02:29.802+0000] {logging_mixin.py:190} INFO - [2024-12-13T17:02:29.802+0000] {dag.py:4180} INFO - Setting next_dagrun for dataset_s3_bucket_consumer to None, run_after=None
[2024-12-13T17:02:29.803+0000] {logging_mixin.py:190} INFO - [2024-12-13T17:02:29.803+0000] {dag.py:4180} INFO - Setting next_dagrun for dataset_s3_bucket_producer to None, run_after=None
[2024-12-13T17:02:29.817+0000] {processor.py:208} INFO - Processing /home/airflow/.local/lib/python3.12/site-packages/airflow/example_dags/example_dataset_alias.py took 0.422 seconds
[2024-12-13T17:03:00.552+0000] {processor.py:186} INFO - Started process (PID=576) to work on /home/airflow/.local/lib/python3.12/site-packages/airflow/example_dags/example_dataset_alias.py
[2024-12-13T17:03:00.553+0000] {processor.py:914} INFO - Processing file /home/airflow/.local/lib/python3.12/site-packages/airflow/example_dags/example_dataset_alias.py for tasks to queue
[2024-12-13T17:03:00.555+0000] {logging_mixin.py:190} INFO - [2024-12-13T17:03:00.555+0000] {dagbag.py:588} INFO - Filling up the DagBag from /home/airflow/.local/lib/python3.12/site-packages/airflow/example_dags/example_dataset_alias.py
[2024-12-13T17:03:00.926+0000] {processor.py:925} INFO - DAG(s) 'dataset_s3_bucket_producer', 'dataset_s3_bucket_consumer', 'dataset_alias_example_alias_producer', 'dataset_alias_example_alias_consumer' retrieved from /home/airflow/.local/lib/python3.12/site-packages/airflow/example_dags/example_dataset_alias.py
[2024-12-13T17:03:00.942+0000] {logging_mixin.py:190} INFO - [2024-12-13T17:03:00.941+0000] {dag.py:3239} INFO - Sync 4 DAGs
[2024-12-13T17:03:00.956+0000] {logging_mixin.py:190} INFO - [2024-12-13T17:03:00.956+0000] {dag.py:4180} INFO - Setting next_dagrun for dataset_alias_example_alias_consumer to None, run_after=None
[2024-12-13T17:03:00.958+0000] {logging_mixin.py:190} INFO - [2024-12-13T17:03:00.958+0000] {dag.py:4180} INFO - Setting next_dagrun for dataset_alias_example_alias_producer to None, run_after=None
[2024-12-13T17:03:00.959+0000] {logging_mixin.py:190} INFO - [2024-12-13T17:03:00.959+0000] {dag.py:4180} INFO - Setting next_dagrun for dataset_s3_bucket_consumer to None, run_after=None
[2024-12-13T17:03:00.960+0000] {logging_mixin.py:190} INFO - [2024-12-13T17:03:00.960+0000] {dag.py:4180} INFO - Setting next_dagrun for dataset_s3_bucket_producer to None, run_after=None
[2024-12-13T17:03:00.974+0000] {processor.py:208} INFO - Processing /home/airflow/.local/lib/python3.12/site-packages/airflow/example_dags/example_dataset_alias.py took 0.427 seconds
[2024-12-13T17:03:31.021+0000] {processor.py:186} INFO - Started process (PID=640) to work on /home/airflow/.local/lib/python3.12/site-packages/airflow/example_dags/example_dataset_alias.py
[2024-12-13T17:03:31.022+0000] {processor.py:914} INFO - Processing file /home/airflow/.local/lib/python3.12/site-packages/airflow/example_dags/example_dataset_alias.py for tasks to queue
[2024-12-13T17:03:31.024+0000] {logging_mixin.py:190} INFO - [2024-12-13T17:03:31.024+0000] {dagbag.py:588} INFO - Filling up the DagBag from /home/airflow/.local/lib/python3.12/site-packages/airflow/example_dags/example_dataset_alias.py
[2024-12-13T17:03:31.377+0000] {processor.py:925} INFO - DAG(s) 'dataset_alias_example_alias_producer', 'dataset_s3_bucket_producer', 'dataset_s3_bucket_consumer', 'dataset_alias_example_alias_consumer' retrieved from /home/airflow/.local/lib/python3.12/site-packages/airflow/example_dags/example_dataset_alias.py
[2024-12-13T17:03:31.393+0000] {logging_mixin.py:190} INFO - [2024-12-13T17:03:31.393+0000] {dag.py:3239} INFO - Sync 4 DAGs
[2024-12-13T17:03:31.410+0000] {logging_mixin.py:190} INFO - [2024-12-13T17:03:31.409+0000] {dag.py:4180} INFO - Setting next_dagrun for dataset_alias_example_alias_consumer to None, run_after=None
[2024-12-13T17:03:31.412+0000] {logging_mixin.py:190} INFO - [2024-12-13T17:03:31.411+0000] {dag.py:4180} INFO - Setting next_dagrun for dataset_alias_example_alias_producer to None, run_after=None
[2024-12-13T17:03:31.413+0000] {logging_mixin.py:190} INFO - [2024-12-13T17:03:31.413+0000] {dag.py:4180} INFO - Setting next_dagrun for dataset_s3_bucket_consumer to None, run_after=None
[2024-12-13T17:03:31.414+0000] {logging_mixin.py:190} INFO - [2024-12-13T17:03:31.414+0000] {dag.py:4180} INFO - Setting next_dagrun for dataset_s3_bucket_producer to None, run_after=None
[2024-12-13T17:03:31.430+0000] {processor.py:208} INFO - Processing /home/airflow/.local/lib/python3.12/site-packages/airflow/example_dags/example_dataset_alias.py took 0.412 seconds
[2024-12-13T17:04:02.201+0000] {processor.py:186} INFO - Started process (PID=702) to work on /home/airflow/.local/lib/python3.12/site-packages/airflow/example_dags/example_dataset_alias.py
[2024-12-13T17:04:02.202+0000] {processor.py:914} INFO - Processing file /home/airflow/.local/lib/python3.12/site-packages/airflow/example_dags/example_dataset_alias.py for tasks to queue
[2024-12-13T17:04:02.204+0000] {logging_mixin.py:190} INFO - [2024-12-13T17:04:02.204+0000] {dagbag.py:588} INFO - Filling up the DagBag from /home/airflow/.local/lib/python3.12/site-packages/airflow/example_dags/example_dataset_alias.py
[2024-12-13T17:04:02.555+0000] {processor.py:925} INFO - DAG(s) 'dataset_s3_bucket_producer', 'dataset_s3_bucket_consumer', 'dataset_alias_example_alias_consumer', 'dataset_alias_example_alias_producer' retrieved from /home/airflow/.local/lib/python3.12/site-packages/airflow/example_dags/example_dataset_alias.py
[2024-12-13T17:04:02.569+0000] {logging_mixin.py:190} INFO - [2024-12-13T17:04:02.569+0000] {dag.py:3239} INFO - Sync 4 DAGs
[2024-12-13T17:04:02.586+0000] {logging_mixin.py:190} INFO - [2024-12-13T17:04:02.586+0000] {dag.py:4180} INFO - Setting next_dagrun for dataset_alias_example_alias_consumer to None, run_after=None
[2024-12-13T17:04:02.588+0000] {logging_mixin.py:190} INFO - [2024-12-13T17:04:02.588+0000] {dag.py:4180} INFO - Setting next_dagrun for dataset_alias_example_alias_producer to None, run_after=None
[2024-12-13T17:04:02.590+0000] {logging_mixin.py:190} INFO - [2024-12-13T17:04:02.589+0000] {dag.py:4180} INFO - Setting next_dagrun for dataset_s3_bucket_consumer to None, run_after=None
[2024-12-13T17:04:02.591+0000] {logging_mixin.py:190} INFO - [2024-12-13T17:04:02.591+0000] {dag.py:4180} INFO - Setting next_dagrun for dataset_s3_bucket_producer to None, run_after=None
[2024-12-13T17:04:02.606+0000] {processor.py:208} INFO - Processing /home/airflow/.local/lib/python3.12/site-packages/airflow/example_dags/example_dataset_alias.py took 0.409 seconds
