[2024-12-13T16:58:55.669+0000] {processor.py:186} INFO - Started process (PID=106) to work on /home/airflow/.local/lib/python3.12/site-packages/airflow/example_dags/example_branch_day_of_week_operator.py
[2024-12-13T16:58:55.669+0000] {processor.py:914} INFO - Processing file /home/airflow/.local/lib/python3.12/site-packages/airflow/example_dags/example_branch_day_of_week_operator.py for tasks to queue
[2024-12-13T16:58:55.671+0000] {logging_mixin.py:190} INFO - [2024-12-13T16:58:55.671+0000] {dagbag.py:588} INFO - Filling up the DagBag from /home/airflow/.local/lib/python3.12/site-packages/airflow/example_dags/example_branch_day_of_week_operator.py
[2024-12-13T16:58:55.678+0000] {processor.py:925} INFO - DAG(s) 'example_weekday_branch_operator' retrieved from /home/airflow/.local/lib/python3.12/site-packages/airflow/example_dags/example_branch_day_of_week_operator.py
[2024-12-13T16:58:55.749+0000] {logging_mixin.py:190} INFO - [2024-12-13T16:58:55.748+0000] {override.py:1911} INFO - Created Permission View: can edit on DAG:example_weekday_branch_operator
[2024-12-13T16:58:55.756+0000] {logging_mixin.py:190} INFO - [2024-12-13T16:58:55.756+0000] {override.py:1911} INFO - Created Permission View: can read on DAG:example_weekday_branch_operator
[2024-12-13T16:58:55.760+0000] {logging_mixin.py:190} INFO - [2024-12-13T16:58:55.760+0000] {override.py:1911} INFO - Created Permission View: can delete on DAG:example_weekday_branch_operator
[2024-12-13T16:58:55.766+0000] {logging_mixin.py:190} INFO - [2024-12-13T16:58:55.766+0000] {override.py:1911} INFO - Created Permission View: menu access on DAG Run:example_weekday_branch_operator
[2024-12-13T16:58:55.770+0000] {logging_mixin.py:190} INFO - [2024-12-13T16:58:55.770+0000] {override.py:1911} INFO - Created Permission View: can delete on DAG Run:example_weekday_branch_operator
[2024-12-13T16:58:55.775+0000] {logging_mixin.py:190} INFO - [2024-12-13T16:58:55.774+0000] {override.py:1911} INFO - Created Permission View: can read on DAG Run:example_weekday_branch_operator
[2024-12-13T16:58:55.779+0000] {logging_mixin.py:190} INFO - [2024-12-13T16:58:55.779+0000] {override.py:1911} INFO - Created Permission View: can create on DAG Run:example_weekday_branch_operator
[2024-12-13T16:58:55.779+0000] {logging_mixin.py:190} INFO - [2024-12-13T16:58:55.779+0000] {dag.py:3239} INFO - Sync 1 DAGs
[2024-12-13T16:58:55.788+0000] {logging_mixin.py:190} INFO - [2024-12-13T16:58:55.788+0000] {dag.py:3262} INFO - Creating ORM DAG for example_weekday_branch_operator
[2024-12-13T16:58:55.796+0000] {logging_mixin.py:190} INFO - [2024-12-13T16:58:55.796+0000] {dag.py:4180} INFO - Setting next_dagrun for example_weekday_branch_operator to 2024-12-12 00:00:00+00:00, run_after=2024-12-13 00:00:00+00:00
[2024-12-13T16:58:55.808+0000] {processor.py:208} INFO - Processing /home/airflow/.local/lib/python3.12/site-packages/airflow/example_dags/example_branch_day_of_week_operator.py took 0.144 seconds
[2024-12-13T16:59:26.046+0000] {processor.py:186} INFO - Started process (PID=169) to work on /home/airflow/.local/lib/python3.12/site-packages/airflow/example_dags/example_branch_day_of_week_operator.py
[2024-12-13T16:59:26.047+0000] {processor.py:914} INFO - Processing file /home/airflow/.local/lib/python3.12/site-packages/airflow/example_dags/example_branch_day_of_week_operator.py for tasks to queue
[2024-12-13T16:59:26.049+0000] {logging_mixin.py:190} INFO - [2024-12-13T16:59:26.049+0000] {dagbag.py:588} INFO - Filling up the DagBag from /home/airflow/.local/lib/python3.12/site-packages/airflow/example_dags/example_branch_day_of_week_operator.py
[2024-12-13T16:59:26.056+0000] {processor.py:925} INFO - DAG(s) 'example_weekday_branch_operator' retrieved from /home/airflow/.local/lib/python3.12/site-packages/airflow/example_dags/example_branch_day_of_week_operator.py
[2024-12-13T16:59:26.070+0000] {logging_mixin.py:190} INFO - [2024-12-13T16:59:26.070+0000] {dag.py:3239} INFO - Sync 1 DAGs
[2024-12-13T16:59:26.087+0000] {logging_mixin.py:190} INFO - [2024-12-13T16:59:26.087+0000] {dag.py:4180} INFO - Setting next_dagrun for example_weekday_branch_operator to 2024-12-12 00:00:00+00:00, run_after=2024-12-13 00:00:00+00:00
[2024-12-13T16:59:26.100+0000] {processor.py:208} INFO - Processing /home/airflow/.local/lib/python3.12/site-packages/airflow/example_dags/example_branch_day_of_week_operator.py took 0.058 seconds
[2024-12-13T16:59:56.914+0000] {processor.py:186} INFO - Started process (PID=232) to work on /home/airflow/.local/lib/python3.12/site-packages/airflow/example_dags/example_branch_day_of_week_operator.py
[2024-12-13T16:59:56.914+0000] {processor.py:914} INFO - Processing file /home/airflow/.local/lib/python3.12/site-packages/airflow/example_dags/example_branch_day_of_week_operator.py for tasks to queue
[2024-12-13T16:59:56.916+0000] {logging_mixin.py:190} INFO - [2024-12-13T16:59:56.916+0000] {dagbag.py:588} INFO - Filling up the DagBag from /home/airflow/.local/lib/python3.12/site-packages/airflow/example_dags/example_branch_day_of_week_operator.py
[2024-12-13T16:59:56.923+0000] {processor.py:925} INFO - DAG(s) 'example_weekday_branch_operator' retrieved from /home/airflow/.local/lib/python3.12/site-packages/airflow/example_dags/example_branch_day_of_week_operator.py
[2024-12-13T16:59:56.936+0000] {logging_mixin.py:190} INFO - [2024-12-13T16:59:56.936+0000] {dag.py:3239} INFO - Sync 1 DAGs
[2024-12-13T16:59:56.953+0000] {logging_mixin.py:190} INFO - [2024-12-13T16:59:56.953+0000] {dag.py:4180} INFO - Setting next_dagrun for example_weekday_branch_operator to 2024-12-12 00:00:00+00:00, run_after=2024-12-13 00:00:00+00:00
[2024-12-13T16:59:56.965+0000] {processor.py:208} INFO - Processing /home/airflow/.local/lib/python3.12/site-packages/airflow/example_dags/example_branch_day_of_week_operator.py took 0.056 seconds
[2024-12-13T17:00:28.034+0000] {processor.py:186} INFO - Started process (PID=295) to work on /home/airflow/.local/lib/python3.12/site-packages/airflow/example_dags/example_branch_day_of_week_operator.py
[2024-12-13T17:00:28.034+0000] {processor.py:914} INFO - Processing file /home/airflow/.local/lib/python3.12/site-packages/airflow/example_dags/example_branch_day_of_week_operator.py for tasks to queue
[2024-12-13T17:00:28.036+0000] {logging_mixin.py:190} INFO - [2024-12-13T17:00:28.036+0000] {dagbag.py:588} INFO - Filling up the DagBag from /home/airflow/.local/lib/python3.12/site-packages/airflow/example_dags/example_branch_day_of_week_operator.py
[2024-12-13T17:00:28.043+0000] {processor.py:925} INFO - DAG(s) 'example_weekday_branch_operator' retrieved from /home/airflow/.local/lib/python3.12/site-packages/airflow/example_dags/example_branch_day_of_week_operator.py
[2024-12-13T17:00:28.058+0000] {logging_mixin.py:190} INFO - [2024-12-13T17:00:28.058+0000] {dag.py:3239} INFO - Sync 1 DAGs
[2024-12-13T17:00:28.075+0000] {logging_mixin.py:190} INFO - [2024-12-13T17:00:28.075+0000] {dag.py:4180} INFO - Setting next_dagrun for example_weekday_branch_operator to 2024-12-12 00:00:00+00:00, run_after=2024-12-13 00:00:00+00:00
[2024-12-13T17:00:28.088+0000] {processor.py:208} INFO - Processing /home/airflow/.local/lib/python3.12/site-packages/airflow/example_dags/example_branch_day_of_week_operator.py took 0.058 seconds
[2024-12-13T17:00:58.939+0000] {processor.py:186} INFO - Started process (PID=358) to work on /home/airflow/.local/lib/python3.12/site-packages/airflow/example_dags/example_branch_day_of_week_operator.py
[2024-12-13T17:00:58.940+0000] {processor.py:914} INFO - Processing file /home/airflow/.local/lib/python3.12/site-packages/airflow/example_dags/example_branch_day_of_week_operator.py for tasks to queue
[2024-12-13T17:00:58.941+0000] {logging_mixin.py:190} INFO - [2024-12-13T17:00:58.941+0000] {dagbag.py:588} INFO - Filling up the DagBag from /home/airflow/.local/lib/python3.12/site-packages/airflow/example_dags/example_branch_day_of_week_operator.py
[2024-12-13T17:00:58.948+0000] {processor.py:925} INFO - DAG(s) 'example_weekday_branch_operator' retrieved from /home/airflow/.local/lib/python3.12/site-packages/airflow/example_dags/example_branch_day_of_week_operator.py
[2024-12-13T17:00:58.964+0000] {logging_mixin.py:190} INFO - [2024-12-13T17:00:58.963+0000] {dag.py:3239} INFO - Sync 1 DAGs
[2024-12-13T17:00:58.981+0000] {logging_mixin.py:190} INFO - [2024-12-13T17:00:58.980+0000] {dag.py:4180} INFO - Setting next_dagrun for example_weekday_branch_operator to 2024-12-12 00:00:00+00:00, run_after=2024-12-13 00:00:00+00:00
[2024-12-13T17:00:58.996+0000] {processor.py:208} INFO - Processing /home/airflow/.local/lib/python3.12/site-packages/airflow/example_dags/example_branch_day_of_week_operator.py took 0.061 seconds
[2024-12-13T17:01:29.892+0000] {processor.py:186} INFO - Started process (PID=421) to work on /home/airflow/.local/lib/python3.12/site-packages/airflow/example_dags/example_branch_day_of_week_operator.py
[2024-12-13T17:01:29.893+0000] {processor.py:914} INFO - Processing file /home/airflow/.local/lib/python3.12/site-packages/airflow/example_dags/example_branch_day_of_week_operator.py for tasks to queue
[2024-12-13T17:01:29.895+0000] {logging_mixin.py:190} INFO - [2024-12-13T17:01:29.894+0000] {dagbag.py:588} INFO - Filling up the DagBag from /home/airflow/.local/lib/python3.12/site-packages/airflow/example_dags/example_branch_day_of_week_operator.py
[2024-12-13T17:01:29.901+0000] {processor.py:925} INFO - DAG(s) 'example_weekday_branch_operator' retrieved from /home/airflow/.local/lib/python3.12/site-packages/airflow/example_dags/example_branch_day_of_week_operator.py
[2024-12-13T17:01:29.916+0000] {logging_mixin.py:190} INFO - [2024-12-13T17:01:29.916+0000] {dag.py:3239} INFO - Sync 1 DAGs
[2024-12-13T17:01:29.933+0000] {logging_mixin.py:190} INFO - [2024-12-13T17:01:29.933+0000] {dag.py:4180} INFO - Setting next_dagrun for example_weekday_branch_operator to 2024-12-12 00:00:00+00:00, run_after=2024-12-13 00:00:00+00:00
[2024-12-13T17:01:29.947+0000] {processor.py:208} INFO - Processing /home/airflow/.local/lib/python3.12/site-packages/airflow/example_dags/example_branch_day_of_week_operator.py took 0.059 seconds
[2024-12-13T17:02:00.095+0000] {processor.py:186} INFO - Started process (PID=484) to work on /home/airflow/.local/lib/python3.12/site-packages/airflow/example_dags/example_branch_day_of_week_operator.py
[2024-12-13T17:02:00.096+0000] {processor.py:914} INFO - Processing file /home/airflow/.local/lib/python3.12/site-packages/airflow/example_dags/example_branch_day_of_week_operator.py for tasks to queue
[2024-12-13T17:02:00.097+0000] {logging_mixin.py:190} INFO - [2024-12-13T17:02:00.097+0000] {dagbag.py:588} INFO - Filling up the DagBag from /home/airflow/.local/lib/python3.12/site-packages/airflow/example_dags/example_branch_day_of_week_operator.py
[2024-12-13T17:02:00.103+0000] {processor.py:925} INFO - DAG(s) 'example_weekday_branch_operator' retrieved from /home/airflow/.local/lib/python3.12/site-packages/airflow/example_dags/example_branch_day_of_week_operator.py
[2024-12-13T17:02:00.117+0000] {logging_mixin.py:190} INFO - [2024-12-13T17:02:00.117+0000] {dag.py:3239} INFO - Sync 1 DAGs
[2024-12-13T17:02:00.132+0000] {logging_mixin.py:190} INFO - [2024-12-13T17:02:00.132+0000] {dag.py:4180} INFO - Setting next_dagrun for example_weekday_branch_operator to 2024-12-12 00:00:00+00:00, run_after=2024-12-13 00:00:00+00:00
[2024-12-13T17:02:00.144+0000] {processor.py:208} INFO - Processing /home/airflow/.local/lib/python3.12/site-packages/airflow/example_dags/example_branch_day_of_week_operator.py took 0.053 seconds
[2024-12-13T17:02:31.154+0000] {processor.py:186} INFO - Started process (PID=547) to work on /home/airflow/.local/lib/python3.12/site-packages/airflow/example_dags/example_branch_day_of_week_operator.py
[2024-12-13T17:02:31.155+0000] {processor.py:914} INFO - Processing file /home/airflow/.local/lib/python3.12/site-packages/airflow/example_dags/example_branch_day_of_week_operator.py for tasks to queue
[2024-12-13T17:02:31.156+0000] {logging_mixin.py:190} INFO - [2024-12-13T17:02:31.156+0000] {dagbag.py:588} INFO - Filling up the DagBag from /home/airflow/.local/lib/python3.12/site-packages/airflow/example_dags/example_branch_day_of_week_operator.py
[2024-12-13T17:02:31.163+0000] {processor.py:925} INFO - DAG(s) 'example_weekday_branch_operator' retrieved from /home/airflow/.local/lib/python3.12/site-packages/airflow/example_dags/example_branch_day_of_week_operator.py
[2024-12-13T17:02:31.177+0000] {logging_mixin.py:190} INFO - [2024-12-13T17:02:31.177+0000] {dag.py:3239} INFO - Sync 1 DAGs
[2024-12-13T17:02:31.193+0000] {logging_mixin.py:190} INFO - [2024-12-13T17:02:31.193+0000] {dag.py:4180} INFO - Setting next_dagrun for example_weekday_branch_operator to 2024-12-12 00:00:00+00:00, run_after=2024-12-13 00:00:00+00:00
[2024-12-13T17:02:31.205+0000] {processor.py:208} INFO - Processing /home/airflow/.local/lib/python3.12/site-packages/airflow/example_dags/example_branch_day_of_week_operator.py took 0.055 seconds
[2024-12-13T17:03:02.620+0000] {processor.py:186} INFO - Started process (PID=610) to work on /home/airflow/.local/lib/python3.12/site-packages/airflow/example_dags/example_branch_day_of_week_operator.py
[2024-12-13T17:03:02.621+0000] {processor.py:914} INFO - Processing file /home/airflow/.local/lib/python3.12/site-packages/airflow/example_dags/example_branch_day_of_week_operator.py for tasks to queue
[2024-12-13T17:03:02.623+0000] {logging_mixin.py:190} INFO - [2024-12-13T17:03:02.622+0000] {dagbag.py:588} INFO - Filling up the DagBag from /home/airflow/.local/lib/python3.12/site-packages/airflow/example_dags/example_branch_day_of_week_operator.py
[2024-12-13T17:03:02.630+0000] {processor.py:925} INFO - DAG(s) 'example_weekday_branch_operator' retrieved from /home/airflow/.local/lib/python3.12/site-packages/airflow/example_dags/example_branch_day_of_week_operator.py
[2024-12-13T17:03:02.645+0000] {logging_mixin.py:190} INFO - [2024-12-13T17:03:02.645+0000] {dag.py:3239} INFO - Sync 1 DAGs
[2024-12-13T17:03:02.661+0000] {logging_mixin.py:190} INFO - [2024-12-13T17:03:02.661+0000] {dag.py:4180} INFO - Setting next_dagrun for example_weekday_branch_operator to 2024-12-12 00:00:00+00:00, run_after=2024-12-13 00:00:00+00:00
[2024-12-13T17:03:02.673+0000] {processor.py:208} INFO - Processing /home/airflow/.local/lib/python3.12/site-packages/airflow/example_dags/example_branch_day_of_week_operator.py took 0.057 seconds
[2024-12-13T17:03:33.653+0000] {processor.py:186} INFO - Started process (PID=673) to work on /home/airflow/.local/lib/python3.12/site-packages/airflow/example_dags/example_branch_day_of_week_operator.py
[2024-12-13T17:03:33.654+0000] {processor.py:914} INFO - Processing file /home/airflow/.local/lib/python3.12/site-packages/airflow/example_dags/example_branch_day_of_week_operator.py for tasks to queue
[2024-12-13T17:03:33.656+0000] {logging_mixin.py:190} INFO - [2024-12-13T17:03:33.656+0000] {dagbag.py:588} INFO - Filling up the DagBag from /home/airflow/.local/lib/python3.12/site-packages/airflow/example_dags/example_branch_day_of_week_operator.py
[2024-12-13T17:03:33.663+0000] {processor.py:925} INFO - DAG(s) 'example_weekday_branch_operator' retrieved from /home/airflow/.local/lib/python3.12/site-packages/airflow/example_dags/example_branch_day_of_week_operator.py
[2024-12-13T17:03:33.678+0000] {logging_mixin.py:190} INFO - [2024-12-13T17:03:33.678+0000] {dag.py:3239} INFO - Sync 1 DAGs
[2024-12-13T17:03:33.695+0000] {logging_mixin.py:190} INFO - [2024-12-13T17:03:33.695+0000] {dag.py:4180} INFO - Setting next_dagrun for example_weekday_branch_operator to 2024-12-12 00:00:00+00:00, run_after=2024-12-13 00:00:00+00:00
[2024-12-13T17:03:33.709+0000] {processor.py:208} INFO - Processing /home/airflow/.local/lib/python3.12/site-packages/airflow/example_dags/example_branch_day_of_week_operator.py took 0.060 seconds
[2024-12-13T17:04:03.799+0000] {processor.py:186} INFO - Started process (PID=735) to work on /home/airflow/.local/lib/python3.12/site-packages/airflow/example_dags/example_branch_day_of_week_operator.py
[2024-12-13T17:04:03.800+0000] {processor.py:914} INFO - Processing file /home/airflow/.local/lib/python3.12/site-packages/airflow/example_dags/example_branch_day_of_week_operator.py for tasks to queue
[2024-12-13T17:04:03.802+0000] {logging_mixin.py:190} INFO - [2024-12-13T17:04:03.801+0000] {dagbag.py:588} INFO - Filling up the DagBag from /home/airflow/.local/lib/python3.12/site-packages/airflow/example_dags/example_branch_day_of_week_operator.py
[2024-12-13T17:04:03.809+0000] {processor.py:925} INFO - DAG(s) 'example_weekday_branch_operator' retrieved from /home/airflow/.local/lib/python3.12/site-packages/airflow/example_dags/example_branch_day_of_week_operator.py
[2024-12-13T17:04:03.825+0000] {logging_mixin.py:190} INFO - [2024-12-13T17:04:03.825+0000] {dag.py:3239} INFO - Sync 1 DAGs
[2024-12-13T17:04:03.841+0000] {logging_mixin.py:190} INFO - [2024-12-13T17:04:03.841+0000] {dag.py:4180} INFO - Setting next_dagrun for example_weekday_branch_operator to 2024-12-12 00:00:00+00:00, run_after=2024-12-13 00:00:00+00:00
[2024-12-13T17:04:03.855+0000] {processor.py:208} INFO - Processing /home/airflow/.local/lib/python3.12/site-packages/airflow/example_dags/example_branch_day_of_week_operator.py took 0.060 seconds
