[2024-12-13T16:58:54.065+0000] {processor.py:186} INFO - Started process (PID=91) to work on /home/airflow/.local/lib/python3.12/site-packages/airflow/example_dags/example_python_operator.py
[2024-12-13T16:58:54.066+0000] {processor.py:914} INFO - Processing file /home/airflow/.local/lib/python3.12/site-packages/airflow/example_dags/example_python_operator.py for tasks to queue
[2024-12-13T16:58:54.067+0000] {logging_mixin.py:190} INFO - [2024-12-13T16:58:54.067+0000] {dagbag.py:588} INFO - Filling up the DagBag from /home/airflow/.local/lib/python3.12/site-packages/airflow/example_dags/example_python_operator.py
[2024-12-13T16:58:54.076+0000] {processor.py:925} INFO - DAG(s) 'example_python_operator' retrieved from /home/airflow/.local/lib/python3.12/site-packages/airflow/example_dags/example_python_operator.py
[2024-12-13T16:58:54.152+0000] {logging_mixin.py:190} INFO - [2024-12-13T16:58:54.151+0000] {override.py:1911} INFO - Created Permission View: can edit on DAG:example_python_operator
[2024-12-13T16:58:54.158+0000] {logging_mixin.py:190} INFO - [2024-12-13T16:58:54.158+0000] {override.py:1911} INFO - Created Permission View: can read on DAG:example_python_operator
[2024-12-13T16:58:54.164+0000] {logging_mixin.py:190} INFO - [2024-12-13T16:58:54.164+0000] {override.py:1911} INFO - Created Permission View: can delete on DAG:example_python_operator
[2024-12-13T16:58:54.171+0000] {logging_mixin.py:190} INFO - [2024-12-13T16:58:54.171+0000] {override.py:1911} INFO - Created Permission View: menu access on DAG Run:example_python_operator
[2024-12-13T16:58:54.176+0000] {logging_mixin.py:190} INFO - [2024-12-13T16:58:54.176+0000] {override.py:1911} INFO - Created Permission View: can delete on DAG Run:example_python_operator
[2024-12-13T16:58:54.181+0000] {logging_mixin.py:190} INFO - [2024-12-13T16:58:54.181+0000] {override.py:1911} INFO - Created Permission View: can read on DAG Run:example_python_operator
[2024-12-13T16:58:54.186+0000] {logging_mixin.py:190} INFO - [2024-12-13T16:58:54.185+0000] {override.py:1911} INFO - Created Permission View: can create on DAG Run:example_python_operator
[2024-12-13T16:58:54.186+0000] {logging_mixin.py:190} INFO - [2024-12-13T16:58:54.186+0000] {dag.py:3239} INFO - Sync 1 DAGs
[2024-12-13T16:58:54.194+0000] {logging_mixin.py:190} INFO - [2024-12-13T16:58:54.194+0000] {dag.py:3262} INFO - Creating ORM DAG for example_python_operator
[2024-12-13T16:58:54.195+0000] {logging_mixin.py:190} INFO - [2024-12-13T16:58:54.195+0000] {dag.py:4180} INFO - Setting next_dagrun for example_python_operator to None, run_after=None
[2024-12-13T16:58:54.207+0000] {processor.py:208} INFO - Processing /home/airflow/.local/lib/python3.12/site-packages/airflow/example_dags/example_python_operator.py took 0.145 seconds
[2024-12-13T16:59:24.323+0000] {processor.py:186} INFO - Started process (PID=154) to work on /home/airflow/.local/lib/python3.12/site-packages/airflow/example_dags/example_python_operator.py
[2024-12-13T16:59:24.324+0000] {processor.py:914} INFO - Processing file /home/airflow/.local/lib/python3.12/site-packages/airflow/example_dags/example_python_operator.py for tasks to queue
[2024-12-13T16:59:24.326+0000] {logging_mixin.py:190} INFO - [2024-12-13T16:59:24.326+0000] {dagbag.py:588} INFO - Filling up the DagBag from /home/airflow/.local/lib/python3.12/site-packages/airflow/example_dags/example_python_operator.py
[2024-12-13T16:59:24.334+0000] {processor.py:925} INFO - DAG(s) 'example_python_operator' retrieved from /home/airflow/.local/lib/python3.12/site-packages/airflow/example_dags/example_python_operator.py
[2024-12-13T16:59:24.349+0000] {logging_mixin.py:190} INFO - [2024-12-13T16:59:24.349+0000] {dag.py:3239} INFO - Sync 1 DAGs
[2024-12-13T16:59:24.358+0000] {logging_mixin.py:190} INFO - [2024-12-13T16:59:24.358+0000] {dag.py:4180} INFO - Setting next_dagrun for example_python_operator to None, run_after=None
[2024-12-13T16:59:24.371+0000] {processor.py:208} INFO - Processing /home/airflow/.local/lib/python3.12/site-packages/airflow/example_dags/example_python_operator.py took 0.051 seconds
[2024-12-13T16:59:55.217+0000] {processor.py:186} INFO - Started process (PID=217) to work on /home/airflow/.local/lib/python3.12/site-packages/airflow/example_dags/example_python_operator.py
[2024-12-13T16:59:55.217+0000] {processor.py:914} INFO - Processing file /home/airflow/.local/lib/python3.12/site-packages/airflow/example_dags/example_python_operator.py for tasks to queue
[2024-12-13T16:59:55.219+0000] {logging_mixin.py:190} INFO - [2024-12-13T16:59:55.219+0000] {dagbag.py:588} INFO - Filling up the DagBag from /home/airflow/.local/lib/python3.12/site-packages/airflow/example_dags/example_python_operator.py
[2024-12-13T16:59:55.227+0000] {processor.py:925} INFO - DAG(s) 'example_python_operator' retrieved from /home/airflow/.local/lib/python3.12/site-packages/airflow/example_dags/example_python_operator.py
[2024-12-13T16:59:55.243+0000] {logging_mixin.py:190} INFO - [2024-12-13T16:59:55.242+0000] {dag.py:3239} INFO - Sync 1 DAGs
[2024-12-13T16:59:55.252+0000] {logging_mixin.py:190} INFO - [2024-12-13T16:59:55.252+0000] {dag.py:4180} INFO - Setting next_dagrun for example_python_operator to None, run_after=None
[2024-12-13T16:59:55.267+0000] {processor.py:208} INFO - Processing /home/airflow/.local/lib/python3.12/site-packages/airflow/example_dags/example_python_operator.py took 0.054 seconds
[2024-12-13T17:00:26.248+0000] {processor.py:186} INFO - Started process (PID=280) to work on /home/airflow/.local/lib/python3.12/site-packages/airflow/example_dags/example_python_operator.py
[2024-12-13T17:00:26.249+0000] {processor.py:914} INFO - Processing file /home/airflow/.local/lib/python3.12/site-packages/airflow/example_dags/example_python_operator.py for tasks to queue
[2024-12-13T17:00:26.251+0000] {logging_mixin.py:190} INFO - [2024-12-13T17:00:26.250+0000] {dagbag.py:588} INFO - Filling up the DagBag from /home/airflow/.local/lib/python3.12/site-packages/airflow/example_dags/example_python_operator.py
[2024-12-13T17:00:26.259+0000] {processor.py:925} INFO - DAG(s) 'example_python_operator' retrieved from /home/airflow/.local/lib/python3.12/site-packages/airflow/example_dags/example_python_operator.py
[2024-12-13T17:00:26.274+0000] {logging_mixin.py:190} INFO - [2024-12-13T17:00:26.274+0000] {dag.py:3239} INFO - Sync 1 DAGs
[2024-12-13T17:00:26.283+0000] {logging_mixin.py:190} INFO - [2024-12-13T17:00:26.283+0000] {dag.py:4180} INFO - Setting next_dagrun for example_python_operator to None, run_after=None
[2024-12-13T17:00:26.295+0000] {processor.py:208} INFO - Processing /home/airflow/.local/lib/python3.12/site-packages/airflow/example_dags/example_python_operator.py took 0.051 seconds
[2024-12-13T17:00:57.247+0000] {processor.py:186} INFO - Started process (PID=343) to work on /home/airflow/.local/lib/python3.12/site-packages/airflow/example_dags/example_python_operator.py
[2024-12-13T17:00:57.247+0000] {processor.py:914} INFO - Processing file /home/airflow/.local/lib/python3.12/site-packages/airflow/example_dags/example_python_operator.py for tasks to queue
[2024-12-13T17:00:57.249+0000] {logging_mixin.py:190} INFO - [2024-12-13T17:00:57.249+0000] {dagbag.py:588} INFO - Filling up the DagBag from /home/airflow/.local/lib/python3.12/site-packages/airflow/example_dags/example_python_operator.py
[2024-12-13T17:00:57.257+0000] {processor.py:925} INFO - DAG(s) 'example_python_operator' retrieved from /home/airflow/.local/lib/python3.12/site-packages/airflow/example_dags/example_python_operator.py
[2024-12-13T17:00:57.272+0000] {logging_mixin.py:190} INFO - [2024-12-13T17:00:57.272+0000] {dag.py:3239} INFO - Sync 1 DAGs
[2024-12-13T17:00:57.282+0000] {logging_mixin.py:190} INFO - [2024-12-13T17:00:57.282+0000] {dag.py:4180} INFO - Setting next_dagrun for example_python_operator to None, run_after=None
[2024-12-13T17:00:57.294+0000] {processor.py:208} INFO - Processing /home/airflow/.local/lib/python3.12/site-packages/airflow/example_dags/example_python_operator.py took 0.051 seconds
[2024-12-13T17:01:28.181+0000] {processor.py:186} INFO - Started process (PID=406) to work on /home/airflow/.local/lib/python3.12/site-packages/airflow/example_dags/example_python_operator.py
[2024-12-13T17:01:28.182+0000] {processor.py:914} INFO - Processing file /home/airflow/.local/lib/python3.12/site-packages/airflow/example_dags/example_python_operator.py for tasks to queue
[2024-12-13T17:01:28.183+0000] {logging_mixin.py:190} INFO - [2024-12-13T17:01:28.183+0000] {dagbag.py:588} INFO - Filling up the DagBag from /home/airflow/.local/lib/python3.12/site-packages/airflow/example_dags/example_python_operator.py
[2024-12-13T17:01:28.191+0000] {processor.py:925} INFO - DAG(s) 'example_python_operator' retrieved from /home/airflow/.local/lib/python3.12/site-packages/airflow/example_dags/example_python_operator.py
[2024-12-13T17:01:28.206+0000] {logging_mixin.py:190} INFO - [2024-12-13T17:01:28.206+0000] {dag.py:3239} INFO - Sync 1 DAGs
[2024-12-13T17:01:28.216+0000] {logging_mixin.py:190} INFO - [2024-12-13T17:01:28.216+0000] {dag.py:4180} INFO - Setting next_dagrun for example_python_operator to None, run_after=None
[2024-12-13T17:01:28.229+0000] {processor.py:208} INFO - Processing /home/airflow/.local/lib/python3.12/site-packages/airflow/example_dags/example_python_operator.py took 0.052 seconds
[2024-12-13T17:01:59.347+0000] {processor.py:186} INFO - Started process (PID=469) to work on /home/airflow/.local/lib/python3.12/site-packages/airflow/example_dags/example_python_operator.py
[2024-12-13T17:01:59.348+0000] {processor.py:914} INFO - Processing file /home/airflow/.local/lib/python3.12/site-packages/airflow/example_dags/example_python_operator.py for tasks to queue
[2024-12-13T17:01:59.349+0000] {logging_mixin.py:190} INFO - [2024-12-13T17:01:59.349+0000] {dagbag.py:588} INFO - Filling up the DagBag from /home/airflow/.local/lib/python3.12/site-packages/airflow/example_dags/example_python_operator.py
[2024-12-13T17:01:59.357+0000] {processor.py:925} INFO - DAG(s) 'example_python_operator' retrieved from /home/airflow/.local/lib/python3.12/site-packages/airflow/example_dags/example_python_operator.py
[2024-12-13T17:01:59.373+0000] {logging_mixin.py:190} INFO - [2024-12-13T17:01:59.373+0000] {dag.py:3239} INFO - Sync 1 DAGs
[2024-12-13T17:01:59.383+0000] {logging_mixin.py:190} INFO - [2024-12-13T17:01:59.383+0000] {dag.py:4180} INFO - Setting next_dagrun for example_python_operator to None, run_after=None
[2024-12-13T17:01:59.396+0000] {processor.py:208} INFO - Processing /home/airflow/.local/lib/python3.12/site-packages/airflow/example_dags/example_python_operator.py took 0.053 seconds
[2024-12-13T17:02:30.464+0000] {processor.py:186} INFO - Started process (PID=532) to work on /home/airflow/.local/lib/python3.12/site-packages/airflow/example_dags/example_python_operator.py
[2024-12-13T17:02:30.465+0000] {processor.py:914} INFO - Processing file /home/airflow/.local/lib/python3.12/site-packages/airflow/example_dags/example_python_operator.py for tasks to queue
[2024-12-13T17:02:30.467+0000] {logging_mixin.py:190} INFO - [2024-12-13T17:02:30.466+0000] {dagbag.py:588} INFO - Filling up the DagBag from /home/airflow/.local/lib/python3.12/site-packages/airflow/example_dags/example_python_operator.py
[2024-12-13T17:02:30.475+0000] {processor.py:925} INFO - DAG(s) 'example_python_operator' retrieved from /home/airflow/.local/lib/python3.12/site-packages/airflow/example_dags/example_python_operator.py
[2024-12-13T17:02:30.489+0000] {logging_mixin.py:190} INFO - [2024-12-13T17:02:30.489+0000] {dag.py:3239} INFO - Sync 1 DAGs
[2024-12-13T17:02:30.498+0000] {logging_mixin.py:190} INFO - [2024-12-13T17:02:30.498+0000] {dag.py:4180} INFO - Setting next_dagrun for example_python_operator to None, run_after=None
[2024-12-13T17:02:30.511+0000] {processor.py:208} INFO - Processing /home/airflow/.local/lib/python3.12/site-packages/airflow/example_dags/example_python_operator.py took 0.051 seconds
[2024-12-13T17:03:01.619+0000] {processor.py:186} INFO - Started process (PID=595) to work on /home/airflow/.local/lib/python3.12/site-packages/airflow/example_dags/example_python_operator.py
[2024-12-13T17:03:01.620+0000] {processor.py:914} INFO - Processing file /home/airflow/.local/lib/python3.12/site-packages/airflow/example_dags/example_python_operator.py for tasks to queue
[2024-12-13T17:03:01.622+0000] {logging_mixin.py:190} INFO - [2024-12-13T17:03:01.621+0000] {dagbag.py:588} INFO - Filling up the DagBag from /home/airflow/.local/lib/python3.12/site-packages/airflow/example_dags/example_python_operator.py
[2024-12-13T17:03:01.630+0000] {processor.py:925} INFO - DAG(s) 'example_python_operator' retrieved from /home/airflow/.local/lib/python3.12/site-packages/airflow/example_dags/example_python_operator.py
[2024-12-13T17:03:01.646+0000] {logging_mixin.py:190} INFO - [2024-12-13T17:03:01.646+0000] {dag.py:3239} INFO - Sync 1 DAGs
[2024-12-13T17:03:01.657+0000] {logging_mixin.py:190} INFO - [2024-12-13T17:03:01.656+0000] {dag.py:4180} INFO - Setting next_dagrun for example_python_operator to None, run_after=None
[2024-12-13T17:03:01.671+0000] {processor.py:208} INFO - Processing /home/airflow/.local/lib/python3.12/site-packages/airflow/example_dags/example_python_operator.py took 0.056 seconds
[2024-12-13T17:03:32.096+0000] {processor.py:186} INFO - Started process (PID=658) to work on /home/airflow/.local/lib/python3.12/site-packages/airflow/example_dags/example_python_operator.py
[2024-12-13T17:03:32.097+0000] {processor.py:914} INFO - Processing file /home/airflow/.local/lib/python3.12/site-packages/airflow/example_dags/example_python_operator.py for tasks to queue
[2024-12-13T17:03:32.099+0000] {logging_mixin.py:190} INFO - [2024-12-13T17:03:32.099+0000] {dagbag.py:588} INFO - Filling up the DagBag from /home/airflow/.local/lib/python3.12/site-packages/airflow/example_dags/example_python_operator.py
[2024-12-13T17:03:32.107+0000] {processor.py:925} INFO - DAG(s) 'example_python_operator' retrieved from /home/airflow/.local/lib/python3.12/site-packages/airflow/example_dags/example_python_operator.py
[2024-12-13T17:03:32.124+0000] {logging_mixin.py:190} INFO - [2024-12-13T17:03:32.123+0000] {dag.py:3239} INFO - Sync 1 DAGs
[2024-12-13T17:03:32.133+0000] {logging_mixin.py:190} INFO - [2024-12-13T17:03:32.133+0000] {dag.py:4180} INFO - Setting next_dagrun for example_python_operator to None, run_after=None
[2024-12-13T17:03:32.147+0000] {processor.py:208} INFO - Processing /home/airflow/.local/lib/python3.12/site-packages/airflow/example_dags/example_python_operator.py took 0.055 seconds
[2024-12-13T17:04:03.228+0000] {processor.py:186} INFO - Started process (PID=721) to work on /home/airflow/.local/lib/python3.12/site-packages/airflow/example_dags/example_python_operator.py
[2024-12-13T17:04:03.229+0000] {processor.py:914} INFO - Processing file /home/airflow/.local/lib/python3.12/site-packages/airflow/example_dags/example_python_operator.py for tasks to queue
[2024-12-13T17:04:03.230+0000] {logging_mixin.py:190} INFO - [2024-12-13T17:04:03.230+0000] {dagbag.py:588} INFO - Filling up the DagBag from /home/airflow/.local/lib/python3.12/site-packages/airflow/example_dags/example_python_operator.py
[2024-12-13T17:04:03.238+0000] {processor.py:925} INFO - DAG(s) 'example_python_operator' retrieved from /home/airflow/.local/lib/python3.12/site-packages/airflow/example_dags/example_python_operator.py
[2024-12-13T17:04:03.253+0000] {logging_mixin.py:190} INFO - [2024-12-13T17:04:03.253+0000] {dag.py:3239} INFO - Sync 1 DAGs
[2024-12-13T17:04:03.263+0000] {logging_mixin.py:190} INFO - [2024-12-13T17:04:03.263+0000] {dag.py:4180} INFO - Setting next_dagrun for example_python_operator to None, run_after=None
[2024-12-13T17:04:03.276+0000] {processor.py:208} INFO - Processing /home/airflow/.local/lib/python3.12/site-packages/airflow/example_dags/example_python_operator.py took 0.052 seconds
