[2024-12-13T16:58:54.343+0000] {processor.py:186} INFO - Started process (PID=94) to work on /home/airflow/.local/lib/python3.12/site-packages/airflow/example_dags/example_datasets.py
[2024-12-13T16:58:54.344+0000] {processor.py:914} INFO - Processing file /home/airflow/.local/lib/python3.12/site-packages/airflow/example_dags/example_datasets.py for tasks to queue
[2024-12-13T16:58:54.345+0000] {logging_mixin.py:190} INFO - [2024-12-13T16:58:54.345+0000] {dagbag.py:588} INFO - Filling up the DagBag from /home/airflow/.local/lib/python3.12/site-packages/airflow/example_dags/example_datasets.py
[2024-12-13T16:58:54.729+0000] {processor.py:925} INFO - DAG(s) 'dataset_produces_2', 'dataset_consumes_1', 'dataset_consumes_1_never_scheduled', 'dataset_consumes_unknown_never_scheduled', 'consume_1_or_2_with_dataset_expressions', 'consume_1_or_both_2_and_3_with_dataset_expressions', 'conditional_dataset_and_time_based_timetable', 'dataset_produces_1', 'consume_1_and_2_with_dataset_expressions', 'dataset_consumes_1_and_2' retrieved from /home/airflow/.local/lib/python3.12/site-packages/airflow/example_dags/example_datasets.py
[2024-12-13T16:58:54.802+0000] {logging_mixin.py:190} INFO - [2024-12-13T16:58:54.801+0000] {override.py:1911} INFO - Created Permission View: can edit on DAG:dataset_produces_2
[2024-12-13T16:58:54.809+0000] {logging_mixin.py:190} INFO - [2024-12-13T16:58:54.809+0000] {override.py:1911} INFO - Created Permission View: can read on DAG:dataset_produces_2
[2024-12-13T16:58:54.814+0000] {logging_mixin.py:190} INFO - [2024-12-13T16:58:54.814+0000] {override.py:1911} INFO - Created Permission View: can delete on DAG:dataset_produces_2
[2024-12-13T16:58:54.820+0000] {logging_mixin.py:190} INFO - [2024-12-13T16:58:54.820+0000] {override.py:1911} INFO - Created Permission View: menu access on DAG Run:dataset_produces_2
[2024-12-13T16:58:54.825+0000] {logging_mixin.py:190} INFO - [2024-12-13T16:58:54.824+0000] {override.py:1911} INFO - Created Permission View: can delete on DAG Run:dataset_produces_2
[2024-12-13T16:58:54.829+0000] {logging_mixin.py:190} INFO - [2024-12-13T16:58:54.829+0000] {override.py:1911} INFO - Created Permission View: can read on DAG Run:dataset_produces_2
[2024-12-13T16:58:54.834+0000] {logging_mixin.py:190} INFO - [2024-12-13T16:58:54.834+0000] {override.py:1911} INFO - Created Permission View: can create on DAG Run:dataset_produces_2
[2024-12-13T16:58:54.842+0000] {logging_mixin.py:190} INFO - [2024-12-13T16:58:54.842+0000] {override.py:1911} INFO - Created Permission View: can edit on DAG:dataset_consumes_1
[2024-12-13T16:58:54.848+0000] {logging_mixin.py:190} INFO - [2024-12-13T16:58:54.848+0000] {override.py:1911} INFO - Created Permission View: can read on DAG:dataset_consumes_1
[2024-12-13T16:58:54.853+0000] {logging_mixin.py:190} INFO - [2024-12-13T16:58:54.853+0000] {override.py:1911} INFO - Created Permission View: can delete on DAG:dataset_consumes_1
[2024-12-13T16:58:54.860+0000] {logging_mixin.py:190} INFO - [2024-12-13T16:58:54.860+0000] {override.py:1911} INFO - Created Permission View: menu access on DAG Run:dataset_consumes_1
[2024-12-13T16:58:54.864+0000] {logging_mixin.py:190} INFO - [2024-12-13T16:58:54.864+0000] {override.py:1911} INFO - Created Permission View: can delete on DAG Run:dataset_consumes_1
[2024-12-13T16:58:54.869+0000] {logging_mixin.py:190} INFO - [2024-12-13T16:58:54.868+0000] {override.py:1911} INFO - Created Permission View: can read on DAG Run:dataset_consumes_1
[2024-12-13T16:58:54.873+0000] {logging_mixin.py:190} INFO - [2024-12-13T16:58:54.873+0000] {override.py:1911} INFO - Created Permission View: can create on DAG Run:dataset_consumes_1
[2024-12-13T16:58:54.881+0000] {logging_mixin.py:190} INFO - [2024-12-13T16:58:54.881+0000] {override.py:1911} INFO - Created Permission View: can edit on DAG:dataset_consumes_1_never_scheduled
[2024-12-13T16:58:54.886+0000] {logging_mixin.py:190} INFO - [2024-12-13T16:58:54.886+0000] {override.py:1911} INFO - Created Permission View: can read on DAG:dataset_consumes_1_never_scheduled
[2024-12-13T16:58:54.890+0000] {logging_mixin.py:190} INFO - [2024-12-13T16:58:54.890+0000] {override.py:1911} INFO - Created Permission View: can delete on DAG:dataset_consumes_1_never_scheduled
[2024-12-13T16:58:54.896+0000] {logging_mixin.py:190} INFO - [2024-12-13T16:58:54.895+0000] {override.py:1911} INFO - Created Permission View: menu access on DAG Run:dataset_consumes_1_never_scheduled
[2024-12-13T16:58:54.900+0000] {logging_mixin.py:190} INFO - [2024-12-13T16:58:54.900+0000] {override.py:1911} INFO - Created Permission View: can delete on DAG Run:dataset_consumes_1_never_scheduled
[2024-12-13T16:58:54.905+0000] {logging_mixin.py:190} INFO - [2024-12-13T16:58:54.905+0000] {override.py:1911} INFO - Created Permission View: can read on DAG Run:dataset_consumes_1_never_scheduled
[2024-12-13T16:58:54.910+0000] {logging_mixin.py:190} INFO - [2024-12-13T16:58:54.910+0000] {override.py:1911} INFO - Created Permission View: can create on DAG Run:dataset_consumes_1_never_scheduled
[2024-12-13T16:58:54.919+0000] {logging_mixin.py:190} INFO - [2024-12-13T16:58:54.918+0000] {override.py:1911} INFO - Created Permission View: can edit on DAG:dataset_consumes_unknown_never_scheduled
[2024-12-13T16:58:54.923+0000] {logging_mixin.py:190} INFO - [2024-12-13T16:58:54.923+0000] {override.py:1911} INFO - Created Permission View: can read on DAG:dataset_consumes_unknown_never_scheduled
[2024-12-13T16:58:54.928+0000] {logging_mixin.py:190} INFO - [2024-12-13T16:58:54.928+0000] {override.py:1911} INFO - Created Permission View: can delete on DAG:dataset_consumes_unknown_never_scheduled
[2024-12-13T16:58:54.934+0000] {logging_mixin.py:190} INFO - [2024-12-13T16:58:54.933+0000] {override.py:1911} INFO - Created Permission View: menu access on DAG Run:dataset_consumes_unknown_never_scheduled
[2024-12-13T16:58:54.939+0000] {logging_mixin.py:190} INFO - [2024-12-13T16:58:54.939+0000] {override.py:1911} INFO - Created Permission View: can delete on DAG Run:dataset_consumes_unknown_never_scheduled
[2024-12-13T16:58:54.944+0000] {logging_mixin.py:190} INFO - [2024-12-13T16:58:54.943+0000] {override.py:1911} INFO - Created Permission View: can read on DAG Run:dataset_consumes_unknown_never_scheduled
[2024-12-13T16:58:54.948+0000] {logging_mixin.py:190} INFO - [2024-12-13T16:58:54.948+0000] {override.py:1911} INFO - Created Permission View: can create on DAG Run:dataset_consumes_unknown_never_scheduled
[2024-12-13T16:58:54.957+0000] {logging_mixin.py:190} INFO - [2024-12-13T16:58:54.956+0000] {override.py:1911} INFO - Created Permission View: can edit on DAG:consume_1_or_2_with_dataset_expressions
[2024-12-13T16:58:54.961+0000] {logging_mixin.py:190} INFO - [2024-12-13T16:58:54.961+0000] {override.py:1911} INFO - Created Permission View: can read on DAG:consume_1_or_2_with_dataset_expressions
[2024-12-13T16:58:54.965+0000] {logging_mixin.py:190} INFO - [2024-12-13T16:58:54.965+0000] {override.py:1911} INFO - Created Permission View: can delete on DAG:consume_1_or_2_with_dataset_expressions
[2024-12-13T16:58:54.970+0000] {logging_mixin.py:190} INFO - [2024-12-13T16:58:54.970+0000] {override.py:1911} INFO - Created Permission View: menu access on DAG Run:consume_1_or_2_with_dataset_expressions
[2024-12-13T16:58:54.974+0000] {logging_mixin.py:190} INFO - [2024-12-13T16:58:54.974+0000] {override.py:1911} INFO - Created Permission View: can delete on DAG Run:consume_1_or_2_with_dataset_expressions
[2024-12-13T16:58:54.979+0000] {logging_mixin.py:190} INFO - [2024-12-13T16:58:54.978+0000] {override.py:1911} INFO - Created Permission View: can read on DAG Run:consume_1_or_2_with_dataset_expressions
[2024-12-13T16:58:54.984+0000] {logging_mixin.py:190} INFO - [2024-12-13T16:58:54.983+0000] {override.py:1911} INFO - Created Permission View: can create on DAG Run:consume_1_or_2_with_dataset_expressions
[2024-12-13T16:58:54.991+0000] {logging_mixin.py:190} INFO - [2024-12-13T16:58:54.991+0000] {override.py:1911} INFO - Created Permission View: can edit on DAG:consume_1_or_both_2_and_3_with_dataset_expressions
[2024-12-13T16:58:54.996+0000] {logging_mixin.py:190} INFO - [2024-12-13T16:58:54.996+0000] {override.py:1911} INFO - Created Permission View: can read on DAG:consume_1_or_both_2_and_3_with_dataset_expressions
[2024-12-13T16:58:55.002+0000] {logging_mixin.py:190} INFO - [2024-12-13T16:58:55.002+0000] {override.py:1911} INFO - Created Permission View: can delete on DAG:consume_1_or_both_2_and_3_with_dataset_expressions
[2024-12-13T16:58:55.008+0000] {logging_mixin.py:190} INFO - [2024-12-13T16:58:55.008+0000] {override.py:1911} INFO - Created Permission View: menu access on DAG Run:consume_1_or_both_2_and_3_with_dataset_expressions
[2024-12-13T16:58:55.013+0000] {logging_mixin.py:190} INFO - [2024-12-13T16:58:55.013+0000] {override.py:1911} INFO - Created Permission View: can delete on DAG Run:consume_1_or_both_2_and_3_with_dataset_expressions
[2024-12-13T16:58:55.019+0000] {logging_mixin.py:190} INFO - [2024-12-13T16:58:55.018+0000] {override.py:1911} INFO - Created Permission View: can read on DAG Run:consume_1_or_both_2_and_3_with_dataset_expressions
[2024-12-13T16:58:55.024+0000] {logging_mixin.py:190} INFO - [2024-12-13T16:58:55.024+0000] {override.py:1911} INFO - Created Permission View: can create on DAG Run:consume_1_or_both_2_and_3_with_dataset_expressions
[2024-12-13T16:58:55.034+0000] {logging_mixin.py:190} INFO - [2024-12-13T16:58:55.033+0000] {override.py:1911} INFO - Created Permission View: can edit on DAG:conditional_dataset_and_time_based_timetable
[2024-12-13T16:58:55.038+0000] {logging_mixin.py:190} INFO - [2024-12-13T16:58:55.038+0000] {override.py:1911} INFO - Created Permission View: can read on DAG:conditional_dataset_and_time_based_timetable
[2024-12-13T16:58:55.044+0000] {logging_mixin.py:190} INFO - [2024-12-13T16:58:55.044+0000] {override.py:1911} INFO - Created Permission View: can delete on DAG:conditional_dataset_and_time_based_timetable
[2024-12-13T16:58:55.051+0000] {logging_mixin.py:190} INFO - [2024-12-13T16:58:55.051+0000] {override.py:1911} INFO - Created Permission View: menu access on DAG Run:conditional_dataset_and_time_based_timetable
[2024-12-13T16:58:55.056+0000] {logging_mixin.py:190} INFO - [2024-12-13T16:58:55.056+0000] {override.py:1911} INFO - Created Permission View: can delete on DAG Run:conditional_dataset_and_time_based_timetable
[2024-12-13T16:58:55.061+0000] {logging_mixin.py:190} INFO - [2024-12-13T16:58:55.061+0000] {override.py:1911} INFO - Created Permission View: can read on DAG Run:conditional_dataset_and_time_based_timetable
[2024-12-13T16:58:55.067+0000] {logging_mixin.py:190} INFO - [2024-12-13T16:58:55.066+0000] {override.py:1911} INFO - Created Permission View: can create on DAG Run:conditional_dataset_and_time_based_timetable
[2024-12-13T16:58:55.077+0000] {logging_mixin.py:190} INFO - [2024-12-13T16:58:55.077+0000] {override.py:1911} INFO - Created Permission View: can edit on DAG:dataset_produces_1
[2024-12-13T16:58:55.082+0000] {logging_mixin.py:190} INFO - [2024-12-13T16:58:55.082+0000] {override.py:1911} INFO - Created Permission View: can read on DAG:dataset_produces_1
[2024-12-13T16:58:55.087+0000] {logging_mixin.py:190} INFO - [2024-12-13T16:58:55.087+0000] {override.py:1911} INFO - Created Permission View: can delete on DAG:dataset_produces_1
[2024-12-13T16:58:55.093+0000] {logging_mixin.py:190} INFO - [2024-12-13T16:58:55.092+0000] {override.py:1911} INFO - Created Permission View: menu access on DAG Run:dataset_produces_1
[2024-12-13T16:58:55.097+0000] {logging_mixin.py:190} INFO - [2024-12-13T16:58:55.097+0000] {override.py:1911} INFO - Created Permission View: can delete on DAG Run:dataset_produces_1
[2024-12-13T16:58:55.102+0000] {logging_mixin.py:190} INFO - [2024-12-13T16:58:55.101+0000] {override.py:1911} INFO - Created Permission View: can read on DAG Run:dataset_produces_1
[2024-12-13T16:58:55.107+0000] {logging_mixin.py:190} INFO - [2024-12-13T16:58:55.107+0000] {override.py:1911} INFO - Created Permission View: can create on DAG Run:dataset_produces_1
[2024-12-13T16:58:55.116+0000] {logging_mixin.py:190} INFO - [2024-12-13T16:58:55.116+0000] {override.py:1911} INFO - Created Permission View: can edit on DAG:consume_1_and_2_with_dataset_expressions
[2024-12-13T16:58:55.121+0000] {logging_mixin.py:190} INFO - [2024-12-13T16:58:55.121+0000] {override.py:1911} INFO - Created Permission View: can read on DAG:consume_1_and_2_with_dataset_expressions
[2024-12-13T16:58:55.125+0000] {logging_mixin.py:190} INFO - [2024-12-13T16:58:55.125+0000] {override.py:1911} INFO - Created Permission View: can delete on DAG:consume_1_and_2_with_dataset_expressions
[2024-12-13T16:58:55.130+0000] {logging_mixin.py:190} INFO - [2024-12-13T16:58:55.130+0000] {override.py:1911} INFO - Created Permission View: menu access on DAG Run:consume_1_and_2_with_dataset_expressions
[2024-12-13T16:58:55.135+0000] {logging_mixin.py:190} INFO - [2024-12-13T16:58:55.135+0000] {override.py:1911} INFO - Created Permission View: can delete on DAG Run:consume_1_and_2_with_dataset_expressions
[2024-12-13T16:58:55.139+0000] {logging_mixin.py:190} INFO - [2024-12-13T16:58:55.139+0000] {override.py:1911} INFO - Created Permission View: can read on DAG Run:consume_1_and_2_with_dataset_expressions
[2024-12-13T16:58:55.144+0000] {logging_mixin.py:190} INFO - [2024-12-13T16:58:55.144+0000] {override.py:1911} INFO - Created Permission View: can create on DAG Run:consume_1_and_2_with_dataset_expressions
[2024-12-13T16:58:55.153+0000] {logging_mixin.py:190} INFO - [2024-12-13T16:58:55.153+0000] {override.py:1911} INFO - Created Permission View: can edit on DAG:dataset_consumes_1_and_2
[2024-12-13T16:58:55.158+0000] {logging_mixin.py:190} INFO - [2024-12-13T16:58:55.158+0000] {override.py:1911} INFO - Created Permission View: can read on DAG:dataset_consumes_1_and_2
[2024-12-13T16:58:55.164+0000] {logging_mixin.py:190} INFO - [2024-12-13T16:58:55.164+0000] {override.py:1911} INFO - Created Permission View: can delete on DAG:dataset_consumes_1_and_2
[2024-12-13T16:58:55.170+0000] {logging_mixin.py:190} INFO - [2024-12-13T16:58:55.170+0000] {override.py:1911} INFO - Created Permission View: menu access on DAG Run:dataset_consumes_1_and_2
[2024-12-13T16:58:55.176+0000] {logging_mixin.py:190} INFO - [2024-12-13T16:58:55.176+0000] {override.py:1911} INFO - Created Permission View: can delete on DAG Run:dataset_consumes_1_and_2
[2024-12-13T16:58:55.182+0000] {logging_mixin.py:190} INFO - [2024-12-13T16:58:55.182+0000] {override.py:1911} INFO - Created Permission View: can read on DAG Run:dataset_consumes_1_and_2
[2024-12-13T16:58:55.187+0000] {logging_mixin.py:190} INFO - [2024-12-13T16:58:55.187+0000] {override.py:1911} INFO - Created Permission View: can create on DAG Run:dataset_consumes_1_and_2
[2024-12-13T16:58:55.188+0000] {logging_mixin.py:190} INFO - [2024-12-13T16:58:55.187+0000] {dag.py:3239} INFO - Sync 10 DAGs
[2024-12-13T16:58:55.197+0000] {logging_mixin.py:190} INFO - [2024-12-13T16:58:55.197+0000] {dag.py:3262} INFO - Creating ORM DAG for dataset_produces_2
[2024-12-13T16:58:55.198+0000] {logging_mixin.py:190} INFO - [2024-12-13T16:58:55.198+0000] {dag.py:3262} INFO - Creating ORM DAG for dataset_consumes_1
[2024-12-13T16:58:55.198+0000] {logging_mixin.py:190} INFO - [2024-12-13T16:58:55.198+0000] {dag.py:3262} INFO - Creating ORM DAG for dataset_consumes_1_and_2
[2024-12-13T16:58:55.198+0000] {logging_mixin.py:190} INFO - [2024-12-13T16:58:55.198+0000] {dag.py:3262} INFO - Creating ORM DAG for consume_1_or_2_with_dataset_expressions
[2024-12-13T16:58:55.199+0000] {logging_mixin.py:190} INFO - [2024-12-13T16:58:55.199+0000] {dag.py:3262} INFO - Creating ORM DAG for dataset_consumes_unknown_never_scheduled
[2024-12-13T16:58:55.199+0000] {logging_mixin.py:190} INFO - [2024-12-13T16:58:55.199+0000] {dag.py:3262} INFO - Creating ORM DAG for conditional_dataset_and_time_based_timetable
[2024-12-13T16:58:55.199+0000] {logging_mixin.py:190} INFO - [2024-12-13T16:58:55.199+0000] {dag.py:3262} INFO - Creating ORM DAG for consume_1_and_2_with_dataset_expressions
[2024-12-13T16:58:55.200+0000] {logging_mixin.py:190} INFO - [2024-12-13T16:58:55.200+0000] {dag.py:3262} INFO - Creating ORM DAG for dataset_produces_1
[2024-12-13T16:58:55.200+0000] {logging_mixin.py:190} INFO - [2024-12-13T16:58:55.200+0000] {dag.py:3262} INFO - Creating ORM DAG for consume_1_or_both_2_and_3_with_dataset_expressions
[2024-12-13T16:58:55.200+0000] {logging_mixin.py:190} INFO - [2024-12-13T16:58:55.200+0000] {dag.py:3262} INFO - Creating ORM DAG for dataset_consumes_1_never_scheduled
[2024-12-13T16:58:55.207+0000] {logging_mixin.py:190} INFO - [2024-12-13T16:58:55.207+0000] {dag.py:4180} INFO - Setting next_dagrun for conditional_dataset_and_time_based_timetable to 2024-12-11 01:00:00+00:00, run_after=2024-12-11 01:00:00+00:00
[2024-12-13T16:58:55.208+0000] {logging_mixin.py:190} INFO - [2024-12-13T16:58:55.208+0000] {dag.py:4180} INFO - Setting next_dagrun for consume_1_and_2_with_dataset_expressions to None, run_after=None
[2024-12-13T16:58:55.208+0000] {logging_mixin.py:190} INFO - [2024-12-13T16:58:55.208+0000] {dag.py:4180} INFO - Setting next_dagrun for consume_1_or_2_with_dataset_expressions to None, run_after=None
[2024-12-13T16:58:55.208+0000] {logging_mixin.py:190} INFO - [2024-12-13T16:58:55.208+0000] {dag.py:4180} INFO - Setting next_dagrun for consume_1_or_both_2_and_3_with_dataset_expressions to None, run_after=None
[2024-12-13T16:58:55.209+0000] {logging_mixin.py:190} INFO - [2024-12-13T16:58:55.208+0000] {dag.py:4180} INFO - Setting next_dagrun for dataset_consumes_1 to None, run_after=None
[2024-12-13T16:58:55.209+0000] {logging_mixin.py:190} INFO - [2024-12-13T16:58:55.209+0000] {dag.py:4180} INFO - Setting next_dagrun for dataset_consumes_1_and_2 to None, run_after=None
[2024-12-13T16:58:55.209+0000] {logging_mixin.py:190} INFO - [2024-12-13T16:58:55.209+0000] {dag.py:4180} INFO - Setting next_dagrun for dataset_consumes_1_never_scheduled to None, run_after=None
[2024-12-13T16:58:55.210+0000] {logging_mixin.py:190} INFO - [2024-12-13T16:58:55.210+0000] {dag.py:4180} INFO - Setting next_dagrun for dataset_consumes_unknown_never_scheduled to None, run_after=None
[2024-12-13T16:58:55.211+0000] {logging_mixin.py:190} INFO - [2024-12-13T16:58:55.211+0000] {dag.py:4180} INFO - Setting next_dagrun for dataset_produces_1 to 2024-12-12 00:00:00+00:00, run_after=2024-12-13 00:00:00+00:00
[2024-12-13T16:58:55.211+0000] {logging_mixin.py:190} INFO - [2024-12-13T16:58:55.211+0000] {dag.py:4180} INFO - Setting next_dagrun for dataset_produces_2 to None, run_after=None
[2024-12-13T16:58:55.241+0000] {processor.py:208} INFO - Processing /home/airflow/.local/lib/python3.12/site-packages/airflow/example_dags/example_datasets.py took 0.902 seconds
[2024-12-13T16:59:25.463+0000] {processor.py:186} INFO - Started process (PID=157) to work on /home/airflow/.local/lib/python3.12/site-packages/airflow/example_dags/example_datasets.py
[2024-12-13T16:59:25.465+0000] {processor.py:914} INFO - Processing file /home/airflow/.local/lib/python3.12/site-packages/airflow/example_dags/example_datasets.py for tasks to queue
[2024-12-13T16:59:25.467+0000] {logging_mixin.py:190} INFO - [2024-12-13T16:59:25.466+0000] {dagbag.py:588} INFO - Filling up the DagBag from /home/airflow/.local/lib/python3.12/site-packages/airflow/example_dags/example_datasets.py
[2024-12-13T16:59:25.808+0000] {processor.py:925} INFO - DAG(s) 'dataset_produces_2', 'consume_1_or_2_with_dataset_expressions', 'dataset_consumes_1', 'conditional_dataset_and_time_based_timetable', 'dataset_produces_1', 'consume_1_or_both_2_and_3_with_dataset_expressions', 'dataset_consumes_1_never_scheduled', 'dataset_consumes_unknown_never_scheduled', 'consume_1_and_2_with_dataset_expressions', 'dataset_consumes_1_and_2' retrieved from /home/airflow/.local/lib/python3.12/site-packages/airflow/example_dags/example_datasets.py
[2024-12-13T16:59:25.835+0000] {logging_mixin.py:190} INFO - [2024-12-13T16:59:25.835+0000] {dag.py:3239} INFO - Sync 10 DAGs
[2024-12-13T16:59:25.851+0000] {logging_mixin.py:190} INFO - [2024-12-13T16:59:25.851+0000] {dag.py:4180} INFO - Setting next_dagrun for conditional_dataset_and_time_based_timetable to 2024-12-11 01:00:00+00:00, run_after=2024-12-11 01:00:00+00:00
[2024-12-13T16:59:25.854+0000] {logging_mixin.py:190} INFO - [2024-12-13T16:59:25.854+0000] {dag.py:4180} INFO - Setting next_dagrun for consume_1_and_2_with_dataset_expressions to None, run_after=None
[2024-12-13T16:59:25.855+0000] {logging_mixin.py:190} INFO - [2024-12-13T16:59:25.855+0000] {dag.py:4180} INFO - Setting next_dagrun for consume_1_or_2_with_dataset_expressions to None, run_after=None
[2024-12-13T16:59:25.856+0000] {logging_mixin.py:190} INFO - [2024-12-13T16:59:25.855+0000] {dag.py:4180} INFO - Setting next_dagrun for consume_1_or_both_2_and_3_with_dataset_expressions to None, run_after=None
[2024-12-13T16:59:25.856+0000] {logging_mixin.py:190} INFO - [2024-12-13T16:59:25.856+0000] {dag.py:4180} INFO - Setting next_dagrun for dataset_consumes_1 to None, run_after=None
[2024-12-13T16:59:25.857+0000] {logging_mixin.py:190} INFO - [2024-12-13T16:59:25.857+0000] {dag.py:4180} INFO - Setting next_dagrun for dataset_consumes_1_and_2 to None, run_after=None
[2024-12-13T16:59:25.858+0000] {logging_mixin.py:190} INFO - [2024-12-13T16:59:25.858+0000] {dag.py:4180} INFO - Setting next_dagrun for dataset_consumes_1_never_scheduled to None, run_after=None
[2024-12-13T16:59:25.859+0000] {logging_mixin.py:190} INFO - [2024-12-13T16:59:25.859+0000] {dag.py:4180} INFO - Setting next_dagrun for dataset_consumes_unknown_never_scheduled to None, run_after=None
[2024-12-13T16:59:25.861+0000] {logging_mixin.py:190} INFO - [2024-12-13T16:59:25.861+0000] {dag.py:4180} INFO - Setting next_dagrun for dataset_produces_1 to 2024-12-12 00:00:00+00:00, run_after=2024-12-13 00:00:00+00:00
[2024-12-13T16:59:25.862+0000] {logging_mixin.py:190} INFO - [2024-12-13T16:59:25.861+0000] {dag.py:4180} INFO - Setting next_dagrun for dataset_produces_2 to None, run_after=None
[2024-12-13T16:59:25.887+0000] {processor.py:208} INFO - Processing /home/airflow/.local/lib/python3.12/site-packages/airflow/example_dags/example_datasets.py took 0.428 seconds
[2024-12-13T16:59:56.304+0000] {processor.py:186} INFO - Started process (PID=220) to work on /home/airflow/.local/lib/python3.12/site-packages/airflow/example_dags/example_datasets.py
[2024-12-13T16:59:56.305+0000] {processor.py:914} INFO - Processing file /home/airflow/.local/lib/python3.12/site-packages/airflow/example_dags/example_datasets.py for tasks to queue
[2024-12-13T16:59:56.307+0000] {logging_mixin.py:190} INFO - [2024-12-13T16:59:56.306+0000] {dagbag.py:588} INFO - Filling up the DagBag from /home/airflow/.local/lib/python3.12/site-packages/airflow/example_dags/example_datasets.py
[2024-12-13T16:59:56.682+0000] {processor.py:925} INFO - DAG(s) 'dataset_consumes_1_never_scheduled', 'dataset_consumes_unknown_never_scheduled', 'dataset_produces_2', 'dataset_consumes_1_and_2', 'dataset_consumes_1', 'dataset_produces_1', 'conditional_dataset_and_time_based_timetable', 'consume_1_or_2_with_dataset_expressions', 'consume_1_or_both_2_and_3_with_dataset_expressions', 'consume_1_and_2_with_dataset_expressions' retrieved from /home/airflow/.local/lib/python3.12/site-packages/airflow/example_dags/example_datasets.py
[2024-12-13T16:59:56.711+0000] {logging_mixin.py:190} INFO - [2024-12-13T16:59:56.711+0000] {dag.py:3239} INFO - Sync 10 DAGs
[2024-12-13T16:59:56.727+0000] {logging_mixin.py:190} INFO - [2024-12-13T16:59:56.727+0000] {dag.py:4180} INFO - Setting next_dagrun for conditional_dataset_and_time_based_timetable to 2024-12-11 01:00:00+00:00, run_after=2024-12-11 01:00:00+00:00
[2024-12-13T16:59:56.730+0000] {logging_mixin.py:190} INFO - [2024-12-13T16:59:56.730+0000] {dag.py:4180} INFO - Setting next_dagrun for consume_1_and_2_with_dataset_expressions to None, run_after=None
[2024-12-13T16:59:56.731+0000] {logging_mixin.py:190} INFO - [2024-12-13T16:59:56.731+0000] {dag.py:4180} INFO - Setting next_dagrun for consume_1_or_2_with_dataset_expressions to None, run_after=None
[2024-12-13T16:59:56.732+0000] {logging_mixin.py:190} INFO - [2024-12-13T16:59:56.732+0000] {dag.py:4180} INFO - Setting next_dagrun for consume_1_or_both_2_and_3_with_dataset_expressions to None, run_after=None
[2024-12-13T16:59:56.733+0000] {logging_mixin.py:190} INFO - [2024-12-13T16:59:56.733+0000] {dag.py:4180} INFO - Setting next_dagrun for dataset_consumes_1 to None, run_after=None
[2024-12-13T16:59:56.733+0000] {logging_mixin.py:190} INFO - [2024-12-13T16:59:56.733+0000] {dag.py:4180} INFO - Setting next_dagrun for dataset_consumes_1_and_2 to None, run_after=None
[2024-12-13T16:59:56.734+0000] {logging_mixin.py:190} INFO - [2024-12-13T16:59:56.734+0000] {dag.py:4180} INFO - Setting next_dagrun for dataset_consumes_1_never_scheduled to None, run_after=None
[2024-12-13T16:59:56.735+0000] {logging_mixin.py:190} INFO - [2024-12-13T16:59:56.735+0000] {dag.py:4180} INFO - Setting next_dagrun for dataset_consumes_unknown_never_scheduled to None, run_after=None
[2024-12-13T16:59:56.737+0000] {logging_mixin.py:190} INFO - [2024-12-13T16:59:56.737+0000] {dag.py:4180} INFO - Setting next_dagrun for dataset_produces_1 to 2024-12-12 00:00:00+00:00, run_after=2024-12-13 00:00:00+00:00
[2024-12-13T16:59:56.738+0000] {logging_mixin.py:190} INFO - [2024-12-13T16:59:56.738+0000] {dag.py:4180} INFO - Setting next_dagrun for dataset_produces_2 to None, run_after=None
[2024-12-13T16:59:56.760+0000] {processor.py:208} INFO - Processing /home/airflow/.local/lib/python3.12/site-packages/airflow/example_dags/example_datasets.py took 0.460 seconds
[2024-12-13T17:00:27.458+0000] {processor.py:186} INFO - Started process (PID=285) to work on /home/airflow/.local/lib/python3.12/site-packages/airflow/example_dags/example_datasets.py
[2024-12-13T17:00:27.459+0000] {processor.py:914} INFO - Processing file /home/airflow/.local/lib/python3.12/site-packages/airflow/example_dags/example_datasets.py for tasks to queue
[2024-12-13T17:00:27.460+0000] {logging_mixin.py:190} INFO - [2024-12-13T17:00:27.460+0000] {dagbag.py:588} INFO - Filling up the DagBag from /home/airflow/.local/lib/python3.12/site-packages/airflow/example_dags/example_datasets.py
[2024-12-13T17:00:27.856+0000] {processor.py:925} INFO - DAG(s) 'conditional_dataset_and_time_based_timetable', 'dataset_consumes_1_never_scheduled', 'consume_1_or_both_2_and_3_with_dataset_expressions', 'dataset_produces_2', 'dataset_consumes_unknown_never_scheduled', 'consume_1_or_2_with_dataset_expressions', 'consume_1_and_2_with_dataset_expressions', 'dataset_produces_1', 'dataset_consumes_1_and_2', 'dataset_consumes_1' retrieved from /home/airflow/.local/lib/python3.12/site-packages/airflow/example_dags/example_datasets.py
[2024-12-13T17:00:27.890+0000] {logging_mixin.py:190} INFO - [2024-12-13T17:00:27.889+0000] {dag.py:3239} INFO - Sync 10 DAGs
[2024-12-13T17:00:27.909+0000] {logging_mixin.py:190} INFO - [2024-12-13T17:00:27.909+0000] {dag.py:4180} INFO - Setting next_dagrun for conditional_dataset_and_time_based_timetable to 2024-12-11 01:00:00+00:00, run_after=2024-12-11 01:00:00+00:00
[2024-12-13T17:00:27.913+0000] {logging_mixin.py:190} INFO - [2024-12-13T17:00:27.913+0000] {dag.py:4180} INFO - Setting next_dagrun for consume_1_and_2_with_dataset_expressions to None, run_after=None
[2024-12-13T17:00:27.914+0000] {logging_mixin.py:190} INFO - [2024-12-13T17:00:27.914+0000] {dag.py:4180} INFO - Setting next_dagrun for consume_1_or_2_with_dataset_expressions to None, run_after=None
[2024-12-13T17:00:27.916+0000] {logging_mixin.py:190} INFO - [2024-12-13T17:00:27.915+0000] {dag.py:4180} INFO - Setting next_dagrun for consume_1_or_both_2_and_3_with_dataset_expressions to None, run_after=None
[2024-12-13T17:00:27.917+0000] {logging_mixin.py:190} INFO - [2024-12-13T17:00:27.917+0000] {dag.py:4180} INFO - Setting next_dagrun for dataset_consumes_1 to None, run_after=None
[2024-12-13T17:00:27.918+0000] {logging_mixin.py:190} INFO - [2024-12-13T17:00:27.918+0000] {dag.py:4180} INFO - Setting next_dagrun for dataset_consumes_1_and_2 to None, run_after=None
[2024-12-13T17:00:27.920+0000] {logging_mixin.py:190} INFO - [2024-12-13T17:00:27.919+0000] {dag.py:4180} INFO - Setting next_dagrun for dataset_consumes_1_never_scheduled to None, run_after=None
[2024-12-13T17:00:27.921+0000] {logging_mixin.py:190} INFO - [2024-12-13T17:00:27.921+0000] {dag.py:4180} INFO - Setting next_dagrun for dataset_consumes_unknown_never_scheduled to None, run_after=None
[2024-12-13T17:00:27.923+0000] {logging_mixin.py:190} INFO - [2024-12-13T17:00:27.922+0000] {dag.py:4180} INFO - Setting next_dagrun for dataset_produces_1 to 2024-12-12 00:00:00+00:00, run_after=2024-12-13 00:00:00+00:00
[2024-12-13T17:00:27.924+0000] {logging_mixin.py:190} INFO - [2024-12-13T17:00:27.924+0000] {dag.py:4180} INFO - Setting next_dagrun for dataset_produces_2 to None, run_after=None
[2024-12-13T17:00:27.947+0000] {processor.py:208} INFO - Processing /home/airflow/.local/lib/python3.12/site-packages/airflow/example_dags/example_datasets.py took 0.493 seconds
[2024-12-13T17:00:58.409+0000] {processor.py:186} INFO - Started process (PID=348) to work on /home/airflow/.local/lib/python3.12/site-packages/airflow/example_dags/example_datasets.py
[2024-12-13T17:00:58.410+0000] {processor.py:914} INFO - Processing file /home/airflow/.local/lib/python3.12/site-packages/airflow/example_dags/example_datasets.py for tasks to queue
[2024-12-13T17:00:58.411+0000] {logging_mixin.py:190} INFO - [2024-12-13T17:00:58.411+0000] {dagbag.py:588} INFO - Filling up the DagBag from /home/airflow/.local/lib/python3.12/site-packages/airflow/example_dags/example_datasets.py
[2024-12-13T17:00:58.765+0000] {processor.py:925} INFO - DAG(s) 'dataset_produces_1', 'consume_1_or_both_2_and_3_with_dataset_expressions', 'consume_1_and_2_with_dataset_expressions', 'dataset_consumes_1_never_scheduled', 'dataset_consumes_unknown_never_scheduled', 'dataset_consumes_1', 'consume_1_or_2_with_dataset_expressions', 'dataset_produces_2', 'conditional_dataset_and_time_based_timetable', 'dataset_consumes_1_and_2' retrieved from /home/airflow/.local/lib/python3.12/site-packages/airflow/example_dags/example_datasets.py
[2024-12-13T17:00:58.794+0000] {logging_mixin.py:190} INFO - [2024-12-13T17:00:58.793+0000] {dag.py:3239} INFO - Sync 10 DAGs
[2024-12-13T17:00:58.811+0000] {logging_mixin.py:190} INFO - [2024-12-13T17:00:58.811+0000] {dag.py:4180} INFO - Setting next_dagrun for conditional_dataset_and_time_based_timetable to 2024-12-11 01:00:00+00:00, run_after=2024-12-11 01:00:00+00:00
[2024-12-13T17:00:58.814+0000] {logging_mixin.py:190} INFO - [2024-12-13T17:00:58.813+0000] {dag.py:4180} INFO - Setting next_dagrun for consume_1_and_2_with_dataset_expressions to None, run_after=None
[2024-12-13T17:00:58.815+0000] {logging_mixin.py:190} INFO - [2024-12-13T17:00:58.814+0000] {dag.py:4180} INFO - Setting next_dagrun for consume_1_or_2_with_dataset_expressions to None, run_after=None
[2024-12-13T17:00:58.815+0000] {logging_mixin.py:190} INFO - [2024-12-13T17:00:58.815+0000] {dag.py:4180} INFO - Setting next_dagrun for consume_1_or_both_2_and_3_with_dataset_expressions to None, run_after=None
[2024-12-13T17:00:58.816+0000] {logging_mixin.py:190} INFO - [2024-12-13T17:00:58.816+0000] {dag.py:4180} INFO - Setting next_dagrun for dataset_consumes_1 to None, run_after=None
[2024-12-13T17:00:58.817+0000] {logging_mixin.py:190} INFO - [2024-12-13T17:00:58.817+0000] {dag.py:4180} INFO - Setting next_dagrun for dataset_consumes_1_and_2 to None, run_after=None
[2024-12-13T17:00:58.818+0000] {logging_mixin.py:190} INFO - [2024-12-13T17:00:58.818+0000] {dag.py:4180} INFO - Setting next_dagrun for dataset_consumes_1_never_scheduled to None, run_after=None
[2024-12-13T17:00:58.819+0000] {logging_mixin.py:190} INFO - [2024-12-13T17:00:58.819+0000] {dag.py:4180} INFO - Setting next_dagrun for dataset_consumes_unknown_never_scheduled to None, run_after=None
[2024-12-13T17:00:58.820+0000] {logging_mixin.py:190} INFO - [2024-12-13T17:00:58.820+0000] {dag.py:4180} INFO - Setting next_dagrun for dataset_produces_1 to 2024-12-12 00:00:00+00:00, run_after=2024-12-13 00:00:00+00:00
[2024-12-13T17:00:58.821+0000] {logging_mixin.py:190} INFO - [2024-12-13T17:00:58.821+0000] {dag.py:4180} INFO - Setting next_dagrun for dataset_produces_2 to None, run_after=None
[2024-12-13T17:00:58.845+0000] {processor.py:208} INFO - Processing /home/airflow/.local/lib/python3.12/site-packages/airflow/example_dags/example_datasets.py took 0.439 seconds
[2024-12-13T17:01:29.357+0000] {processor.py:186} INFO - Started process (PID=411) to work on /home/airflow/.local/lib/python3.12/site-packages/airflow/example_dags/example_datasets.py
[2024-12-13T17:01:29.358+0000] {processor.py:914} INFO - Processing file /home/airflow/.local/lib/python3.12/site-packages/airflow/example_dags/example_datasets.py for tasks to queue
[2024-12-13T17:01:29.360+0000] {logging_mixin.py:190} INFO - [2024-12-13T17:01:29.360+0000] {dagbag.py:588} INFO - Filling up the DagBag from /home/airflow/.local/lib/python3.12/site-packages/airflow/example_dags/example_datasets.py
[2024-12-13T17:01:29.712+0000] {processor.py:925} INFO - DAG(s) 'dataset_consumes_unknown_never_scheduled', 'consume_1_or_both_2_and_3_with_dataset_expressions', 'dataset_produces_1', 'dataset_consumes_1', 'consume_1_and_2_with_dataset_expressions', 'dataset_consumes_1_never_scheduled', 'conditional_dataset_and_time_based_timetable', 'dataset_consumes_1_and_2', 'dataset_produces_2', 'consume_1_or_2_with_dataset_expressions' retrieved from /home/airflow/.local/lib/python3.12/site-packages/airflow/example_dags/example_datasets.py
[2024-12-13T17:01:29.745+0000] {logging_mixin.py:190} INFO - [2024-12-13T17:01:29.744+0000] {dag.py:3239} INFO - Sync 10 DAGs
[2024-12-13T17:01:29.762+0000] {logging_mixin.py:190} INFO - [2024-12-13T17:01:29.762+0000] {dag.py:4180} INFO - Setting next_dagrun for conditional_dataset_and_time_based_timetable to 2024-12-11 01:00:00+00:00, run_after=2024-12-11 01:00:00+00:00
[2024-12-13T17:01:29.765+0000] {logging_mixin.py:190} INFO - [2024-12-13T17:01:29.765+0000] {dag.py:4180} INFO - Setting next_dagrun for consume_1_and_2_with_dataset_expressions to None, run_after=None
[2024-12-13T17:01:29.766+0000] {logging_mixin.py:190} INFO - [2024-12-13T17:01:29.766+0000] {dag.py:4180} INFO - Setting next_dagrun for consume_1_or_2_with_dataset_expressions to None, run_after=None
[2024-12-13T17:01:29.767+0000] {logging_mixin.py:190} INFO - [2024-12-13T17:01:29.767+0000] {dag.py:4180} INFO - Setting next_dagrun for consume_1_or_both_2_and_3_with_dataset_expressions to None, run_after=None
[2024-12-13T17:01:29.769+0000] {logging_mixin.py:190} INFO - [2024-12-13T17:01:29.768+0000] {dag.py:4180} INFO - Setting next_dagrun for dataset_consumes_1 to None, run_after=None
[2024-12-13T17:01:29.770+0000] {logging_mixin.py:190} INFO - [2024-12-13T17:01:29.769+0000] {dag.py:4180} INFO - Setting next_dagrun for dataset_consumes_1_and_2 to None, run_after=None
[2024-12-13T17:01:29.771+0000] {logging_mixin.py:190} INFO - [2024-12-13T17:01:29.771+0000] {dag.py:4180} INFO - Setting next_dagrun for dataset_consumes_1_never_scheduled to None, run_after=None
[2024-12-13T17:01:29.772+0000] {logging_mixin.py:190} INFO - [2024-12-13T17:01:29.772+0000] {dag.py:4180} INFO - Setting next_dagrun for dataset_consumes_unknown_never_scheduled to None, run_after=None
[2024-12-13T17:01:29.774+0000] {logging_mixin.py:190} INFO - [2024-12-13T17:01:29.774+0000] {dag.py:4180} INFO - Setting next_dagrun for dataset_produces_1 to 2024-12-12 00:00:00+00:00, run_after=2024-12-13 00:00:00+00:00
[2024-12-13T17:01:29.775+0000] {logging_mixin.py:190} INFO - [2024-12-13T17:01:29.775+0000] {dag.py:4180} INFO - Setting next_dagrun for dataset_produces_2 to None, run_after=None
[2024-12-13T17:01:29.799+0000] {processor.py:208} INFO - Processing /home/airflow/.local/lib/python3.12/site-packages/airflow/example_dags/example_datasets.py took 0.446 seconds
[2024-12-13T17:01:59.879+0000] {processor.py:186} INFO - Started process (PID=480) to work on /home/airflow/.local/lib/python3.12/site-packages/airflow/example_dags/example_datasets.py
[2024-12-13T17:01:59.880+0000] {processor.py:914} INFO - Processing file /home/airflow/.local/lib/python3.12/site-packages/airflow/example_dags/example_datasets.py for tasks to queue
[2024-12-13T17:01:59.881+0000] {logging_mixin.py:190} INFO - [2024-12-13T17:01:59.881+0000] {dagbag.py:588} INFO - Filling up the DagBag from /home/airflow/.local/lib/python3.12/site-packages/airflow/example_dags/example_datasets.py
[2024-12-13T17:02:00.231+0000] {processor.py:925} INFO - DAG(s) 'dataset_consumes_1_and_2', 'dataset_produces_2', 'dataset_produces_1', 'dataset_consumes_unknown_never_scheduled', 'consume_1_or_2_with_dataset_expressions', 'consume_1_or_both_2_and_3_with_dataset_expressions', 'dataset_consumes_1', 'dataset_consumes_1_never_scheduled', 'consume_1_and_2_with_dataset_expressions', 'conditional_dataset_and_time_based_timetable' retrieved from /home/airflow/.local/lib/python3.12/site-packages/airflow/example_dags/example_datasets.py
[2024-12-13T17:02:00.261+0000] {logging_mixin.py:190} INFO - [2024-12-13T17:02:00.261+0000] {dag.py:3239} INFO - Sync 10 DAGs
[2024-12-13T17:02:00.278+0000] {logging_mixin.py:190} INFO - [2024-12-13T17:02:00.278+0000] {dag.py:4180} INFO - Setting next_dagrun for conditional_dataset_and_time_based_timetable to 2024-12-11 01:00:00+00:00, run_after=2024-12-11 01:00:00+00:00
[2024-12-13T17:02:00.281+0000] {logging_mixin.py:190} INFO - [2024-12-13T17:02:00.281+0000] {dag.py:4180} INFO - Setting next_dagrun for consume_1_and_2_with_dataset_expressions to None, run_after=None
[2024-12-13T17:02:00.282+0000] {logging_mixin.py:190} INFO - [2024-12-13T17:02:00.282+0000] {dag.py:4180} INFO - Setting next_dagrun for consume_1_or_2_with_dataset_expressions to None, run_after=None
[2024-12-13T17:02:00.283+0000] {logging_mixin.py:190} INFO - [2024-12-13T17:02:00.283+0000] {dag.py:4180} INFO - Setting next_dagrun for consume_1_or_both_2_and_3_with_dataset_expressions to None, run_after=None
[2024-12-13T17:02:00.284+0000] {logging_mixin.py:190} INFO - [2024-12-13T17:02:00.283+0000] {dag.py:4180} INFO - Setting next_dagrun for dataset_consumes_1 to None, run_after=None
[2024-12-13T17:02:00.284+0000] {logging_mixin.py:190} INFO - [2024-12-13T17:02:00.284+0000] {dag.py:4180} INFO - Setting next_dagrun for dataset_consumes_1_and_2 to None, run_after=None
[2024-12-13T17:02:00.285+0000] {logging_mixin.py:190} INFO - [2024-12-13T17:02:00.285+0000] {dag.py:4180} INFO - Setting next_dagrun for dataset_consumes_1_never_scheduled to None, run_after=None
[2024-12-13T17:02:00.286+0000] {logging_mixin.py:190} INFO - [2024-12-13T17:02:00.286+0000] {dag.py:4180} INFO - Setting next_dagrun for dataset_consumes_unknown_never_scheduled to None, run_after=None
[2024-12-13T17:02:00.288+0000] {logging_mixin.py:190} INFO - [2024-12-13T17:02:00.288+0000] {dag.py:4180} INFO - Setting next_dagrun for dataset_produces_1 to 2024-12-12 00:00:00+00:00, run_after=2024-12-13 00:00:00+00:00
[2024-12-13T17:02:00.289+0000] {logging_mixin.py:190} INFO - [2024-12-13T17:02:00.289+0000] {dag.py:4180} INFO - Setting next_dagrun for dataset_produces_2 to None, run_after=None
[2024-12-13T17:02:00.314+0000] {processor.py:208} INFO - Processing /home/airflow/.local/lib/python3.12/site-packages/airflow/example_dags/example_datasets.py took 0.439 seconds
[2024-12-13T17:02:30.944+0000] {processor.py:186} INFO - Started process (PID=543) to work on /home/airflow/.local/lib/python3.12/site-packages/airflow/example_dags/example_datasets.py
[2024-12-13T17:02:30.945+0000] {processor.py:914} INFO - Processing file /home/airflow/.local/lib/python3.12/site-packages/airflow/example_dags/example_datasets.py for tasks to queue
[2024-12-13T17:02:30.946+0000] {logging_mixin.py:190} INFO - [2024-12-13T17:02:30.946+0000] {dagbag.py:588} INFO - Filling up the DagBag from /home/airflow/.local/lib/python3.12/site-packages/airflow/example_dags/example_datasets.py
[2024-12-13T17:02:31.290+0000] {processor.py:925} INFO - DAG(s) 'consume_1_or_both_2_and_3_with_dataset_expressions', 'dataset_consumes_1_and_2', 'consume_1_and_2_with_dataset_expressions', 'conditional_dataset_and_time_based_timetable', 'dataset_consumes_unknown_never_scheduled', 'dataset_consumes_1_never_scheduled', 'dataset_produces_2', 'dataset_produces_1', 'dataset_consumes_1', 'consume_1_or_2_with_dataset_expressions' retrieved from /home/airflow/.local/lib/python3.12/site-packages/airflow/example_dags/example_datasets.py
[2024-12-13T17:02:31.317+0000] {logging_mixin.py:190} INFO - [2024-12-13T17:02:31.317+0000] {dag.py:3239} INFO - Sync 10 DAGs
[2024-12-13T17:02:31.335+0000] {logging_mixin.py:190} INFO - [2024-12-13T17:02:31.335+0000] {dag.py:4180} INFO - Setting next_dagrun for conditional_dataset_and_time_based_timetable to 2024-12-11 01:00:00+00:00, run_after=2024-12-11 01:00:00+00:00
[2024-12-13T17:02:31.338+0000] {logging_mixin.py:190} INFO - [2024-12-13T17:02:31.338+0000] {dag.py:4180} INFO - Setting next_dagrun for consume_1_and_2_with_dataset_expressions to None, run_after=None
[2024-12-13T17:02:31.339+0000] {logging_mixin.py:190} INFO - [2024-12-13T17:02:31.339+0000] {dag.py:4180} INFO - Setting next_dagrun for consume_1_or_2_with_dataset_expressions to None, run_after=None
[2024-12-13T17:02:31.340+0000] {logging_mixin.py:190} INFO - [2024-12-13T17:02:31.339+0000] {dag.py:4180} INFO - Setting next_dagrun for consume_1_or_both_2_and_3_with_dataset_expressions to None, run_after=None
[2024-12-13T17:02:31.341+0000] {logging_mixin.py:190} INFO - [2024-12-13T17:02:31.341+0000] {dag.py:4180} INFO - Setting next_dagrun for dataset_consumes_1 to None, run_after=None
[2024-12-13T17:02:31.342+0000] {logging_mixin.py:190} INFO - [2024-12-13T17:02:31.342+0000] {dag.py:4180} INFO - Setting next_dagrun for dataset_consumes_1_and_2 to None, run_after=None
[2024-12-13T17:02:31.343+0000] {logging_mixin.py:190} INFO - [2024-12-13T17:02:31.342+0000] {dag.py:4180} INFO - Setting next_dagrun for dataset_consumes_1_never_scheduled to None, run_after=None
[2024-12-13T17:02:31.343+0000] {logging_mixin.py:190} INFO - [2024-12-13T17:02:31.343+0000] {dag.py:4180} INFO - Setting next_dagrun for dataset_consumes_unknown_never_scheduled to None, run_after=None
[2024-12-13T17:02:31.345+0000] {logging_mixin.py:190} INFO - [2024-12-13T17:02:31.345+0000] {dag.py:4180} INFO - Setting next_dagrun for dataset_produces_1 to 2024-12-12 00:00:00+00:00, run_after=2024-12-13 00:00:00+00:00
[2024-12-13T17:02:31.346+0000] {logging_mixin.py:190} INFO - [2024-12-13T17:02:31.346+0000] {dag.py:4180} INFO - Setting next_dagrun for dataset_produces_2 to None, run_after=None
[2024-12-13T17:02:31.370+0000] {processor.py:208} INFO - Processing /home/airflow/.local/lib/python3.12/site-packages/airflow/example_dags/example_datasets.py took 0.430 seconds
[2024-12-13T17:03:02.190+0000] {processor.py:186} INFO - Started process (PID=608) to work on /home/airflow/.local/lib/python3.12/site-packages/airflow/example_dags/example_datasets.py
[2024-12-13T17:03:02.190+0000] {processor.py:914} INFO - Processing file /home/airflow/.local/lib/python3.12/site-packages/airflow/example_dags/example_datasets.py for tasks to queue
[2024-12-13T17:03:02.192+0000] {logging_mixin.py:190} INFO - [2024-12-13T17:03:02.192+0000] {dagbag.py:588} INFO - Filling up the DagBag from /home/airflow/.local/lib/python3.12/site-packages/airflow/example_dags/example_datasets.py
[2024-12-13T17:03:02.513+0000] {processor.py:925} INFO - DAG(s) 'consume_1_or_both_2_and_3_with_dataset_expressions', 'dataset_consumes_1_and_2', 'dataset_consumes_1_never_scheduled', 'consume_1_and_2_with_dataset_expressions', 'consume_1_or_2_with_dataset_expressions', 'dataset_consumes_1', 'dataset_produces_1', 'dataset_produces_2', 'conditional_dataset_and_time_based_timetable', 'dataset_consumes_unknown_never_scheduled' retrieved from /home/airflow/.local/lib/python3.12/site-packages/airflow/example_dags/example_datasets.py
[2024-12-13T17:03:02.542+0000] {logging_mixin.py:190} INFO - [2024-12-13T17:03:02.542+0000] {dag.py:3239} INFO - Sync 10 DAGs
[2024-12-13T17:03:02.558+0000] {logging_mixin.py:190} INFO - [2024-12-13T17:03:02.558+0000] {dag.py:4180} INFO - Setting next_dagrun for conditional_dataset_and_time_based_timetable to 2024-12-11 01:00:00+00:00, run_after=2024-12-11 01:00:00+00:00
[2024-12-13T17:03:02.562+0000] {logging_mixin.py:190} INFO - [2024-12-13T17:03:02.562+0000] {dag.py:4180} INFO - Setting next_dagrun for consume_1_and_2_with_dataset_expressions to None, run_after=None
[2024-12-13T17:03:02.563+0000] {logging_mixin.py:190} INFO - [2024-12-13T17:03:02.563+0000] {dag.py:4180} INFO - Setting next_dagrun for consume_1_or_2_with_dataset_expressions to None, run_after=None
[2024-12-13T17:03:02.564+0000] {logging_mixin.py:190} INFO - [2024-12-13T17:03:02.564+0000] {dag.py:4180} INFO - Setting next_dagrun for consume_1_or_both_2_and_3_with_dataset_expressions to None, run_after=None
[2024-12-13T17:03:02.565+0000] {logging_mixin.py:190} INFO - [2024-12-13T17:03:02.565+0000] {dag.py:4180} INFO - Setting next_dagrun for dataset_consumes_1 to None, run_after=None
[2024-12-13T17:03:02.565+0000] {logging_mixin.py:190} INFO - [2024-12-13T17:03:02.565+0000] {dag.py:4180} INFO - Setting next_dagrun for dataset_consumes_1_and_2 to None, run_after=None
[2024-12-13T17:03:02.566+0000] {logging_mixin.py:190} INFO - [2024-12-13T17:03:02.566+0000] {dag.py:4180} INFO - Setting next_dagrun for dataset_consumes_1_never_scheduled to None, run_after=None
[2024-12-13T17:03:02.567+0000] {logging_mixin.py:190} INFO - [2024-12-13T17:03:02.567+0000] {dag.py:4180} INFO - Setting next_dagrun for dataset_consumes_unknown_never_scheduled to None, run_after=None
[2024-12-13T17:03:02.569+0000] {logging_mixin.py:190} INFO - [2024-12-13T17:03:02.569+0000] {dag.py:4180} INFO - Setting next_dagrun for dataset_produces_1 to 2024-12-12 00:00:00+00:00, run_after=2024-12-13 00:00:00+00:00
[2024-12-13T17:03:02.570+0000] {logging_mixin.py:190} INFO - [2024-12-13T17:03:02.570+0000] {dag.py:4180} INFO - Setting next_dagrun for dataset_produces_2 to None, run_after=None
[2024-12-13T17:03:02.594+0000] {processor.py:208} INFO - Processing /home/airflow/.local/lib/python3.12/site-packages/airflow/example_dags/example_datasets.py took 0.408 seconds
[2024-12-13T17:03:33.577+0000] {processor.py:186} INFO - Started process (PID=671) to work on /home/airflow/.local/lib/python3.12/site-packages/airflow/example_dags/example_datasets.py
[2024-12-13T17:03:33.578+0000] {processor.py:914} INFO - Processing file /home/airflow/.local/lib/python3.12/site-packages/airflow/example_dags/example_datasets.py for tasks to queue
[2024-12-13T17:03:33.580+0000] {logging_mixin.py:190} INFO - [2024-12-13T17:03:33.579+0000] {dagbag.py:588} INFO - Filling up the DagBag from /home/airflow/.local/lib/python3.12/site-packages/airflow/example_dags/example_datasets.py
[2024-12-13T17:03:34.008+0000] {processor.py:925} INFO - DAG(s) 'dataset_consumes_1_never_scheduled', 'conditional_dataset_and_time_based_timetable', 'dataset_produces_2', 'consume_1_or_both_2_and_3_with_dataset_expressions', 'dataset_consumes_unknown_never_scheduled', 'dataset_consumes_1_and_2', 'dataset_produces_1', 'consume_1_or_2_with_dataset_expressions', 'dataset_consumes_1', 'consume_1_and_2_with_dataset_expressions' retrieved from /home/airflow/.local/lib/python3.12/site-packages/airflow/example_dags/example_datasets.py
[2024-12-13T17:03:34.043+0000] {logging_mixin.py:190} INFO - [2024-12-13T17:03:34.043+0000] {dag.py:3239} INFO - Sync 10 DAGs
[2024-12-13T17:03:34.062+0000] {logging_mixin.py:190} INFO - [2024-12-13T17:03:34.062+0000] {dag.py:4180} INFO - Setting next_dagrun for conditional_dataset_and_time_based_timetable to 2024-12-11 01:00:00+00:00, run_after=2024-12-11 01:00:00+00:00
[2024-12-13T17:03:34.065+0000] {logging_mixin.py:190} INFO - [2024-12-13T17:03:34.064+0000] {dag.py:4180} INFO - Setting next_dagrun for consume_1_and_2_with_dataset_expressions to None, run_after=None
[2024-12-13T17:03:34.066+0000] {logging_mixin.py:190} INFO - [2024-12-13T17:03:34.065+0000] {dag.py:4180} INFO - Setting next_dagrun for consume_1_or_2_with_dataset_expressions to None, run_after=None
[2024-12-13T17:03:34.066+0000] {logging_mixin.py:190} INFO - [2024-12-13T17:03:34.066+0000] {dag.py:4180} INFO - Setting next_dagrun for consume_1_or_both_2_and_3_with_dataset_expressions to None, run_after=None
[2024-12-13T17:03:34.067+0000] {logging_mixin.py:190} INFO - [2024-12-13T17:03:34.067+0000] {dag.py:4180} INFO - Setting next_dagrun for dataset_consumes_1 to None, run_after=None
[2024-12-13T17:03:34.068+0000] {logging_mixin.py:190} INFO - [2024-12-13T17:03:34.068+0000] {dag.py:4180} INFO - Setting next_dagrun for dataset_consumes_1_and_2 to None, run_after=None
[2024-12-13T17:03:34.069+0000] {logging_mixin.py:190} INFO - [2024-12-13T17:03:34.069+0000] {dag.py:4180} INFO - Setting next_dagrun for dataset_consumes_1_never_scheduled to None, run_after=None
[2024-12-13T17:03:34.070+0000] {logging_mixin.py:190} INFO - [2024-12-13T17:03:34.070+0000] {dag.py:4180} INFO - Setting next_dagrun for dataset_consumes_unknown_never_scheduled to None, run_after=None
[2024-12-13T17:03:34.072+0000] {logging_mixin.py:190} INFO - [2024-12-13T17:03:34.072+0000] {dag.py:4180} INFO - Setting next_dagrun for dataset_produces_1 to 2024-12-12 00:00:00+00:00, run_after=2024-12-13 00:00:00+00:00
[2024-12-13T17:03:34.072+0000] {logging_mixin.py:190} INFO - [2024-12-13T17:03:34.072+0000] {dag.py:4180} INFO - Setting next_dagrun for dataset_produces_2 to None, run_after=None
[2024-12-13T17:03:34.096+0000] {processor.py:208} INFO - Processing /home/airflow/.local/lib/python3.12/site-packages/airflow/example_dags/example_datasets.py took 0.524 seconds
[2024-12-13T17:04:04.146+0000] {processor.py:186} INFO - Started process (PID=740) to work on /home/airflow/.local/lib/python3.12/site-packages/airflow/example_dags/example_datasets.py
[2024-12-13T17:04:04.147+0000] {processor.py:914} INFO - Processing file /home/airflow/.local/lib/python3.12/site-packages/airflow/example_dags/example_datasets.py for tasks to queue
[2024-12-13T17:04:04.148+0000] {logging_mixin.py:190} INFO - [2024-12-13T17:04:04.148+0000] {dagbag.py:588} INFO - Filling up the DagBag from /home/airflow/.local/lib/python3.12/site-packages/airflow/example_dags/example_datasets.py
[2024-12-13T17:04:04.560+0000] {processor.py:925} INFO - DAG(s) 'conditional_dataset_and_time_based_timetable', 'dataset_produces_1', 'dataset_consumes_1', 'consume_1_or_2_with_dataset_expressions', 'consume_1_and_2_with_dataset_expressions', 'consume_1_or_both_2_and_3_with_dataset_expressions', 'dataset_consumes_unknown_never_scheduled', 'dataset_consumes_1_and_2', 'dataset_produces_2', 'dataset_consumes_1_never_scheduled' retrieved from /home/airflow/.local/lib/python3.12/site-packages/airflow/example_dags/example_datasets.py
[2024-12-13T17:04:04.588+0000] {logging_mixin.py:190} INFO - [2024-12-13T17:04:04.588+0000] {dag.py:3239} INFO - Sync 10 DAGs
[2024-12-13T17:04:04.605+0000] {logging_mixin.py:190} INFO - [2024-12-13T17:04:04.604+0000] {dag.py:4180} INFO - Setting next_dagrun for conditional_dataset_and_time_based_timetable to 2024-12-11 01:00:00+00:00, run_after=2024-12-11 01:00:00+00:00
[2024-12-13T17:04:04.608+0000] {logging_mixin.py:190} INFO - [2024-12-13T17:04:04.607+0000] {dag.py:4180} INFO - Setting next_dagrun for consume_1_and_2_with_dataset_expressions to None, run_after=None
[2024-12-13T17:04:04.609+0000] {logging_mixin.py:190} INFO - [2024-12-13T17:04:04.608+0000] {dag.py:4180} INFO - Setting next_dagrun for consume_1_or_2_with_dataset_expressions to None, run_after=None
[2024-12-13T17:04:04.609+0000] {logging_mixin.py:190} INFO - [2024-12-13T17:04:04.609+0000] {dag.py:4180} INFO - Setting next_dagrun for consume_1_or_both_2_and_3_with_dataset_expressions to None, run_after=None
[2024-12-13T17:04:04.610+0000] {logging_mixin.py:190} INFO - [2024-12-13T17:04:04.610+0000] {dag.py:4180} INFO - Setting next_dagrun for dataset_consumes_1 to None, run_after=None
[2024-12-13T17:04:04.611+0000] {logging_mixin.py:190} INFO - [2024-12-13T17:04:04.611+0000] {dag.py:4180} INFO - Setting next_dagrun for dataset_consumes_1_and_2 to None, run_after=None
[2024-12-13T17:04:04.612+0000] {logging_mixin.py:190} INFO - [2024-12-13T17:04:04.612+0000] {dag.py:4180} INFO - Setting next_dagrun for dataset_consumes_1_never_scheduled to None, run_after=None
[2024-12-13T17:04:04.612+0000] {logging_mixin.py:190} INFO - [2024-12-13T17:04:04.612+0000] {dag.py:4180} INFO - Setting next_dagrun for dataset_consumes_unknown_never_scheduled to None, run_after=None
[2024-12-13T17:04:04.614+0000] {logging_mixin.py:190} INFO - [2024-12-13T17:04:04.614+0000] {dag.py:4180} INFO - Setting next_dagrun for dataset_produces_1 to 2024-12-12 00:00:00+00:00, run_after=2024-12-13 00:00:00+00:00
[2024-12-13T17:04:04.615+0000] {logging_mixin.py:190} INFO - [2024-12-13T17:04:04.615+0000] {dag.py:4180} INFO - Setting next_dagrun for dataset_produces_2 to None, run_after=None
[2024-12-13T17:04:04.639+0000] {processor.py:208} INFO - Processing /home/airflow/.local/lib/python3.12/site-packages/airflow/example_dags/example_datasets.py took 0.497 seconds
