[2024-12-13T16:58:56.106+0000] {processor.py:186} INFO - Started process (PID=111) to work on /home/airflow/.local/lib/python3.12/site-packages/airflow/example_dags/example_short_circuit_operator.py
[2024-12-13T16:58:56.106+0000] {processor.py:914} INFO - Processing file /home/airflow/.local/lib/python3.12/site-packages/airflow/example_dags/example_short_circuit_operator.py for tasks to queue
[2024-12-13T16:58:56.108+0000] {logging_mixin.py:190} INFO - [2024-12-13T16:58:56.107+0000] {dagbag.py:588} INFO - Filling up the DagBag from /home/airflow/.local/lib/python3.12/site-packages/airflow/example_dags/example_short_circuit_operator.py
[2024-12-13T16:58:56.115+0000] {processor.py:925} INFO - DAG(s) 'example_short_circuit_operator' retrieved from /home/airflow/.local/lib/python3.12/site-packages/airflow/example_dags/example_short_circuit_operator.py
[2024-12-13T16:58:56.187+0000] {logging_mixin.py:190} INFO - [2024-12-13T16:58:56.187+0000] {override.py:1911} INFO - Created Permission View: can edit on DAG:example_short_circuit_operator
[2024-12-13T16:58:56.194+0000] {logging_mixin.py:190} INFO - [2024-12-13T16:58:56.194+0000] {override.py:1911} INFO - Created Permission View: can read on DAG:example_short_circuit_operator
[2024-12-13T16:58:56.199+0000] {logging_mixin.py:190} INFO - [2024-12-13T16:58:56.199+0000] {override.py:1911} INFO - Created Permission View: can delete on DAG:example_short_circuit_operator
[2024-12-13T16:58:56.204+0000] {logging_mixin.py:190} INFO - [2024-12-13T16:58:56.204+0000] {override.py:1911} INFO - Created Permission View: menu access on DAG Run:example_short_circuit_operator
[2024-12-13T16:58:56.208+0000] {logging_mixin.py:190} INFO - [2024-12-13T16:58:56.208+0000] {override.py:1911} INFO - Created Permission View: can delete on DAG Run:example_short_circuit_operator
[2024-12-13T16:58:56.213+0000] {logging_mixin.py:190} INFO - [2024-12-13T16:58:56.213+0000] {override.py:1911} INFO - Created Permission View: can read on DAG Run:example_short_circuit_operator
[2024-12-13T16:58:56.217+0000] {logging_mixin.py:190} INFO - [2024-12-13T16:58:56.217+0000] {override.py:1911} INFO - Created Permission View: can create on DAG Run:example_short_circuit_operator
[2024-12-13T16:58:56.217+0000] {logging_mixin.py:190} INFO - [2024-12-13T16:58:56.217+0000] {dag.py:3239} INFO - Sync 1 DAGs
[2024-12-13T16:58:56.226+0000] {logging_mixin.py:190} INFO - [2024-12-13T16:58:56.225+0000] {dag.py:3262} INFO - Creating ORM DAG for example_short_circuit_operator
[2024-12-13T16:58:56.226+0000] {logging_mixin.py:190} INFO - [2024-12-13T16:58:56.226+0000] {dag.py:4180} INFO - Setting next_dagrun for example_short_circuit_operator to None, run_after=None
[2024-12-13T16:58:56.237+0000] {processor.py:208} INFO - Processing /home/airflow/.local/lib/python3.12/site-packages/airflow/example_dags/example_short_circuit_operator.py took 0.135 seconds
[2024-12-13T16:59:27.209+0000] {processor.py:186} INFO - Started process (PID=174) to work on /home/airflow/.local/lib/python3.12/site-packages/airflow/example_dags/example_short_circuit_operator.py
[2024-12-13T16:59:27.212+0000] {processor.py:914} INFO - Processing file /home/airflow/.local/lib/python3.12/site-packages/airflow/example_dags/example_short_circuit_operator.py for tasks to queue
[2024-12-13T16:59:27.213+0000] {logging_mixin.py:190} INFO - [2024-12-13T16:59:27.213+0000] {dagbag.py:588} INFO - Filling up the DagBag from /home/airflow/.local/lib/python3.12/site-packages/airflow/example_dags/example_short_circuit_operator.py
[2024-12-13T16:59:27.219+0000] {processor.py:925} INFO - DAG(s) 'example_short_circuit_operator' retrieved from /home/airflow/.local/lib/python3.12/site-packages/airflow/example_dags/example_short_circuit_operator.py
[2024-12-13T16:59:27.235+0000] {logging_mixin.py:190} INFO - [2024-12-13T16:59:27.235+0000] {dag.py:3239} INFO - Sync 1 DAGs
[2024-12-13T16:59:27.244+0000] {logging_mixin.py:190} INFO - [2024-12-13T16:59:27.244+0000] {dag.py:4180} INFO - Setting next_dagrun for example_short_circuit_operator to None, run_after=None
[2024-12-13T16:59:27.257+0000] {processor.py:208} INFO - Processing /home/airflow/.local/lib/python3.12/site-packages/airflow/example_dags/example_short_circuit_operator.py took 0.052 seconds
[2024-12-13T16:59:58.071+0000] {processor.py:186} INFO - Started process (PID=237) to work on /home/airflow/.local/lib/python3.12/site-packages/airflow/example_dags/example_short_circuit_operator.py
[2024-12-13T16:59:58.072+0000] {processor.py:914} INFO - Processing file /home/airflow/.local/lib/python3.12/site-packages/airflow/example_dags/example_short_circuit_operator.py for tasks to queue
[2024-12-13T16:59:58.073+0000] {logging_mixin.py:190} INFO - [2024-12-13T16:59:58.073+0000] {dagbag.py:588} INFO - Filling up the DagBag from /home/airflow/.local/lib/python3.12/site-packages/airflow/example_dags/example_short_circuit_operator.py
[2024-12-13T16:59:58.079+0000] {processor.py:925} INFO - DAG(s) 'example_short_circuit_operator' retrieved from /home/airflow/.local/lib/python3.12/site-packages/airflow/example_dags/example_short_circuit_operator.py
[2024-12-13T16:59:58.096+0000] {logging_mixin.py:190} INFO - [2024-12-13T16:59:58.096+0000] {dag.py:3239} INFO - Sync 1 DAGs
[2024-12-13T16:59:58.105+0000] {logging_mixin.py:190} INFO - [2024-12-13T16:59:58.105+0000] {dag.py:4180} INFO - Setting next_dagrun for example_short_circuit_operator to None, run_after=None
[2024-12-13T16:59:58.119+0000] {processor.py:208} INFO - Processing /home/airflow/.local/lib/python3.12/site-packages/airflow/example_dags/example_short_circuit_operator.py took 0.051 seconds
[2024-12-13T17:00:28.204+0000] {processor.py:186} INFO - Started process (PID=300) to work on /home/airflow/.local/lib/python3.12/site-packages/airflow/example_dags/example_short_circuit_operator.py
[2024-12-13T17:00:28.205+0000] {processor.py:914} INFO - Processing file /home/airflow/.local/lib/python3.12/site-packages/airflow/example_dags/example_short_circuit_operator.py for tasks to queue
[2024-12-13T17:00:28.206+0000] {logging_mixin.py:190} INFO - [2024-12-13T17:00:28.206+0000] {dagbag.py:588} INFO - Filling up the DagBag from /home/airflow/.local/lib/python3.12/site-packages/airflow/example_dags/example_short_circuit_operator.py
[2024-12-13T17:00:28.212+0000] {processor.py:925} INFO - DAG(s) 'example_short_circuit_operator' retrieved from /home/airflow/.local/lib/python3.12/site-packages/airflow/example_dags/example_short_circuit_operator.py
[2024-12-13T17:00:28.227+0000] {logging_mixin.py:190} INFO - [2024-12-13T17:00:28.227+0000] {dag.py:3239} INFO - Sync 1 DAGs
[2024-12-13T17:00:28.237+0000] {logging_mixin.py:190} INFO - [2024-12-13T17:00:28.236+0000] {dag.py:4180} INFO - Setting next_dagrun for example_short_circuit_operator to None, run_after=None
[2024-12-13T17:00:28.249+0000] {processor.py:208} INFO - Processing /home/airflow/.local/lib/python3.12/site-packages/airflow/example_dags/example_short_circuit_operator.py took 0.049 seconds
[2024-12-13T17:00:59.125+0000] {processor.py:186} INFO - Started process (PID=363) to work on /home/airflow/.local/lib/python3.12/site-packages/airflow/example_dags/example_short_circuit_operator.py
[2024-12-13T17:00:59.125+0000] {processor.py:914} INFO - Processing file /home/airflow/.local/lib/python3.12/site-packages/airflow/example_dags/example_short_circuit_operator.py for tasks to queue
[2024-12-13T17:00:59.127+0000] {logging_mixin.py:190} INFO - [2024-12-13T17:00:59.126+0000] {dagbag.py:588} INFO - Filling up the DagBag from /home/airflow/.local/lib/python3.12/site-packages/airflow/example_dags/example_short_circuit_operator.py
[2024-12-13T17:00:59.132+0000] {processor.py:925} INFO - DAG(s) 'example_short_circuit_operator' retrieved from /home/airflow/.local/lib/python3.12/site-packages/airflow/example_dags/example_short_circuit_operator.py
[2024-12-13T17:00:59.148+0000] {logging_mixin.py:190} INFO - [2024-12-13T17:00:59.148+0000] {dag.py:3239} INFO - Sync 1 DAGs
[2024-12-13T17:00:59.158+0000] {logging_mixin.py:190} INFO - [2024-12-13T17:00:59.158+0000] {dag.py:4180} INFO - Setting next_dagrun for example_short_circuit_operator to None, run_after=None
[2024-12-13T17:00:59.172+0000] {processor.py:208} INFO - Processing /home/airflow/.local/lib/python3.12/site-packages/airflow/example_dags/example_short_circuit_operator.py took 0.051 seconds
[2024-12-13T17:01:30.076+0000] {processor.py:186} INFO - Started process (PID=426) to work on /home/airflow/.local/lib/python3.12/site-packages/airflow/example_dags/example_short_circuit_operator.py
[2024-12-13T17:01:30.077+0000] {processor.py:914} INFO - Processing file /home/airflow/.local/lib/python3.12/site-packages/airflow/example_dags/example_short_circuit_operator.py for tasks to queue
[2024-12-13T17:01:30.079+0000] {logging_mixin.py:190} INFO - [2024-12-13T17:01:30.078+0000] {dagbag.py:588} INFO - Filling up the DagBag from /home/airflow/.local/lib/python3.12/site-packages/airflow/example_dags/example_short_circuit_operator.py
[2024-12-13T17:01:30.084+0000] {processor.py:925} INFO - DAG(s) 'example_short_circuit_operator' retrieved from /home/airflow/.local/lib/python3.12/site-packages/airflow/example_dags/example_short_circuit_operator.py
[2024-12-13T17:01:30.101+0000] {logging_mixin.py:190} INFO - [2024-12-13T17:01:30.101+0000] {dag.py:3239} INFO - Sync 1 DAGs
[2024-12-13T17:01:30.112+0000] {logging_mixin.py:190} INFO - [2024-12-13T17:01:30.112+0000] {dag.py:4180} INFO - Setting next_dagrun for example_short_circuit_operator to None, run_after=None
[2024-12-13T17:01:30.128+0000] {processor.py:208} INFO - Processing /home/airflow/.local/lib/python3.12/site-packages/airflow/example_dags/example_short_circuit_operator.py took 0.057 seconds
[2024-12-13T17:02:00.368+0000] {processor.py:186} INFO - Started process (PID=489) to work on /home/airflow/.local/lib/python3.12/site-packages/airflow/example_dags/example_short_circuit_operator.py
[2024-12-13T17:02:00.368+0000] {processor.py:914} INFO - Processing file /home/airflow/.local/lib/python3.12/site-packages/airflow/example_dags/example_short_circuit_operator.py for tasks to queue
[2024-12-13T17:02:00.370+0000] {logging_mixin.py:190} INFO - [2024-12-13T17:02:00.370+0000] {dagbag.py:588} INFO - Filling up the DagBag from /home/airflow/.local/lib/python3.12/site-packages/airflow/example_dags/example_short_circuit_operator.py
[2024-12-13T17:02:00.376+0000] {processor.py:925} INFO - DAG(s) 'example_short_circuit_operator' retrieved from /home/airflow/.local/lib/python3.12/site-packages/airflow/example_dags/example_short_circuit_operator.py
[2024-12-13T17:02:00.392+0000] {logging_mixin.py:190} INFO - [2024-12-13T17:02:00.392+0000] {dag.py:3239} INFO - Sync 1 DAGs
[2024-12-13T17:02:00.402+0000] {logging_mixin.py:190} INFO - [2024-12-13T17:02:00.402+0000] {dag.py:4180} INFO - Setting next_dagrun for example_short_circuit_operator to None, run_after=None
[2024-12-13T17:02:00.416+0000] {processor.py:208} INFO - Processing /home/airflow/.local/lib/python3.12/site-packages/airflow/example_dags/example_short_circuit_operator.py took 0.052 seconds
[2024-12-13T17:02:31.422+0000] {processor.py:186} INFO - Started process (PID=552) to work on /home/airflow/.local/lib/python3.12/site-packages/airflow/example_dags/example_short_circuit_operator.py
[2024-12-13T17:02:31.423+0000] {processor.py:914} INFO - Processing file /home/airflow/.local/lib/python3.12/site-packages/airflow/example_dags/example_short_circuit_operator.py for tasks to queue
[2024-12-13T17:02:31.424+0000] {logging_mixin.py:190} INFO - [2024-12-13T17:02:31.424+0000] {dagbag.py:588} INFO - Filling up the DagBag from /home/airflow/.local/lib/python3.12/site-packages/airflow/example_dags/example_short_circuit_operator.py
[2024-12-13T17:02:31.430+0000] {processor.py:925} INFO - DAG(s) 'example_short_circuit_operator' retrieved from /home/airflow/.local/lib/python3.12/site-packages/airflow/example_dags/example_short_circuit_operator.py
[2024-12-13T17:02:31.446+0000] {logging_mixin.py:190} INFO - [2024-12-13T17:02:31.446+0000] {dag.py:3239} INFO - Sync 1 DAGs
[2024-12-13T17:02:31.456+0000] {logging_mixin.py:190} INFO - [2024-12-13T17:02:31.456+0000] {dag.py:4180} INFO - Setting next_dagrun for example_short_circuit_operator to None, run_after=None
[2024-12-13T17:02:31.470+0000] {processor.py:208} INFO - Processing /home/airflow/.local/lib/python3.12/site-packages/airflow/example_dags/example_short_circuit_operator.py took 0.052 seconds
[2024-12-13T17:03:02.887+0000] {processor.py:186} INFO - Started process (PID=615) to work on /home/airflow/.local/lib/python3.12/site-packages/airflow/example_dags/example_short_circuit_operator.py
[2024-12-13T17:03:02.888+0000] {processor.py:914} INFO - Processing file /home/airflow/.local/lib/python3.12/site-packages/airflow/example_dags/example_short_circuit_operator.py for tasks to queue
[2024-12-13T17:03:02.890+0000] {logging_mixin.py:190} INFO - [2024-12-13T17:03:02.889+0000] {dagbag.py:588} INFO - Filling up the DagBag from /home/airflow/.local/lib/python3.12/site-packages/airflow/example_dags/example_short_circuit_operator.py
[2024-12-13T17:03:02.896+0000] {processor.py:925} INFO - DAG(s) 'example_short_circuit_operator' retrieved from /home/airflow/.local/lib/python3.12/site-packages/airflow/example_dags/example_short_circuit_operator.py
[2024-12-13T17:03:02.913+0000] {logging_mixin.py:190} INFO - [2024-12-13T17:03:02.913+0000] {dag.py:3239} INFO - Sync 1 DAGs
[2024-12-13T17:03:02.925+0000] {logging_mixin.py:190} INFO - [2024-12-13T17:03:02.924+0000] {dag.py:4180} INFO - Setting next_dagrun for example_short_circuit_operator to None, run_after=None
[2024-12-13T17:03:02.939+0000] {processor.py:208} INFO - Processing /home/airflow/.local/lib/python3.12/site-packages/airflow/example_dags/example_short_circuit_operator.py took 0.056 seconds
[2024-12-13T17:03:34.047+0000] {processor.py:186} INFO - Started process (PID=678) to work on /home/airflow/.local/lib/python3.12/site-packages/airflow/example_dags/example_short_circuit_operator.py
[2024-12-13T17:03:34.048+0000] {processor.py:914} INFO - Processing file /home/airflow/.local/lib/python3.12/site-packages/airflow/example_dags/example_short_circuit_operator.py for tasks to queue
[2024-12-13T17:03:34.050+0000] {logging_mixin.py:190} INFO - [2024-12-13T17:03:34.050+0000] {dagbag.py:588} INFO - Filling up the DagBag from /home/airflow/.local/lib/python3.12/site-packages/airflow/example_dags/example_short_circuit_operator.py
[2024-12-13T17:03:34.057+0000] {processor.py:925} INFO - DAG(s) 'example_short_circuit_operator' retrieved from /home/airflow/.local/lib/python3.12/site-packages/airflow/example_dags/example_short_circuit_operator.py
[2024-12-13T17:03:34.074+0000] {logging_mixin.py:190} INFO - [2024-12-13T17:03:34.074+0000] {dag.py:3239} INFO - Sync 1 DAGs
[2024-12-13T17:03:34.083+0000] {logging_mixin.py:190} INFO - [2024-12-13T17:03:34.083+0000] {dag.py:4180} INFO - Setting next_dagrun for example_short_circuit_operator to None, run_after=None
[2024-12-13T17:03:34.095+0000] {processor.py:208} INFO - Processing /home/airflow/.local/lib/python3.12/site-packages/airflow/example_dags/example_short_circuit_operator.py took 0.052 seconds
[2024-12-13T17:04:04.150+0000] {processor.py:186} INFO - Started process (PID=741) to work on /home/airflow/.local/lib/python3.12/site-packages/airflow/example_dags/example_short_circuit_operator.py
[2024-12-13T17:04:04.151+0000] {processor.py:914} INFO - Processing file /home/airflow/.local/lib/python3.12/site-packages/airflow/example_dags/example_short_circuit_operator.py for tasks to queue
[2024-12-13T17:04:04.153+0000] {logging_mixin.py:190} INFO - [2024-12-13T17:04:04.152+0000] {dagbag.py:588} INFO - Filling up the DagBag from /home/airflow/.local/lib/python3.12/site-packages/airflow/example_dags/example_short_circuit_operator.py
[2024-12-13T17:04:04.158+0000] {processor.py:925} INFO - DAG(s) 'example_short_circuit_operator' retrieved from /home/airflow/.local/lib/python3.12/site-packages/airflow/example_dags/example_short_circuit_operator.py
[2024-12-13T17:04:04.175+0000] {logging_mixin.py:190} INFO - [2024-12-13T17:04:04.174+0000] {dag.py:3239} INFO - Sync 1 DAGs
[2024-12-13T17:04:04.184+0000] {logging_mixin.py:190} INFO - [2024-12-13T17:04:04.184+0000] {dag.py:4180} INFO - Setting next_dagrun for example_short_circuit_operator to None, run_after=None
[2024-12-13T17:04:04.199+0000] {processor.py:208} INFO - Processing /home/airflow/.local/lib/python3.12/site-packages/airflow/example_dags/example_short_circuit_operator.py took 0.053 seconds
