[2024-12-13T16:58:53.268+0000] {processor.py:186} INFO - Started process (PID=83) to work on /home/airflow/.local/lib/python3.12/site-packages/airflow/example_dags/example_subdag_operator.py
[2024-12-13T16:58:53.269+0000] {processor.py:914} INFO - Processing file /home/airflow/.local/lib/python3.12/site-packages/airflow/example_dags/example_subdag_operator.py for tasks to queue
[2024-12-13T16:58:53.270+0000] {logging_mixin.py:190} INFO - [2024-12-13T16:58:53.270+0000] {dagbag.py:588} INFO - Filling up the DagBag from /home/airflow/.local/lib/python3.12/site-packages/airflow/example_dags/example_subdag_operator.py
[2024-12-13T16:58:53.291+0000] {processor.py:925} INFO - DAG(s) 'example_subdag_operator.section-1', 'example_subdag_operator.section-2', 'example_subdag_operator' retrieved from /home/airflow/.local/lib/python3.12/site-packages/airflow/example_dags/example_subdag_operator.py
[2024-12-13T16:58:53.368+0000] {logging_mixin.py:190} INFO - [2024-12-13T16:58:53.367+0000] {override.py:1911} INFO - Created Permission View: can edit on DAG:example_subdag_operator
[2024-12-13T16:58:53.376+0000] {logging_mixin.py:190} INFO - [2024-12-13T16:58:53.376+0000] {override.py:1911} INFO - Created Permission View: can read on DAG:example_subdag_operator
[2024-12-13T16:58:53.381+0000] {logging_mixin.py:190} INFO - [2024-12-13T16:58:53.381+0000] {override.py:1911} INFO - Created Permission View: can delete on DAG:example_subdag_operator
[2024-12-13T16:58:53.388+0000] {logging_mixin.py:190} INFO - [2024-12-13T16:58:53.388+0000] {override.py:1911} INFO - Created Permission View: menu access on DAG Run:example_subdag_operator
[2024-12-13T16:58:53.394+0000] {logging_mixin.py:190} INFO - [2024-12-13T16:58:53.394+0000] {override.py:1911} INFO - Created Permission View: can delete on DAG Run:example_subdag_operator
[2024-12-13T16:58:53.399+0000] {logging_mixin.py:190} INFO - [2024-12-13T16:58:53.399+0000] {override.py:1911} INFO - Created Permission View: can read on DAG Run:example_subdag_operator
[2024-12-13T16:58:53.403+0000] {logging_mixin.py:190} INFO - [2024-12-13T16:58:53.403+0000] {override.py:1911} INFO - Created Permission View: can create on DAG Run:example_subdag_operator
[2024-12-13T16:58:53.404+0000] {logging_mixin.py:190} INFO - [2024-12-13T16:58:53.404+0000] {dag.py:3239} INFO - Sync 3 DAGs
[2024-12-13T16:58:53.414+0000] {logging_mixin.py:190} INFO - [2024-12-13T16:58:53.413+0000] {dag.py:3262} INFO - Creating ORM DAG for example_subdag_operator.section-2
[2024-12-13T16:58:53.414+0000] {logging_mixin.py:190} INFO - [2024-12-13T16:58:53.414+0000] {dag.py:3262} INFO - Creating ORM DAG for example_subdag_operator
[2024-12-13T16:58:53.415+0000] {logging_mixin.py:190} INFO - [2024-12-13T16:58:53.414+0000] {dag.py:3262} INFO - Creating ORM DAG for example_subdag_operator.section-1
[2024-12-13T16:58:53.421+0000] {logging_mixin.py:190} INFO - [2024-12-13T16:58:53.421+0000] {dag.py:4180} INFO - Setting next_dagrun for example_subdag_operator to 2022-01-01 00:00:00+00:00, run_after=2022-01-01 00:00:00+00:00
[2024-12-13T16:58:53.422+0000] {logging_mixin.py:190} INFO - [2024-12-13T16:58:53.422+0000] {dag.py:4180} INFO - Setting next_dagrun for example_subdag_operator.section-1 to None, run_after=None
[2024-12-13T16:58:53.422+0000] {logging_mixin.py:190} INFO - [2024-12-13T16:58:53.422+0000] {dag.py:4180} INFO - Setting next_dagrun for example_subdag_operator.section-2 to None, run_after=None
[2024-12-13T16:58:53.428+0000] {logging_mixin.py:190} INFO - [2024-12-13T16:58:53.428+0000] {dag.py:3239} INFO - Sync 2 DAGs
[2024-12-13T16:58:53.432+0000] {logging_mixin.py:190} INFO - [2024-12-13T16:58:53.432+0000] {dag.py:4180} INFO - Setting next_dagrun for example_subdag_operator.section-1 to None, run_after=None
[2024-12-13T16:58:53.434+0000] {logging_mixin.py:190} INFO - [2024-12-13T16:58:53.434+0000] {dag.py:4180} INFO - Setting next_dagrun for example_subdag_operator.section-2 to None, run_after=None
[2024-12-13T16:58:53.443+0000] {processor.py:208} INFO - Processing /home/airflow/.local/lib/python3.12/site-packages/airflow/example_dags/example_subdag_operator.py took 0.179 seconds
[2024-12-13T16:59:23.893+0000] {processor.py:186} INFO - Started process (PID=146) to work on /home/airflow/.local/lib/python3.12/site-packages/airflow/example_dags/example_subdag_operator.py
[2024-12-13T16:59:23.894+0000] {processor.py:914} INFO - Processing file /home/airflow/.local/lib/python3.12/site-packages/airflow/example_dags/example_subdag_operator.py for tasks to queue
[2024-12-13T16:59:23.895+0000] {logging_mixin.py:190} INFO - [2024-12-13T16:59:23.895+0000] {dagbag.py:588} INFO - Filling up the DagBag from /home/airflow/.local/lib/python3.12/site-packages/airflow/example_dags/example_subdag_operator.py
[2024-12-13T16:59:23.920+0000] {processor.py:925} INFO - DAG(s) 'example_subdag_operator.section-1', 'example_subdag_operator.section-2', 'example_subdag_operator' retrieved from /home/airflow/.local/lib/python3.12/site-packages/airflow/example_dags/example_subdag_operator.py
[2024-12-13T16:59:23.931+0000] {logging_mixin.py:190} INFO - [2024-12-13T16:59:23.931+0000] {dag.py:3239} INFO - Sync 3 DAGs
[2024-12-13T16:59:23.948+0000] {logging_mixin.py:190} INFO - [2024-12-13T16:59:23.947+0000] {dag.py:4180} INFO - Setting next_dagrun for example_subdag_operator to 2022-01-01 00:00:00+00:00, run_after=2022-01-01 00:00:00+00:00
[2024-12-13T16:59:23.950+0000] {logging_mixin.py:190} INFO - [2024-12-13T16:59:23.950+0000] {dag.py:4180} INFO - Setting next_dagrun for example_subdag_operator.section-1 to None, run_after=None
[2024-12-13T16:59:23.951+0000] {logging_mixin.py:190} INFO - [2024-12-13T16:59:23.951+0000] {dag.py:4180} INFO - Setting next_dagrun for example_subdag_operator.section-2 to None, run_after=None
[2024-12-13T16:59:23.956+0000] {logging_mixin.py:190} INFO - [2024-12-13T16:59:23.956+0000] {dag.py:3239} INFO - Sync 2 DAGs
[2024-12-13T16:59:23.960+0000] {logging_mixin.py:190} INFO - [2024-12-13T16:59:23.960+0000] {dag.py:4180} INFO - Setting next_dagrun for example_subdag_operator.section-1 to None, run_after=None
[2024-12-13T16:59:23.960+0000] {logging_mixin.py:190} INFO - [2024-12-13T16:59:23.960+0000] {dag.py:4180} INFO - Setting next_dagrun for example_subdag_operator.section-2 to None, run_after=None
[2024-12-13T16:59:23.967+0000] {processor.py:208} INFO - Processing /home/airflow/.local/lib/python3.12/site-packages/airflow/example_dags/example_subdag_operator.py took 0.078 seconds
[2024-12-13T16:59:54.798+0000] {processor.py:186} INFO - Started process (PID=209) to work on /home/airflow/.local/lib/python3.12/site-packages/airflow/example_dags/example_subdag_operator.py
[2024-12-13T16:59:54.798+0000] {processor.py:914} INFO - Processing file /home/airflow/.local/lib/python3.12/site-packages/airflow/example_dags/example_subdag_operator.py for tasks to queue
[2024-12-13T16:59:54.800+0000] {logging_mixin.py:190} INFO - [2024-12-13T16:59:54.800+0000] {dagbag.py:588} INFO - Filling up the DagBag from /home/airflow/.local/lib/python3.12/site-packages/airflow/example_dags/example_subdag_operator.py
[2024-12-13T16:59:54.817+0000] {processor.py:925} INFO - DAG(s) 'example_subdag_operator.section-1', 'example_subdag_operator.section-2', 'example_subdag_operator' retrieved from /home/airflow/.local/lib/python3.12/site-packages/airflow/example_dags/example_subdag_operator.py
[2024-12-13T16:59:54.827+0000] {logging_mixin.py:190} INFO - [2024-12-13T16:59:54.827+0000] {dag.py:3239} INFO - Sync 3 DAGs
[2024-12-13T16:59:54.842+0000] {logging_mixin.py:190} INFO - [2024-12-13T16:59:54.842+0000] {dag.py:4180} INFO - Setting next_dagrun for example_subdag_operator to 2022-01-01 00:00:00+00:00, run_after=2022-01-01 00:00:00+00:00
[2024-12-13T16:59:54.844+0000] {logging_mixin.py:190} INFO - [2024-12-13T16:59:54.844+0000] {dag.py:4180} INFO - Setting next_dagrun for example_subdag_operator.section-1 to None, run_after=None
[2024-12-13T16:59:54.845+0000] {logging_mixin.py:190} INFO - [2024-12-13T16:59:54.845+0000] {dag.py:4180} INFO - Setting next_dagrun for example_subdag_operator.section-2 to None, run_after=None
[2024-12-13T16:59:54.850+0000] {logging_mixin.py:190} INFO - [2024-12-13T16:59:54.849+0000] {dag.py:3239} INFO - Sync 2 DAGs
[2024-12-13T16:59:54.853+0000] {logging_mixin.py:190} INFO - [2024-12-13T16:59:54.853+0000] {dag.py:4180} INFO - Setting next_dagrun for example_subdag_operator.section-1 to None, run_after=None
[2024-12-13T16:59:54.853+0000] {logging_mixin.py:190} INFO - [2024-12-13T16:59:54.853+0000] {dag.py:4180} INFO - Setting next_dagrun for example_subdag_operator.section-2 to None, run_after=None
[2024-12-13T16:59:54.860+0000] {processor.py:208} INFO - Processing /home/airflow/.local/lib/python3.12/site-packages/airflow/example_dags/example_subdag_operator.py took 0.067 seconds
[2024-12-13T17:00:25.852+0000] {processor.py:186} INFO - Started process (PID=272) to work on /home/airflow/.local/lib/python3.12/site-packages/airflow/example_dags/example_subdag_operator.py
[2024-12-13T17:00:25.853+0000] {processor.py:914} INFO - Processing file /home/airflow/.local/lib/python3.12/site-packages/airflow/example_dags/example_subdag_operator.py for tasks to queue
[2024-12-13T17:00:25.855+0000] {logging_mixin.py:190} INFO - [2024-12-13T17:00:25.855+0000] {dagbag.py:588} INFO - Filling up the DagBag from /home/airflow/.local/lib/python3.12/site-packages/airflow/example_dags/example_subdag_operator.py
[2024-12-13T17:00:25.877+0000] {processor.py:925} INFO - DAG(s) 'example_subdag_operator.section-1', 'example_subdag_operator.section-2', 'example_subdag_operator' retrieved from /home/airflow/.local/lib/python3.12/site-packages/airflow/example_dags/example_subdag_operator.py
[2024-12-13T17:00:25.888+0000] {logging_mixin.py:190} INFO - [2024-12-13T17:00:25.888+0000] {dag.py:3239} INFO - Sync 3 DAGs
[2024-12-13T17:00:25.907+0000] {logging_mixin.py:190} INFO - [2024-12-13T17:00:25.906+0000] {dag.py:4180} INFO - Setting next_dagrun for example_subdag_operator to 2022-01-01 00:00:00+00:00, run_after=2022-01-01 00:00:00+00:00
[2024-12-13T17:00:25.909+0000] {logging_mixin.py:190} INFO - [2024-12-13T17:00:25.909+0000] {dag.py:4180} INFO - Setting next_dagrun for example_subdag_operator.section-1 to None, run_after=None
[2024-12-13T17:00:25.910+0000] {logging_mixin.py:190} INFO - [2024-12-13T17:00:25.910+0000] {dag.py:4180} INFO - Setting next_dagrun for example_subdag_operator.section-2 to None, run_after=None
[2024-12-13T17:00:25.915+0000] {logging_mixin.py:190} INFO - [2024-12-13T17:00:25.915+0000] {dag.py:3239} INFO - Sync 2 DAGs
[2024-12-13T17:00:25.918+0000] {logging_mixin.py:190} INFO - [2024-12-13T17:00:25.918+0000] {dag.py:4180} INFO - Setting next_dagrun for example_subdag_operator.section-1 to None, run_after=None
[2024-12-13T17:00:25.918+0000] {logging_mixin.py:190} INFO - [2024-12-13T17:00:25.918+0000] {dag.py:4180} INFO - Setting next_dagrun for example_subdag_operator.section-2 to None, run_after=None
[2024-12-13T17:00:25.926+0000] {processor.py:208} INFO - Processing /home/airflow/.local/lib/python3.12/site-packages/airflow/example_dags/example_subdag_operator.py took 0.078 seconds
[2024-12-13T17:00:56.821+0000] {processor.py:186} INFO - Started process (PID=335) to work on /home/airflow/.local/lib/python3.12/site-packages/airflow/example_dags/example_subdag_operator.py
[2024-12-13T17:00:56.822+0000] {processor.py:914} INFO - Processing file /home/airflow/.local/lib/python3.12/site-packages/airflow/example_dags/example_subdag_operator.py for tasks to queue
[2024-12-13T17:00:56.824+0000] {logging_mixin.py:190} INFO - [2024-12-13T17:00:56.824+0000] {dagbag.py:588} INFO - Filling up the DagBag from /home/airflow/.local/lib/python3.12/site-packages/airflow/example_dags/example_subdag_operator.py
[2024-12-13T17:00:56.845+0000] {processor.py:925} INFO - DAG(s) 'example_subdag_operator.section-1', 'example_subdag_operator.section-2', 'example_subdag_operator' retrieved from /home/airflow/.local/lib/python3.12/site-packages/airflow/example_dags/example_subdag_operator.py
[2024-12-13T17:00:56.855+0000] {logging_mixin.py:190} INFO - [2024-12-13T17:00:56.855+0000] {dag.py:3239} INFO - Sync 3 DAGs
[2024-12-13T17:00:56.872+0000] {logging_mixin.py:190} INFO - [2024-12-13T17:00:56.872+0000] {dag.py:4180} INFO - Setting next_dagrun for example_subdag_operator to 2022-01-01 00:00:00+00:00, run_after=2022-01-01 00:00:00+00:00
[2024-12-13T17:00:56.875+0000] {logging_mixin.py:190} INFO - [2024-12-13T17:00:56.875+0000] {dag.py:4180} INFO - Setting next_dagrun for example_subdag_operator.section-1 to None, run_after=None
[2024-12-13T17:00:56.876+0000] {logging_mixin.py:190} INFO - [2024-12-13T17:00:56.876+0000] {dag.py:4180} INFO - Setting next_dagrun for example_subdag_operator.section-2 to None, run_after=None
[2024-12-13T17:00:56.881+0000] {logging_mixin.py:190} INFO - [2024-12-13T17:00:56.880+0000] {dag.py:3239} INFO - Sync 2 DAGs
[2024-12-13T17:00:56.884+0000] {logging_mixin.py:190} INFO - [2024-12-13T17:00:56.884+0000] {dag.py:4180} INFO - Setting next_dagrun for example_subdag_operator.section-1 to None, run_after=None
[2024-12-13T17:00:56.885+0000] {logging_mixin.py:190} INFO - [2024-12-13T17:00:56.884+0000] {dag.py:4180} INFO - Setting next_dagrun for example_subdag_operator.section-2 to None, run_after=None
[2024-12-13T17:00:56.892+0000] {processor.py:208} INFO - Processing /home/airflow/.local/lib/python3.12/site-packages/airflow/example_dags/example_subdag_operator.py took 0.076 seconds
[2024-12-13T17:01:27.779+0000] {processor.py:186} INFO - Started process (PID=398) to work on /home/airflow/.local/lib/python3.12/site-packages/airflow/example_dags/example_subdag_operator.py
[2024-12-13T17:01:27.779+0000] {processor.py:914} INFO - Processing file /home/airflow/.local/lib/python3.12/site-packages/airflow/example_dags/example_subdag_operator.py for tasks to queue
[2024-12-13T17:01:27.781+0000] {logging_mixin.py:190} INFO - [2024-12-13T17:01:27.781+0000] {dagbag.py:588} INFO - Filling up the DagBag from /home/airflow/.local/lib/python3.12/site-packages/airflow/example_dags/example_subdag_operator.py
[2024-12-13T17:01:27.800+0000] {processor.py:925} INFO - DAG(s) 'example_subdag_operator.section-1', 'example_subdag_operator.section-2', 'example_subdag_operator' retrieved from /home/airflow/.local/lib/python3.12/site-packages/airflow/example_dags/example_subdag_operator.py
[2024-12-13T17:01:27.810+0000] {logging_mixin.py:190} INFO - [2024-12-13T17:01:27.810+0000] {dag.py:3239} INFO - Sync 3 DAGs
[2024-12-13T17:01:27.826+0000] {logging_mixin.py:190} INFO - [2024-12-13T17:01:27.826+0000] {dag.py:4180} INFO - Setting next_dagrun for example_subdag_operator to 2022-01-01 00:00:00+00:00, run_after=2022-01-01 00:00:00+00:00
[2024-12-13T17:01:27.828+0000] {logging_mixin.py:190} INFO - [2024-12-13T17:01:27.828+0000] {dag.py:4180} INFO - Setting next_dagrun for example_subdag_operator.section-1 to None, run_after=None
[2024-12-13T17:01:27.829+0000] {logging_mixin.py:190} INFO - [2024-12-13T17:01:27.829+0000] {dag.py:4180} INFO - Setting next_dagrun for example_subdag_operator.section-2 to None, run_after=None
[2024-12-13T17:01:27.834+0000] {logging_mixin.py:190} INFO - [2024-12-13T17:01:27.834+0000] {dag.py:3239} INFO - Sync 2 DAGs
[2024-12-13T17:01:27.839+0000] {logging_mixin.py:190} INFO - [2024-12-13T17:01:27.839+0000] {dag.py:4180} INFO - Setting next_dagrun for example_subdag_operator.section-1 to None, run_after=None
[2024-12-13T17:01:27.839+0000] {logging_mixin.py:190} INFO - [2024-12-13T17:01:27.839+0000] {dag.py:4180} INFO - Setting next_dagrun for example_subdag_operator.section-2 to None, run_after=None
[2024-12-13T17:01:27.849+0000] {processor.py:208} INFO - Processing /home/airflow/.local/lib/python3.12/site-packages/airflow/example_dags/example_subdag_operator.py took 0.075 seconds
[2024-12-13T17:01:58.948+0000] {processor.py:186} INFO - Started process (PID=461) to work on /home/airflow/.local/lib/python3.12/site-packages/airflow/example_dags/example_subdag_operator.py
[2024-12-13T17:01:58.949+0000] {processor.py:914} INFO - Processing file /home/airflow/.local/lib/python3.12/site-packages/airflow/example_dags/example_subdag_operator.py for tasks to queue
[2024-12-13T17:01:58.950+0000] {logging_mixin.py:190} INFO - [2024-12-13T17:01:58.950+0000] {dagbag.py:588} INFO - Filling up the DagBag from /home/airflow/.local/lib/python3.12/site-packages/airflow/example_dags/example_subdag_operator.py
[2024-12-13T17:01:58.969+0000] {processor.py:925} INFO - DAG(s) 'example_subdag_operator.section-1', 'example_subdag_operator.section-2', 'example_subdag_operator' retrieved from /home/airflow/.local/lib/python3.12/site-packages/airflow/example_dags/example_subdag_operator.py
[2024-12-13T17:01:58.980+0000] {logging_mixin.py:190} INFO - [2024-12-13T17:01:58.980+0000] {dag.py:3239} INFO - Sync 3 DAGs
[2024-12-13T17:01:58.996+0000] {logging_mixin.py:190} INFO - [2024-12-13T17:01:58.996+0000] {dag.py:4180} INFO - Setting next_dagrun for example_subdag_operator to 2022-01-01 00:00:00+00:00, run_after=2022-01-01 00:00:00+00:00
[2024-12-13T17:01:58.999+0000] {logging_mixin.py:190} INFO - [2024-12-13T17:01:58.999+0000] {dag.py:4180} INFO - Setting next_dagrun for example_subdag_operator.section-1 to None, run_after=None
[2024-12-13T17:01:59.000+0000] {logging_mixin.py:190} INFO - [2024-12-13T17:01:59.000+0000] {dag.py:4180} INFO - Setting next_dagrun for example_subdag_operator.section-2 to None, run_after=None
[2024-12-13T17:01:59.005+0000] {logging_mixin.py:190} INFO - [2024-12-13T17:01:59.005+0000] {dag.py:3239} INFO - Sync 2 DAGs
[2024-12-13T17:01:59.008+0000] {logging_mixin.py:190} INFO - [2024-12-13T17:01:59.008+0000] {dag.py:4180} INFO - Setting next_dagrun for example_subdag_operator.section-1 to None, run_after=None
[2024-12-13T17:01:59.008+0000] {logging_mixin.py:190} INFO - [2024-12-13T17:01:59.008+0000] {dag.py:4180} INFO - Setting next_dagrun for example_subdag_operator.section-2 to None, run_after=None
[2024-12-13T17:01:59.016+0000] {processor.py:208} INFO - Processing /home/airflow/.local/lib/python3.12/site-packages/airflow/example_dags/example_subdag_operator.py took 0.072 seconds
[2024-12-13T17:02:29.965+0000] {processor.py:186} INFO - Started process (PID=524) to work on /home/airflow/.local/lib/python3.12/site-packages/airflow/example_dags/example_subdag_operator.py
[2024-12-13T17:02:29.966+0000] {processor.py:914} INFO - Processing file /home/airflow/.local/lib/python3.12/site-packages/airflow/example_dags/example_subdag_operator.py for tasks to queue
[2024-12-13T17:02:29.968+0000] {logging_mixin.py:190} INFO - [2024-12-13T17:02:29.968+0000] {dagbag.py:588} INFO - Filling up the DagBag from /home/airflow/.local/lib/python3.12/site-packages/airflow/example_dags/example_subdag_operator.py
[2024-12-13T17:02:29.986+0000] {processor.py:925} INFO - DAG(s) 'example_subdag_operator.section-1', 'example_subdag_operator.section-2', 'example_subdag_operator' retrieved from /home/airflow/.local/lib/python3.12/site-packages/airflow/example_dags/example_subdag_operator.py
[2024-12-13T17:02:29.999+0000] {logging_mixin.py:190} INFO - [2024-12-13T17:02:29.999+0000] {dag.py:3239} INFO - Sync 3 DAGs
[2024-12-13T17:02:30.015+0000] {logging_mixin.py:190} INFO - [2024-12-13T17:02:30.015+0000] {dag.py:4180} INFO - Setting next_dagrun for example_subdag_operator to 2022-01-01 00:00:00+00:00, run_after=2022-01-01 00:00:00+00:00
[2024-12-13T17:02:30.018+0000] {logging_mixin.py:190} INFO - [2024-12-13T17:02:30.018+0000] {dag.py:4180} INFO - Setting next_dagrun for example_subdag_operator.section-1 to None, run_after=None
[2024-12-13T17:02:30.019+0000] {logging_mixin.py:190} INFO - [2024-12-13T17:02:30.019+0000] {dag.py:4180} INFO - Setting next_dagrun for example_subdag_operator.section-2 to None, run_after=None
[2024-12-13T17:02:30.024+0000] {logging_mixin.py:190} INFO - [2024-12-13T17:02:30.024+0000] {dag.py:3239} INFO - Sync 2 DAGs
[2024-12-13T17:02:30.027+0000] {logging_mixin.py:190} INFO - [2024-12-13T17:02:30.027+0000] {dag.py:4180} INFO - Setting next_dagrun for example_subdag_operator.section-1 to None, run_after=None
[2024-12-13T17:02:30.028+0000] {logging_mixin.py:190} INFO - [2024-12-13T17:02:30.028+0000] {dag.py:4180} INFO - Setting next_dagrun for example_subdag_operator.section-2 to None, run_after=None
[2024-12-13T17:02:30.036+0000] {processor.py:208} INFO - Processing /home/airflow/.local/lib/python3.12/site-packages/airflow/example_dags/example_subdag_operator.py took 0.075 seconds
[2024-12-13T17:03:01.108+0000] {processor.py:186} INFO - Started process (PID=586) to work on /home/airflow/.local/lib/python3.12/site-packages/airflow/example_dags/example_subdag_operator.py
[2024-12-13T17:03:01.109+0000] {processor.py:914} INFO - Processing file /home/airflow/.local/lib/python3.12/site-packages/airflow/example_dags/example_subdag_operator.py for tasks to queue
[2024-12-13T17:03:01.111+0000] {logging_mixin.py:190} INFO - [2024-12-13T17:03:01.111+0000] {dagbag.py:588} INFO - Filling up the DagBag from /home/airflow/.local/lib/python3.12/site-packages/airflow/example_dags/example_subdag_operator.py
[2024-12-13T17:03:01.130+0000] {processor.py:925} INFO - DAG(s) 'example_subdag_operator.section-1', 'example_subdag_operator.section-2', 'example_subdag_operator' retrieved from /home/airflow/.local/lib/python3.12/site-packages/airflow/example_dags/example_subdag_operator.py
[2024-12-13T17:03:01.143+0000] {logging_mixin.py:190} INFO - [2024-12-13T17:03:01.143+0000] {dag.py:3239} INFO - Sync 3 DAGs
[2024-12-13T17:03:01.159+0000] {logging_mixin.py:190} INFO - [2024-12-13T17:03:01.159+0000] {dag.py:4180} INFO - Setting next_dagrun for example_subdag_operator to 2022-01-01 00:00:00+00:00, run_after=2022-01-01 00:00:00+00:00
[2024-12-13T17:03:01.162+0000] {logging_mixin.py:190} INFO - [2024-12-13T17:03:01.162+0000] {dag.py:4180} INFO - Setting next_dagrun for example_subdag_operator.section-1 to None, run_after=None
[2024-12-13T17:03:01.163+0000] {logging_mixin.py:190} INFO - [2024-12-13T17:03:01.163+0000] {dag.py:4180} INFO - Setting next_dagrun for example_subdag_operator.section-2 to None, run_after=None
[2024-12-13T17:03:01.168+0000] {logging_mixin.py:190} INFO - [2024-12-13T17:03:01.168+0000] {dag.py:3239} INFO - Sync 2 DAGs
[2024-12-13T17:03:01.172+0000] {logging_mixin.py:190} INFO - [2024-12-13T17:03:01.172+0000] {dag.py:4180} INFO - Setting next_dagrun for example_subdag_operator.section-1 to None, run_after=None
[2024-12-13T17:03:01.172+0000] {logging_mixin.py:190} INFO - [2024-12-13T17:03:01.172+0000] {dag.py:4180} INFO - Setting next_dagrun for example_subdag_operator.section-2 to None, run_after=None
[2024-12-13T17:03:01.181+0000] {processor.py:208} INFO - Processing /home/airflow/.local/lib/python3.12/site-packages/airflow/example_dags/example_subdag_operator.py took 0.077 seconds
[2024-12-13T17:03:31.595+0000] {processor.py:186} INFO - Started process (PID=649) to work on /home/airflow/.local/lib/python3.12/site-packages/airflow/example_dags/example_subdag_operator.py
[2024-12-13T17:03:31.596+0000] {processor.py:914} INFO - Processing file /home/airflow/.local/lib/python3.12/site-packages/airflow/example_dags/example_subdag_operator.py for tasks to queue
[2024-12-13T17:03:31.598+0000] {logging_mixin.py:190} INFO - [2024-12-13T17:03:31.597+0000] {dagbag.py:588} INFO - Filling up the DagBag from /home/airflow/.local/lib/python3.12/site-packages/airflow/example_dags/example_subdag_operator.py
[2024-12-13T17:03:31.616+0000] {processor.py:925} INFO - DAG(s) 'example_subdag_operator.section-1', 'example_subdag_operator.section-2', 'example_subdag_operator' retrieved from /home/airflow/.local/lib/python3.12/site-packages/airflow/example_dags/example_subdag_operator.py
[2024-12-13T17:03:31.626+0000] {logging_mixin.py:190} INFO - [2024-12-13T17:03:31.626+0000] {dag.py:3239} INFO - Sync 3 DAGs
[2024-12-13T17:03:31.643+0000] {logging_mixin.py:190} INFO - [2024-12-13T17:03:31.643+0000] {dag.py:4180} INFO - Setting next_dagrun for example_subdag_operator to 2022-01-01 00:00:00+00:00, run_after=2022-01-01 00:00:00+00:00
[2024-12-13T17:03:31.646+0000] {logging_mixin.py:190} INFO - [2024-12-13T17:03:31.646+0000] {dag.py:4180} INFO - Setting next_dagrun for example_subdag_operator.section-1 to None, run_after=None
[2024-12-13T17:03:31.647+0000] {logging_mixin.py:190} INFO - [2024-12-13T17:03:31.647+0000] {dag.py:4180} INFO - Setting next_dagrun for example_subdag_operator.section-2 to None, run_after=None
[2024-12-13T17:03:31.651+0000] {logging_mixin.py:190} INFO - [2024-12-13T17:03:31.651+0000] {dag.py:3239} INFO - Sync 2 DAGs
[2024-12-13T17:03:31.655+0000] {logging_mixin.py:190} INFO - [2024-12-13T17:03:31.655+0000] {dag.py:4180} INFO - Setting next_dagrun for example_subdag_operator.section-1 to None, run_after=None
[2024-12-13T17:03:31.655+0000] {logging_mixin.py:190} INFO - [2024-12-13T17:03:31.655+0000] {dag.py:4180} INFO - Setting next_dagrun for example_subdag_operator.section-2 to None, run_after=None
[2024-12-13T17:03:31.664+0000] {processor.py:208} INFO - Processing /home/airflow/.local/lib/python3.12/site-packages/airflow/example_dags/example_subdag_operator.py took 0.073 seconds
[2024-12-13T17:04:02.734+0000] {processor.py:186} INFO - Started process (PID=712) to work on /home/airflow/.local/lib/python3.12/site-packages/airflow/example_dags/example_subdag_operator.py
[2024-12-13T17:04:02.735+0000] {processor.py:914} INFO - Processing file /home/airflow/.local/lib/python3.12/site-packages/airflow/example_dags/example_subdag_operator.py for tasks to queue
[2024-12-13T17:04:02.736+0000] {logging_mixin.py:190} INFO - [2024-12-13T17:04:02.736+0000] {dagbag.py:588} INFO - Filling up the DagBag from /home/airflow/.local/lib/python3.12/site-packages/airflow/example_dags/example_subdag_operator.py
[2024-12-13T17:04:02.755+0000] {processor.py:925} INFO - DAG(s) 'example_subdag_operator.section-1', 'example_subdag_operator.section-2', 'example_subdag_operator' retrieved from /home/airflow/.local/lib/python3.12/site-packages/airflow/example_dags/example_subdag_operator.py
[2024-12-13T17:04:02.765+0000] {logging_mixin.py:190} INFO - [2024-12-13T17:04:02.765+0000] {dag.py:3239} INFO - Sync 3 DAGs
[2024-12-13T17:04:02.780+0000] {logging_mixin.py:190} INFO - [2024-12-13T17:04:02.780+0000] {dag.py:4180} INFO - Setting next_dagrun for example_subdag_operator to 2022-01-01 00:00:00+00:00, run_after=2022-01-01 00:00:00+00:00
[2024-12-13T17:04:02.782+0000] {logging_mixin.py:190} INFO - [2024-12-13T17:04:02.782+0000] {dag.py:4180} INFO - Setting next_dagrun for example_subdag_operator.section-1 to None, run_after=None
[2024-12-13T17:04:02.783+0000] {logging_mixin.py:190} INFO - [2024-12-13T17:04:02.783+0000] {dag.py:4180} INFO - Setting next_dagrun for example_subdag_operator.section-2 to None, run_after=None
[2024-12-13T17:04:02.788+0000] {logging_mixin.py:190} INFO - [2024-12-13T17:04:02.788+0000] {dag.py:3239} INFO - Sync 2 DAGs
[2024-12-13T17:04:02.791+0000] {logging_mixin.py:190} INFO - [2024-12-13T17:04:02.791+0000] {dag.py:4180} INFO - Setting next_dagrun for example_subdag_operator.section-1 to None, run_after=None
[2024-12-13T17:04:02.792+0000] {logging_mixin.py:190} INFO - [2024-12-13T17:04:02.791+0000] {dag.py:4180} INFO - Setting next_dagrun for example_subdag_operator.section-2 to None, run_after=None
[2024-12-13T17:04:02.800+0000] {processor.py:208} INFO - Processing /home/airflow/.local/lib/python3.12/site-packages/airflow/example_dags/example_subdag_operator.py took 0.070 seconds
