[2024-12-13T16:58:50.097+0000] {processor.py:186} INFO - Started process (PID=56) to work on /home/airflow/.local/lib/python3.12/site-packages/airflow/example_dags/example_complex.py
[2024-12-13T16:58:50.098+0000] {processor.py:914} INFO - Processing file /home/airflow/.local/lib/python3.12/site-packages/airflow/example_dags/example_complex.py for tasks to queue
[2024-12-13T16:58:50.100+0000] {logging_mixin.py:190} INFO - [2024-12-13T16:58:50.099+0000] {dagbag.py:588} INFO - Filling up the DagBag from /home/airflow/.local/lib/python3.12/site-packages/airflow/example_dags/example_complex.py
[2024-12-13T16:58:50.119+0000] {processor.py:925} INFO - DAG(s) 'example_complex' retrieved from /home/airflow/.local/lib/python3.12/site-packages/airflow/example_dags/example_complex.py
[2024-12-13T16:58:50.280+0000] {logging_mixin.py:190} INFO - [2024-12-13T16:58:50.280+0000] {override.py:1911} INFO - Created Permission View: can edit on DAG:example_complex
[2024-12-13T16:58:50.288+0000] {logging_mixin.py:190} INFO - [2024-12-13T16:58:50.288+0000] {override.py:1911} INFO - Created Permission View: can read on DAG:example_complex
[2024-12-13T16:58:50.292+0000] {logging_mixin.py:190} INFO - [2024-12-13T16:58:50.292+0000] {override.py:1911} INFO - Created Permission View: can delete on DAG:example_complex
[2024-12-13T16:58:50.297+0000] {logging_mixin.py:190} INFO - [2024-12-13T16:58:50.297+0000] {override.py:1911} INFO - Created Permission View: menu access on DAG Run:example_complex
[2024-12-13T16:58:50.301+0000] {logging_mixin.py:190} INFO - [2024-12-13T16:58:50.301+0000] {override.py:1911} INFO - Created Permission View: can delete on DAG Run:example_complex
[2024-12-13T16:58:50.305+0000] {logging_mixin.py:190} INFO - [2024-12-13T16:58:50.305+0000] {override.py:1911} INFO - Created Permission View: can read on DAG Run:example_complex
[2024-12-13T16:58:50.311+0000] {logging_mixin.py:190} INFO - [2024-12-13T16:58:50.311+0000] {override.py:1911} INFO - Created Permission View: can create on DAG Run:example_complex
[2024-12-13T16:58:50.311+0000] {logging_mixin.py:190} INFO - [2024-12-13T16:58:50.311+0000] {dag.py:3239} INFO - Sync 1 DAGs
[2024-12-13T16:58:50.321+0000] {logging_mixin.py:190} INFO - [2024-12-13T16:58:50.320+0000] {dag.py:3262} INFO - Creating ORM DAG for example_complex
[2024-12-13T16:58:50.321+0000] {logging_mixin.py:190} INFO - [2024-12-13T16:58:50.321+0000] {dag.py:4180} INFO - Setting next_dagrun for example_complex to None, run_after=None
[2024-12-13T16:58:50.336+0000] {processor.py:208} INFO - Processing /home/airflow/.local/lib/python3.12/site-packages/airflow/example_dags/example_complex.py took 0.244 seconds
[2024-12-13T16:59:20.534+0000] {processor.py:186} INFO - Started process (PID=119) to work on /home/airflow/.local/lib/python3.12/site-packages/airflow/example_dags/example_complex.py
[2024-12-13T16:59:20.535+0000] {processor.py:914} INFO - Processing file /home/airflow/.local/lib/python3.12/site-packages/airflow/example_dags/example_complex.py for tasks to queue
[2024-12-13T16:59:20.537+0000] {logging_mixin.py:190} INFO - [2024-12-13T16:59:20.537+0000] {dagbag.py:588} INFO - Filling up the DagBag from /home/airflow/.local/lib/python3.12/site-packages/airflow/example_dags/example_complex.py
[2024-12-13T16:59:20.547+0000] {processor.py:925} INFO - DAG(s) 'example_complex' retrieved from /home/airflow/.local/lib/python3.12/site-packages/airflow/example_dags/example_complex.py
[2024-12-13T16:59:20.570+0000] {logging_mixin.py:190} INFO - [2024-12-13T16:59:20.570+0000] {dag.py:3239} INFO - Sync 1 DAGs
[2024-12-13T16:59:20.582+0000] {logging_mixin.py:190} INFO - [2024-12-13T16:59:20.582+0000] {dag.py:4180} INFO - Setting next_dagrun for example_complex to None, run_after=None
[2024-12-13T16:59:20.596+0000] {processor.py:208} INFO - Processing /home/airflow/.local/lib/python3.12/site-packages/airflow/example_dags/example_complex.py took 0.066 seconds
[2024-12-13T16:59:51.484+0000] {processor.py:186} INFO - Started process (PID=182) to work on /home/airflow/.local/lib/python3.12/site-packages/airflow/example_dags/example_complex.py
[2024-12-13T16:59:51.485+0000] {processor.py:914} INFO - Processing file /home/airflow/.local/lib/python3.12/site-packages/airflow/example_dags/example_complex.py for tasks to queue
[2024-12-13T16:59:51.487+0000] {logging_mixin.py:190} INFO - [2024-12-13T16:59:51.486+0000] {dagbag.py:588} INFO - Filling up the DagBag from /home/airflow/.local/lib/python3.12/site-packages/airflow/example_dags/example_complex.py
[2024-12-13T16:59:51.495+0000] {processor.py:925} INFO - DAG(s) 'example_complex' retrieved from /home/airflow/.local/lib/python3.12/site-packages/airflow/example_dags/example_complex.py
[2024-12-13T16:59:51.517+0000] {logging_mixin.py:190} INFO - [2024-12-13T16:59:51.517+0000] {dag.py:3239} INFO - Sync 1 DAGs
[2024-12-13T16:59:51.527+0000] {logging_mixin.py:190} INFO - [2024-12-13T16:59:51.527+0000] {dag.py:4180} INFO - Setting next_dagrun for example_complex to None, run_after=None
[2024-12-13T16:59:51.542+0000] {processor.py:208} INFO - Processing /home/airflow/.local/lib/python3.12/site-packages/airflow/example_dags/example_complex.py took 0.061 seconds
[2024-12-13T17:00:22.345+0000] {processor.py:186} INFO - Started process (PID=251) to work on /home/airflow/.local/lib/python3.12/site-packages/airflow/example_dags/example_complex.py
[2024-12-13T17:00:22.346+0000] {processor.py:914} INFO - Processing file /home/airflow/.local/lib/python3.12/site-packages/airflow/example_dags/example_complex.py for tasks to queue
[2024-12-13T17:00:22.348+0000] {logging_mixin.py:190} INFO - [2024-12-13T17:00:22.348+0000] {dagbag.py:588} INFO - Filling up the DagBag from /home/airflow/.local/lib/python3.12/site-packages/airflow/example_dags/example_complex.py
[2024-12-13T17:00:22.357+0000] {processor.py:925} INFO - DAG(s) 'example_complex' retrieved from /home/airflow/.local/lib/python3.12/site-packages/airflow/example_dags/example_complex.py
[2024-12-13T17:00:22.380+0000] {logging_mixin.py:190} INFO - [2024-12-13T17:00:22.379+0000] {dag.py:3239} INFO - Sync 1 DAGs
[2024-12-13T17:00:22.390+0000] {logging_mixin.py:190} INFO - [2024-12-13T17:00:22.389+0000] {dag.py:4180} INFO - Setting next_dagrun for example_complex to None, run_after=None
[2024-12-13T17:00:22.402+0000] {processor.py:208} INFO - Processing /home/airflow/.local/lib/python3.12/site-packages/airflow/example_dags/example_complex.py took 0.062 seconds
[2024-12-13T17:00:52.505+0000] {processor.py:186} INFO - Started process (PID=314) to work on /home/airflow/.local/lib/python3.12/site-packages/airflow/example_dags/example_complex.py
[2024-12-13T17:00:52.505+0000] {processor.py:914} INFO - Processing file /home/airflow/.local/lib/python3.12/site-packages/airflow/example_dags/example_complex.py for tasks to queue
[2024-12-13T17:00:52.507+0000] {logging_mixin.py:190} INFO - [2024-12-13T17:00:52.507+0000] {dagbag.py:588} INFO - Filling up the DagBag from /home/airflow/.local/lib/python3.12/site-packages/airflow/example_dags/example_complex.py
[2024-12-13T17:00:52.515+0000] {processor.py:925} INFO - DAG(s) 'example_complex' retrieved from /home/airflow/.local/lib/python3.12/site-packages/airflow/example_dags/example_complex.py
[2024-12-13T17:00:52.538+0000] {logging_mixin.py:190} INFO - [2024-12-13T17:00:52.538+0000] {dag.py:3239} INFO - Sync 1 DAGs
[2024-12-13T17:00:52.550+0000] {logging_mixin.py:190} INFO - [2024-12-13T17:00:52.550+0000] {dag.py:4180} INFO - Setting next_dagrun for example_complex to None, run_after=None
[2024-12-13T17:00:52.563+0000] {processor.py:208} INFO - Processing /home/airflow/.local/lib/python3.12/site-packages/airflow/example_dags/example_complex.py took 0.063 seconds
[2024-12-13T17:01:23.427+0000] {processor.py:186} INFO - Started process (PID=377) to work on /home/airflow/.local/lib/python3.12/site-packages/airflow/example_dags/example_complex.py
[2024-12-13T17:01:23.429+0000] {processor.py:914} INFO - Processing file /home/airflow/.local/lib/python3.12/site-packages/airflow/example_dags/example_complex.py for tasks to queue
[2024-12-13T17:01:23.430+0000] {logging_mixin.py:190} INFO - [2024-12-13T17:01:23.430+0000] {dagbag.py:588} INFO - Filling up the DagBag from /home/airflow/.local/lib/python3.12/site-packages/airflow/example_dags/example_complex.py
[2024-12-13T17:01:23.439+0000] {processor.py:925} INFO - DAG(s) 'example_complex' retrieved from /home/airflow/.local/lib/python3.12/site-packages/airflow/example_dags/example_complex.py
[2024-12-13T17:01:23.462+0000] {logging_mixin.py:190} INFO - [2024-12-13T17:01:23.462+0000] {dag.py:3239} INFO - Sync 1 DAGs
[2024-12-13T17:01:23.472+0000] {logging_mixin.py:190} INFO - [2024-12-13T17:01:23.471+0000] {dag.py:4180} INFO - Setting next_dagrun for example_complex to None, run_after=None
[2024-12-13T17:01:23.485+0000] {processor.py:208} INFO - Processing /home/airflow/.local/lib/python3.12/site-packages/airflow/example_dags/example_complex.py took 0.061 seconds
[2024-12-13T17:01:54.395+0000] {processor.py:186} INFO - Started process (PID=440) to work on /home/airflow/.local/lib/python3.12/site-packages/airflow/example_dags/example_complex.py
[2024-12-13T17:01:54.395+0000] {processor.py:914} INFO - Processing file /home/airflow/.local/lib/python3.12/site-packages/airflow/example_dags/example_complex.py for tasks to queue
[2024-12-13T17:01:54.397+0000] {logging_mixin.py:190} INFO - [2024-12-13T17:01:54.397+0000] {dagbag.py:588} INFO - Filling up the DagBag from /home/airflow/.local/lib/python3.12/site-packages/airflow/example_dags/example_complex.py
[2024-12-13T17:01:54.405+0000] {processor.py:925} INFO - DAG(s) 'example_complex' retrieved from /home/airflow/.local/lib/python3.12/site-packages/airflow/example_dags/example_complex.py
[2024-12-13T17:01:54.427+0000] {logging_mixin.py:190} INFO - [2024-12-13T17:01:54.426+0000] {dag.py:3239} INFO - Sync 1 DAGs
[2024-12-13T17:01:54.436+0000] {logging_mixin.py:190} INFO - [2024-12-13T17:01:54.435+0000] {dag.py:4180} INFO - Setting next_dagrun for example_complex to None, run_after=None
[2024-12-13T17:01:54.449+0000] {processor.py:208} INFO - Processing /home/airflow/.local/lib/python3.12/site-packages/airflow/example_dags/example_complex.py took 0.059 seconds
[2024-12-13T17:02:24.678+0000] {processor.py:186} INFO - Started process (PID=503) to work on /home/airflow/.local/lib/python3.12/site-packages/airflow/example_dags/example_complex.py
[2024-12-13T17:02:24.680+0000] {processor.py:914} INFO - Processing file /home/airflow/.local/lib/python3.12/site-packages/airflow/example_dags/example_complex.py for tasks to queue
[2024-12-13T17:02:24.681+0000] {logging_mixin.py:190} INFO - [2024-12-13T17:02:24.681+0000] {dagbag.py:588} INFO - Filling up the DagBag from /home/airflow/.local/lib/python3.12/site-packages/airflow/example_dags/example_complex.py
[2024-12-13T17:02:24.690+0000] {processor.py:925} INFO - DAG(s) 'example_complex' retrieved from /home/airflow/.local/lib/python3.12/site-packages/airflow/example_dags/example_complex.py
[2024-12-13T17:02:24.712+0000] {logging_mixin.py:190} INFO - [2024-12-13T17:02:24.711+0000] {dag.py:3239} INFO - Sync 1 DAGs
[2024-12-13T17:02:24.721+0000] {logging_mixin.py:190} INFO - [2024-12-13T17:02:24.720+0000] {dag.py:4180} INFO - Setting next_dagrun for example_complex to None, run_after=None
[2024-12-13T17:02:24.733+0000] {processor.py:208} INFO - Processing /home/airflow/.local/lib/python3.12/site-packages/airflow/example_dags/example_complex.py took 0.059 seconds
[2024-12-13T17:02:55.741+0000] {processor.py:186} INFO - Started process (PID=566) to work on /home/airflow/.local/lib/python3.12/site-packages/airflow/example_dags/example_complex.py
[2024-12-13T17:02:55.743+0000] {processor.py:914} INFO - Processing file /home/airflow/.local/lib/python3.12/site-packages/airflow/example_dags/example_complex.py for tasks to queue
[2024-12-13T17:02:55.745+0000] {logging_mixin.py:190} INFO - [2024-12-13T17:02:55.744+0000] {dagbag.py:588} INFO - Filling up the DagBag from /home/airflow/.local/lib/python3.12/site-packages/airflow/example_dags/example_complex.py
[2024-12-13T17:02:55.753+0000] {processor.py:925} INFO - DAG(s) 'example_complex' retrieved from /home/airflow/.local/lib/python3.12/site-packages/airflow/example_dags/example_complex.py
[2024-12-13T17:02:55.776+0000] {logging_mixin.py:190} INFO - [2024-12-13T17:02:55.776+0000] {dag.py:3239} INFO - Sync 1 DAGs
[2024-12-13T17:02:55.786+0000] {logging_mixin.py:190} INFO - [2024-12-13T17:02:55.786+0000] {dag.py:4180} INFO - Setting next_dagrun for example_complex to None, run_after=None
[2024-12-13T17:02:55.800+0000] {processor.py:208} INFO - Processing /home/airflow/.local/lib/python3.12/site-packages/airflow/example_dags/example_complex.py took 0.063 seconds
[2024-12-13T17:03:26.210+0000] {processor.py:186} INFO - Started process (PID=629) to work on /home/airflow/.local/lib/python3.12/site-packages/airflow/example_dags/example_complex.py
[2024-12-13T17:03:26.212+0000] {processor.py:914} INFO - Processing file /home/airflow/.local/lib/python3.12/site-packages/airflow/example_dags/example_complex.py for tasks to queue
[2024-12-13T17:03:26.214+0000] {logging_mixin.py:190} INFO - [2024-12-13T17:03:26.214+0000] {dagbag.py:588} INFO - Filling up the DagBag from /home/airflow/.local/lib/python3.12/site-packages/airflow/example_dags/example_complex.py
[2024-12-13T17:03:26.222+0000] {processor.py:925} INFO - DAG(s) 'example_complex' retrieved from /home/airflow/.local/lib/python3.12/site-packages/airflow/example_dags/example_complex.py
[2024-12-13T17:03:26.245+0000] {logging_mixin.py:190} INFO - [2024-12-13T17:03:26.245+0000] {dag.py:3239} INFO - Sync 1 DAGs
[2024-12-13T17:03:26.256+0000] {logging_mixin.py:190} INFO - [2024-12-13T17:03:26.255+0000] {dag.py:4180} INFO - Setting next_dagrun for example_complex to None, run_after=None
[2024-12-13T17:03:26.270+0000] {processor.py:208} INFO - Processing /home/airflow/.local/lib/python3.12/site-packages/airflow/example_dags/example_complex.py took 0.064 seconds
[2024-12-13T17:03:56.407+0000] {processor.py:186} INFO - Started process (PID=692) to work on /home/airflow/.local/lib/python3.12/site-packages/airflow/example_dags/example_complex.py
[2024-12-13T17:03:56.409+0000] {processor.py:914} INFO - Processing file /home/airflow/.local/lib/python3.12/site-packages/airflow/example_dags/example_complex.py for tasks to queue
[2024-12-13T17:03:56.411+0000] {logging_mixin.py:190} INFO - [2024-12-13T17:03:56.410+0000] {dagbag.py:588} INFO - Filling up the DagBag from /home/airflow/.local/lib/python3.12/site-packages/airflow/example_dags/example_complex.py
[2024-12-13T17:03:56.418+0000] {processor.py:925} INFO - DAG(s) 'example_complex' retrieved from /home/airflow/.local/lib/python3.12/site-packages/airflow/example_dags/example_complex.py
[2024-12-13T17:03:56.440+0000] {logging_mixin.py:190} INFO - [2024-12-13T17:03:56.439+0000] {dag.py:3239} INFO - Sync 1 DAGs
[2024-12-13T17:03:56.448+0000] {logging_mixin.py:190} INFO - [2024-12-13T17:03:56.448+0000] {dag.py:4180} INFO - Setting next_dagrun for example_complex to None, run_after=None
[2024-12-13T17:03:56.461+0000] {processor.py:208} INFO - Processing /home/airflow/.local/lib/python3.12/site-packages/airflow/example_dags/example_complex.py took 0.058 seconds
