[2024-12-13T16:58:51.346+0000] {processor.py:186} INFO - Started process (PID=65) to work on /home/airflow/.local/lib/python3.12/site-packages/airflow/example_dags/example_inlet_event_extra.py
[2024-12-13T16:58:51.347+0000] {processor.py:914} INFO - Processing file /home/airflow/.local/lib/python3.12/site-packages/airflow/example_dags/example_inlet_event_extra.py for tasks to queue
[2024-12-13T16:58:51.348+0000] {logging_mixin.py:190} INFO - [2024-12-13T16:58:51.348+0000] {dagbag.py:588} INFO - Filling up the DagBag from /home/airflow/.local/lib/python3.12/site-packages/airflow/example_dags/example_inlet_event_extra.py
[2024-12-13T16:58:51.730+0000] {processor.py:925} INFO - DAG(s) 'read_dataset_event_from_classic', 'read_dataset_event' retrieved from /home/airflow/.local/lib/python3.12/site-packages/airflow/example_dags/example_inlet_event_extra.py
[2024-12-13T16:58:51.800+0000] {logging_mixin.py:190} INFO - [2024-12-13T16:58:51.798+0000] {override.py:1911} INFO - Created Permission View: can edit on DAG:read_dataset_event_from_classic
[2024-12-13T16:58:51.806+0000] {logging_mixin.py:190} INFO - [2024-12-13T16:58:51.806+0000] {override.py:1911} INFO - Created Permission View: can read on DAG:read_dataset_event_from_classic
[2024-12-13T16:58:51.811+0000] {logging_mixin.py:190} INFO - [2024-12-13T16:58:51.811+0000] {override.py:1911} INFO - Created Permission View: can delete on DAG:read_dataset_event_from_classic
[2024-12-13T16:58:51.816+0000] {logging_mixin.py:190} INFO - [2024-12-13T16:58:51.816+0000] {override.py:1911} INFO - Created Permission View: menu access on DAG Run:read_dataset_event_from_classic
[2024-12-13T16:58:51.820+0000] {logging_mixin.py:190} INFO - [2024-12-13T16:58:51.820+0000] {override.py:1911} INFO - Created Permission View: can delete on DAG Run:read_dataset_event_from_classic
[2024-12-13T16:58:51.824+0000] {logging_mixin.py:190} INFO - [2024-12-13T16:58:51.824+0000] {override.py:1911} INFO - Created Permission View: can read on DAG Run:read_dataset_event_from_classic
[2024-12-13T16:58:51.829+0000] {logging_mixin.py:190} INFO - [2024-12-13T16:58:51.829+0000] {override.py:1911} INFO - Created Permission View: can create on DAG Run:read_dataset_event_from_classic
[2024-12-13T16:58:51.838+0000] {logging_mixin.py:190} INFO - [2024-12-13T16:58:51.838+0000] {override.py:1911} INFO - Created Permission View: can edit on DAG:read_dataset_event
[2024-12-13T16:58:51.843+0000] {logging_mixin.py:190} INFO - [2024-12-13T16:58:51.843+0000] {override.py:1911} INFO - Created Permission View: can read on DAG:read_dataset_event
[2024-12-13T16:58:51.847+0000] {logging_mixin.py:190} INFO - [2024-12-13T16:58:51.847+0000] {override.py:1911} INFO - Created Permission View: can delete on DAG:read_dataset_event
[2024-12-13T16:58:51.852+0000] {logging_mixin.py:190} INFO - [2024-12-13T16:58:51.852+0000] {override.py:1911} INFO - Created Permission View: menu access on DAG Run:read_dataset_event
[2024-12-13T16:58:51.856+0000] {logging_mixin.py:190} INFO - [2024-12-13T16:58:51.856+0000] {override.py:1911} INFO - Created Permission View: can delete on DAG Run:read_dataset_event
[2024-12-13T16:58:51.860+0000] {logging_mixin.py:190} INFO - [2024-12-13T16:58:51.860+0000] {override.py:1911} INFO - Created Permission View: can read on DAG Run:read_dataset_event
[2024-12-13T16:58:51.865+0000] {logging_mixin.py:190} INFO - [2024-12-13T16:58:51.865+0000] {override.py:1911} INFO - Created Permission View: can create on DAG Run:read_dataset_event
[2024-12-13T16:58:51.865+0000] {logging_mixin.py:190} INFO - [2024-12-13T16:58:51.865+0000] {dag.py:3239} INFO - Sync 2 DAGs
[2024-12-13T16:58:51.873+0000] {logging_mixin.py:190} INFO - [2024-12-13T16:58:51.873+0000] {dag.py:3262} INFO - Creating ORM DAG for read_dataset_event_from_classic
[2024-12-13T16:58:51.874+0000] {logging_mixin.py:190} INFO - [2024-12-13T16:58:51.874+0000] {dag.py:3262} INFO - Creating ORM DAG for read_dataset_event
[2024-12-13T16:58:51.881+0000] {logging_mixin.py:190} INFO - [2024-12-13T16:58:51.881+0000] {dag.py:4180} INFO - Setting next_dagrun for read_dataset_event to 2024-12-12 00:00:00+00:00, run_after=2024-12-13 00:00:00+00:00
[2024-12-13T16:58:51.882+0000] {logging_mixin.py:190} INFO - [2024-12-13T16:58:51.882+0000] {dag.py:4180} INFO - Setting next_dagrun for read_dataset_event_from_classic to 2024-12-12 00:00:00+00:00, run_after=2024-12-13 00:00:00+00:00
[2024-12-13T16:58:51.895+0000] {processor.py:208} INFO - Processing /home/airflow/.local/lib/python3.12/site-packages/airflow/example_dags/example_inlet_event_extra.py took 0.552 seconds
[2024-12-13T16:59:22.821+0000] {processor.py:186} INFO - Started process (PID=134) to work on /home/airflow/.local/lib/python3.12/site-packages/airflow/example_dags/example_inlet_event_extra.py
[2024-12-13T16:59:22.822+0000] {processor.py:914} INFO - Processing file /home/airflow/.local/lib/python3.12/site-packages/airflow/example_dags/example_inlet_event_extra.py for tasks to queue
[2024-12-13T16:59:22.823+0000] {logging_mixin.py:190} INFO - [2024-12-13T16:59:22.823+0000] {dagbag.py:588} INFO - Filling up the DagBag from /home/airflow/.local/lib/python3.12/site-packages/airflow/example_dags/example_inlet_event_extra.py
[2024-12-13T16:59:23.200+0000] {processor.py:925} INFO - DAG(s) 'read_dataset_event', 'read_dataset_event_from_classic' retrieved from /home/airflow/.local/lib/python3.12/site-packages/airflow/example_dags/example_inlet_event_extra.py
[2024-12-13T16:59:23.213+0000] {logging_mixin.py:190} INFO - [2024-12-13T16:59:23.213+0000] {dag.py:3239} INFO - Sync 2 DAGs
[2024-12-13T16:59:23.229+0000] {logging_mixin.py:190} INFO - [2024-12-13T16:59:23.229+0000] {dag.py:4180} INFO - Setting next_dagrun for read_dataset_event to 2024-12-12 00:00:00+00:00, run_after=2024-12-13 00:00:00+00:00
[2024-12-13T16:59:23.232+0000] {logging_mixin.py:190} INFO - [2024-12-13T16:59:23.232+0000] {dag.py:4180} INFO - Setting next_dagrun for read_dataset_event_from_classic to 2024-12-12 00:00:00+00:00, run_after=2024-12-13 00:00:00+00:00
[2024-12-13T16:59:23.243+0000] {processor.py:208} INFO - Processing /home/airflow/.local/lib/python3.12/site-packages/airflow/example_dags/example_inlet_event_extra.py took 0.426 seconds
[2024-12-13T16:59:53.792+0000] {processor.py:186} INFO - Started process (PID=197) to work on /home/airflow/.local/lib/python3.12/site-packages/airflow/example_dags/example_inlet_event_extra.py
[2024-12-13T16:59:53.792+0000] {processor.py:914} INFO - Processing file /home/airflow/.local/lib/python3.12/site-packages/airflow/example_dags/example_inlet_event_extra.py for tasks to queue
[2024-12-13T16:59:53.794+0000] {logging_mixin.py:190} INFO - [2024-12-13T16:59:53.794+0000] {dagbag.py:588} INFO - Filling up the DagBag from /home/airflow/.local/lib/python3.12/site-packages/airflow/example_dags/example_inlet_event_extra.py
[2024-12-13T16:59:54.112+0000] {processor.py:925} INFO - DAG(s) 'read_dataset_event_from_classic', 'read_dataset_event' retrieved from /home/airflow/.local/lib/python3.12/site-packages/airflow/example_dags/example_inlet_event_extra.py
[2024-12-13T16:59:54.127+0000] {logging_mixin.py:190} INFO - [2024-12-13T16:59:54.127+0000] {dag.py:3239} INFO - Sync 2 DAGs
[2024-12-13T16:59:54.145+0000] {logging_mixin.py:190} INFO - [2024-12-13T16:59:54.145+0000] {dag.py:4180} INFO - Setting next_dagrun for read_dataset_event to 2024-12-12 00:00:00+00:00, run_after=2024-12-13 00:00:00+00:00
[2024-12-13T16:59:54.149+0000] {logging_mixin.py:190} INFO - [2024-12-13T16:59:54.149+0000] {dag.py:4180} INFO - Setting next_dagrun for read_dataset_event_from_classic to 2024-12-12 00:00:00+00:00, run_after=2024-12-13 00:00:00+00:00
[2024-12-13T16:59:54.163+0000] {processor.py:208} INFO - Processing /home/airflow/.local/lib/python3.12/site-packages/airflow/example_dags/example_inlet_event_extra.py took 0.375 seconds
[2024-12-13T17:00:24.644+0000] {processor.py:186} INFO - Started process (PID=260) to work on /home/airflow/.local/lib/python3.12/site-packages/airflow/example_dags/example_inlet_event_extra.py
[2024-12-13T17:00:24.644+0000] {processor.py:914} INFO - Processing file /home/airflow/.local/lib/python3.12/site-packages/airflow/example_dags/example_inlet_event_extra.py for tasks to queue
[2024-12-13T17:00:24.646+0000] {logging_mixin.py:190} INFO - [2024-12-13T17:00:24.646+0000] {dagbag.py:588} INFO - Filling up the DagBag from /home/airflow/.local/lib/python3.12/site-packages/airflow/example_dags/example_inlet_event_extra.py
[2024-12-13T17:00:25.007+0000] {processor.py:925} INFO - DAG(s) 'read_dataset_event_from_classic', 'read_dataset_event' retrieved from /home/airflow/.local/lib/python3.12/site-packages/airflow/example_dags/example_inlet_event_extra.py
[2024-12-13T17:00:25.020+0000] {logging_mixin.py:190} INFO - [2024-12-13T17:00:25.020+0000] {dag.py:3239} INFO - Sync 2 DAGs
[2024-12-13T17:00:25.037+0000] {logging_mixin.py:190} INFO - [2024-12-13T17:00:25.037+0000] {dag.py:4180} INFO - Setting next_dagrun for read_dataset_event to 2024-12-12 00:00:00+00:00, run_after=2024-12-13 00:00:00+00:00
[2024-12-13T17:00:25.041+0000] {logging_mixin.py:190} INFO - [2024-12-13T17:00:25.041+0000] {dag.py:4180} INFO - Setting next_dagrun for read_dataset_event_from_classic to 2024-12-12 00:00:00+00:00, run_after=2024-12-13 00:00:00+00:00
[2024-12-13T17:00:25.052+0000] {processor.py:208} INFO - Processing /home/airflow/.local/lib/python3.12/site-packages/airflow/example_dags/example_inlet_event_extra.py took 0.412 seconds
[2024-12-13T17:00:55.808+0000] {processor.py:186} INFO - Started process (PID=323) to work on /home/airflow/.local/lib/python3.12/site-packages/airflow/example_dags/example_inlet_event_extra.py
[2024-12-13T17:00:55.808+0000] {processor.py:914} INFO - Processing file /home/airflow/.local/lib/python3.12/site-packages/airflow/example_dags/example_inlet_event_extra.py for tasks to queue
[2024-12-13T17:00:55.810+0000] {logging_mixin.py:190} INFO - [2024-12-13T17:00:55.810+0000] {dagbag.py:588} INFO - Filling up the DagBag from /home/airflow/.local/lib/python3.12/site-packages/airflow/example_dags/example_inlet_event_extra.py
[2024-12-13T17:00:56.186+0000] {processor.py:925} INFO - DAG(s) 'read_dataset_event', 'read_dataset_event_from_classic' retrieved from /home/airflow/.local/lib/python3.12/site-packages/airflow/example_dags/example_inlet_event_extra.py
[2024-12-13T17:00:56.199+0000] {logging_mixin.py:190} INFO - [2024-12-13T17:00:56.199+0000] {dag.py:3239} INFO - Sync 2 DAGs
[2024-12-13T17:00:56.216+0000] {logging_mixin.py:190} INFO - [2024-12-13T17:00:56.216+0000] {dag.py:4180} INFO - Setting next_dagrun for read_dataset_event to 2024-12-12 00:00:00+00:00, run_after=2024-12-13 00:00:00+00:00
[2024-12-13T17:00:56.219+0000] {logging_mixin.py:190} INFO - [2024-12-13T17:00:56.219+0000] {dag.py:4180} INFO - Setting next_dagrun for read_dataset_event_from_classic to 2024-12-12 00:00:00+00:00, run_after=2024-12-13 00:00:00+00:00
[2024-12-13T17:00:56.230+0000] {processor.py:208} INFO - Processing /home/airflow/.local/lib/python3.12/site-packages/airflow/example_dags/example_inlet_event_extra.py took 0.426 seconds
[2024-12-13T17:01:26.715+0000] {processor.py:186} INFO - Started process (PID=386) to work on /home/airflow/.local/lib/python3.12/site-packages/airflow/example_dags/example_inlet_event_extra.py
[2024-12-13T17:01:26.716+0000] {processor.py:914} INFO - Processing file /home/airflow/.local/lib/python3.12/site-packages/airflow/example_dags/example_inlet_event_extra.py for tasks to queue
[2024-12-13T17:01:26.717+0000] {logging_mixin.py:190} INFO - [2024-12-13T17:01:26.717+0000] {dagbag.py:588} INFO - Filling up the DagBag from /home/airflow/.local/lib/python3.12/site-packages/airflow/example_dags/example_inlet_event_extra.py
[2024-12-13T17:01:27.082+0000] {processor.py:925} INFO - DAG(s) 'read_dataset_event_from_classic', 'read_dataset_event' retrieved from /home/airflow/.local/lib/python3.12/site-packages/airflow/example_dags/example_inlet_event_extra.py
[2024-12-13T17:01:27.097+0000] {logging_mixin.py:190} INFO - [2024-12-13T17:01:27.097+0000] {dag.py:3239} INFO - Sync 2 DAGs
[2024-12-13T17:01:27.112+0000] {logging_mixin.py:190} INFO - [2024-12-13T17:01:27.112+0000] {dag.py:4180} INFO - Setting next_dagrun for read_dataset_event to 2024-12-12 00:00:00+00:00, run_after=2024-12-13 00:00:00+00:00
[2024-12-13T17:01:27.115+0000] {logging_mixin.py:190} INFO - [2024-12-13T17:01:27.115+0000] {dag.py:4180} INFO - Setting next_dagrun for read_dataset_event_from_classic to 2024-12-12 00:00:00+00:00, run_after=2024-12-13 00:00:00+00:00
[2024-12-13T17:01:27.127+0000] {processor.py:208} INFO - Processing /home/airflow/.local/lib/python3.12/site-packages/airflow/example_dags/example_inlet_event_extra.py took 0.416 seconds
[2024-12-13T17:01:57.625+0000] {processor.py:186} INFO - Started process (PID=449) to work on /home/airflow/.local/lib/python3.12/site-packages/airflow/example_dags/example_inlet_event_extra.py
[2024-12-13T17:01:57.626+0000] {processor.py:914} INFO - Processing file /home/airflow/.local/lib/python3.12/site-packages/airflow/example_dags/example_inlet_event_extra.py for tasks to queue
[2024-12-13T17:01:57.627+0000] {logging_mixin.py:190} INFO - [2024-12-13T17:01:57.627+0000] {dagbag.py:588} INFO - Filling up the DagBag from /home/airflow/.local/lib/python3.12/site-packages/airflow/example_dags/example_inlet_event_extra.py
[2024-12-13T17:01:58.039+0000] {processor.py:925} INFO - DAG(s) 'read_dataset_event', 'read_dataset_event_from_classic' retrieved from /home/airflow/.local/lib/python3.12/site-packages/airflow/example_dags/example_inlet_event_extra.py
[2024-12-13T17:01:58.052+0000] {logging_mixin.py:190} INFO - [2024-12-13T17:01:58.052+0000] {dag.py:3239} INFO - Sync 2 DAGs
[2024-12-13T17:01:58.068+0000] {logging_mixin.py:190} INFO - [2024-12-13T17:01:58.068+0000] {dag.py:4180} INFO - Setting next_dagrun for read_dataset_event to 2024-12-12 00:00:00+00:00, run_after=2024-12-13 00:00:00+00:00
[2024-12-13T17:01:58.072+0000] {logging_mixin.py:190} INFO - [2024-12-13T17:01:58.072+0000] {dag.py:4180} INFO - Setting next_dagrun for read_dataset_event_from_classic to 2024-12-12 00:00:00+00:00, run_after=2024-12-13 00:00:00+00:00
[2024-12-13T17:01:58.083+0000] {processor.py:208} INFO - Processing /home/airflow/.local/lib/python3.12/site-packages/airflow/example_dags/example_inlet_event_extra.py took 0.462 seconds
[2024-12-13T17:02:28.968+0000] {processor.py:186} INFO - Started process (PID=512) to work on /home/airflow/.local/lib/python3.12/site-packages/airflow/example_dags/example_inlet_event_extra.py
[2024-12-13T17:02:28.969+0000] {processor.py:914} INFO - Processing file /home/airflow/.local/lib/python3.12/site-packages/airflow/example_dags/example_inlet_event_extra.py for tasks to queue
[2024-12-13T17:02:28.971+0000] {logging_mixin.py:190} INFO - [2024-12-13T17:02:28.970+0000] {dagbag.py:588} INFO - Filling up the DagBag from /home/airflow/.local/lib/python3.12/site-packages/airflow/example_dags/example_inlet_event_extra.py
[2024-12-13T17:02:29.331+0000] {processor.py:925} INFO - DAG(s) 'read_dataset_event', 'read_dataset_event_from_classic' retrieved from /home/airflow/.local/lib/python3.12/site-packages/airflow/example_dags/example_inlet_event_extra.py
[2024-12-13T17:02:29.346+0000] {logging_mixin.py:190} INFO - [2024-12-13T17:02:29.346+0000] {dag.py:3239} INFO - Sync 2 DAGs
[2024-12-13T17:02:29.363+0000] {logging_mixin.py:190} INFO - [2024-12-13T17:02:29.362+0000] {dag.py:4180} INFO - Setting next_dagrun for read_dataset_event to 2024-12-12 00:00:00+00:00, run_after=2024-12-13 00:00:00+00:00
[2024-12-13T17:02:29.366+0000] {logging_mixin.py:190} INFO - [2024-12-13T17:02:29.366+0000] {dag.py:4180} INFO - Setting next_dagrun for read_dataset_event_from_classic to 2024-12-12 00:00:00+00:00, run_after=2024-12-13 00:00:00+00:00
[2024-12-13T17:02:29.378+0000] {processor.py:208} INFO - Processing /home/airflow/.local/lib/python3.12/site-packages/airflow/example_dags/example_inlet_event_extra.py took 0.415 seconds
[2024-12-13T17:03:00.099+0000] {processor.py:186} INFO - Started process (PID=575) to work on /home/airflow/.local/lib/python3.12/site-packages/airflow/example_dags/example_inlet_event_extra.py
[2024-12-13T17:03:00.100+0000] {processor.py:914} INFO - Processing file /home/airflow/.local/lib/python3.12/site-packages/airflow/example_dags/example_inlet_event_extra.py for tasks to queue
[2024-12-13T17:03:00.101+0000] {logging_mixin.py:190} INFO - [2024-12-13T17:03:00.101+0000] {dagbag.py:588} INFO - Filling up the DagBag from /home/airflow/.local/lib/python3.12/site-packages/airflow/example_dags/example_inlet_event_extra.py
[2024-12-13T17:03:00.484+0000] {processor.py:925} INFO - DAG(s) 'read_dataset_event_from_classic', 'read_dataset_event' retrieved from /home/airflow/.local/lib/python3.12/site-packages/airflow/example_dags/example_inlet_event_extra.py
[2024-12-13T17:03:00.500+0000] {logging_mixin.py:190} INFO - [2024-12-13T17:03:00.499+0000] {dag.py:3239} INFO - Sync 2 DAGs
[2024-12-13T17:03:00.515+0000] {logging_mixin.py:190} INFO - [2024-12-13T17:03:00.515+0000] {dag.py:4180} INFO - Setting next_dagrun for read_dataset_event to 2024-12-12 00:00:00+00:00, run_after=2024-12-13 00:00:00+00:00
[2024-12-13T17:03:00.518+0000] {logging_mixin.py:190} INFO - [2024-12-13T17:03:00.518+0000] {dag.py:4180} INFO - Setting next_dagrun for read_dataset_event_from_classic to 2024-12-12 00:00:00+00:00, run_after=2024-12-13 00:00:00+00:00
[2024-12-13T17:03:00.529+0000] {processor.py:208} INFO - Processing /home/airflow/.local/lib/python3.12/site-packages/airflow/example_dags/example_inlet_event_extra.py took 0.434 seconds
[2024-12-13T17:03:30.586+0000] {processor.py:186} INFO - Started process (PID=638) to work on /home/airflow/.local/lib/python3.12/site-packages/airflow/example_dags/example_inlet_event_extra.py
[2024-12-13T17:03:30.587+0000] {processor.py:914} INFO - Processing file /home/airflow/.local/lib/python3.12/site-packages/airflow/example_dags/example_inlet_event_extra.py for tasks to queue
[2024-12-13T17:03:30.589+0000] {logging_mixin.py:190} INFO - [2024-12-13T17:03:30.589+0000] {dagbag.py:588} INFO - Filling up the DagBag from /home/airflow/.local/lib/python3.12/site-packages/airflow/example_dags/example_inlet_event_extra.py
[2024-12-13T17:03:30.937+0000] {processor.py:925} INFO - DAG(s) 'read_dataset_event', 'read_dataset_event_from_classic' retrieved from /home/airflow/.local/lib/python3.12/site-packages/airflow/example_dags/example_inlet_event_extra.py
[2024-12-13T17:03:30.951+0000] {logging_mixin.py:190} INFO - [2024-12-13T17:03:30.951+0000] {dag.py:3239} INFO - Sync 2 DAGs
[2024-12-13T17:03:30.968+0000] {logging_mixin.py:190} INFO - [2024-12-13T17:03:30.968+0000] {dag.py:4180} INFO - Setting next_dagrun for read_dataset_event to 2024-12-12 00:00:00+00:00, run_after=2024-12-13 00:00:00+00:00
[2024-12-13T17:03:30.971+0000] {logging_mixin.py:190} INFO - [2024-12-13T17:03:30.971+0000] {dag.py:4180} INFO - Setting next_dagrun for read_dataset_event_from_classic to 2024-12-12 00:00:00+00:00, run_after=2024-12-13 00:00:00+00:00
[2024-12-13T17:03:30.985+0000] {processor.py:208} INFO - Processing /home/airflow/.local/lib/python3.12/site-packages/airflow/example_dags/example_inlet_event_extra.py took 0.402 seconds
[2024-12-13T17:04:01.769+0000] {processor.py:186} INFO - Started process (PID=701) to work on /home/airflow/.local/lib/python3.12/site-packages/airflow/example_dags/example_inlet_event_extra.py
[2024-12-13T17:04:01.770+0000] {processor.py:914} INFO - Processing file /home/airflow/.local/lib/python3.12/site-packages/airflow/example_dags/example_inlet_event_extra.py for tasks to queue
[2024-12-13T17:04:01.771+0000] {logging_mixin.py:190} INFO - [2024-12-13T17:04:01.771+0000] {dagbag.py:588} INFO - Filling up the DagBag from /home/airflow/.local/lib/python3.12/site-packages/airflow/example_dags/example_inlet_event_extra.py
[2024-12-13T17:04:02.137+0000] {processor.py:925} INFO - DAG(s) 'read_dataset_event_from_classic', 'read_dataset_event' retrieved from /home/airflow/.local/lib/python3.12/site-packages/airflow/example_dags/example_inlet_event_extra.py
[2024-12-13T17:04:02.150+0000] {logging_mixin.py:190} INFO - [2024-12-13T17:04:02.150+0000] {dag.py:3239} INFO - Sync 2 DAGs
[2024-12-13T17:04:02.167+0000] {logging_mixin.py:190} INFO - [2024-12-13T17:04:02.167+0000] {dag.py:4180} INFO - Setting next_dagrun for read_dataset_event to 2024-12-12 00:00:00+00:00, run_after=2024-12-13 00:00:00+00:00
[2024-12-13T17:04:02.170+0000] {logging_mixin.py:190} INFO - [2024-12-13T17:04:02.170+0000] {dag.py:4180} INFO - Setting next_dagrun for read_dataset_event_from_classic to 2024-12-12 00:00:00+00:00, run_after=2024-12-13 00:00:00+00:00
[2024-12-13T17:04:02.181+0000] {processor.py:208} INFO - Processing /home/airflow/.local/lib/python3.12/site-packages/airflow/example_dags/example_inlet_event_extra.py took 0.416 seconds
