[2024-12-13T16:58:55.987+0000] {processor.py:186} INFO - Started process (PID=110) to work on /home/airflow/.local/lib/python3.12/site-packages/airflow/example_dags/example_sla_dag.py
[2024-12-13T16:58:55.988+0000] {processor.py:914} INFO - Processing file /home/airflow/.local/lib/python3.12/site-packages/airflow/example_dags/example_sla_dag.py for tasks to queue
[2024-12-13T16:58:55.989+0000] {logging_mixin.py:190} INFO - [2024-12-13T16:58:55.989+0000] {dagbag.py:588} INFO - Filling up the DagBag from /home/airflow/.local/lib/python3.12/site-packages/airflow/example_dags/example_sla_dag.py
[2024-12-13T16:58:55.997+0000] {processor.py:925} INFO - DAG(s) 'example_sla_dag' retrieved from /home/airflow/.local/lib/python3.12/site-packages/airflow/example_dags/example_sla_dag.py
[2024-12-13T16:58:56.069+0000] {logging_mixin.py:190} INFO - [2024-12-13T16:58:56.069+0000] {override.py:1911} INFO - Created Permission View: can edit on DAG:example_sla_dag
[2024-12-13T16:58:56.076+0000] {logging_mixin.py:190} INFO - [2024-12-13T16:58:56.076+0000] {override.py:1911} INFO - Created Permission View: can read on DAG:example_sla_dag
[2024-12-13T16:58:56.081+0000] {logging_mixin.py:190} INFO - [2024-12-13T16:58:56.081+0000] {override.py:1911} INFO - Created Permission View: can delete on DAG:example_sla_dag
[2024-12-13T16:58:56.087+0000] {logging_mixin.py:190} INFO - [2024-12-13T16:58:56.086+0000] {override.py:1911} INFO - Created Permission View: menu access on DAG Run:example_sla_dag
[2024-12-13T16:58:56.091+0000] {logging_mixin.py:190} INFO - [2024-12-13T16:58:56.091+0000] {override.py:1911} INFO - Created Permission View: can delete on DAG Run:example_sla_dag
[2024-12-13T16:58:56.097+0000] {logging_mixin.py:190} INFO - [2024-12-13T16:58:56.097+0000] {override.py:1911} INFO - Created Permission View: can read on DAG Run:example_sla_dag
[2024-12-13T16:58:56.102+0000] {logging_mixin.py:190} INFO - [2024-12-13T16:58:56.102+0000] {override.py:1911} INFO - Created Permission View: can create on DAG Run:example_sla_dag
[2024-12-13T16:58:56.102+0000] {logging_mixin.py:190} INFO - [2024-12-13T16:58:56.102+0000] {dag.py:3239} INFO - Sync 1 DAGs
[2024-12-13T16:58:56.111+0000] {logging_mixin.py:190} INFO - [2024-12-13T16:58:56.111+0000] {dag.py:3262} INFO - Creating ORM DAG for example_sla_dag
[2024-12-13T16:58:56.119+0000] {logging_mixin.py:190} INFO - [2024-12-13T16:58:56.119+0000] {dag.py:4180} INFO - Setting next_dagrun for example_sla_dag to 2024-12-13 16:56:00+00:00, run_after=2024-12-13 16:58:00+00:00
[2024-12-13T16:58:56.131+0000] {processor.py:208} INFO - Processing /home/airflow/.local/lib/python3.12/site-packages/airflow/example_dags/example_sla_dag.py took 0.148 seconds
[2024-12-13T16:59:26.183+0000] {processor.py:186} INFO - Started process (PID=173) to work on /home/airflow/.local/lib/python3.12/site-packages/airflow/example_dags/example_sla_dag.py
[2024-12-13T16:59:26.184+0000] {processor.py:914} INFO - Processing file /home/airflow/.local/lib/python3.12/site-packages/airflow/example_dags/example_sla_dag.py for tasks to queue
[2024-12-13T16:59:26.186+0000] {logging_mixin.py:190} INFO - [2024-12-13T16:59:26.186+0000] {dagbag.py:588} INFO - Filling up the DagBag from /home/airflow/.local/lib/python3.12/site-packages/airflow/example_dags/example_sla_dag.py
[2024-12-13T16:59:26.194+0000] {processor.py:925} INFO - DAG(s) 'example_sla_dag' retrieved from /home/airflow/.local/lib/python3.12/site-packages/airflow/example_dags/example_sla_dag.py
[2024-12-13T16:59:26.206+0000] {logging_mixin.py:190} INFO - [2024-12-13T16:59:26.206+0000] {dag.py:3239} INFO - Sync 1 DAGs
[2024-12-13T16:59:26.222+0000] {logging_mixin.py:190} INFO - [2024-12-13T16:59:26.222+0000] {dag.py:4180} INFO - Setting next_dagrun for example_sla_dag to 2024-12-13 16:56:00+00:00, run_after=2024-12-13 16:58:00+00:00
[2024-12-13T16:59:26.234+0000] {processor.py:208} INFO - Processing /home/airflow/.local/lib/python3.12/site-packages/airflow/example_dags/example_sla_dag.py took 0.055 seconds
[2024-12-13T16:59:57.048+0000] {processor.py:186} INFO - Started process (PID=236) to work on /home/airflow/.local/lib/python3.12/site-packages/airflow/example_dags/example_sla_dag.py
[2024-12-13T16:59:57.048+0000] {processor.py:914} INFO - Processing file /home/airflow/.local/lib/python3.12/site-packages/airflow/example_dags/example_sla_dag.py for tasks to queue
[2024-12-13T16:59:57.050+0000] {logging_mixin.py:190} INFO - [2024-12-13T16:59:57.050+0000] {dagbag.py:588} INFO - Filling up the DagBag from /home/airflow/.local/lib/python3.12/site-packages/airflow/example_dags/example_sla_dag.py
[2024-12-13T16:59:57.057+0000] {processor.py:925} INFO - DAG(s) 'example_sla_dag' retrieved from /home/airflow/.local/lib/python3.12/site-packages/airflow/example_dags/example_sla_dag.py
[2024-12-13T16:59:57.070+0000] {logging_mixin.py:190} INFO - [2024-12-13T16:59:57.069+0000] {dag.py:3239} INFO - Sync 1 DAGs
[2024-12-13T16:59:57.085+0000] {logging_mixin.py:190} INFO - [2024-12-13T16:59:57.085+0000] {dag.py:4180} INFO - Setting next_dagrun for example_sla_dag to 2024-12-13 16:56:00+00:00, run_after=2024-12-13 16:58:00+00:00
[2024-12-13T16:59:57.097+0000] {processor.py:208} INFO - Processing /home/airflow/.local/lib/python3.12/site-packages/airflow/example_dags/example_sla_dag.py took 0.053 seconds
[2024-12-13T17:00:28.174+0000] {processor.py:186} INFO - Started process (PID=299) to work on /home/airflow/.local/lib/python3.12/site-packages/airflow/example_dags/example_sla_dag.py
[2024-12-13T17:00:28.175+0000] {processor.py:914} INFO - Processing file /home/airflow/.local/lib/python3.12/site-packages/airflow/example_dags/example_sla_dag.py for tasks to queue
[2024-12-13T17:00:28.176+0000] {logging_mixin.py:190} INFO - [2024-12-13T17:00:28.176+0000] {dagbag.py:588} INFO - Filling up the DagBag from /home/airflow/.local/lib/python3.12/site-packages/airflow/example_dags/example_sla_dag.py
[2024-12-13T17:00:28.183+0000] {processor.py:925} INFO - DAG(s) 'example_sla_dag' retrieved from /home/airflow/.local/lib/python3.12/site-packages/airflow/example_dags/example_sla_dag.py
[2024-12-13T17:00:28.197+0000] {logging_mixin.py:190} INFO - [2024-12-13T17:00:28.197+0000] {dag.py:3239} INFO - Sync 1 DAGs
[2024-12-13T17:00:28.213+0000] {logging_mixin.py:190} INFO - [2024-12-13T17:00:28.213+0000] {dag.py:4180} INFO - Setting next_dagrun for example_sla_dag to 2024-12-13 16:58:00+00:00, run_after=2024-12-13 17:00:00+00:00
[2024-12-13T17:00:28.225+0000] {processor.py:208} INFO - Processing /home/airflow/.local/lib/python3.12/site-packages/airflow/example_dags/example_sla_dag.py took 0.055 seconds
[2024-12-13T17:00:59.092+0000] {processor.py:186} INFO - Started process (PID=362) to work on /home/airflow/.local/lib/python3.12/site-packages/airflow/example_dags/example_sla_dag.py
[2024-12-13T17:00:59.093+0000] {processor.py:914} INFO - Processing file /home/airflow/.local/lib/python3.12/site-packages/airflow/example_dags/example_sla_dag.py for tasks to queue
[2024-12-13T17:00:59.094+0000] {logging_mixin.py:190} INFO - [2024-12-13T17:00:59.094+0000] {dagbag.py:588} INFO - Filling up the DagBag from /home/airflow/.local/lib/python3.12/site-packages/airflow/example_dags/example_sla_dag.py
[2024-12-13T17:00:59.102+0000] {processor.py:925} INFO - DAG(s) 'example_sla_dag' retrieved from /home/airflow/.local/lib/python3.12/site-packages/airflow/example_dags/example_sla_dag.py
[2024-12-13T17:00:59.116+0000] {logging_mixin.py:190} INFO - [2024-12-13T17:00:59.116+0000] {dag.py:3239} INFO - Sync 1 DAGs
[2024-12-13T17:00:59.133+0000] {logging_mixin.py:190} INFO - [2024-12-13T17:00:59.133+0000] {dag.py:4180} INFO - Setting next_dagrun for example_sla_dag to 2024-12-13 16:58:00+00:00, run_after=2024-12-13 17:00:00+00:00
[2024-12-13T17:00:59.145+0000] {processor.py:208} INFO - Processing /home/airflow/.local/lib/python3.12/site-packages/airflow/example_dags/example_sla_dag.py took 0.057 seconds
[2024-12-13T17:01:30.036+0000] {processor.py:186} INFO - Started process (PID=425) to work on /home/airflow/.local/lib/python3.12/site-packages/airflow/example_dags/example_sla_dag.py
[2024-12-13T17:01:30.037+0000] {processor.py:914} INFO - Processing file /home/airflow/.local/lib/python3.12/site-packages/airflow/example_dags/example_sla_dag.py for tasks to queue
[2024-12-13T17:01:30.038+0000] {logging_mixin.py:190} INFO - [2024-12-13T17:01:30.038+0000] {dagbag.py:588} INFO - Filling up the DagBag from /home/airflow/.local/lib/python3.12/site-packages/airflow/example_dags/example_sla_dag.py
[2024-12-13T17:01:30.046+0000] {processor.py:925} INFO - DAG(s) 'example_sla_dag' retrieved from /home/airflow/.local/lib/python3.12/site-packages/airflow/example_dags/example_sla_dag.py
[2024-12-13T17:01:30.060+0000] {logging_mixin.py:190} INFO - [2024-12-13T17:01:30.060+0000] {dag.py:3239} INFO - Sync 1 DAGs
[2024-12-13T17:01:30.079+0000] {logging_mixin.py:190} INFO - [2024-12-13T17:01:30.079+0000] {dag.py:4180} INFO - Setting next_dagrun for example_sla_dag to 2024-12-13 16:58:00+00:00, run_after=2024-12-13 17:00:00+00:00
[2024-12-13T17:01:30.092+0000] {processor.py:208} INFO - Processing /home/airflow/.local/lib/python3.12/site-packages/airflow/example_dags/example_sla_dag.py took 0.060 seconds
[2024-12-13T17:02:00.336+0000] {processor.py:186} INFO - Started process (PID=488) to work on /home/airflow/.local/lib/python3.12/site-packages/airflow/example_dags/example_sla_dag.py
[2024-12-13T17:02:00.336+0000] {processor.py:914} INFO - Processing file /home/airflow/.local/lib/python3.12/site-packages/airflow/example_dags/example_sla_dag.py for tasks to queue
[2024-12-13T17:02:00.338+0000] {logging_mixin.py:190} INFO - [2024-12-13T17:02:00.338+0000] {dagbag.py:588} INFO - Filling up the DagBag from /home/airflow/.local/lib/python3.12/site-packages/airflow/example_dags/example_sla_dag.py
[2024-12-13T17:02:00.345+0000] {processor.py:925} INFO - DAG(s) 'example_sla_dag' retrieved from /home/airflow/.local/lib/python3.12/site-packages/airflow/example_dags/example_sla_dag.py
[2024-12-13T17:02:00.360+0000] {logging_mixin.py:190} INFO - [2024-12-13T17:02:00.360+0000] {dag.py:3239} INFO - Sync 1 DAGs
[2024-12-13T17:02:00.377+0000] {logging_mixin.py:190} INFO - [2024-12-13T17:02:00.377+0000] {dag.py:4180} INFO - Setting next_dagrun for example_sla_dag to 2024-12-13 17:00:00+00:00, run_after=2024-12-13 17:02:00+00:00
[2024-12-13T17:02:00.389+0000] {processor.py:208} INFO - Processing /home/airflow/.local/lib/python3.12/site-packages/airflow/example_dags/example_sla_dag.py took 0.057 seconds
[2024-12-13T17:02:31.391+0000] {processor.py:186} INFO - Started process (PID=551) to work on /home/airflow/.local/lib/python3.12/site-packages/airflow/example_dags/example_sla_dag.py
[2024-12-13T17:02:31.392+0000] {processor.py:914} INFO - Processing file /home/airflow/.local/lib/python3.12/site-packages/airflow/example_dags/example_sla_dag.py for tasks to queue
[2024-12-13T17:02:31.394+0000] {logging_mixin.py:190} INFO - [2024-12-13T17:02:31.393+0000] {dagbag.py:588} INFO - Filling up the DagBag from /home/airflow/.local/lib/python3.12/site-packages/airflow/example_dags/example_sla_dag.py
[2024-12-13T17:02:31.401+0000] {processor.py:925} INFO - DAG(s) 'example_sla_dag' retrieved from /home/airflow/.local/lib/python3.12/site-packages/airflow/example_dags/example_sla_dag.py
[2024-12-13T17:02:31.414+0000] {logging_mixin.py:190} INFO - [2024-12-13T17:02:31.414+0000] {dag.py:3239} INFO - Sync 1 DAGs
[2024-12-13T17:02:31.430+0000] {logging_mixin.py:190} INFO - [2024-12-13T17:02:31.430+0000] {dag.py:4180} INFO - Setting next_dagrun for example_sla_dag to 2024-12-13 17:00:00+00:00, run_after=2024-12-13 17:02:00+00:00
[2024-12-13T17:02:31.443+0000] {processor.py:208} INFO - Processing /home/airflow/.local/lib/python3.12/site-packages/airflow/example_dags/example_sla_dag.py took 0.055 seconds
[2024-12-13T17:03:02.817+0000] {processor.py:186} INFO - Started process (PID=614) to work on /home/airflow/.local/lib/python3.12/site-packages/airflow/example_dags/example_sla_dag.py
[2024-12-13T17:03:02.818+0000] {processor.py:914} INFO - Processing file /home/airflow/.local/lib/python3.12/site-packages/airflow/example_dags/example_sla_dag.py for tasks to queue
[2024-12-13T17:03:02.819+0000] {logging_mixin.py:190} INFO - [2024-12-13T17:03:02.819+0000] {dagbag.py:588} INFO - Filling up the DagBag from /home/airflow/.local/lib/python3.12/site-packages/airflow/example_dags/example_sla_dag.py
[2024-12-13T17:03:02.826+0000] {processor.py:925} INFO - DAG(s) 'example_sla_dag' retrieved from /home/airflow/.local/lib/python3.12/site-packages/airflow/example_dags/example_sla_dag.py
[2024-12-13T17:03:02.840+0000] {logging_mixin.py:190} INFO - [2024-12-13T17:03:02.840+0000] {dag.py:3239} INFO - Sync 1 DAGs
[2024-12-13T17:03:02.857+0000] {logging_mixin.py:190} INFO - [2024-12-13T17:03:02.857+0000] {dag.py:4180} INFO - Setting next_dagrun for example_sla_dag to 2024-12-13 17:00:00+00:00, run_after=2024-12-13 17:02:00+00:00
[2024-12-13T17:03:02.871+0000] {processor.py:208} INFO - Processing /home/airflow/.local/lib/python3.12/site-packages/airflow/example_dags/example_sla_dag.py took 0.058 seconds
[2024-12-13T17:03:33.959+0000] {processor.py:186} INFO - Started process (PID=677) to work on /home/airflow/.local/lib/python3.12/site-packages/airflow/example_dags/example_sla_dag.py
[2024-12-13T17:03:33.960+0000] {processor.py:914} INFO - Processing file /home/airflow/.local/lib/python3.12/site-packages/airflow/example_dags/example_sla_dag.py for tasks to queue
[2024-12-13T17:03:33.962+0000] {logging_mixin.py:190} INFO - [2024-12-13T17:03:33.961+0000] {dagbag.py:588} INFO - Filling up the DagBag from /home/airflow/.local/lib/python3.12/site-packages/airflow/example_dags/example_sla_dag.py
[2024-12-13T17:03:33.974+0000] {processor.py:925} INFO - DAG(s) 'example_sla_dag' retrieved from /home/airflow/.local/lib/python3.12/site-packages/airflow/example_dags/example_sla_dag.py
[2024-12-13T17:03:33.992+0000] {logging_mixin.py:190} INFO - [2024-12-13T17:03:33.992+0000] {dag.py:3239} INFO - Sync 1 DAGs
[2024-12-13T17:03:34.015+0000] {logging_mixin.py:190} INFO - [2024-12-13T17:03:34.015+0000] {dag.py:4180} INFO - Setting next_dagrun for example_sla_dag to 2024-12-13 17:00:00+00:00, run_after=2024-12-13 17:02:00+00:00
[2024-12-13T17:03:34.029+0000] {processor.py:208} INFO - Processing /home/airflow/.local/lib/python3.12/site-packages/airflow/example_dags/example_sla_dag.py took 0.075 seconds
[2024-12-13T17:04:04.077+0000] {processor.py:186} INFO - Started process (PID=739) to work on /home/airflow/.local/lib/python3.12/site-packages/airflow/example_dags/example_sla_dag.py
[2024-12-13T17:04:04.078+0000] {processor.py:914} INFO - Processing file /home/airflow/.local/lib/python3.12/site-packages/airflow/example_dags/example_sla_dag.py for tasks to queue
[2024-12-13T17:04:04.079+0000] {logging_mixin.py:190} INFO - [2024-12-13T17:04:04.079+0000] {dagbag.py:588} INFO - Filling up the DagBag from /home/airflow/.local/lib/python3.12/site-packages/airflow/example_dags/example_sla_dag.py
[2024-12-13T17:04:04.087+0000] {processor.py:925} INFO - DAG(s) 'example_sla_dag' retrieved from /home/airflow/.local/lib/python3.12/site-packages/airflow/example_dags/example_sla_dag.py
[2024-12-13T17:04:04.101+0000] {logging_mixin.py:190} INFO - [2024-12-13T17:04:04.100+0000] {dag.py:3239} INFO - Sync 1 DAGs
[2024-12-13T17:04:04.117+0000] {logging_mixin.py:190} INFO - [2024-12-13T17:04:04.117+0000] {dag.py:4180} INFO - Setting next_dagrun for example_sla_dag to 2024-12-13 17:02:00+00:00, run_after=2024-12-13 17:04:00+00:00
[2024-12-13T17:04:04.128+0000] {processor.py:208} INFO - Processing /home/airflow/.local/lib/python3.12/site-packages/airflow/example_dags/example_sla_dag.py took 0.055 seconds
