[2024-12-13T16:58:50.525+0000] {processor.py:186} INFO - Started process (PID=60) to work on /home/airflow/.local/lib/python3.12/site-packages/airflow/example_dags/example_dataset_alias_with_no_taskflow.py
[2024-12-13T16:58:50.525+0000] {processor.py:914} INFO - Processing file /home/airflow/.local/lib/python3.12/site-packages/airflow/example_dags/example_dataset_alias_with_no_taskflow.py for tasks to queue
[2024-12-13T16:58:50.527+0000] {logging_mixin.py:190} INFO - [2024-12-13T16:58:50.527+0000] {dagbag.py:588} INFO - Filling up the DagBag from /home/airflow/.local/lib/python3.12/site-packages/airflow/example_dags/example_dataset_alias_with_no_taskflow.py
[2024-12-13T16:58:51.730+0000] {processor.py:925} INFO - DAG(s) 'dataset_s3_bucket_consumer_with_no_taskflow', 'dataset_alias_example_alias_consumer_with_no_taskflow', 'dataset_alias_example_alias_producer_with_no_taskflow', 'dataset_s3_bucket_producer_with_no_taskflow' retrieved from /home/airflow/.local/lib/python3.12/site-packages/airflow/example_dags/example_dataset_alias_with_no_taskflow.py
[2024-12-13T16:58:51.792+0000] {logging_mixin.py:190} INFO - [2024-12-13T16:58:51.792+0000] {override.py:1911} INFO - Created Permission View: can edit on DAG:dataset_s3_bucket_consumer_with_no_taskflow
[2024-12-13T16:58:51.799+0000] {logging_mixin.py:190} INFO - [2024-12-13T16:58:51.799+0000] {override.py:1911} INFO - Created Permission View: can read on DAG:dataset_s3_bucket_consumer_with_no_taskflow
[2024-12-13T16:58:51.804+0000] {logging_mixin.py:190} INFO - [2024-12-13T16:58:51.804+0000] {override.py:1911} INFO - Created Permission View: can delete on DAG:dataset_s3_bucket_consumer_with_no_taskflow
[2024-12-13T16:58:51.809+0000] {logging_mixin.py:190} INFO - [2024-12-13T16:58:51.809+0000] {override.py:1911} INFO - Created Permission View: menu access on DAG Run:dataset_s3_bucket_consumer_with_no_taskflow
[2024-12-13T16:58:51.814+0000] {logging_mixin.py:190} INFO - [2024-12-13T16:58:51.814+0000] {override.py:1911} INFO - Created Permission View: can delete on DAG Run:dataset_s3_bucket_consumer_with_no_taskflow
[2024-12-13T16:58:51.819+0000] {logging_mixin.py:190} INFO - [2024-12-13T16:58:51.819+0000] {override.py:1911} INFO - Created Permission View: can read on DAG Run:dataset_s3_bucket_consumer_with_no_taskflow
[2024-12-13T16:58:51.823+0000] {logging_mixin.py:190} INFO - [2024-12-13T16:58:51.823+0000] {override.py:1911} INFO - Created Permission View: can create on DAG Run:dataset_s3_bucket_consumer_with_no_taskflow
[2024-12-13T16:58:51.832+0000] {logging_mixin.py:190} INFO - [2024-12-13T16:58:51.832+0000] {override.py:1911} INFO - Created Permission View: can edit on DAG:dataset_alias_example_alias_consumer_with_no_taskflow
[2024-12-13T16:58:51.838+0000] {logging_mixin.py:190} INFO - [2024-12-13T16:58:51.837+0000] {override.py:1911} INFO - Created Permission View: can read on DAG:dataset_alias_example_alias_consumer_with_no_taskflow
[2024-12-13T16:58:51.842+0000] {logging_mixin.py:190} INFO - [2024-12-13T16:58:51.842+0000] {override.py:1911} INFO - Created Permission View: can delete on DAG:dataset_alias_example_alias_consumer_with_no_taskflow
[2024-12-13T16:58:51.848+0000] {logging_mixin.py:190} INFO - [2024-12-13T16:58:51.848+0000] {override.py:1911} INFO - Created Permission View: menu access on DAG Run:dataset_alias_example_alias_consumer_with_no_taskflow
[2024-12-13T16:58:51.853+0000] {logging_mixin.py:190} INFO - [2024-12-13T16:58:51.852+0000] {override.py:1911} INFO - Created Permission View: can delete on DAG Run:dataset_alias_example_alias_consumer_with_no_taskflow
[2024-12-13T16:58:51.857+0000] {logging_mixin.py:190} INFO - [2024-12-13T16:58:51.857+0000] {override.py:1911} INFO - Created Permission View: can read on DAG Run:dataset_alias_example_alias_consumer_with_no_taskflow
[2024-12-13T16:58:51.861+0000] {logging_mixin.py:190} INFO - [2024-12-13T16:58:51.861+0000] {override.py:1911} INFO - Created Permission View: can create on DAG Run:dataset_alias_example_alias_consumer_with_no_taskflow
[2024-12-13T16:58:51.870+0000] {logging_mixin.py:190} INFO - [2024-12-13T16:58:51.870+0000] {override.py:1911} INFO - Created Permission View: can edit on DAG:dataset_alias_example_alias_producer_with_no_taskflow
[2024-12-13T16:58:51.875+0000] {logging_mixin.py:190} INFO - [2024-12-13T16:58:51.874+0000] {override.py:1911} INFO - Created Permission View: can read on DAG:dataset_alias_example_alias_producer_with_no_taskflow
[2024-12-13T16:58:51.879+0000] {logging_mixin.py:190} INFO - [2024-12-13T16:58:51.879+0000] {override.py:1911} INFO - Created Permission View: can delete on DAG:dataset_alias_example_alias_producer_with_no_taskflow
[2024-12-13T16:58:51.885+0000] {logging_mixin.py:190} INFO - [2024-12-13T16:58:51.884+0000] {override.py:1911} INFO - Created Permission View: menu access on DAG Run:dataset_alias_example_alias_producer_with_no_taskflow
[2024-12-13T16:58:51.890+0000] {logging_mixin.py:190} INFO - [2024-12-13T16:58:51.890+0000] {override.py:1911} INFO - Created Permission View: can delete on DAG Run:dataset_alias_example_alias_producer_with_no_taskflow
[2024-12-13T16:58:51.896+0000] {logging_mixin.py:190} INFO - [2024-12-13T16:58:51.895+0000] {override.py:1911} INFO - Created Permission View: can read on DAG Run:dataset_alias_example_alias_producer_with_no_taskflow
[2024-12-13T16:58:51.901+0000] {logging_mixin.py:190} INFO - [2024-12-13T16:58:51.901+0000] {override.py:1911} INFO - Created Permission View: can create on DAG Run:dataset_alias_example_alias_producer_with_no_taskflow
[2024-12-13T16:58:51.911+0000] {logging_mixin.py:190} INFO - [2024-12-13T16:58:51.911+0000] {override.py:1911} INFO - Created Permission View: can edit on DAG:dataset_s3_bucket_producer_with_no_taskflow
[2024-12-13T16:58:51.916+0000] {logging_mixin.py:190} INFO - [2024-12-13T16:58:51.916+0000] {override.py:1911} INFO - Created Permission View: can read on DAG:dataset_s3_bucket_producer_with_no_taskflow
[2024-12-13T16:58:51.921+0000] {logging_mixin.py:190} INFO - [2024-12-13T16:58:51.921+0000] {override.py:1911} INFO - Created Permission View: can delete on DAG:dataset_s3_bucket_producer_with_no_taskflow
[2024-12-13T16:58:51.927+0000] {logging_mixin.py:190} INFO - [2024-12-13T16:58:51.927+0000] {override.py:1911} INFO - Created Permission View: menu access on DAG Run:dataset_s3_bucket_producer_with_no_taskflow
[2024-12-13T16:58:51.932+0000] {logging_mixin.py:190} INFO - [2024-12-13T16:58:51.931+0000] {override.py:1911} INFO - Created Permission View: can delete on DAG Run:dataset_s3_bucket_producer_with_no_taskflow
[2024-12-13T16:58:51.936+0000] {logging_mixin.py:190} INFO - [2024-12-13T16:58:51.936+0000] {override.py:1911} INFO - Created Permission View: can read on DAG Run:dataset_s3_bucket_producer_with_no_taskflow
[2024-12-13T16:58:51.941+0000] {logging_mixin.py:190} INFO - [2024-12-13T16:58:51.941+0000] {override.py:1911} INFO - Created Permission View: can create on DAG Run:dataset_s3_bucket_producer_with_no_taskflow
[2024-12-13T16:58:51.941+0000] {logging_mixin.py:190} INFO - [2024-12-13T16:58:51.941+0000] {dag.py:3239} INFO - Sync 4 DAGs
[2024-12-13T16:58:51.950+0000] {logging_mixin.py:190} INFO - [2024-12-13T16:58:51.950+0000] {dag.py:3262} INFO - Creating ORM DAG for dataset_s3_bucket_producer_with_no_taskflow
[2024-12-13T16:58:51.951+0000] {logging_mixin.py:190} INFO - [2024-12-13T16:58:51.950+0000] {dag.py:3262} INFO - Creating ORM DAG for dataset_alias_example_alias_consumer_with_no_taskflow
[2024-12-13T16:58:51.951+0000] {logging_mixin.py:190} INFO - [2024-12-13T16:58:51.951+0000] {dag.py:3262} INFO - Creating ORM DAG for dataset_s3_bucket_consumer_with_no_taskflow
[2024-12-13T16:58:51.952+0000] {logging_mixin.py:190} INFO - [2024-12-13T16:58:51.951+0000] {dag.py:3262} INFO - Creating ORM DAG for dataset_alias_example_alias_producer_with_no_taskflow
[2024-12-13T16:58:51.958+0000] {logging_mixin.py:190} INFO - [2024-12-13T16:58:51.958+0000] {dag.py:4180} INFO - Setting next_dagrun for dataset_alias_example_alias_consumer_with_no_taskflow to None, run_after=None
[2024-12-13T16:58:51.959+0000] {logging_mixin.py:190} INFO - [2024-12-13T16:58:51.959+0000] {dag.py:4180} INFO - Setting next_dagrun for dataset_alias_example_alias_producer_with_no_taskflow to None, run_after=None
[2024-12-13T16:58:51.959+0000] {logging_mixin.py:190} INFO - [2024-12-13T16:58:51.959+0000] {dag.py:4180} INFO - Setting next_dagrun for dataset_s3_bucket_consumer_with_no_taskflow to None, run_after=None
[2024-12-13T16:58:51.959+0000] {logging_mixin.py:190} INFO - [2024-12-13T16:58:51.959+0000] {dag.py:4180} INFO - Setting next_dagrun for dataset_s3_bucket_producer_with_no_taskflow to None, run_after=None
[2024-12-13T16:58:51.980+0000] {processor.py:208} INFO - Processing /home/airflow/.local/lib/python3.12/site-packages/airflow/example_dags/example_dataset_alias_with_no_taskflow.py took 1.459 seconds
[2024-12-13T16:59:22.817+0000] {processor.py:186} INFO - Started process (PID=133) to work on /home/airflow/.local/lib/python3.12/site-packages/airflow/example_dags/example_dataset_alias_with_no_taskflow.py
[2024-12-13T16:59:22.820+0000] {processor.py:914} INFO - Processing file /home/airflow/.local/lib/python3.12/site-packages/airflow/example_dags/example_dataset_alias_with_no_taskflow.py for tasks to queue
[2024-12-13T16:59:22.821+0000] {logging_mixin.py:190} INFO - [2024-12-13T16:59:22.821+0000] {dagbag.py:588} INFO - Filling up the DagBag from /home/airflow/.local/lib/python3.12/site-packages/airflow/example_dags/example_dataset_alias_with_no_taskflow.py
[2024-12-13T16:59:23.210+0000] {processor.py:925} INFO - DAG(s) 'dataset_alias_example_alias_producer_with_no_taskflow', 'dataset_alias_example_alias_consumer_with_no_taskflow', 'dataset_s3_bucket_consumer_with_no_taskflow', 'dataset_s3_bucket_producer_with_no_taskflow' retrieved from /home/airflow/.local/lib/python3.12/site-packages/airflow/example_dags/example_dataset_alias_with_no_taskflow.py
[2024-12-13T16:59:23.225+0000] {logging_mixin.py:190} INFO - [2024-12-13T16:59:23.224+0000] {dag.py:3239} INFO - Sync 4 DAGs
[2024-12-13T16:59:23.240+0000] {logging_mixin.py:190} INFO - [2024-12-13T16:59:23.240+0000] {dag.py:4180} INFO - Setting next_dagrun for dataset_alias_example_alias_consumer_with_no_taskflow to None, run_after=None
[2024-12-13T16:59:23.241+0000] {logging_mixin.py:190} INFO - [2024-12-13T16:59:23.241+0000] {dag.py:4180} INFO - Setting next_dagrun for dataset_alias_example_alias_producer_with_no_taskflow to None, run_after=None
[2024-12-13T16:59:23.242+0000] {logging_mixin.py:190} INFO - [2024-12-13T16:59:23.242+0000] {dag.py:4180} INFO - Setting next_dagrun for dataset_s3_bucket_consumer_with_no_taskflow to None, run_after=None
[2024-12-13T16:59:23.243+0000] {logging_mixin.py:190} INFO - [2024-12-13T16:59:23.243+0000] {dag.py:4180} INFO - Setting next_dagrun for dataset_s3_bucket_producer_with_no_taskflow to None, run_after=None
[2024-12-13T16:59:23.257+0000] {processor.py:208} INFO - Processing /home/airflow/.local/lib/python3.12/site-packages/airflow/example_dags/example_dataset_alias_with_no_taskflow.py took 0.444 seconds
[2024-12-13T16:59:53.788+0000] {processor.py:186} INFO - Started process (PID=196) to work on /home/airflow/.local/lib/python3.12/site-packages/airflow/example_dags/example_dataset_alias_with_no_taskflow.py
[2024-12-13T16:59:53.788+0000] {processor.py:914} INFO - Processing file /home/airflow/.local/lib/python3.12/site-packages/airflow/example_dags/example_dataset_alias_with_no_taskflow.py for tasks to queue
[2024-12-13T16:59:53.790+0000] {logging_mixin.py:190} INFO - [2024-12-13T16:59:53.790+0000] {dagbag.py:588} INFO - Filling up the DagBag from /home/airflow/.local/lib/python3.12/site-packages/airflow/example_dags/example_dataset_alias_with_no_taskflow.py
[2024-12-13T16:59:54.122+0000] {processor.py:925} INFO - DAG(s) 'dataset_s3_bucket_producer_with_no_taskflow', 'dataset_s3_bucket_consumer_with_no_taskflow', 'dataset_alias_example_alias_producer_with_no_taskflow', 'dataset_alias_example_alias_consumer_with_no_taskflow' retrieved from /home/airflow/.local/lib/python3.12/site-packages/airflow/example_dags/example_dataset_alias_with_no_taskflow.py
[2024-12-13T16:59:54.137+0000] {logging_mixin.py:190} INFO - [2024-12-13T16:59:54.136+0000] {dag.py:3239} INFO - Sync 4 DAGs
[2024-12-13T16:59:54.153+0000] {logging_mixin.py:190} INFO - [2024-12-13T16:59:54.153+0000] {dag.py:4180} INFO - Setting next_dagrun for dataset_alias_example_alias_consumer_with_no_taskflow to None, run_after=None
[2024-12-13T16:59:54.155+0000] {logging_mixin.py:190} INFO - [2024-12-13T16:59:54.155+0000] {dag.py:4180} INFO - Setting next_dagrun for dataset_alias_example_alias_producer_with_no_taskflow to None, run_after=None
[2024-12-13T16:59:54.156+0000] {logging_mixin.py:190} INFO - [2024-12-13T16:59:54.156+0000] {dag.py:4180} INFO - Setting next_dagrun for dataset_s3_bucket_consumer_with_no_taskflow to None, run_after=None
[2024-12-13T16:59:54.157+0000] {logging_mixin.py:190} INFO - [2024-12-13T16:59:54.156+0000] {dag.py:4180} INFO - Setting next_dagrun for dataset_s3_bucket_producer_with_no_taskflow to None, run_after=None
[2024-12-13T16:59:54.171+0000] {processor.py:208} INFO - Processing /home/airflow/.local/lib/python3.12/site-packages/airflow/example_dags/example_dataset_alias_with_no_taskflow.py took 0.387 seconds
[2024-12-13T17:00:24.640+0000] {processor.py:186} INFO - Started process (PID=259) to work on /home/airflow/.local/lib/python3.12/site-packages/airflow/example_dags/example_dataset_alias_with_no_taskflow.py
[2024-12-13T17:00:24.641+0000] {processor.py:914} INFO - Processing file /home/airflow/.local/lib/python3.12/site-packages/airflow/example_dags/example_dataset_alias_with_no_taskflow.py for tasks to queue
[2024-12-13T17:00:24.642+0000] {logging_mixin.py:190} INFO - [2024-12-13T17:00:24.642+0000] {dagbag.py:588} INFO - Filling up the DagBag from /home/airflow/.local/lib/python3.12/site-packages/airflow/example_dags/example_dataset_alias_with_no_taskflow.py
[2024-12-13T17:00:25.001+0000] {processor.py:925} INFO - DAG(s) 'dataset_alias_example_alias_consumer_with_no_taskflow', 'dataset_alias_example_alias_producer_with_no_taskflow', 'dataset_s3_bucket_consumer_with_no_taskflow', 'dataset_s3_bucket_producer_with_no_taskflow' retrieved from /home/airflow/.local/lib/python3.12/site-packages/airflow/example_dags/example_dataset_alias_with_no_taskflow.py
[2024-12-13T17:00:25.016+0000] {logging_mixin.py:190} INFO - [2024-12-13T17:00:25.016+0000] {dag.py:3239} INFO - Sync 4 DAGs
[2024-12-13T17:00:25.031+0000] {logging_mixin.py:190} INFO - [2024-12-13T17:00:25.031+0000] {dag.py:4180} INFO - Setting next_dagrun for dataset_alias_example_alias_consumer_with_no_taskflow to None, run_after=None
[2024-12-13T17:00:25.033+0000] {logging_mixin.py:190} INFO - [2024-12-13T17:00:25.033+0000] {dag.py:4180} INFO - Setting next_dagrun for dataset_alias_example_alias_producer_with_no_taskflow to None, run_after=None
[2024-12-13T17:00:25.034+0000] {logging_mixin.py:190} INFO - [2024-12-13T17:00:25.034+0000] {dag.py:4180} INFO - Setting next_dagrun for dataset_s3_bucket_consumer_with_no_taskflow to None, run_after=None
[2024-12-13T17:00:25.035+0000] {logging_mixin.py:190} INFO - [2024-12-13T17:00:25.035+0000] {dag.py:4180} INFO - Setting next_dagrun for dataset_s3_bucket_producer_with_no_taskflow to None, run_after=None
[2024-12-13T17:00:25.051+0000] {processor.py:208} INFO - Processing /home/airflow/.local/lib/python3.12/site-packages/airflow/example_dags/example_dataset_alias_with_no_taskflow.py took 0.415 seconds
[2024-12-13T17:00:55.803+0000] {processor.py:186} INFO - Started process (PID=322) to work on /home/airflow/.local/lib/python3.12/site-packages/airflow/example_dags/example_dataset_alias_with_no_taskflow.py
[2024-12-13T17:00:55.804+0000] {processor.py:914} INFO - Processing file /home/airflow/.local/lib/python3.12/site-packages/airflow/example_dags/example_dataset_alias_with_no_taskflow.py for tasks to queue
[2024-12-13T17:00:55.806+0000] {logging_mixin.py:190} INFO - [2024-12-13T17:00:55.805+0000] {dagbag.py:588} INFO - Filling up the DagBag from /home/airflow/.local/lib/python3.12/site-packages/airflow/example_dags/example_dataset_alias_with_no_taskflow.py
[2024-12-13T17:00:56.198+0000] {processor.py:925} INFO - DAG(s) 'dataset_alias_example_alias_consumer_with_no_taskflow', 'dataset_s3_bucket_producer_with_no_taskflow', 'dataset_s3_bucket_consumer_with_no_taskflow', 'dataset_alias_example_alias_producer_with_no_taskflow' retrieved from /home/airflow/.local/lib/python3.12/site-packages/airflow/example_dags/example_dataset_alias_with_no_taskflow.py
[2024-12-13T17:00:56.212+0000] {logging_mixin.py:190} INFO - [2024-12-13T17:00:56.211+0000] {dag.py:3239} INFO - Sync 4 DAGs
[2024-12-13T17:00:56.227+0000] {logging_mixin.py:190} INFO - [2024-12-13T17:00:56.226+0000] {dag.py:4180} INFO - Setting next_dagrun for dataset_alias_example_alias_consumer_with_no_taskflow to None, run_after=None
[2024-12-13T17:00:56.228+0000] {logging_mixin.py:190} INFO - [2024-12-13T17:00:56.228+0000] {dag.py:4180} INFO - Setting next_dagrun for dataset_alias_example_alias_producer_with_no_taskflow to None, run_after=None
[2024-12-13T17:00:56.229+0000] {logging_mixin.py:190} INFO - [2024-12-13T17:00:56.229+0000] {dag.py:4180} INFO - Setting next_dagrun for dataset_s3_bucket_consumer_with_no_taskflow to None, run_after=None
[2024-12-13T17:00:56.230+0000] {logging_mixin.py:190} INFO - [2024-12-13T17:00:56.230+0000] {dag.py:4180} INFO - Setting next_dagrun for dataset_s3_bucket_producer_with_no_taskflow to None, run_after=None
[2024-12-13T17:00:56.244+0000] {processor.py:208} INFO - Processing /home/airflow/.local/lib/python3.12/site-packages/airflow/example_dags/example_dataset_alias_with_no_taskflow.py took 0.445 seconds
[2024-12-13T17:01:26.711+0000] {processor.py:186} INFO - Started process (PID=385) to work on /home/airflow/.local/lib/python3.12/site-packages/airflow/example_dags/example_dataset_alias_with_no_taskflow.py
[2024-12-13T17:01:26.713+0000] {processor.py:914} INFO - Processing file /home/airflow/.local/lib/python3.12/site-packages/airflow/example_dags/example_dataset_alias_with_no_taskflow.py for tasks to queue
[2024-12-13T17:01:26.715+0000] {logging_mixin.py:190} INFO - [2024-12-13T17:01:26.715+0000] {dagbag.py:588} INFO - Filling up the DagBag from /home/airflow/.local/lib/python3.12/site-packages/airflow/example_dags/example_dataset_alias_with_no_taskflow.py
[2024-12-13T17:01:27.111+0000] {processor.py:925} INFO - DAG(s) 'dataset_s3_bucket_consumer_with_no_taskflow', 'dataset_alias_example_alias_producer_with_no_taskflow', 'dataset_s3_bucket_producer_with_no_taskflow', 'dataset_alias_example_alias_consumer_with_no_taskflow' retrieved from /home/airflow/.local/lib/python3.12/site-packages/airflow/example_dags/example_dataset_alias_with_no_taskflow.py
[2024-12-13T17:01:27.125+0000] {logging_mixin.py:190} INFO - [2024-12-13T17:01:27.125+0000] {dag.py:3239} INFO - Sync 4 DAGs
[2024-12-13T17:01:27.140+0000] {logging_mixin.py:190} INFO - [2024-12-13T17:01:27.140+0000] {dag.py:4180} INFO - Setting next_dagrun for dataset_alias_example_alias_consumer_with_no_taskflow to None, run_after=None
[2024-12-13T17:01:27.142+0000] {logging_mixin.py:190} INFO - [2024-12-13T17:01:27.141+0000] {dag.py:4180} INFO - Setting next_dagrun for dataset_alias_example_alias_producer_with_no_taskflow to None, run_after=None
[2024-12-13T17:01:27.143+0000] {logging_mixin.py:190} INFO - [2024-12-13T17:01:27.142+0000] {dag.py:4180} INFO - Setting next_dagrun for dataset_s3_bucket_consumer_with_no_taskflow to None, run_after=None
[2024-12-13T17:01:27.143+0000] {logging_mixin.py:190} INFO - [2024-12-13T17:01:27.143+0000] {dag.py:4180} INFO - Setting next_dagrun for dataset_s3_bucket_producer_with_no_taskflow to None, run_after=None
[2024-12-13T17:01:27.159+0000] {processor.py:208} INFO - Processing /home/airflow/.local/lib/python3.12/site-packages/airflow/example_dags/example_dataset_alias_with_no_taskflow.py took 0.452 seconds
[2024-12-13T17:01:57.621+0000] {processor.py:186} INFO - Started process (PID=448) to work on /home/airflow/.local/lib/python3.12/site-packages/airflow/example_dags/example_dataset_alias_with_no_taskflow.py
[2024-12-13T17:01:57.621+0000] {processor.py:914} INFO - Processing file /home/airflow/.local/lib/python3.12/site-packages/airflow/example_dags/example_dataset_alias_with_no_taskflow.py for tasks to queue
[2024-12-13T17:01:57.623+0000] {logging_mixin.py:190} INFO - [2024-12-13T17:01:57.623+0000] {dagbag.py:588} INFO - Filling up the DagBag from /home/airflow/.local/lib/python3.12/site-packages/airflow/example_dags/example_dataset_alias_with_no_taskflow.py
[2024-12-13T17:01:58.030+0000] {processor.py:925} INFO - DAG(s) 'dataset_s3_bucket_consumer_with_no_taskflow', 'dataset_alias_example_alias_producer_with_no_taskflow', 'dataset_s3_bucket_producer_with_no_taskflow', 'dataset_alias_example_alias_consumer_with_no_taskflow' retrieved from /home/airflow/.local/lib/python3.12/site-packages/airflow/example_dags/example_dataset_alias_with_no_taskflow.py
[2024-12-13T17:01:58.046+0000] {logging_mixin.py:190} INFO - [2024-12-13T17:01:58.045+0000] {dag.py:3239} INFO - Sync 4 DAGs
[2024-12-13T17:01:58.060+0000] {logging_mixin.py:190} INFO - [2024-12-13T17:01:58.060+0000] {dag.py:4180} INFO - Setting next_dagrun for dataset_alias_example_alias_consumer_with_no_taskflow to None, run_after=None
[2024-12-13T17:01:58.062+0000] {logging_mixin.py:190} INFO - [2024-12-13T17:01:58.062+0000] {dag.py:4180} INFO - Setting next_dagrun for dataset_alias_example_alias_producer_with_no_taskflow to None, run_after=None
[2024-12-13T17:01:58.064+0000] {logging_mixin.py:190} INFO - [2024-12-13T17:01:58.063+0000] {dag.py:4180} INFO - Setting next_dagrun for dataset_s3_bucket_consumer_with_no_taskflow to None, run_after=None
[2024-12-13T17:01:58.064+0000] {logging_mixin.py:190} INFO - [2024-12-13T17:01:58.064+0000] {dag.py:4180} INFO - Setting next_dagrun for dataset_s3_bucket_producer_with_no_taskflow to None, run_after=None
[2024-12-13T17:01:58.079+0000] {processor.py:208} INFO - Processing /home/airflow/.local/lib/python3.12/site-packages/airflow/example_dags/example_dataset_alias_with_no_taskflow.py took 0.462 seconds
[2024-12-13T17:02:28.963+0000] {processor.py:186} INFO - Started process (PID=511) to work on /home/airflow/.local/lib/python3.12/site-packages/airflow/example_dags/example_dataset_alias_with_no_taskflow.py
[2024-12-13T17:02:28.964+0000] {processor.py:914} INFO - Processing file /home/airflow/.local/lib/python3.12/site-packages/airflow/example_dags/example_dataset_alias_with_no_taskflow.py for tasks to queue
[2024-12-13T17:02:28.966+0000] {logging_mixin.py:190} INFO - [2024-12-13T17:02:28.966+0000] {dagbag.py:588} INFO - Filling up the DagBag from /home/airflow/.local/lib/python3.12/site-packages/airflow/example_dags/example_dataset_alias_with_no_taskflow.py
[2024-12-13T17:02:29.354+0000] {processor.py:925} INFO - DAG(s) 'dataset_s3_bucket_producer_with_no_taskflow', 'dataset_s3_bucket_consumer_with_no_taskflow', 'dataset_alias_example_alias_producer_with_no_taskflow', 'dataset_alias_example_alias_consumer_with_no_taskflow' retrieved from /home/airflow/.local/lib/python3.12/site-packages/airflow/example_dags/example_dataset_alias_with_no_taskflow.py
[2024-12-13T17:02:29.369+0000] {logging_mixin.py:190} INFO - [2024-12-13T17:02:29.369+0000] {dag.py:3239} INFO - Sync 4 DAGs
[2024-12-13T17:02:29.383+0000] {logging_mixin.py:190} INFO - [2024-12-13T17:02:29.383+0000] {dag.py:4180} INFO - Setting next_dagrun for dataset_alias_example_alias_consumer_with_no_taskflow to None, run_after=None
[2024-12-13T17:02:29.385+0000] {logging_mixin.py:190} INFO - [2024-12-13T17:02:29.385+0000] {dag.py:4180} INFO - Setting next_dagrun for dataset_alias_example_alias_producer_with_no_taskflow to None, run_after=None
[2024-12-13T17:02:29.386+0000] {logging_mixin.py:190} INFO - [2024-12-13T17:02:29.386+0000] {dag.py:4180} INFO - Setting next_dagrun for dataset_s3_bucket_consumer_with_no_taskflow to None, run_after=None
[2024-12-13T17:02:29.387+0000] {logging_mixin.py:190} INFO - [2024-12-13T17:02:29.387+0000] {dag.py:4180} INFO - Setting next_dagrun for dataset_s3_bucket_producer_with_no_taskflow to None, run_after=None
[2024-12-13T17:02:29.402+0000] {processor.py:208} INFO - Processing /home/airflow/.local/lib/python3.12/site-packages/airflow/example_dags/example_dataset_alias_with_no_taskflow.py took 0.443 seconds
[2024-12-13T17:03:00.095+0000] {processor.py:186} INFO - Started process (PID=574) to work on /home/airflow/.local/lib/python3.12/site-packages/airflow/example_dags/example_dataset_alias_with_no_taskflow.py
[2024-12-13T17:03:00.096+0000] {processor.py:914} INFO - Processing file /home/airflow/.local/lib/python3.12/site-packages/airflow/example_dags/example_dataset_alias_with_no_taskflow.py for tasks to queue
[2024-12-13T17:03:00.098+0000] {logging_mixin.py:190} INFO - [2024-12-13T17:03:00.097+0000] {dagbag.py:588} INFO - Filling up the DagBag from /home/airflow/.local/lib/python3.12/site-packages/airflow/example_dags/example_dataset_alias_with_no_taskflow.py
[2024-12-13T17:03:00.501+0000] {processor.py:925} INFO - DAG(s) 'dataset_s3_bucket_consumer_with_no_taskflow', 'dataset_alias_example_alias_producer_with_no_taskflow', 'dataset_s3_bucket_producer_with_no_taskflow', 'dataset_alias_example_alias_consumer_with_no_taskflow' retrieved from /home/airflow/.local/lib/python3.12/site-packages/airflow/example_dags/example_dataset_alias_with_no_taskflow.py
[2024-12-13T17:03:00.516+0000] {logging_mixin.py:190} INFO - [2024-12-13T17:03:00.516+0000] {dag.py:3239} INFO - Sync 4 DAGs
[2024-12-13T17:03:00.531+0000] {logging_mixin.py:190} INFO - [2024-12-13T17:03:00.531+0000] {dag.py:4180} INFO - Setting next_dagrun for dataset_alias_example_alias_consumer_with_no_taskflow to None, run_after=None
[2024-12-13T17:03:00.534+0000] {logging_mixin.py:190} INFO - [2024-12-13T17:03:00.534+0000] {dag.py:4180} INFO - Setting next_dagrun for dataset_alias_example_alias_producer_with_no_taskflow to None, run_after=None
[2024-12-13T17:03:00.535+0000] {logging_mixin.py:190} INFO - [2024-12-13T17:03:00.535+0000] {dag.py:4180} INFO - Setting next_dagrun for dataset_s3_bucket_consumer_with_no_taskflow to None, run_after=None
[2024-12-13T17:03:00.537+0000] {logging_mixin.py:190} INFO - [2024-12-13T17:03:00.537+0000] {dag.py:4180} INFO - Setting next_dagrun for dataset_s3_bucket_producer_with_no_taskflow to None, run_after=None
[2024-12-13T17:03:00.554+0000] {processor.py:208} INFO - Processing /home/airflow/.local/lib/python3.12/site-packages/airflow/example_dags/example_dataset_alias_with_no_taskflow.py took 0.463 seconds
[2024-12-13T17:03:30.581+0000] {processor.py:186} INFO - Started process (PID=637) to work on /home/airflow/.local/lib/python3.12/site-packages/airflow/example_dags/example_dataset_alias_with_no_taskflow.py
[2024-12-13T17:03:30.582+0000] {processor.py:914} INFO - Processing file /home/airflow/.local/lib/python3.12/site-packages/airflow/example_dags/example_dataset_alias_with_no_taskflow.py for tasks to queue
[2024-12-13T17:03:30.584+0000] {logging_mixin.py:190} INFO - [2024-12-13T17:03:30.584+0000] {dagbag.py:588} INFO - Filling up the DagBag from /home/airflow/.local/lib/python3.12/site-packages/airflow/example_dags/example_dataset_alias_with_no_taskflow.py
[2024-12-13T17:03:30.950+0000] {processor.py:925} INFO - DAG(s) 'dataset_alias_example_alias_consumer_with_no_taskflow', 'dataset_s3_bucket_producer_with_no_taskflow', 'dataset_s3_bucket_consumer_with_no_taskflow', 'dataset_alias_example_alias_producer_with_no_taskflow' retrieved from /home/airflow/.local/lib/python3.12/site-packages/airflow/example_dags/example_dataset_alias_with_no_taskflow.py
[2024-12-13T17:03:30.966+0000] {logging_mixin.py:190} INFO - [2024-12-13T17:03:30.965+0000] {dag.py:3239} INFO - Sync 4 DAGs
[2024-12-13T17:03:30.981+0000] {logging_mixin.py:190} INFO - [2024-12-13T17:03:30.981+0000] {dag.py:4180} INFO - Setting next_dagrun for dataset_alias_example_alias_consumer_with_no_taskflow to None, run_after=None
[2024-12-13T17:03:30.983+0000] {logging_mixin.py:190} INFO - [2024-12-13T17:03:30.983+0000] {dag.py:4180} INFO - Setting next_dagrun for dataset_alias_example_alias_producer_with_no_taskflow to None, run_after=None
[2024-12-13T17:03:30.984+0000] {logging_mixin.py:190} INFO - [2024-12-13T17:03:30.984+0000] {dag.py:4180} INFO - Setting next_dagrun for dataset_s3_bucket_consumer_with_no_taskflow to None, run_after=None
[2024-12-13T17:03:30.985+0000] {logging_mixin.py:190} INFO - [2024-12-13T17:03:30.985+0000] {dag.py:4180} INFO - Setting next_dagrun for dataset_s3_bucket_producer_with_no_taskflow to None, run_after=None
[2024-12-13T17:03:30.999+0000] {processor.py:208} INFO - Processing /home/airflow/.local/lib/python3.12/site-packages/airflow/example_dags/example_dataset_alias_with_no_taskflow.py took 0.422 seconds
[2024-12-13T17:04:01.765+0000] {processor.py:186} INFO - Started process (PID=700) to work on /home/airflow/.local/lib/python3.12/site-packages/airflow/example_dags/example_dataset_alias_with_no_taskflow.py
[2024-12-13T17:04:01.767+0000] {processor.py:914} INFO - Processing file /home/airflow/.local/lib/python3.12/site-packages/airflow/example_dags/example_dataset_alias_with_no_taskflow.py for tasks to queue
[2024-12-13T17:04:01.769+0000] {logging_mixin.py:190} INFO - [2024-12-13T17:04:01.769+0000] {dagbag.py:588} INFO - Filling up the DagBag from /home/airflow/.local/lib/python3.12/site-packages/airflow/example_dags/example_dataset_alias_with_no_taskflow.py
[2024-12-13T17:04:02.148+0000] {processor.py:925} INFO - DAG(s) 'dataset_alias_example_alias_consumer_with_no_taskflow', 'dataset_alias_example_alias_producer_with_no_taskflow', 'dataset_s3_bucket_consumer_with_no_taskflow', 'dataset_s3_bucket_producer_with_no_taskflow' retrieved from /home/airflow/.local/lib/python3.12/site-packages/airflow/example_dags/example_dataset_alias_with_no_taskflow.py
[2024-12-13T17:04:02.162+0000] {logging_mixin.py:190} INFO - [2024-12-13T17:04:02.162+0000] {dag.py:3239} INFO - Sync 4 DAGs
[2024-12-13T17:04:02.177+0000] {logging_mixin.py:190} INFO - [2024-12-13T17:04:02.177+0000] {dag.py:4180} INFO - Setting next_dagrun for dataset_alias_example_alias_consumer_with_no_taskflow to None, run_after=None
[2024-12-13T17:04:02.178+0000] {logging_mixin.py:190} INFO - [2024-12-13T17:04:02.178+0000] {dag.py:4180} INFO - Setting next_dagrun for dataset_alias_example_alias_producer_with_no_taskflow to None, run_after=None
[2024-12-13T17:04:02.179+0000] {logging_mixin.py:190} INFO - [2024-12-13T17:04:02.179+0000] {dag.py:4180} INFO - Setting next_dagrun for dataset_s3_bucket_consumer_with_no_taskflow to None, run_after=None
[2024-12-13T17:04:02.180+0000] {logging_mixin.py:190} INFO - [2024-12-13T17:04:02.180+0000] {dag.py:4180} INFO - Setting next_dagrun for dataset_s3_bucket_producer_with_no_taskflow to None, run_after=None
[2024-12-13T17:04:02.194+0000] {processor.py:208} INFO - Processing /home/airflow/.local/lib/python3.12/site-packages/airflow/example_dags/example_dataset_alias_with_no_taskflow.py took 0.433 seconds
