[2024-12-13T16:58:52.313+0000] {processor.py:186} INFO - Started process (PID=75) to work on /home/airflow/.local/lib/python3.12/site-packages/airflow/example_dags/example_sensor_decorator.py
[2024-12-13T16:58:52.313+0000] {processor.py:914} INFO - Processing file /home/airflow/.local/lib/python3.12/site-packages/airflow/example_dags/example_sensor_decorator.py for tasks to queue
[2024-12-13T16:58:52.315+0000] {logging_mixin.py:190} INFO - [2024-12-13T16:58:52.315+0000] {dagbag.py:588} INFO - Filling up the DagBag from /home/airflow/.local/lib/python3.12/site-packages/airflow/example_dags/example_sensor_decorator.py
[2024-12-13T16:58:52.321+0000] {processor.py:925} INFO - DAG(s) 'example_sensor_decorator' retrieved from /home/airflow/.local/lib/python3.12/site-packages/airflow/example_dags/example_sensor_decorator.py
[2024-12-13T16:58:52.398+0000] {logging_mixin.py:190} INFO - [2024-12-13T16:58:52.397+0000] {override.py:1911} INFO - Created Permission View: can edit on DAG:example_sensor_decorator
[2024-12-13T16:58:52.406+0000] {logging_mixin.py:190} INFO - [2024-12-13T16:58:52.405+0000] {override.py:1911} INFO - Created Permission View: can read on DAG:example_sensor_decorator
[2024-12-13T16:58:52.410+0000] {logging_mixin.py:190} INFO - [2024-12-13T16:58:52.410+0000] {override.py:1911} INFO - Created Permission View: can delete on DAG:example_sensor_decorator
[2024-12-13T16:58:52.416+0000] {logging_mixin.py:190} INFO - [2024-12-13T16:58:52.416+0000] {override.py:1911} INFO - Created Permission View: menu access on DAG Run:example_sensor_decorator
[2024-12-13T16:58:52.420+0000] {logging_mixin.py:190} INFO - [2024-12-13T16:58:52.420+0000] {override.py:1911} INFO - Created Permission View: can delete on DAG Run:example_sensor_decorator
[2024-12-13T16:58:52.425+0000] {logging_mixin.py:190} INFO - [2024-12-13T16:58:52.424+0000] {override.py:1911} INFO - Created Permission View: can read on DAG Run:example_sensor_decorator
[2024-12-13T16:58:52.429+0000] {logging_mixin.py:190} INFO - [2024-12-13T16:58:52.429+0000] {override.py:1911} INFO - Created Permission View: can create on DAG Run:example_sensor_decorator
[2024-12-13T16:58:52.429+0000] {logging_mixin.py:190} INFO - [2024-12-13T16:58:52.429+0000] {dag.py:3239} INFO - Sync 1 DAGs
[2024-12-13T16:58:52.438+0000] {logging_mixin.py:190} INFO - [2024-12-13T16:58:52.438+0000] {dag.py:3262} INFO - Creating ORM DAG for example_sensor_decorator
[2024-12-13T16:58:52.439+0000] {logging_mixin.py:190} INFO - [2024-12-13T16:58:52.439+0000] {dag.py:4180} INFO - Setting next_dagrun for example_sensor_decorator to None, run_after=None
[2024-12-13T16:58:52.449+0000] {processor.py:208} INFO - Processing /home/airflow/.local/lib/python3.12/site-packages/airflow/example_dags/example_sensor_decorator.py took 0.140 seconds
[2024-12-13T16:59:23.403+0000] {processor.py:186} INFO - Started process (PID=138) to work on /home/airflow/.local/lib/python3.12/site-packages/airflow/example_dags/example_sensor_decorator.py
[2024-12-13T16:59:23.404+0000] {processor.py:914} INFO - Processing file /home/airflow/.local/lib/python3.12/site-packages/airflow/example_dags/example_sensor_decorator.py for tasks to queue
[2024-12-13T16:59:23.405+0000] {logging_mixin.py:190} INFO - [2024-12-13T16:59:23.405+0000] {dagbag.py:588} INFO - Filling up the DagBag from /home/airflow/.local/lib/python3.12/site-packages/airflow/example_dags/example_sensor_decorator.py
[2024-12-13T16:59:23.411+0000] {processor.py:925} INFO - DAG(s) 'example_sensor_decorator' retrieved from /home/airflow/.local/lib/python3.12/site-packages/airflow/example_dags/example_sensor_decorator.py
[2024-12-13T16:59:23.426+0000] {logging_mixin.py:190} INFO - [2024-12-13T16:59:23.426+0000] {dag.py:3239} INFO - Sync 1 DAGs
[2024-12-13T16:59:23.436+0000] {logging_mixin.py:190} INFO - [2024-12-13T16:59:23.436+0000] {dag.py:4180} INFO - Setting next_dagrun for example_sensor_decorator to None, run_after=None
[2024-12-13T16:59:23.450+0000] {processor.py:208} INFO - Processing /home/airflow/.local/lib/python3.12/site-packages/airflow/example_dags/example_sensor_decorator.py took 0.050 seconds
[2024-12-13T16:59:54.321+0000] {processor.py:186} INFO - Started process (PID=201) to work on /home/airflow/.local/lib/python3.12/site-packages/airflow/example_dags/example_sensor_decorator.py
[2024-12-13T16:59:54.321+0000] {processor.py:914} INFO - Processing file /home/airflow/.local/lib/python3.12/site-packages/airflow/example_dags/example_sensor_decorator.py for tasks to queue
[2024-12-13T16:59:54.323+0000] {logging_mixin.py:190} INFO - [2024-12-13T16:59:54.322+0000] {dagbag.py:588} INFO - Filling up the DagBag from /home/airflow/.local/lib/python3.12/site-packages/airflow/example_dags/example_sensor_decorator.py
[2024-12-13T16:59:54.328+0000] {processor.py:925} INFO - DAG(s) 'example_sensor_decorator' retrieved from /home/airflow/.local/lib/python3.12/site-packages/airflow/example_dags/example_sensor_decorator.py
[2024-12-13T16:59:54.341+0000] {logging_mixin.py:190} INFO - [2024-12-13T16:59:54.341+0000] {dag.py:3239} INFO - Sync 1 DAGs
[2024-12-13T16:59:54.351+0000] {logging_mixin.py:190} INFO - [2024-12-13T16:59:54.351+0000] {dag.py:4180} INFO - Setting next_dagrun for example_sensor_decorator to None, run_after=None
[2024-12-13T16:59:54.364+0000] {processor.py:208} INFO - Processing /home/airflow/.local/lib/python3.12/site-packages/airflow/example_dags/example_sensor_decorator.py took 0.047 seconds
[2024-12-13T17:00:25.519+0000] {processor.py:186} INFO - Started process (PID=264) to work on /home/airflow/.local/lib/python3.12/site-packages/airflow/example_dags/example_sensor_decorator.py
[2024-12-13T17:00:25.520+0000] {processor.py:914} INFO - Processing file /home/airflow/.local/lib/python3.12/site-packages/airflow/example_dags/example_sensor_decorator.py for tasks to queue
[2024-12-13T17:00:25.522+0000] {logging_mixin.py:190} INFO - [2024-12-13T17:00:25.521+0000] {dagbag.py:588} INFO - Filling up the DagBag from /home/airflow/.local/lib/python3.12/site-packages/airflow/example_dags/example_sensor_decorator.py
[2024-12-13T17:00:25.527+0000] {processor.py:925} INFO - DAG(s) 'example_sensor_decorator' retrieved from /home/airflow/.local/lib/python3.12/site-packages/airflow/example_dags/example_sensor_decorator.py
[2024-12-13T17:00:25.540+0000] {logging_mixin.py:190} INFO - [2024-12-13T17:00:25.539+0000] {dag.py:3239} INFO - Sync 1 DAGs
[2024-12-13T17:00:25.550+0000] {logging_mixin.py:190} INFO - [2024-12-13T17:00:25.550+0000] {dag.py:4180} INFO - Setting next_dagrun for example_sensor_decorator to None, run_after=None
[2024-12-13T17:00:25.563+0000] {processor.py:208} INFO - Processing /home/airflow/.local/lib/python3.12/site-packages/airflow/example_dags/example_sensor_decorator.py took 0.047 seconds
[2024-12-13T17:00:56.389+0000] {processor.py:186} INFO - Started process (PID=327) to work on /home/airflow/.local/lib/python3.12/site-packages/airflow/example_dags/example_sensor_decorator.py
[2024-12-13T17:00:56.390+0000] {processor.py:914} INFO - Processing file /home/airflow/.local/lib/python3.12/site-packages/airflow/example_dags/example_sensor_decorator.py for tasks to queue
[2024-12-13T17:00:56.391+0000] {logging_mixin.py:190} INFO - [2024-12-13T17:00:56.391+0000] {dagbag.py:588} INFO - Filling up the DagBag from /home/airflow/.local/lib/python3.12/site-packages/airflow/example_dags/example_sensor_decorator.py
[2024-12-13T17:00:56.396+0000] {processor.py:925} INFO - DAG(s) 'example_sensor_decorator' retrieved from /home/airflow/.local/lib/python3.12/site-packages/airflow/example_dags/example_sensor_decorator.py
[2024-12-13T17:00:56.410+0000] {logging_mixin.py:190} INFO - [2024-12-13T17:00:56.410+0000] {dag.py:3239} INFO - Sync 1 DAGs
[2024-12-13T17:00:56.420+0000] {logging_mixin.py:190} INFO - [2024-12-13T17:00:56.420+0000] {dag.py:4180} INFO - Setting next_dagrun for example_sensor_decorator to None, run_after=None
[2024-12-13T17:00:56.435+0000] {processor.py:208} INFO - Processing /home/airflow/.local/lib/python3.12/site-packages/airflow/example_dags/example_sensor_decorator.py took 0.049 seconds
[2024-12-13T17:01:27.310+0000] {processor.py:186} INFO - Started process (PID=390) to work on /home/airflow/.local/lib/python3.12/site-packages/airflow/example_dags/example_sensor_decorator.py
[2024-12-13T17:01:27.311+0000] {processor.py:914} INFO - Processing file /home/airflow/.local/lib/python3.12/site-packages/airflow/example_dags/example_sensor_decorator.py for tasks to queue
[2024-12-13T17:01:27.313+0000] {logging_mixin.py:190} INFO - [2024-12-13T17:01:27.313+0000] {dagbag.py:588} INFO - Filling up the DagBag from /home/airflow/.local/lib/python3.12/site-packages/airflow/example_dags/example_sensor_decorator.py
[2024-12-13T17:01:27.319+0000] {processor.py:925} INFO - DAG(s) 'example_sensor_decorator' retrieved from /home/airflow/.local/lib/python3.12/site-packages/airflow/example_dags/example_sensor_decorator.py
[2024-12-13T17:01:27.333+0000] {logging_mixin.py:190} INFO - [2024-12-13T17:01:27.333+0000] {dag.py:3239} INFO - Sync 1 DAGs
[2024-12-13T17:01:27.343+0000] {logging_mixin.py:190} INFO - [2024-12-13T17:01:27.343+0000] {dag.py:4180} INFO - Setting next_dagrun for example_sensor_decorator to None, run_after=None
[2024-12-13T17:01:27.356+0000] {processor.py:208} INFO - Processing /home/airflow/.local/lib/python3.12/site-packages/airflow/example_dags/example_sensor_decorator.py took 0.050 seconds
[2024-12-13T17:01:58.607+0000] {processor.py:186} INFO - Started process (PID=453) to work on /home/airflow/.local/lib/python3.12/site-packages/airflow/example_dags/example_sensor_decorator.py
[2024-12-13T17:01:58.608+0000] {processor.py:914} INFO - Processing file /home/airflow/.local/lib/python3.12/site-packages/airflow/example_dags/example_sensor_decorator.py for tasks to queue
[2024-12-13T17:01:58.610+0000] {logging_mixin.py:190} INFO - [2024-12-13T17:01:58.609+0000] {dagbag.py:588} INFO - Filling up the DagBag from /home/airflow/.local/lib/python3.12/site-packages/airflow/example_dags/example_sensor_decorator.py
[2024-12-13T17:01:58.615+0000] {processor.py:925} INFO - DAG(s) 'example_sensor_decorator' retrieved from /home/airflow/.local/lib/python3.12/site-packages/airflow/example_dags/example_sensor_decorator.py
[2024-12-13T17:01:58.630+0000] {logging_mixin.py:190} INFO - [2024-12-13T17:01:58.629+0000] {dag.py:3239} INFO - Sync 1 DAGs
[2024-12-13T17:01:58.640+0000] {logging_mixin.py:190} INFO - [2024-12-13T17:01:58.640+0000] {dag.py:4180} INFO - Setting next_dagrun for example_sensor_decorator to None, run_after=None
[2024-12-13T17:01:58.653+0000] {processor.py:208} INFO - Processing /home/airflow/.local/lib/python3.12/site-packages/airflow/example_dags/example_sensor_decorator.py took 0.050 seconds
[2024-12-13T17:02:29.558+0000] {processor.py:186} INFO - Started process (PID=516) to work on /home/airflow/.local/lib/python3.12/site-packages/airflow/example_dags/example_sensor_decorator.py
[2024-12-13T17:02:29.559+0000] {processor.py:914} INFO - Processing file /home/airflow/.local/lib/python3.12/site-packages/airflow/example_dags/example_sensor_decorator.py for tasks to queue
[2024-12-13T17:02:29.561+0000] {logging_mixin.py:190} INFO - [2024-12-13T17:02:29.561+0000] {dagbag.py:588} INFO - Filling up the DagBag from /home/airflow/.local/lib/python3.12/site-packages/airflow/example_dags/example_sensor_decorator.py
[2024-12-13T17:02:29.566+0000] {processor.py:925} INFO - DAG(s) 'example_sensor_decorator' retrieved from /home/airflow/.local/lib/python3.12/site-packages/airflow/example_dags/example_sensor_decorator.py
[2024-12-13T17:02:29.579+0000] {logging_mixin.py:190} INFO - [2024-12-13T17:02:29.579+0000] {dag.py:3239} INFO - Sync 1 DAGs
[2024-12-13T17:02:29.589+0000] {logging_mixin.py:190} INFO - [2024-12-13T17:02:29.589+0000] {dag.py:4180} INFO - Setting next_dagrun for example_sensor_decorator to None, run_after=None
[2024-12-13T17:02:29.603+0000] {processor.py:208} INFO - Processing /home/airflow/.local/lib/python3.12/site-packages/airflow/example_dags/example_sensor_decorator.py took 0.048 seconds
[2024-12-13T17:03:00.717+0000] {processor.py:186} INFO - Started process (PID=579) to work on /home/airflow/.local/lib/python3.12/site-packages/airflow/example_dags/example_sensor_decorator.py
[2024-12-13T17:03:00.718+0000] {processor.py:914} INFO - Processing file /home/airflow/.local/lib/python3.12/site-packages/airflow/example_dags/example_sensor_decorator.py for tasks to queue
[2024-12-13T17:03:00.720+0000] {logging_mixin.py:190} INFO - [2024-12-13T17:03:00.720+0000] {dagbag.py:588} INFO - Filling up the DagBag from /home/airflow/.local/lib/python3.12/site-packages/airflow/example_dags/example_sensor_decorator.py
[2024-12-13T17:03:00.726+0000] {processor.py:925} INFO - DAG(s) 'example_sensor_decorator' retrieved from /home/airflow/.local/lib/python3.12/site-packages/airflow/example_dags/example_sensor_decorator.py
[2024-12-13T17:03:00.742+0000] {logging_mixin.py:190} INFO - [2024-12-13T17:03:00.742+0000] {dag.py:3239} INFO - Sync 1 DAGs
[2024-12-13T17:03:00.753+0000] {logging_mixin.py:190} INFO - [2024-12-13T17:03:00.753+0000] {dag.py:4180} INFO - Setting next_dagrun for example_sensor_decorator to None, run_after=None
[2024-12-13T17:03:00.767+0000] {processor.py:208} INFO - Processing /home/airflow/.local/lib/python3.12/site-packages/airflow/example_dags/example_sensor_decorator.py took 0.054 seconds
[2024-12-13T17:03:31.135+0000] {processor.py:186} INFO - Started process (PID=642) to work on /home/airflow/.local/lib/python3.12/site-packages/airflow/example_dags/example_sensor_decorator.py
[2024-12-13T17:03:31.135+0000] {processor.py:914} INFO - Processing file /home/airflow/.local/lib/python3.12/site-packages/airflow/example_dags/example_sensor_decorator.py for tasks to queue
[2024-12-13T17:03:31.137+0000] {logging_mixin.py:190} INFO - [2024-12-13T17:03:31.137+0000] {dagbag.py:588} INFO - Filling up the DagBag from /home/airflow/.local/lib/python3.12/site-packages/airflow/example_dags/example_sensor_decorator.py
[2024-12-13T17:03:31.142+0000] {processor.py:925} INFO - DAG(s) 'example_sensor_decorator' retrieved from /home/airflow/.local/lib/python3.12/site-packages/airflow/example_dags/example_sensor_decorator.py
[2024-12-13T17:03:31.156+0000] {logging_mixin.py:190} INFO - [2024-12-13T17:03:31.156+0000] {dag.py:3239} INFO - Sync 1 DAGs
[2024-12-13T17:03:31.165+0000] {logging_mixin.py:190} INFO - [2024-12-13T17:03:31.165+0000] {dag.py:4180} INFO - Setting next_dagrun for example_sensor_decorator to None, run_after=None
[2024-12-13T17:03:31.179+0000] {processor.py:208} INFO - Processing /home/airflow/.local/lib/python3.12/site-packages/airflow/example_dags/example_sensor_decorator.py took 0.048 seconds
[2024-12-13T17:04:02.343+0000] {processor.py:186} INFO - Started process (PID=705) to work on /home/airflow/.local/lib/python3.12/site-packages/airflow/example_dags/example_sensor_decorator.py
[2024-12-13T17:04:02.343+0000] {processor.py:914} INFO - Processing file /home/airflow/.local/lib/python3.12/site-packages/airflow/example_dags/example_sensor_decorator.py for tasks to queue
[2024-12-13T17:04:02.345+0000] {logging_mixin.py:190} INFO - [2024-12-13T17:04:02.345+0000] {dagbag.py:588} INFO - Filling up the DagBag from /home/airflow/.local/lib/python3.12/site-packages/airflow/example_dags/example_sensor_decorator.py
[2024-12-13T17:04:02.350+0000] {processor.py:925} INFO - DAG(s) 'example_sensor_decorator' retrieved from /home/airflow/.local/lib/python3.12/site-packages/airflow/example_dags/example_sensor_decorator.py
[2024-12-13T17:04:02.365+0000] {logging_mixin.py:190} INFO - [2024-12-13T17:04:02.364+0000] {dag.py:3239} INFO - Sync 1 DAGs
[2024-12-13T17:04:02.374+0000] {logging_mixin.py:190} INFO - [2024-12-13T17:04:02.374+0000] {dag.py:4180} INFO - Setting next_dagrun for example_sensor_decorator to None, run_after=None
[2024-12-13T17:04:02.389+0000] {processor.py:208} INFO - Processing /home/airflow/.local/lib/python3.12/site-packages/airflow/example_dags/example_sensor_decorator.py took 0.050 seconds
