[2024-12-13T16:58:53.847+0000] {processor.py:186} INFO - Started process (PID=88) to work on /home/airflow/.local/lib/python3.12/site-packages/airflow/example_dags/example_latest_only.py
[2024-12-13T16:58:53.847+0000] {processor.py:914} INFO - Processing file /home/airflow/.local/lib/python3.12/site-packages/airflow/example_dags/example_latest_only.py for tasks to queue
[2024-12-13T16:58:53.849+0000] {logging_mixin.py:190} INFO - [2024-12-13T16:58:53.848+0000] {dagbag.py:588} INFO - Filling up the DagBag from /home/airflow/.local/lib/python3.12/site-packages/airflow/example_dags/example_latest_only.py
[2024-12-13T16:58:53.854+0000] {processor.py:925} INFO - DAG(s) 'latest_only' retrieved from /home/airflow/.local/lib/python3.12/site-packages/airflow/example_dags/example_latest_only.py
[2024-12-13T16:58:53.930+0000] {logging_mixin.py:190} INFO - [2024-12-13T16:58:53.930+0000] {override.py:1911} INFO - Created Permission View: can edit on DAG:latest_only
[2024-12-13T16:58:53.938+0000] {logging_mixin.py:190} INFO - [2024-12-13T16:58:53.938+0000] {override.py:1911} INFO - Created Permission View: can read on DAG:latest_only
[2024-12-13T16:58:53.943+0000] {logging_mixin.py:190} INFO - [2024-12-13T16:58:53.943+0000] {override.py:1911} INFO - Created Permission View: can delete on DAG:latest_only
[2024-12-13T16:58:53.950+0000] {logging_mixin.py:190} INFO - [2024-12-13T16:58:53.949+0000] {override.py:1911} INFO - Created Permission View: menu access on DAG Run:latest_only
[2024-12-13T16:58:53.955+0000] {logging_mixin.py:190} INFO - [2024-12-13T16:58:53.955+0000] {override.py:1911} INFO - Created Permission View: can delete on DAG Run:latest_only
[2024-12-13T16:58:53.961+0000] {logging_mixin.py:190} INFO - [2024-12-13T16:58:53.961+0000] {override.py:1911} INFO - Created Permission View: can read on DAG Run:latest_only
[2024-12-13T16:58:53.967+0000] {logging_mixin.py:190} INFO - [2024-12-13T16:58:53.967+0000] {override.py:1911} INFO - Created Permission View: can create on DAG Run:latest_only
[2024-12-13T16:58:53.968+0000] {logging_mixin.py:190} INFO - [2024-12-13T16:58:53.968+0000] {dag.py:3239} INFO - Sync 1 DAGs
[2024-12-13T16:58:53.977+0000] {logging_mixin.py:190} INFO - [2024-12-13T16:58:53.977+0000] {dag.py:3262} INFO - Creating ORM DAG for latest_only
[2024-12-13T16:58:53.985+0000] {logging_mixin.py:190} INFO - [2024-12-13T16:58:53.985+0000] {dag.py:4180} INFO - Setting next_dagrun for latest_only to 2024-12-13 12:00:00+00:00, run_after=2024-12-13 16:00:00+00:00
[2024-12-13T16:58:53.999+0000] {processor.py:208} INFO - Processing /home/airflow/.local/lib/python3.12/site-packages/airflow/example_dags/example_latest_only.py took 0.156 seconds
[2024-12-13T16:59:24.193+0000] {processor.py:186} INFO - Started process (PID=151) to work on /home/airflow/.local/lib/python3.12/site-packages/airflow/example_dags/example_latest_only.py
[2024-12-13T16:59:24.194+0000] {processor.py:914} INFO - Processing file /home/airflow/.local/lib/python3.12/site-packages/airflow/example_dags/example_latest_only.py for tasks to queue
[2024-12-13T16:59:24.196+0000] {logging_mixin.py:190} INFO - [2024-12-13T16:59:24.196+0000] {dagbag.py:588} INFO - Filling up the DagBag from /home/airflow/.local/lib/python3.12/site-packages/airflow/example_dags/example_latest_only.py
[2024-12-13T16:59:24.200+0000] {processor.py:925} INFO - DAG(s) 'latest_only' retrieved from /home/airflow/.local/lib/python3.12/site-packages/airflow/example_dags/example_latest_only.py
[2024-12-13T16:59:24.214+0000] {logging_mixin.py:190} INFO - [2024-12-13T16:59:24.214+0000] {dag.py:3239} INFO - Sync 1 DAGs
[2024-12-13T16:59:24.230+0000] {logging_mixin.py:190} INFO - [2024-12-13T16:59:24.230+0000] {dag.py:4180} INFO - Setting next_dagrun for latest_only to 2024-12-13 12:00:00+00:00, run_after=2024-12-13 16:00:00+00:00
[2024-12-13T16:59:24.242+0000] {processor.py:208} INFO - Processing /home/airflow/.local/lib/python3.12/site-packages/airflow/example_dags/example_latest_only.py took 0.052 seconds
[2024-12-13T16:59:55.086+0000] {processor.py:186} INFO - Started process (PID=214) to work on /home/airflow/.local/lib/python3.12/site-packages/airflow/example_dags/example_latest_only.py
[2024-12-13T16:59:55.086+0000] {processor.py:914} INFO - Processing file /home/airflow/.local/lib/python3.12/site-packages/airflow/example_dags/example_latest_only.py for tasks to queue
[2024-12-13T16:59:55.087+0000] {logging_mixin.py:190} INFO - [2024-12-13T16:59:55.087+0000] {dagbag.py:588} INFO - Filling up the DagBag from /home/airflow/.local/lib/python3.12/site-packages/airflow/example_dags/example_latest_only.py
[2024-12-13T16:59:55.092+0000] {processor.py:925} INFO - DAG(s) 'latest_only' retrieved from /home/airflow/.local/lib/python3.12/site-packages/airflow/example_dags/example_latest_only.py
[2024-12-13T16:59:55.104+0000] {logging_mixin.py:190} INFO - [2024-12-13T16:59:55.104+0000] {dag.py:3239} INFO - Sync 1 DAGs
[2024-12-13T16:59:55.119+0000] {logging_mixin.py:190} INFO - [2024-12-13T16:59:55.119+0000] {dag.py:4180} INFO - Setting next_dagrun for latest_only to 2024-12-13 12:00:00+00:00, run_after=2024-12-13 16:00:00+00:00
[2024-12-13T16:59:55.132+0000] {processor.py:208} INFO - Processing /home/airflow/.local/lib/python3.12/site-packages/airflow/example_dags/example_latest_only.py took 0.050 seconds
[2024-12-13T17:00:26.143+0000] {processor.py:186} INFO - Started process (PID=277) to work on /home/airflow/.local/lib/python3.12/site-packages/airflow/example_dags/example_latest_only.py
[2024-12-13T17:00:26.144+0000] {processor.py:914} INFO - Processing file /home/airflow/.local/lib/python3.12/site-packages/airflow/example_dags/example_latest_only.py for tasks to queue
[2024-12-13T17:00:26.145+0000] {logging_mixin.py:190} INFO - [2024-12-13T17:00:26.145+0000] {dagbag.py:588} INFO - Filling up the DagBag from /home/airflow/.local/lib/python3.12/site-packages/airflow/example_dags/example_latest_only.py
[2024-12-13T17:00:26.150+0000] {processor.py:925} INFO - DAG(s) 'latest_only' retrieved from /home/airflow/.local/lib/python3.12/site-packages/airflow/example_dags/example_latest_only.py
[2024-12-13T17:00:26.166+0000] {logging_mixin.py:190} INFO - [2024-12-13T17:00:26.166+0000] {dag.py:3239} INFO - Sync 1 DAGs
[2024-12-13T17:00:26.183+0000] {logging_mixin.py:190} INFO - [2024-12-13T17:00:26.183+0000] {dag.py:4180} INFO - Setting next_dagrun for latest_only to 2024-12-13 12:00:00+00:00, run_after=2024-12-13 16:00:00+00:00
[2024-12-13T17:00:26.196+0000] {processor.py:208} INFO - Processing /home/airflow/.local/lib/python3.12/site-packages/airflow/example_dags/example_latest_only.py took 0.056 seconds
[2024-12-13T17:00:57.141+0000] {processor.py:186} INFO - Started process (PID=340) to work on /home/airflow/.local/lib/python3.12/site-packages/airflow/example_dags/example_latest_only.py
[2024-12-13T17:00:57.142+0000] {processor.py:914} INFO - Processing file /home/airflow/.local/lib/python3.12/site-packages/airflow/example_dags/example_latest_only.py for tasks to queue
[2024-12-13T17:00:57.144+0000] {logging_mixin.py:190} INFO - [2024-12-13T17:00:57.144+0000] {dagbag.py:588} INFO - Filling up the DagBag from /home/airflow/.local/lib/python3.12/site-packages/airflow/example_dags/example_latest_only.py
[2024-12-13T17:00:57.149+0000] {processor.py:925} INFO - DAG(s) 'latest_only' retrieved from /home/airflow/.local/lib/python3.12/site-packages/airflow/example_dags/example_latest_only.py
[2024-12-13T17:00:57.164+0000] {logging_mixin.py:190} INFO - [2024-12-13T17:00:57.163+0000] {dag.py:3239} INFO - Sync 1 DAGs
[2024-12-13T17:00:57.180+0000] {logging_mixin.py:190} INFO - [2024-12-13T17:00:57.180+0000] {dag.py:4180} INFO - Setting next_dagrun for latest_only to 2024-12-13 12:00:00+00:00, run_after=2024-12-13 16:00:00+00:00
[2024-12-13T17:00:57.193+0000] {processor.py:208} INFO - Processing /home/airflow/.local/lib/python3.12/site-packages/airflow/example_dags/example_latest_only.py took 0.055 seconds
[2024-12-13T17:01:28.085+0000] {processor.py:186} INFO - Started process (PID=403) to work on /home/airflow/.local/lib/python3.12/site-packages/airflow/example_dags/example_latest_only.py
[2024-12-13T17:01:28.086+0000] {processor.py:914} INFO - Processing file /home/airflow/.local/lib/python3.12/site-packages/airflow/example_dags/example_latest_only.py for tasks to queue
[2024-12-13T17:01:28.088+0000] {logging_mixin.py:190} INFO - [2024-12-13T17:01:28.087+0000] {dagbag.py:588} INFO - Filling up the DagBag from /home/airflow/.local/lib/python3.12/site-packages/airflow/example_dags/example_latest_only.py
[2024-12-13T17:01:28.093+0000] {processor.py:925} INFO - DAG(s) 'latest_only' retrieved from /home/airflow/.local/lib/python3.12/site-packages/airflow/example_dags/example_latest_only.py
[2024-12-13T17:01:28.106+0000] {logging_mixin.py:190} INFO - [2024-12-13T17:01:28.106+0000] {dag.py:3239} INFO - Sync 1 DAGs
[2024-12-13T17:01:28.123+0000] {logging_mixin.py:190} INFO - [2024-12-13T17:01:28.123+0000] {dag.py:4180} INFO - Setting next_dagrun for latest_only to 2024-12-13 12:00:00+00:00, run_after=2024-12-13 16:00:00+00:00
[2024-12-13T17:01:28.138+0000] {processor.py:208} INFO - Processing /home/airflow/.local/lib/python3.12/site-packages/airflow/example_dags/example_latest_only.py took 0.057 seconds
[2024-12-13T17:01:59.246+0000] {processor.py:186} INFO - Started process (PID=466) to work on /home/airflow/.local/lib/python3.12/site-packages/airflow/example_dags/example_latest_only.py
[2024-12-13T17:01:59.247+0000] {processor.py:914} INFO - Processing file /home/airflow/.local/lib/python3.12/site-packages/airflow/example_dags/example_latest_only.py for tasks to queue
[2024-12-13T17:01:59.248+0000] {logging_mixin.py:190} INFO - [2024-12-13T17:01:59.248+0000] {dagbag.py:588} INFO - Filling up the DagBag from /home/airflow/.local/lib/python3.12/site-packages/airflow/example_dags/example_latest_only.py
[2024-12-13T17:01:59.253+0000] {processor.py:925} INFO - DAG(s) 'latest_only' retrieved from /home/airflow/.local/lib/python3.12/site-packages/airflow/example_dags/example_latest_only.py
[2024-12-13T17:01:59.267+0000] {logging_mixin.py:190} INFO - [2024-12-13T17:01:59.267+0000] {dag.py:3239} INFO - Sync 1 DAGs
[2024-12-13T17:01:59.282+0000] {logging_mixin.py:190} INFO - [2024-12-13T17:01:59.282+0000] {dag.py:4180} INFO - Setting next_dagrun for latest_only to 2024-12-13 12:00:00+00:00, run_after=2024-12-13 16:00:00+00:00
[2024-12-13T17:01:59.296+0000] {processor.py:208} INFO - Processing /home/airflow/.local/lib/python3.12/site-packages/airflow/example_dags/example_latest_only.py took 0.054 seconds
[2024-12-13T17:02:30.333+0000] {processor.py:186} INFO - Started process (PID=529) to work on /home/airflow/.local/lib/python3.12/site-packages/airflow/example_dags/example_latest_only.py
[2024-12-13T17:02:30.334+0000] {processor.py:914} INFO - Processing file /home/airflow/.local/lib/python3.12/site-packages/airflow/example_dags/example_latest_only.py for tasks to queue
[2024-12-13T17:02:30.336+0000] {logging_mixin.py:190} INFO - [2024-12-13T17:02:30.336+0000] {dagbag.py:588} INFO - Filling up the DagBag from /home/airflow/.local/lib/python3.12/site-packages/airflow/example_dags/example_latest_only.py
[2024-12-13T17:02:30.342+0000] {processor.py:925} INFO - DAG(s) 'latest_only' retrieved from /home/airflow/.local/lib/python3.12/site-packages/airflow/example_dags/example_latest_only.py
[2024-12-13T17:02:30.356+0000] {logging_mixin.py:190} INFO - [2024-12-13T17:02:30.356+0000] {dag.py:3239} INFO - Sync 1 DAGs
[2024-12-13T17:02:30.371+0000] {logging_mixin.py:190} INFO - [2024-12-13T17:02:30.371+0000] {dag.py:4180} INFO - Setting next_dagrun for latest_only to 2024-12-13 12:00:00+00:00, run_after=2024-12-13 16:00:00+00:00
[2024-12-13T17:02:30.383+0000] {processor.py:208} INFO - Processing /home/airflow/.local/lib/python3.12/site-packages/airflow/example_dags/example_latest_only.py took 0.054 seconds
[2024-12-13T17:03:01.474+0000] {processor.py:186} INFO - Started process (PID=592) to work on /home/airflow/.local/lib/python3.12/site-packages/airflow/example_dags/example_latest_only.py
[2024-12-13T17:03:01.475+0000] {processor.py:914} INFO - Processing file /home/airflow/.local/lib/python3.12/site-packages/airflow/example_dags/example_latest_only.py for tasks to queue
[2024-12-13T17:03:01.477+0000] {logging_mixin.py:190} INFO - [2024-12-13T17:03:01.476+0000] {dagbag.py:588} INFO - Filling up the DagBag from /home/airflow/.local/lib/python3.12/site-packages/airflow/example_dags/example_latest_only.py
[2024-12-13T17:03:01.481+0000] {processor.py:925} INFO - DAG(s) 'latest_only' retrieved from /home/airflow/.local/lib/python3.12/site-packages/airflow/example_dags/example_latest_only.py
[2024-12-13T17:03:01.495+0000] {logging_mixin.py:190} INFO - [2024-12-13T17:03:01.495+0000] {dag.py:3239} INFO - Sync 1 DAGs
[2024-12-13T17:03:01.511+0000] {logging_mixin.py:190} INFO - [2024-12-13T17:03:01.510+0000] {dag.py:4180} INFO - Setting next_dagrun for latest_only to 2024-12-13 12:00:00+00:00, run_after=2024-12-13 16:00:00+00:00
[2024-12-13T17:03:01.524+0000] {processor.py:208} INFO - Processing /home/airflow/.local/lib/python3.12/site-packages/airflow/example_dags/example_latest_only.py took 0.054 seconds
[2024-12-13T17:03:31.893+0000] {processor.py:186} INFO - Started process (PID=655) to work on /home/airflow/.local/lib/python3.12/site-packages/airflow/example_dags/example_latest_only.py
[2024-12-13T17:03:31.894+0000] {processor.py:914} INFO - Processing file /home/airflow/.local/lib/python3.12/site-packages/airflow/example_dags/example_latest_only.py for tasks to queue
[2024-12-13T17:03:31.896+0000] {logging_mixin.py:190} INFO - [2024-12-13T17:03:31.895+0000] {dagbag.py:588} INFO - Filling up the DagBag from /home/airflow/.local/lib/python3.12/site-packages/airflow/example_dags/example_latest_only.py
[2024-12-13T17:03:31.901+0000] {processor.py:925} INFO - DAG(s) 'latest_only' retrieved from /home/airflow/.local/lib/python3.12/site-packages/airflow/example_dags/example_latest_only.py
[2024-12-13T17:03:31.914+0000] {logging_mixin.py:190} INFO - [2024-12-13T17:03:31.914+0000] {dag.py:3239} INFO - Sync 1 DAGs
[2024-12-13T17:03:31.930+0000] {logging_mixin.py:190} INFO - [2024-12-13T17:03:31.930+0000] {dag.py:4180} INFO - Setting next_dagrun for latest_only to 2024-12-13 12:00:00+00:00, run_after=2024-12-13 16:00:00+00:00
[2024-12-13T17:03:31.942+0000] {processor.py:208} INFO - Processing /home/airflow/.local/lib/python3.12/site-packages/airflow/example_dags/example_latest_only.py took 0.053 seconds
[2024-12-13T17:04:03.027+0000] {processor.py:186} INFO - Started process (PID=718) to work on /home/airflow/.local/lib/python3.12/site-packages/airflow/example_dags/example_latest_only.py
[2024-12-13T17:04:03.028+0000] {processor.py:914} INFO - Processing file /home/airflow/.local/lib/python3.12/site-packages/airflow/example_dags/example_latest_only.py for tasks to queue
[2024-12-13T17:04:03.030+0000] {logging_mixin.py:190} INFO - [2024-12-13T17:04:03.029+0000] {dagbag.py:588} INFO - Filling up the DagBag from /home/airflow/.local/lib/python3.12/site-packages/airflow/example_dags/example_latest_only.py
[2024-12-13T17:04:03.035+0000] {processor.py:925} INFO - DAG(s) 'latest_only' retrieved from /home/airflow/.local/lib/python3.12/site-packages/airflow/example_dags/example_latest_only.py
[2024-12-13T17:04:03.049+0000] {logging_mixin.py:190} INFO - [2024-12-13T17:04:03.049+0000] {dag.py:3239} INFO - Sync 1 DAGs
[2024-12-13T17:04:03.066+0000] {logging_mixin.py:190} INFO - [2024-12-13T17:04:03.066+0000] {dag.py:4180} INFO - Setting next_dagrun for latest_only to 2024-12-13 12:00:00+00:00, run_after=2024-12-13 16:00:00+00:00
[2024-12-13T17:04:03.079+0000] {processor.py:208} INFO - Processing /home/airflow/.local/lib/python3.12/site-packages/airflow/example_dags/example_latest_only.py took 0.055 seconds
