[2024-12-13T16:58:55.827+0000] {processor.py:186} INFO - Started process (PID=108) to work on /home/airflow/.local/lib/python3.12/site-packages/airflow/example_dags/example_bash_decorator.py
[2024-12-13T16:58:55.827+0000] {processor.py:914} INFO - Processing file /home/airflow/.local/lib/python3.12/site-packages/airflow/example_dags/example_bash_decorator.py for tasks to queue
[2024-12-13T16:58:55.829+0000] {logging_mixin.py:190} INFO - [2024-12-13T16:58:55.829+0000] {dagbag.py:588} INFO - Filling up the DagBag from /home/airflow/.local/lib/python3.12/site-packages/airflow/example_dags/example_bash_decorator.py
[2024-12-13T16:58:55.843+0000] {processor.py:925} INFO - DAG(s) 'example_bash_decorator' retrieved from /home/airflow/.local/lib/python3.12/site-packages/airflow/example_dags/example_bash_decorator.py
[2024-12-13T16:58:55.917+0000] {logging_mixin.py:190} INFO - [2024-12-13T16:58:55.917+0000] {override.py:1911} INFO - Created Permission View: can edit on DAG:example_bash_decorator
[2024-12-13T16:58:55.924+0000] {logging_mixin.py:190} INFO - [2024-12-13T16:58:55.924+0000] {override.py:1911} INFO - Created Permission View: can read on DAG:example_bash_decorator
[2024-12-13T16:58:55.929+0000] {logging_mixin.py:190} INFO - [2024-12-13T16:58:55.929+0000] {override.py:1911} INFO - Created Permission View: can delete on DAG:example_bash_decorator
[2024-12-13T16:58:55.935+0000] {logging_mixin.py:190} INFO - [2024-12-13T16:58:55.935+0000] {override.py:1911} INFO - Created Permission View: menu access on DAG Run:example_bash_decorator
[2024-12-13T16:58:55.941+0000] {logging_mixin.py:190} INFO - [2024-12-13T16:58:55.940+0000] {override.py:1911} INFO - Created Permission View: can delete on DAG Run:example_bash_decorator
[2024-12-13T16:58:55.946+0000] {logging_mixin.py:190} INFO - [2024-12-13T16:58:55.946+0000] {override.py:1911} INFO - Created Permission View: can read on DAG Run:example_bash_decorator
[2024-12-13T16:58:55.950+0000] {logging_mixin.py:190} INFO - [2024-12-13T16:58:55.950+0000] {override.py:1911} INFO - Created Permission View: can create on DAG Run:example_bash_decorator
[2024-12-13T16:58:55.951+0000] {logging_mixin.py:190} INFO - [2024-12-13T16:58:55.951+0000] {dag.py:3239} INFO - Sync 1 DAGs
[2024-12-13T16:58:55.959+0000] {logging_mixin.py:190} INFO - [2024-12-13T16:58:55.959+0000] {dag.py:3262} INFO - Creating ORM DAG for example_bash_decorator
[2024-12-13T16:58:55.960+0000] {logging_mixin.py:190} INFO - [2024-12-13T16:58:55.960+0000] {dag.py:4180} INFO - Setting next_dagrun for example_bash_decorator to None, run_after=None
[2024-12-13T16:58:55.971+0000] {processor.py:208} INFO - Processing /home/airflow/.local/lib/python3.12/site-packages/airflow/example_dags/example_bash_decorator.py took 0.148 seconds
[2024-12-13T16:59:26.117+0000] {processor.py:186} INFO - Started process (PID=171) to work on /home/airflow/.local/lib/python3.12/site-packages/airflow/example_dags/example_bash_decorator.py
[2024-12-13T16:59:26.118+0000] {processor.py:914} INFO - Processing file /home/airflow/.local/lib/python3.12/site-packages/airflow/example_dags/example_bash_decorator.py for tasks to queue
[2024-12-13T16:59:26.120+0000] {logging_mixin.py:190} INFO - [2024-12-13T16:59:26.119+0000] {dagbag.py:588} INFO - Filling up the DagBag from /home/airflow/.local/lib/python3.12/site-packages/airflow/example_dags/example_bash_decorator.py
[2024-12-13T16:59:26.130+0000] {processor.py:925} INFO - DAG(s) 'example_bash_decorator' retrieved from /home/airflow/.local/lib/python3.12/site-packages/airflow/example_dags/example_bash_decorator.py
[2024-12-13T16:59:26.145+0000] {logging_mixin.py:190} INFO - [2024-12-13T16:59:26.145+0000] {dag.py:3239} INFO - Sync 1 DAGs
[2024-12-13T16:59:26.154+0000] {logging_mixin.py:190} INFO - [2024-12-13T16:59:26.154+0000] {dag.py:4180} INFO - Setting next_dagrun for example_bash_decorator to None, run_after=None
[2024-12-13T16:59:26.166+0000] {processor.py:208} INFO - Processing /home/airflow/.local/lib/python3.12/site-packages/airflow/example_dags/example_bash_decorator.py took 0.053 seconds
[2024-12-13T16:59:56.984+0000] {processor.py:186} INFO - Started process (PID=234) to work on /home/airflow/.local/lib/python3.12/site-packages/airflow/example_dags/example_bash_decorator.py
[2024-12-13T16:59:56.984+0000] {processor.py:914} INFO - Processing file /home/airflow/.local/lib/python3.12/site-packages/airflow/example_dags/example_bash_decorator.py for tasks to queue
[2024-12-13T16:59:56.986+0000] {logging_mixin.py:190} INFO - [2024-12-13T16:59:56.985+0000] {dagbag.py:588} INFO - Filling up the DagBag from /home/airflow/.local/lib/python3.12/site-packages/airflow/example_dags/example_bash_decorator.py
[2024-12-13T16:59:56.995+0000] {processor.py:925} INFO - DAG(s) 'example_bash_decorator' retrieved from /home/airflow/.local/lib/python3.12/site-packages/airflow/example_dags/example_bash_decorator.py
[2024-12-13T16:59:57.011+0000] {logging_mixin.py:190} INFO - [2024-12-13T16:59:57.010+0000] {dag.py:3239} INFO - Sync 1 DAGs
[2024-12-13T16:59:57.020+0000] {logging_mixin.py:190} INFO - [2024-12-13T16:59:57.019+0000] {dag.py:4180} INFO - Setting next_dagrun for example_bash_decorator to None, run_after=None
[2024-12-13T16:59:57.031+0000] {processor.py:208} INFO - Processing /home/airflow/.local/lib/python3.12/site-packages/airflow/example_dags/example_bash_decorator.py took 0.052 seconds
[2024-12-13T17:00:28.105+0000] {processor.py:186} INFO - Started process (PID=297) to work on /home/airflow/.local/lib/python3.12/site-packages/airflow/example_dags/example_bash_decorator.py
[2024-12-13T17:00:28.106+0000] {processor.py:914} INFO - Processing file /home/airflow/.local/lib/python3.12/site-packages/airflow/example_dags/example_bash_decorator.py for tasks to queue
[2024-12-13T17:00:28.107+0000] {logging_mixin.py:190} INFO - [2024-12-13T17:00:28.107+0000] {dagbag.py:588} INFO - Filling up the DagBag from /home/airflow/.local/lib/python3.12/site-packages/airflow/example_dags/example_bash_decorator.py
[2024-12-13T17:00:28.117+0000] {processor.py:925} INFO - DAG(s) 'example_bash_decorator' retrieved from /home/airflow/.local/lib/python3.12/site-packages/airflow/example_dags/example_bash_decorator.py
[2024-12-13T17:00:28.134+0000] {logging_mixin.py:190} INFO - [2024-12-13T17:00:28.133+0000] {dag.py:3239} INFO - Sync 1 DAGs
[2024-12-13T17:00:28.143+0000] {logging_mixin.py:190} INFO - [2024-12-13T17:00:28.142+0000] {dag.py:4180} INFO - Setting next_dagrun for example_bash_decorator to None, run_after=None
[2024-12-13T17:00:28.156+0000] {processor.py:208} INFO - Processing /home/airflow/.local/lib/python3.12/site-packages/airflow/example_dags/example_bash_decorator.py took 0.055 seconds
[2024-12-13T17:00:59.017+0000] {processor.py:186} INFO - Started process (PID=360) to work on /home/airflow/.local/lib/python3.12/site-packages/airflow/example_dags/example_bash_decorator.py
[2024-12-13T17:00:59.018+0000] {processor.py:914} INFO - Processing file /home/airflow/.local/lib/python3.12/site-packages/airflow/example_dags/example_bash_decorator.py for tasks to queue
[2024-12-13T17:00:59.019+0000] {logging_mixin.py:190} INFO - [2024-12-13T17:00:59.019+0000] {dagbag.py:588} INFO - Filling up the DagBag from /home/airflow/.local/lib/python3.12/site-packages/airflow/example_dags/example_bash_decorator.py
[2024-12-13T17:00:59.032+0000] {processor.py:925} INFO - DAG(s) 'example_bash_decorator' retrieved from /home/airflow/.local/lib/python3.12/site-packages/airflow/example_dags/example_bash_decorator.py
[2024-12-13T17:00:59.050+0000] {logging_mixin.py:190} INFO - [2024-12-13T17:00:59.049+0000] {dag.py:3239} INFO - Sync 1 DAGs
[2024-12-13T17:00:59.059+0000] {logging_mixin.py:190} INFO - [2024-12-13T17:00:59.059+0000] {dag.py:4180} INFO - Setting next_dagrun for example_bash_decorator to None, run_after=None
[2024-12-13T17:00:59.074+0000] {processor.py:208} INFO - Processing /home/airflow/.local/lib/python3.12/site-packages/airflow/example_dags/example_bash_decorator.py took 0.063 seconds
[2024-12-13T17:01:29.966+0000] {processor.py:186} INFO - Started process (PID=423) to work on /home/airflow/.local/lib/python3.12/site-packages/airflow/example_dags/example_bash_decorator.py
[2024-12-13T17:01:29.967+0000] {processor.py:914} INFO - Processing file /home/airflow/.local/lib/python3.12/site-packages/airflow/example_dags/example_bash_decorator.py for tasks to queue
[2024-12-13T17:01:29.969+0000] {logging_mixin.py:190} INFO - [2024-12-13T17:01:29.969+0000] {dagbag.py:588} INFO - Filling up the DagBag from /home/airflow/.local/lib/python3.12/site-packages/airflow/example_dags/example_bash_decorator.py
[2024-12-13T17:01:29.980+0000] {processor.py:925} INFO - DAG(s) 'example_bash_decorator' retrieved from /home/airflow/.local/lib/python3.12/site-packages/airflow/example_dags/example_bash_decorator.py
[2024-12-13T17:01:29.996+0000] {logging_mixin.py:190} INFO - [2024-12-13T17:01:29.995+0000] {dag.py:3239} INFO - Sync 1 DAGs
[2024-12-13T17:01:30.005+0000] {logging_mixin.py:190} INFO - [2024-12-13T17:01:30.005+0000] {dag.py:4180} INFO - Setting next_dagrun for example_bash_decorator to None, run_after=None
[2024-12-13T17:01:30.018+0000] {processor.py:208} INFO - Processing /home/airflow/.local/lib/python3.12/site-packages/airflow/example_dags/example_bash_decorator.py took 0.058 seconds
[2024-12-13T17:02:00.230+0000] {processor.py:186} INFO - Started process (PID=486) to work on /home/airflow/.local/lib/python3.12/site-packages/airflow/example_dags/example_bash_decorator.py
[2024-12-13T17:02:00.231+0000] {processor.py:914} INFO - Processing file /home/airflow/.local/lib/python3.12/site-packages/airflow/example_dags/example_bash_decorator.py for tasks to queue
[2024-12-13T17:02:00.232+0000] {logging_mixin.py:190} INFO - [2024-12-13T17:02:00.232+0000] {dagbag.py:588} INFO - Filling up the DagBag from /home/airflow/.local/lib/python3.12/site-packages/airflow/example_dags/example_bash_decorator.py
[2024-12-13T17:02:00.243+0000] {processor.py:925} INFO - DAG(s) 'example_bash_decorator' retrieved from /home/airflow/.local/lib/python3.12/site-packages/airflow/example_dags/example_bash_decorator.py
[2024-12-13T17:02:00.259+0000] {logging_mixin.py:190} INFO - [2024-12-13T17:02:00.259+0000] {dag.py:3239} INFO - Sync 1 DAGs
[2024-12-13T17:02:00.269+0000] {logging_mixin.py:190} INFO - [2024-12-13T17:02:00.268+0000] {dag.py:4180} INFO - Setting next_dagrun for example_bash_decorator to None, run_after=None
[2024-12-13T17:02:00.281+0000] {processor.py:208} INFO - Processing /home/airflow/.local/lib/python3.12/site-packages/airflow/example_dags/example_bash_decorator.py took 0.054 seconds
[2024-12-13T17:02:31.286+0000] {processor.py:186} INFO - Started process (PID=549) to work on /home/airflow/.local/lib/python3.12/site-packages/airflow/example_dags/example_bash_decorator.py
[2024-12-13T17:02:31.287+0000] {processor.py:914} INFO - Processing file /home/airflow/.local/lib/python3.12/site-packages/airflow/example_dags/example_bash_decorator.py for tasks to queue
[2024-12-13T17:02:31.289+0000] {logging_mixin.py:190} INFO - [2024-12-13T17:02:31.288+0000] {dagbag.py:588} INFO - Filling up the DagBag from /home/airflow/.local/lib/python3.12/site-packages/airflow/example_dags/example_bash_decorator.py
[2024-12-13T17:02:31.299+0000] {processor.py:925} INFO - DAG(s) 'example_bash_decorator' retrieved from /home/airflow/.local/lib/python3.12/site-packages/airflow/example_dags/example_bash_decorator.py
[2024-12-13T17:02:31.314+0000] {logging_mixin.py:190} INFO - [2024-12-13T17:02:31.314+0000] {dag.py:3239} INFO - Sync 1 DAGs
[2024-12-13T17:02:31.324+0000] {logging_mixin.py:190} INFO - [2024-12-13T17:02:31.324+0000] {dag.py:4180} INFO - Setting next_dagrun for example_bash_decorator to None, run_after=None
[2024-12-13T17:02:31.336+0000] {processor.py:208} INFO - Processing /home/airflow/.local/lib/python3.12/site-packages/airflow/example_dags/example_bash_decorator.py took 0.054 seconds
[2024-12-13T17:03:02.748+0000] {processor.py:186} INFO - Started process (PID=612) to work on /home/airflow/.local/lib/python3.12/site-packages/airflow/example_dags/example_bash_decorator.py
[2024-12-13T17:03:02.749+0000] {processor.py:914} INFO - Processing file /home/airflow/.local/lib/python3.12/site-packages/airflow/example_dags/example_bash_decorator.py for tasks to queue
[2024-12-13T17:03:02.750+0000] {logging_mixin.py:190} INFO - [2024-12-13T17:03:02.750+0000] {dagbag.py:588} INFO - Filling up the DagBag from /home/airflow/.local/lib/python3.12/site-packages/airflow/example_dags/example_bash_decorator.py
[2024-12-13T17:03:02.761+0000] {processor.py:925} INFO - DAG(s) 'example_bash_decorator' retrieved from /home/airflow/.local/lib/python3.12/site-packages/airflow/example_dags/example_bash_decorator.py
[2024-12-13T17:03:02.778+0000] {logging_mixin.py:190} INFO - [2024-12-13T17:03:02.778+0000] {dag.py:3239} INFO - Sync 1 DAGs
[2024-12-13T17:03:02.787+0000] {logging_mixin.py:190} INFO - [2024-12-13T17:03:02.787+0000] {dag.py:4180} INFO - Setting next_dagrun for example_bash_decorator to None, run_after=None
[2024-12-13T17:03:02.800+0000] {processor.py:208} INFO - Processing /home/airflow/.local/lib/python3.12/site-packages/airflow/example_dags/example_bash_decorator.py took 0.056 seconds
[2024-12-13T17:03:33.799+0000] {processor.py:186} INFO - Started process (PID=675) to work on /home/airflow/.local/lib/python3.12/site-packages/airflow/example_dags/example_bash_decorator.py
[2024-12-13T17:03:33.800+0000] {processor.py:914} INFO - Processing file /home/airflow/.local/lib/python3.12/site-packages/airflow/example_dags/example_bash_decorator.py for tasks to queue
[2024-12-13T17:03:33.802+0000] {logging_mixin.py:190} INFO - [2024-12-13T17:03:33.801+0000] {dagbag.py:588} INFO - Filling up the DagBag from /home/airflow/.local/lib/python3.12/site-packages/airflow/example_dags/example_bash_decorator.py
[2024-12-13T17:03:33.813+0000] {processor.py:925} INFO - DAG(s) 'example_bash_decorator' retrieved from /home/airflow/.local/lib/python3.12/site-packages/airflow/example_dags/example_bash_decorator.py
[2024-12-13T17:03:33.831+0000] {logging_mixin.py:190} INFO - [2024-12-13T17:03:33.831+0000] {dag.py:3239} INFO - Sync 1 DAGs
[2024-12-13T17:03:33.842+0000] {logging_mixin.py:190} INFO - [2024-12-13T17:03:33.842+0000] {dag.py:4180} INFO - Setting next_dagrun for example_bash_decorator to None, run_after=None
[2024-12-13T17:03:33.857+0000] {processor.py:208} INFO - Processing /home/airflow/.local/lib/python3.12/site-packages/airflow/example_dags/example_bash_decorator.py took 0.062 seconds
[2024-12-13T17:04:03.934+0000] {processor.py:186} INFO - Started process (PID=737) to work on /home/airflow/.local/lib/python3.12/site-packages/airflow/example_dags/example_bash_decorator.py
[2024-12-13T17:04:03.935+0000] {processor.py:914} INFO - Processing file /home/airflow/.local/lib/python3.12/site-packages/airflow/example_dags/example_bash_decorator.py for tasks to queue
[2024-12-13T17:04:03.937+0000] {logging_mixin.py:190} INFO - [2024-12-13T17:04:03.937+0000] {dagbag.py:588} INFO - Filling up the DagBag from /home/airflow/.local/lib/python3.12/site-packages/airflow/example_dags/example_bash_decorator.py
[2024-12-13T17:04:03.948+0000] {processor.py:925} INFO - DAG(s) 'example_bash_decorator' retrieved from /home/airflow/.local/lib/python3.12/site-packages/airflow/example_dags/example_bash_decorator.py
[2024-12-13T17:04:03.966+0000] {logging_mixin.py:190} INFO - [2024-12-13T17:04:03.966+0000] {dag.py:3239} INFO - Sync 1 DAGs
[2024-12-13T17:04:03.976+0000] {logging_mixin.py:190} INFO - [2024-12-13T17:04:03.976+0000] {dag.py:4180} INFO - Setting next_dagrun for example_bash_decorator to None, run_after=None
[2024-12-13T17:04:03.988+0000] {processor.py:208} INFO - Processing /home/airflow/.local/lib/python3.12/site-packages/airflow/example_dags/example_bash_decorator.py took 0.058 seconds
