[2024-12-13T16:58:52.891+0000] {processor.py:186} INFO - Started process (PID=81) to work on /home/airflow/.local/lib/python3.12/site-packages/airflow/example_dags/example_kubernetes_executor.py
[2024-12-13T16:58:52.891+0000] {processor.py:914} INFO - Processing file /home/airflow/.local/lib/python3.12/site-packages/airflow/example_dags/example_kubernetes_executor.py for tasks to queue
[2024-12-13T16:58:52.893+0000] {logging_mixin.py:190} INFO - [2024-12-13T16:58:52.893+0000] {dagbag.py:588} INFO - Filling up the DagBag from /home/airflow/.local/lib/python3.12/site-packages/airflow/example_dags/example_kubernetes_executor.py
[2024-12-13T16:58:52.908+0000] {processor.py:925} INFO - DAG(s) 'example_kubernetes_executor' retrieved from /home/airflow/.local/lib/python3.12/site-packages/airflow/example_dags/example_kubernetes_executor.py
[2024-12-13T16:58:53.006+0000] {logging_mixin.py:190} INFO - [2024-12-13T16:58:53.006+0000] {override.py:1911} INFO - Created Permission View: can edit on DAG:example_kubernetes_executor
[2024-12-13T16:58:53.014+0000] {logging_mixin.py:190} INFO - [2024-12-13T16:58:53.014+0000] {override.py:1911} INFO - Created Permission View: can read on DAG:example_kubernetes_executor
[2024-12-13T16:58:53.020+0000] {logging_mixin.py:190} INFO - [2024-12-13T16:58:53.020+0000] {override.py:1911} INFO - Created Permission View: can delete on DAG:example_kubernetes_executor
[2024-12-13T16:58:53.027+0000] {logging_mixin.py:190} INFO - [2024-12-13T16:58:53.027+0000] {override.py:1911} INFO - Created Permission View: menu access on DAG Run:example_kubernetes_executor
[2024-12-13T16:58:53.035+0000] {logging_mixin.py:190} INFO - [2024-12-13T16:58:53.034+0000] {override.py:1911} INFO - Created Permission View: can delete on DAG Run:example_kubernetes_executor
[2024-12-13T16:58:53.042+0000] {logging_mixin.py:190} INFO - [2024-12-13T16:58:53.042+0000] {override.py:1911} INFO - Created Permission View: can read on DAG Run:example_kubernetes_executor
[2024-12-13T16:58:53.049+0000] {logging_mixin.py:190} INFO - [2024-12-13T16:58:53.048+0000] {override.py:1911} INFO - Created Permission View: can create on DAG Run:example_kubernetes_executor
[2024-12-13T16:58:53.049+0000] {logging_mixin.py:190} INFO - [2024-12-13T16:58:53.049+0000] {dag.py:3239} INFO - Sync 1 DAGs
[2024-12-13T16:58:53.059+0000] {logging_mixin.py:190} INFO - [2024-12-13T16:58:53.059+0000] {dag.py:3262} INFO - Creating ORM DAG for example_kubernetes_executor
[2024-12-13T16:58:53.060+0000] {logging_mixin.py:190} INFO - [2024-12-13T16:58:53.059+0000] {dag.py:4180} INFO - Setting next_dagrun for example_kubernetes_executor to None, run_after=None
[2024-12-13T16:58:53.073+0000] {processor.py:208} INFO - Processing /home/airflow/.local/lib/python3.12/site-packages/airflow/example_dags/example_kubernetes_executor.py took 0.187 seconds
[2024-12-13T16:59:23.761+0000] {processor.py:186} INFO - Started process (PID=144) to work on /home/airflow/.local/lib/python3.12/site-packages/airflow/example_dags/example_kubernetes_executor.py
[2024-12-13T16:59:23.762+0000] {processor.py:914} INFO - Processing file /home/airflow/.local/lib/python3.12/site-packages/airflow/example_dags/example_kubernetes_executor.py for tasks to queue
[2024-12-13T16:59:23.763+0000] {logging_mixin.py:190} INFO - [2024-12-13T16:59:23.763+0000] {dagbag.py:588} INFO - Filling up the DagBag from /home/airflow/.local/lib/python3.12/site-packages/airflow/example_dags/example_kubernetes_executor.py
[2024-12-13T16:59:23.772+0000] {processor.py:925} INFO - DAG(s) 'example_kubernetes_executor' retrieved from /home/airflow/.local/lib/python3.12/site-packages/airflow/example_dags/example_kubernetes_executor.py
[2024-12-13T16:59:23.796+0000] {logging_mixin.py:190} INFO - [2024-12-13T16:59:23.795+0000] {dag.py:3239} INFO - Sync 1 DAGs
[2024-12-13T16:59:23.804+0000] {logging_mixin.py:190} INFO - [2024-12-13T16:59:23.804+0000] {dag.py:4180} INFO - Setting next_dagrun for example_kubernetes_executor to None, run_after=None
[2024-12-13T16:59:23.816+0000] {processor.py:208} INFO - Processing /home/airflow/.local/lib/python3.12/site-packages/airflow/example_dags/example_kubernetes_executor.py took 0.059 seconds
[2024-12-13T16:59:54.664+0000] {processor.py:186} INFO - Started process (PID=207) to work on /home/airflow/.local/lib/python3.12/site-packages/airflow/example_dags/example_kubernetes_executor.py
[2024-12-13T16:59:54.664+0000] {processor.py:914} INFO - Processing file /home/airflow/.local/lib/python3.12/site-packages/airflow/example_dags/example_kubernetes_executor.py for tasks to queue
[2024-12-13T16:59:54.666+0000] {logging_mixin.py:190} INFO - [2024-12-13T16:59:54.666+0000] {dagbag.py:588} INFO - Filling up the DagBag from /home/airflow/.local/lib/python3.12/site-packages/airflow/example_dags/example_kubernetes_executor.py
[2024-12-13T16:59:54.675+0000] {processor.py:925} INFO - DAG(s) 'example_kubernetes_executor' retrieved from /home/airflow/.local/lib/python3.12/site-packages/airflow/example_dags/example_kubernetes_executor.py
[2024-12-13T16:59:54.698+0000] {logging_mixin.py:190} INFO - [2024-12-13T16:59:54.698+0000] {dag.py:3239} INFO - Sync 1 DAGs
[2024-12-13T16:59:54.707+0000] {logging_mixin.py:190} INFO - [2024-12-13T16:59:54.707+0000] {dag.py:4180} INFO - Setting next_dagrun for example_kubernetes_executor to None, run_after=None
[2024-12-13T16:59:54.720+0000] {processor.py:208} INFO - Processing /home/airflow/.local/lib/python3.12/site-packages/airflow/example_dags/example_kubernetes_executor.py took 0.060 seconds
[2024-12-13T17:00:25.719+0000] {processor.py:186} INFO - Started process (PID=270) to work on /home/airflow/.local/lib/python3.12/site-packages/airflow/example_dags/example_kubernetes_executor.py
[2024-12-13T17:00:25.720+0000] {processor.py:914} INFO - Processing file /home/airflow/.local/lib/python3.12/site-packages/airflow/example_dags/example_kubernetes_executor.py for tasks to queue
[2024-12-13T17:00:25.721+0000] {logging_mixin.py:190} INFO - [2024-12-13T17:00:25.721+0000] {dagbag.py:588} INFO - Filling up the DagBag from /home/airflow/.local/lib/python3.12/site-packages/airflow/example_dags/example_kubernetes_executor.py
[2024-12-13T17:00:25.731+0000] {processor.py:925} INFO - DAG(s) 'example_kubernetes_executor' retrieved from /home/airflow/.local/lib/python3.12/site-packages/airflow/example_dags/example_kubernetes_executor.py
[2024-12-13T17:00:25.754+0000] {logging_mixin.py:190} INFO - [2024-12-13T17:00:25.754+0000] {dag.py:3239} INFO - Sync 1 DAGs
[2024-12-13T17:00:25.763+0000] {logging_mixin.py:190} INFO - [2024-12-13T17:00:25.763+0000] {dag.py:4180} INFO - Setting next_dagrun for example_kubernetes_executor to None, run_after=None
[2024-12-13T17:00:25.775+0000] {processor.py:208} INFO - Processing /home/airflow/.local/lib/python3.12/site-packages/airflow/example_dags/example_kubernetes_executor.py took 0.059 seconds
[2024-12-13T17:00:56.683+0000] {processor.py:186} INFO - Started process (PID=332) to work on /home/airflow/.local/lib/python3.12/site-packages/airflow/example_dags/example_kubernetes_executor.py
[2024-12-13T17:00:56.683+0000] {processor.py:914} INFO - Processing file /home/airflow/.local/lib/python3.12/site-packages/airflow/example_dags/example_kubernetes_executor.py for tasks to queue
[2024-12-13T17:00:56.685+0000] {logging_mixin.py:190} INFO - [2024-12-13T17:00:56.684+0000] {dagbag.py:588} INFO - Filling up the DagBag from /home/airflow/.local/lib/python3.12/site-packages/airflow/example_dags/example_kubernetes_executor.py
[2024-12-13T17:00:56.694+0000] {processor.py:925} INFO - DAG(s) 'example_kubernetes_executor' retrieved from /home/airflow/.local/lib/python3.12/site-packages/airflow/example_dags/example_kubernetes_executor.py
[2024-12-13T17:00:56.719+0000] {logging_mixin.py:190} INFO - [2024-12-13T17:00:56.719+0000] {dag.py:3239} INFO - Sync 1 DAGs
[2024-12-13T17:00:56.728+0000] {logging_mixin.py:190} INFO - [2024-12-13T17:00:56.728+0000] {dag.py:4180} INFO - Setting next_dagrun for example_kubernetes_executor to None, run_after=None
[2024-12-13T17:00:56.740+0000] {processor.py:208} INFO - Processing /home/airflow/.local/lib/python3.12/site-packages/airflow/example_dags/example_kubernetes_executor.py took 0.061 seconds
[2024-12-13T17:01:27.638+0000] {processor.py:186} INFO - Started process (PID=396) to work on /home/airflow/.local/lib/python3.12/site-packages/airflow/example_dags/example_kubernetes_executor.py
[2024-12-13T17:01:27.639+0000] {processor.py:914} INFO - Processing file /home/airflow/.local/lib/python3.12/site-packages/airflow/example_dags/example_kubernetes_executor.py for tasks to queue
[2024-12-13T17:01:27.640+0000] {logging_mixin.py:190} INFO - [2024-12-13T17:01:27.640+0000] {dagbag.py:588} INFO - Filling up the DagBag from /home/airflow/.local/lib/python3.12/site-packages/airflow/example_dags/example_kubernetes_executor.py
[2024-12-13T17:01:27.650+0000] {processor.py:925} INFO - DAG(s) 'example_kubernetes_executor' retrieved from /home/airflow/.local/lib/python3.12/site-packages/airflow/example_dags/example_kubernetes_executor.py
[2024-12-13T17:01:27.674+0000] {logging_mixin.py:190} INFO - [2024-12-13T17:01:27.674+0000] {dag.py:3239} INFO - Sync 1 DAGs
[2024-12-13T17:01:27.686+0000] {logging_mixin.py:190} INFO - [2024-12-13T17:01:27.685+0000] {dag.py:4180} INFO - Setting next_dagrun for example_kubernetes_executor to None, run_after=None
[2024-12-13T17:01:27.698+0000] {processor.py:208} INFO - Processing /home/airflow/.local/lib/python3.12/site-packages/airflow/example_dags/example_kubernetes_executor.py took 0.064 seconds
[2024-12-13T17:01:58.813+0000] {processor.py:186} INFO - Started process (PID=459) to work on /home/airflow/.local/lib/python3.12/site-packages/airflow/example_dags/example_kubernetes_executor.py
[2024-12-13T17:01:58.814+0000] {processor.py:914} INFO - Processing file /home/airflow/.local/lib/python3.12/site-packages/airflow/example_dags/example_kubernetes_executor.py for tasks to queue
[2024-12-13T17:01:58.815+0000] {logging_mixin.py:190} INFO - [2024-12-13T17:01:58.815+0000] {dagbag.py:588} INFO - Filling up the DagBag from /home/airflow/.local/lib/python3.12/site-packages/airflow/example_dags/example_kubernetes_executor.py
[2024-12-13T17:01:58.824+0000] {processor.py:925} INFO - DAG(s) 'example_kubernetes_executor' retrieved from /home/airflow/.local/lib/python3.12/site-packages/airflow/example_dags/example_kubernetes_executor.py
[2024-12-13T17:01:58.848+0000] {logging_mixin.py:190} INFO - [2024-12-13T17:01:58.848+0000] {dag.py:3239} INFO - Sync 1 DAGs
[2024-12-13T17:01:58.858+0000] {logging_mixin.py:190} INFO - [2024-12-13T17:01:58.858+0000] {dag.py:4180} INFO - Setting next_dagrun for example_kubernetes_executor to None, run_after=None
[2024-12-13T17:01:58.871+0000] {processor.py:208} INFO - Processing /home/airflow/.local/lib/python3.12/site-packages/airflow/example_dags/example_kubernetes_executor.py took 0.061 seconds
[2024-12-13T17:02:29.867+0000] {processor.py:186} INFO - Started process (PID=521) to work on /home/airflow/.local/lib/python3.12/site-packages/airflow/example_dags/example_kubernetes_executor.py
[2024-12-13T17:02:29.868+0000] {processor.py:914} INFO - Processing file /home/airflow/.local/lib/python3.12/site-packages/airflow/example_dags/example_kubernetes_executor.py for tasks to queue
[2024-12-13T17:02:29.869+0000] {logging_mixin.py:190} INFO - [2024-12-13T17:02:29.869+0000] {dagbag.py:588} INFO - Filling up the DagBag from /home/airflow/.local/lib/python3.12/site-packages/airflow/example_dags/example_kubernetes_executor.py
[2024-12-13T17:02:29.879+0000] {processor.py:925} INFO - DAG(s) 'example_kubernetes_executor' retrieved from /home/airflow/.local/lib/python3.12/site-packages/airflow/example_dags/example_kubernetes_executor.py
[2024-12-13T17:02:29.904+0000] {logging_mixin.py:190} INFO - [2024-12-13T17:02:29.904+0000] {dag.py:3239} INFO - Sync 1 DAGs
[2024-12-13T17:02:29.914+0000] {logging_mixin.py:190} INFO - [2024-12-13T17:02:29.914+0000] {dag.py:4180} INFO - Setting next_dagrun for example_kubernetes_executor to None, run_after=None
[2024-12-13T17:02:29.927+0000] {processor.py:208} INFO - Processing /home/airflow/.local/lib/python3.12/site-packages/airflow/example_dags/example_kubernetes_executor.py took 0.064 seconds
[2024-12-13T17:03:01.029+0000] {processor.py:186} INFO - Started process (PID=584) to work on /home/airflow/.local/lib/python3.12/site-packages/airflow/example_dags/example_kubernetes_executor.py
[2024-12-13T17:03:01.030+0000] {processor.py:914} INFO - Processing file /home/airflow/.local/lib/python3.12/site-packages/airflow/example_dags/example_kubernetes_executor.py for tasks to queue
[2024-12-13T17:03:01.031+0000] {logging_mixin.py:190} INFO - [2024-12-13T17:03:01.031+0000] {dagbag.py:588} INFO - Filling up the DagBag from /home/airflow/.local/lib/python3.12/site-packages/airflow/example_dags/example_kubernetes_executor.py
[2024-12-13T17:03:01.041+0000] {processor.py:925} INFO - DAG(s) 'example_kubernetes_executor' retrieved from /home/airflow/.local/lib/python3.12/site-packages/airflow/example_dags/example_kubernetes_executor.py
[2024-12-13T17:03:01.065+0000] {logging_mixin.py:190} INFO - [2024-12-13T17:03:01.065+0000] {dag.py:3239} INFO - Sync 1 DAGs
[2024-12-13T17:03:01.075+0000] {logging_mixin.py:190} INFO - [2024-12-13T17:03:01.075+0000] {dag.py:4180} INFO - Setting next_dagrun for example_kubernetes_executor to None, run_after=None
[2024-12-13T17:03:01.088+0000] {processor.py:208} INFO - Processing /home/airflow/.local/lib/python3.12/site-packages/airflow/example_dags/example_kubernetes_executor.py took 0.063 seconds
[2024-12-13T17:03:31.523+0000] {processor.py:186} INFO - Started process (PID=647) to work on /home/airflow/.local/lib/python3.12/site-packages/airflow/example_dags/example_kubernetes_executor.py
[2024-12-13T17:03:31.524+0000] {processor.py:914} INFO - Processing file /home/airflow/.local/lib/python3.12/site-packages/airflow/example_dags/example_kubernetes_executor.py for tasks to queue
[2024-12-13T17:03:31.526+0000] {logging_mixin.py:190} INFO - [2024-12-13T17:03:31.526+0000] {dagbag.py:588} INFO - Filling up the DagBag from /home/airflow/.local/lib/python3.12/site-packages/airflow/example_dags/example_kubernetes_executor.py
[2024-12-13T17:03:31.537+0000] {processor.py:925} INFO - DAG(s) 'example_kubernetes_executor' retrieved from /home/airflow/.local/lib/python3.12/site-packages/airflow/example_dags/example_kubernetes_executor.py
[2024-12-13T17:03:31.563+0000] {logging_mixin.py:190} INFO - [2024-12-13T17:03:31.563+0000] {dag.py:3239} INFO - Sync 1 DAGs
[2024-12-13T17:03:31.573+0000] {logging_mixin.py:190} INFO - [2024-12-13T17:03:31.573+0000] {dag.py:4180} INFO - Setting next_dagrun for example_kubernetes_executor to None, run_after=None
[2024-12-13T17:03:31.588+0000] {processor.py:208} INFO - Processing /home/airflow/.local/lib/python3.12/site-packages/airflow/example_dags/example_kubernetes_executor.py took 0.069 seconds
[2024-12-13T17:04:02.654+0000] {processor.py:186} INFO - Started process (PID=710) to work on /home/airflow/.local/lib/python3.12/site-packages/airflow/example_dags/example_kubernetes_executor.py
[2024-12-13T17:04:02.655+0000] {processor.py:914} INFO - Processing file /home/airflow/.local/lib/python3.12/site-packages/airflow/example_dags/example_kubernetes_executor.py for tasks to queue
[2024-12-13T17:04:02.656+0000] {logging_mixin.py:190} INFO - [2024-12-13T17:04:02.656+0000] {dagbag.py:588} INFO - Filling up the DagBag from /home/airflow/.local/lib/python3.12/site-packages/airflow/example_dags/example_kubernetes_executor.py
[2024-12-13T17:04:02.666+0000] {processor.py:925} INFO - DAG(s) 'example_kubernetes_executor' retrieved from /home/airflow/.local/lib/python3.12/site-packages/airflow/example_dags/example_kubernetes_executor.py
[2024-12-13T17:04:02.693+0000] {logging_mixin.py:190} INFO - [2024-12-13T17:04:02.693+0000] {dag.py:3239} INFO - Sync 1 DAGs
[2024-12-13T17:04:02.703+0000] {logging_mixin.py:190} INFO - [2024-12-13T17:04:02.703+0000] {dag.py:4180} INFO - Setting next_dagrun for example_kubernetes_executor to None, run_after=None
[2024-12-13T17:04:02.717+0000] {processor.py:208} INFO - Processing /home/airflow/.local/lib/python3.12/site-packages/airflow/example_dags/example_kubernetes_executor.py took 0.067 seconds
