[2024-12-13T16:58:52.001+0000] {processor.py:186} INFO - Started process (PID=73) to work on /home/airflow/.local/lib/python3.12/site-packages/airflow/example_dags/example_setup_teardown.py
[2024-12-13T16:58:52.002+0000] {processor.py:914} INFO - Processing file /home/airflow/.local/lib/python3.12/site-packages/airflow/example_dags/example_setup_teardown.py for tasks to queue
[2024-12-13T16:58:52.003+0000] {logging_mixin.py:190} INFO - [2024-12-13T16:58:52.003+0000] {dagbag.py:588} INFO - Filling up the DagBag from /home/airflow/.local/lib/python3.12/site-packages/airflow/example_dags/example_setup_teardown.py
[2024-12-13T16:58:52.009+0000] {processor.py:925} INFO - DAG(s) 'example_setup_teardown' retrieved from /home/airflow/.local/lib/python3.12/site-packages/airflow/example_dags/example_setup_teardown.py
[2024-12-13T16:58:52.085+0000] {logging_mixin.py:190} INFO - [2024-12-13T16:58:52.085+0000] {override.py:1911} INFO - Created Permission View: can edit on DAG:example_setup_teardown
[2024-12-13T16:58:52.093+0000] {logging_mixin.py:190} INFO - [2024-12-13T16:58:52.093+0000] {override.py:1911} INFO - Created Permission View: can read on DAG:example_setup_teardown
[2024-12-13T16:58:52.099+0000] {logging_mixin.py:190} INFO - [2024-12-13T16:58:52.099+0000] {override.py:1911} INFO - Created Permission View: can delete on DAG:example_setup_teardown
[2024-12-13T16:58:52.106+0000] {logging_mixin.py:190} INFO - [2024-12-13T16:58:52.106+0000] {override.py:1911} INFO - Created Permission View: menu access on DAG Run:example_setup_teardown
[2024-12-13T16:58:52.111+0000] {logging_mixin.py:190} INFO - [2024-12-13T16:58:52.111+0000] {override.py:1911} INFO - Created Permission View: can delete on DAG Run:example_setup_teardown
[2024-12-13T16:58:52.116+0000] {logging_mixin.py:190} INFO - [2024-12-13T16:58:52.116+0000] {override.py:1911} INFO - Created Permission View: can read on DAG Run:example_setup_teardown
[2024-12-13T16:58:52.121+0000] {logging_mixin.py:190} INFO - [2024-12-13T16:58:52.121+0000] {override.py:1911} INFO - Created Permission View: can create on DAG Run:example_setup_teardown
[2024-12-13T16:58:52.121+0000] {logging_mixin.py:190} INFO - [2024-12-13T16:58:52.121+0000] {dag.py:3239} INFO - Sync 1 DAGs
[2024-12-13T16:58:52.131+0000] {logging_mixin.py:190} INFO - [2024-12-13T16:58:52.130+0000] {dag.py:3262} INFO - Creating ORM DAG for example_setup_teardown
[2024-12-13T16:58:52.131+0000] {logging_mixin.py:190} INFO - [2024-12-13T16:58:52.131+0000] {dag.py:4180} INFO - Setting next_dagrun for example_setup_teardown to None, run_after=None
[2024-12-13T16:58:52.144+0000] {processor.py:208} INFO - Processing /home/airflow/.local/lib/python3.12/site-packages/airflow/example_dags/example_setup_teardown.py took 0.146 seconds
[2024-12-13T16:59:23.277+0000] {processor.py:186} INFO - Started process (PID=136) to work on /home/airflow/.local/lib/python3.12/site-packages/airflow/example_dags/example_setup_teardown.py
[2024-12-13T16:59:23.278+0000] {processor.py:914} INFO - Processing file /home/airflow/.local/lib/python3.12/site-packages/airflow/example_dags/example_setup_teardown.py for tasks to queue
[2024-12-13T16:59:23.280+0000] {logging_mixin.py:190} INFO - [2024-12-13T16:59:23.279+0000] {dagbag.py:588} INFO - Filling up the DagBag from /home/airflow/.local/lib/python3.12/site-packages/airflow/example_dags/example_setup_teardown.py
[2024-12-13T16:59:23.285+0000] {processor.py:925} INFO - DAG(s) 'example_setup_teardown' retrieved from /home/airflow/.local/lib/python3.12/site-packages/airflow/example_dags/example_setup_teardown.py
[2024-12-13T16:59:23.298+0000] {logging_mixin.py:190} INFO - [2024-12-13T16:59:23.298+0000] {dag.py:3239} INFO - Sync 1 DAGs
[2024-12-13T16:59:23.307+0000] {logging_mixin.py:190} INFO - [2024-12-13T16:59:23.307+0000] {dag.py:4180} INFO - Setting next_dagrun for example_setup_teardown to None, run_after=None
[2024-12-13T16:59:23.320+0000] {processor.py:208} INFO - Processing /home/airflow/.local/lib/python3.12/site-packages/airflow/example_dags/example_setup_teardown.py took 0.047 seconds
[2024-12-13T16:59:54.192+0000] {processor.py:186} INFO - Started process (PID=199) to work on /home/airflow/.local/lib/python3.12/site-packages/airflow/example_dags/example_setup_teardown.py
[2024-12-13T16:59:54.193+0000] {processor.py:914} INFO - Processing file /home/airflow/.local/lib/python3.12/site-packages/airflow/example_dags/example_setup_teardown.py for tasks to queue
[2024-12-13T16:59:54.194+0000] {logging_mixin.py:190} INFO - [2024-12-13T16:59:54.194+0000] {dagbag.py:588} INFO - Filling up the DagBag from /home/airflow/.local/lib/python3.12/site-packages/airflow/example_dags/example_setup_teardown.py
[2024-12-13T16:59:54.200+0000] {processor.py:925} INFO - DAG(s) 'example_setup_teardown' retrieved from /home/airflow/.local/lib/python3.12/site-packages/airflow/example_dags/example_setup_teardown.py
[2024-12-13T16:59:54.215+0000] {logging_mixin.py:190} INFO - [2024-12-13T16:59:54.215+0000] {dag.py:3239} INFO - Sync 1 DAGs
[2024-12-13T16:59:54.225+0000] {logging_mixin.py:190} INFO - [2024-12-13T16:59:54.224+0000] {dag.py:4180} INFO - Setting next_dagrun for example_setup_teardown to None, run_after=None
[2024-12-13T16:59:54.237+0000] {processor.py:208} INFO - Processing /home/airflow/.local/lib/python3.12/site-packages/airflow/example_dags/example_setup_teardown.py took 0.049 seconds
[2024-12-13T17:00:25.458+0000] {processor.py:186} INFO - Started process (PID=262) to work on /home/airflow/.local/lib/python3.12/site-packages/airflow/example_dags/example_setup_teardown.py
[2024-12-13T17:00:25.459+0000] {processor.py:914} INFO - Processing file /home/airflow/.local/lib/python3.12/site-packages/airflow/example_dags/example_setup_teardown.py for tasks to queue
[2024-12-13T17:00:25.460+0000] {logging_mixin.py:190} INFO - [2024-12-13T17:00:25.460+0000] {dagbag.py:588} INFO - Filling up the DagBag from /home/airflow/.local/lib/python3.12/site-packages/airflow/example_dags/example_setup_teardown.py
[2024-12-13T17:00:25.466+0000] {processor.py:925} INFO - DAG(s) 'example_setup_teardown' retrieved from /home/airflow/.local/lib/python3.12/site-packages/airflow/example_dags/example_setup_teardown.py
[2024-12-13T17:00:25.480+0000] {logging_mixin.py:190} INFO - [2024-12-13T17:00:25.480+0000] {dag.py:3239} INFO - Sync 1 DAGs
[2024-12-13T17:00:25.490+0000] {logging_mixin.py:190} INFO - [2024-12-13T17:00:25.489+0000] {dag.py:4180} INFO - Setting next_dagrun for example_setup_teardown to None, run_after=None
[2024-12-13T17:00:25.502+0000] {processor.py:208} INFO - Processing /home/airflow/.local/lib/python3.12/site-packages/airflow/example_dags/example_setup_teardown.py took 0.048 seconds
[2024-12-13T17:00:56.265+0000] {processor.py:186} INFO - Started process (PID=325) to work on /home/airflow/.local/lib/python3.12/site-packages/airflow/example_dags/example_setup_teardown.py
[2024-12-13T17:00:56.265+0000] {processor.py:914} INFO - Processing file /home/airflow/.local/lib/python3.12/site-packages/airflow/example_dags/example_setup_teardown.py for tasks to queue
[2024-12-13T17:00:56.267+0000] {logging_mixin.py:190} INFO - [2024-12-13T17:00:56.267+0000] {dagbag.py:588} INFO - Filling up the DagBag from /home/airflow/.local/lib/python3.12/site-packages/airflow/example_dags/example_setup_teardown.py
[2024-12-13T17:00:56.272+0000] {processor.py:925} INFO - DAG(s) 'example_setup_teardown' retrieved from /home/airflow/.local/lib/python3.12/site-packages/airflow/example_dags/example_setup_teardown.py
[2024-12-13T17:00:56.285+0000] {logging_mixin.py:190} INFO - [2024-12-13T17:00:56.285+0000] {dag.py:3239} INFO - Sync 1 DAGs
[2024-12-13T17:00:56.295+0000] {logging_mixin.py:190} INFO - [2024-12-13T17:00:56.294+0000] {dag.py:4180} INFO - Setting next_dagrun for example_setup_teardown to None, run_after=None
[2024-12-13T17:00:56.308+0000] {processor.py:208} INFO - Processing /home/airflow/.local/lib/python3.12/site-packages/airflow/example_dags/example_setup_teardown.py took 0.047 seconds
[2024-12-13T17:01:27.180+0000] {processor.py:186} INFO - Started process (PID=388) to work on /home/airflow/.local/lib/python3.12/site-packages/airflow/example_dags/example_setup_teardown.py
[2024-12-13T17:01:27.181+0000] {processor.py:914} INFO - Processing file /home/airflow/.local/lib/python3.12/site-packages/airflow/example_dags/example_setup_teardown.py for tasks to queue
[2024-12-13T17:01:27.183+0000] {logging_mixin.py:190} INFO - [2024-12-13T17:01:27.182+0000] {dagbag.py:588} INFO - Filling up the DagBag from /home/airflow/.local/lib/python3.12/site-packages/airflow/example_dags/example_setup_teardown.py
[2024-12-13T17:01:27.188+0000] {processor.py:925} INFO - DAG(s) 'example_setup_teardown' retrieved from /home/airflow/.local/lib/python3.12/site-packages/airflow/example_dags/example_setup_teardown.py
[2024-12-13T17:01:27.202+0000] {logging_mixin.py:190} INFO - [2024-12-13T17:01:27.202+0000] {dag.py:3239} INFO - Sync 1 DAGs
[2024-12-13T17:01:27.212+0000] {logging_mixin.py:190} INFO - [2024-12-13T17:01:27.212+0000] {dag.py:4180} INFO - Setting next_dagrun for example_setup_teardown to None, run_after=None
[2024-12-13T17:01:27.225+0000] {processor.py:208} INFO - Processing /home/airflow/.local/lib/python3.12/site-packages/airflow/example_dags/example_setup_teardown.py took 0.049 seconds
[2024-12-13T17:01:58.540+0000] {processor.py:186} INFO - Started process (PID=451) to work on /home/airflow/.local/lib/python3.12/site-packages/airflow/example_dags/example_setup_teardown.py
[2024-12-13T17:01:58.541+0000] {processor.py:914} INFO - Processing file /home/airflow/.local/lib/python3.12/site-packages/airflow/example_dags/example_setup_teardown.py for tasks to queue
[2024-12-13T17:01:58.543+0000] {logging_mixin.py:190} INFO - [2024-12-13T17:01:58.542+0000] {dagbag.py:588} INFO - Filling up the DagBag from /home/airflow/.local/lib/python3.12/site-packages/airflow/example_dags/example_setup_teardown.py
[2024-12-13T17:01:58.549+0000] {processor.py:925} INFO - DAG(s) 'example_setup_teardown' retrieved from /home/airflow/.local/lib/python3.12/site-packages/airflow/example_dags/example_setup_teardown.py
[2024-12-13T17:01:58.565+0000] {logging_mixin.py:190} INFO - [2024-12-13T17:01:58.565+0000] {dag.py:3239} INFO - Sync 1 DAGs
[2024-12-13T17:01:58.575+0000] {logging_mixin.py:190} INFO - [2024-12-13T17:01:58.575+0000] {dag.py:4180} INFO - Setting next_dagrun for example_setup_teardown to None, run_after=None
[2024-12-13T17:01:58.589+0000] {processor.py:208} INFO - Processing /home/airflow/.local/lib/python3.12/site-packages/airflow/example_dags/example_setup_teardown.py took 0.052 seconds
[2024-12-13T17:02:29.424+0000] {processor.py:186} INFO - Started process (PID=514) to work on /home/airflow/.local/lib/python3.12/site-packages/airflow/example_dags/example_setup_teardown.py
[2024-12-13T17:02:29.425+0000] {processor.py:914} INFO - Processing file /home/airflow/.local/lib/python3.12/site-packages/airflow/example_dags/example_setup_teardown.py for tasks to queue
[2024-12-13T17:02:29.427+0000] {logging_mixin.py:190} INFO - [2024-12-13T17:02:29.427+0000] {dagbag.py:588} INFO - Filling up the DagBag from /home/airflow/.local/lib/python3.12/site-packages/airflow/example_dags/example_setup_teardown.py
[2024-12-13T17:02:29.433+0000] {processor.py:925} INFO - DAG(s) 'example_setup_teardown' retrieved from /home/airflow/.local/lib/python3.12/site-packages/airflow/example_dags/example_setup_teardown.py
[2024-12-13T17:02:29.448+0000] {logging_mixin.py:190} INFO - [2024-12-13T17:02:29.448+0000] {dag.py:3239} INFO - Sync 1 DAGs
[2024-12-13T17:02:29.457+0000] {logging_mixin.py:190} INFO - [2024-12-13T17:02:29.457+0000] {dag.py:4180} INFO - Setting next_dagrun for example_setup_teardown to None, run_after=None
[2024-12-13T17:02:29.470+0000] {processor.py:208} INFO - Processing /home/airflow/.local/lib/python3.12/site-packages/airflow/example_dags/example_setup_teardown.py took 0.050 seconds
[2024-12-13T17:03:00.578+0000] {processor.py:186} INFO - Started process (PID=577) to work on /home/airflow/.local/lib/python3.12/site-packages/airflow/example_dags/example_setup_teardown.py
[2024-12-13T17:03:00.579+0000] {processor.py:914} INFO - Processing file /home/airflow/.local/lib/python3.12/site-packages/airflow/example_dags/example_setup_teardown.py for tasks to queue
[2024-12-13T17:03:00.581+0000] {logging_mixin.py:190} INFO - [2024-12-13T17:03:00.580+0000] {dagbag.py:588} INFO - Filling up the DagBag from /home/airflow/.local/lib/python3.12/site-packages/airflow/example_dags/example_setup_teardown.py
[2024-12-13T17:03:00.587+0000] {processor.py:925} INFO - DAG(s) 'example_setup_teardown' retrieved from /home/airflow/.local/lib/python3.12/site-packages/airflow/example_dags/example_setup_teardown.py
[2024-12-13T17:03:00.602+0000] {logging_mixin.py:190} INFO - [2024-12-13T17:03:00.602+0000] {dag.py:3239} INFO - Sync 1 DAGs
[2024-12-13T17:03:00.613+0000] {logging_mixin.py:190} INFO - [2024-12-13T17:03:00.613+0000] {dag.py:4180} INFO - Setting next_dagrun for example_setup_teardown to None, run_after=None
[2024-12-13T17:03:00.627+0000] {processor.py:208} INFO - Processing /home/airflow/.local/lib/python3.12/site-packages/airflow/example_dags/example_setup_teardown.py took 0.053 seconds
[2024-12-13T17:03:31.004+0000] {processor.py:186} INFO - Started process (PID=639) to work on /home/airflow/.local/lib/python3.12/site-packages/airflow/example_dags/example_setup_teardown.py
[2024-12-13T17:03:31.005+0000] {processor.py:914} INFO - Processing file /home/airflow/.local/lib/python3.12/site-packages/airflow/example_dags/example_setup_teardown.py for tasks to queue
[2024-12-13T17:03:31.007+0000] {logging_mixin.py:190} INFO - [2024-12-13T17:03:31.007+0000] {dagbag.py:588} INFO - Filling up the DagBag from /home/airflow/.local/lib/python3.12/site-packages/airflow/example_dags/example_setup_teardown.py
[2024-12-13T17:03:31.013+0000] {processor.py:925} INFO - DAG(s) 'example_setup_teardown' retrieved from /home/airflow/.local/lib/python3.12/site-packages/airflow/example_dags/example_setup_teardown.py
[2024-12-13T17:03:31.027+0000] {logging_mixin.py:190} INFO - [2024-12-13T17:03:31.026+0000] {dag.py:3239} INFO - Sync 1 DAGs
[2024-12-13T17:03:31.036+0000] {logging_mixin.py:190} INFO - [2024-12-13T17:03:31.036+0000] {dag.py:4180} INFO - Setting next_dagrun for example_setup_teardown to None, run_after=None
[2024-12-13T17:03:31.049+0000] {processor.py:208} INFO - Processing /home/airflow/.local/lib/python3.12/site-packages/airflow/example_dags/example_setup_teardown.py took 0.049 seconds
[2024-12-13T17:04:02.216+0000] {processor.py:186} INFO - Started process (PID=703) to work on /home/airflow/.local/lib/python3.12/site-packages/airflow/example_dags/example_setup_teardown.py
[2024-12-13T17:04:02.216+0000] {processor.py:914} INFO - Processing file /home/airflow/.local/lib/python3.12/site-packages/airflow/example_dags/example_setup_teardown.py for tasks to queue
[2024-12-13T17:04:02.218+0000] {logging_mixin.py:190} INFO - [2024-12-13T17:04:02.218+0000] {dagbag.py:588} INFO - Filling up the DagBag from /home/airflow/.local/lib/python3.12/site-packages/airflow/example_dags/example_setup_teardown.py
[2024-12-13T17:04:02.224+0000] {processor.py:925} INFO - DAG(s) 'example_setup_teardown' retrieved from /home/airflow/.local/lib/python3.12/site-packages/airflow/example_dags/example_setup_teardown.py
[2024-12-13T17:04:02.237+0000] {logging_mixin.py:190} INFO - [2024-12-13T17:04:02.237+0000] {dag.py:3239} INFO - Sync 1 DAGs
[2024-12-13T17:04:02.246+0000] {logging_mixin.py:190} INFO - [2024-12-13T17:04:02.246+0000] {dag.py:4180} INFO - Setting next_dagrun for example_setup_teardown to None, run_after=None
[2024-12-13T17:04:02.259+0000] {processor.py:208} INFO - Processing /home/airflow/.local/lib/python3.12/site-packages/airflow/example_dags/example_setup_teardown.py took 0.047 seconds
