[2024-12-13T16:58:55.347+0000] {processor.py:186} INFO - Started process (PID=102) to work on /home/airflow/.local/lib/python3.12/site-packages/airflow/example_dags/example_branch_python_dop_operator_3.py
[2024-12-13T16:58:55.347+0000] {processor.py:914} INFO - Processing file /home/airflow/.local/lib/python3.12/site-packages/airflow/example_dags/example_branch_python_dop_operator_3.py for tasks to queue
[2024-12-13T16:58:55.349+0000] {logging_mixin.py:190} INFO - [2024-12-13T16:58:55.349+0000] {dagbag.py:588} INFO - Filling up the DagBag from /home/airflow/.local/lib/python3.12/site-packages/airflow/example_dags/example_branch_python_dop_operator_3.py
[2024-12-13T16:58:55.357+0000] {processor.py:925} INFO - DAG(s) 'example_branch_dop_operator_v3' retrieved from /home/airflow/.local/lib/python3.12/site-packages/airflow/example_dags/example_branch_python_dop_operator_3.py
[2024-12-13T16:58:55.428+0000] {logging_mixin.py:190} INFO - [2024-12-13T16:58:55.427+0000] {override.py:1911} INFO - Created Permission View: can edit on DAG:example_branch_dop_operator_v3
[2024-12-13T16:58:55.434+0000] {logging_mixin.py:190} INFO - [2024-12-13T16:58:55.434+0000] {override.py:1911} INFO - Created Permission View: can read on DAG:example_branch_dop_operator_v3
[2024-12-13T16:58:55.439+0000] {logging_mixin.py:190} INFO - [2024-12-13T16:58:55.439+0000] {override.py:1911} INFO - Created Permission View: can delete on DAG:example_branch_dop_operator_v3
[2024-12-13T16:58:55.443+0000] {logging_mixin.py:190} INFO - [2024-12-13T16:58:55.443+0000] {override.py:1911} INFO - Created Permission View: menu access on DAG Run:example_branch_dop_operator_v3
[2024-12-13T16:58:55.448+0000] {logging_mixin.py:190} INFO - [2024-12-13T16:58:55.447+0000] {override.py:1911} INFO - Created Permission View: can delete on DAG Run:example_branch_dop_operator_v3
[2024-12-13T16:58:55.452+0000] {logging_mixin.py:190} INFO - [2024-12-13T16:58:55.452+0000] {override.py:1911} INFO - Created Permission View: can read on DAG Run:example_branch_dop_operator_v3
[2024-12-13T16:58:55.456+0000] {logging_mixin.py:190} INFO - [2024-12-13T16:58:55.456+0000] {override.py:1911} INFO - Created Permission View: can create on DAG Run:example_branch_dop_operator_v3
[2024-12-13T16:58:55.457+0000] {logging_mixin.py:190} INFO - [2024-12-13T16:58:55.457+0000] {dag.py:3239} INFO - Sync 1 DAGs
[2024-12-13T16:58:55.466+0000] {logging_mixin.py:190} INFO - [2024-12-13T16:58:55.466+0000] {dag.py:3262} INFO - Creating ORM DAG for example_branch_dop_operator_v3
[2024-12-13T16:58:55.475+0000] {logging_mixin.py:190} INFO - [2024-12-13T16:58:55.475+0000] {dag.py:4180} INFO - Setting next_dagrun for example_branch_dop_operator_v3 to 2024-12-13 16:57:00+00:00, run_after=2024-12-13 16:58:00+00:00
[2024-12-13T16:58:55.487+0000] {processor.py:208} INFO - Processing /home/airflow/.local/lib/python3.12/site-packages/airflow/example_dags/example_branch_python_dop_operator_3.py took 0.145 seconds
[2024-12-13T16:59:25.907+0000] {processor.py:186} INFO - Started process (PID=165) to work on /home/airflow/.local/lib/python3.12/site-packages/airflow/example_dags/example_branch_python_dop_operator_3.py
[2024-12-13T16:59:25.908+0000] {processor.py:914} INFO - Processing file /home/airflow/.local/lib/python3.12/site-packages/airflow/example_dags/example_branch_python_dop_operator_3.py for tasks to queue
[2024-12-13T16:59:25.909+0000] {logging_mixin.py:190} INFO - [2024-12-13T16:59:25.909+0000] {dagbag.py:588} INFO - Filling up the DagBag from /home/airflow/.local/lib/python3.12/site-packages/airflow/example_dags/example_branch_python_dop_operator_3.py
[2024-12-13T16:59:25.917+0000] {processor.py:925} INFO - DAG(s) 'example_branch_dop_operator_v3' retrieved from /home/airflow/.local/lib/python3.12/site-packages/airflow/example_dags/example_branch_python_dop_operator_3.py
[2024-12-13T16:59:25.930+0000] {logging_mixin.py:190} INFO - [2024-12-13T16:59:25.930+0000] {dag.py:3239} INFO - Sync 1 DAGs
[2024-12-13T16:59:25.947+0000] {logging_mixin.py:190} INFO - [2024-12-13T16:59:25.947+0000] {dag.py:4180} INFO - Setting next_dagrun for example_branch_dop_operator_v3 to 2024-12-13 16:58:00+00:00, run_after=2024-12-13 16:59:00+00:00
[2024-12-13T16:59:25.960+0000] {processor.py:208} INFO - Processing /home/airflow/.local/lib/python3.12/site-packages/airflow/example_dags/example_branch_python_dop_operator_3.py took 0.057 seconds
[2024-12-13T16:59:56.780+0000] {processor.py:186} INFO - Started process (PID=228) to work on /home/airflow/.local/lib/python3.12/site-packages/airflow/example_dags/example_branch_python_dop_operator_3.py
[2024-12-13T16:59:56.781+0000] {processor.py:914} INFO - Processing file /home/airflow/.local/lib/python3.12/site-packages/airflow/example_dags/example_branch_python_dop_operator_3.py for tasks to queue
[2024-12-13T16:59:56.782+0000] {logging_mixin.py:190} INFO - [2024-12-13T16:59:56.782+0000] {dagbag.py:588} INFO - Filling up the DagBag from /home/airflow/.local/lib/python3.12/site-packages/airflow/example_dags/example_branch_python_dop_operator_3.py
[2024-12-13T16:59:56.789+0000] {processor.py:925} INFO - DAG(s) 'example_branch_dop_operator_v3' retrieved from /home/airflow/.local/lib/python3.12/site-packages/airflow/example_dags/example_branch_python_dop_operator_3.py
[2024-12-13T16:59:56.803+0000] {logging_mixin.py:190} INFO - [2024-12-13T16:59:56.803+0000] {dag.py:3239} INFO - Sync 1 DAGs
[2024-12-13T16:59:56.820+0000] {logging_mixin.py:190} INFO - [2024-12-13T16:59:56.819+0000] {dag.py:4180} INFO - Setting next_dagrun for example_branch_dop_operator_v3 to 2024-12-13 16:58:00+00:00, run_after=2024-12-13 16:59:00+00:00
[2024-12-13T16:59:56.831+0000] {processor.py:208} INFO - Processing /home/airflow/.local/lib/python3.12/site-packages/airflow/example_dags/example_branch_python_dop_operator_3.py took 0.055 seconds
[2024-12-13T17:00:27.846+0000] {processor.py:186} INFO - Started process (PID=291) to work on /home/airflow/.local/lib/python3.12/site-packages/airflow/example_dags/example_branch_python_dop_operator_3.py
[2024-12-13T17:00:27.847+0000] {processor.py:914} INFO - Processing file /home/airflow/.local/lib/python3.12/site-packages/airflow/example_dags/example_branch_python_dop_operator_3.py for tasks to queue
[2024-12-13T17:00:27.849+0000] {logging_mixin.py:190} INFO - [2024-12-13T17:00:27.849+0000] {dagbag.py:588} INFO - Filling up the DagBag from /home/airflow/.local/lib/python3.12/site-packages/airflow/example_dags/example_branch_python_dop_operator_3.py
[2024-12-13T17:00:27.857+0000] {processor.py:925} INFO - DAG(s) 'example_branch_dop_operator_v3' retrieved from /home/airflow/.local/lib/python3.12/site-packages/airflow/example_dags/example_branch_python_dop_operator_3.py
[2024-12-13T17:00:27.871+0000] {logging_mixin.py:190} INFO - [2024-12-13T17:00:27.870+0000] {dag.py:3239} INFO - Sync 1 DAGs
[2024-12-13T17:00:27.892+0000] {logging_mixin.py:190} INFO - [2024-12-13T17:00:27.892+0000] {dag.py:4180} INFO - Setting next_dagrun for example_branch_dop_operator_v3 to 2024-12-13 16:59:00+00:00, run_after=2024-12-13 17:00:00+00:00
[2024-12-13T17:00:27.907+0000] {processor.py:208} INFO - Processing /home/airflow/.local/lib/python3.12/site-packages/airflow/example_dags/example_branch_python_dop_operator_3.py took 0.064 seconds
[2024-12-13T17:00:58.764+0000] {processor.py:186} INFO - Started process (PID=354) to work on /home/airflow/.local/lib/python3.12/site-packages/airflow/example_dags/example_branch_python_dop_operator_3.py
[2024-12-13T17:00:58.765+0000] {processor.py:914} INFO - Processing file /home/airflow/.local/lib/python3.12/site-packages/airflow/example_dags/example_branch_python_dop_operator_3.py for tasks to queue
[2024-12-13T17:00:58.766+0000] {logging_mixin.py:190} INFO - [2024-12-13T17:00:58.766+0000] {dagbag.py:588} INFO - Filling up the DagBag from /home/airflow/.local/lib/python3.12/site-packages/airflow/example_dags/example_branch_python_dop_operator_3.py
[2024-12-13T17:00:58.773+0000] {processor.py:925} INFO - DAG(s) 'example_branch_dop_operator_v3' retrieved from /home/airflow/.local/lib/python3.12/site-packages/airflow/example_dags/example_branch_python_dop_operator_3.py
[2024-12-13T17:00:58.786+0000] {logging_mixin.py:190} INFO - [2024-12-13T17:00:58.786+0000] {dag.py:3239} INFO - Sync 1 DAGs
[2024-12-13T17:00:58.804+0000] {logging_mixin.py:190} INFO - [2024-12-13T17:00:58.804+0000] {dag.py:4180} INFO - Setting next_dagrun for example_branch_dop_operator_v3 to 2024-12-13 16:59:00+00:00, run_after=2024-12-13 17:00:00+00:00
[2024-12-13T17:00:58.816+0000] {processor.py:208} INFO - Processing /home/airflow/.local/lib/python3.12/site-packages/airflow/example_dags/example_branch_python_dop_operator_3.py took 0.056 seconds
[2024-12-13T17:01:29.714+0000] {processor.py:186} INFO - Started process (PID=417) to work on /home/airflow/.local/lib/python3.12/site-packages/airflow/example_dags/example_branch_python_dop_operator_3.py
[2024-12-13T17:01:29.715+0000] {processor.py:914} INFO - Processing file /home/airflow/.local/lib/python3.12/site-packages/airflow/example_dags/example_branch_python_dop_operator_3.py for tasks to queue
[2024-12-13T17:01:29.716+0000] {logging_mixin.py:190} INFO - [2024-12-13T17:01:29.716+0000] {dagbag.py:588} INFO - Filling up the DagBag from /home/airflow/.local/lib/python3.12/site-packages/airflow/example_dags/example_branch_python_dop_operator_3.py
[2024-12-13T17:01:29.723+0000] {processor.py:925} INFO - DAG(s) 'example_branch_dop_operator_v3' retrieved from /home/airflow/.local/lib/python3.12/site-packages/airflow/example_dags/example_branch_python_dop_operator_3.py
[2024-12-13T17:01:29.737+0000] {logging_mixin.py:190} INFO - [2024-12-13T17:01:29.737+0000] {dag.py:3239} INFO - Sync 1 DAGs
[2024-12-13T17:01:29.756+0000] {logging_mixin.py:190} INFO - [2024-12-13T17:01:29.755+0000] {dag.py:4180} INFO - Setting next_dagrun for example_branch_dop_operator_v3 to 2024-12-13 17:00:00+00:00, run_after=2024-12-13 17:01:00+00:00
[2024-12-13T17:01:29.769+0000] {processor.py:208} INFO - Processing /home/airflow/.local/lib/python3.12/site-packages/airflow/example_dags/example_branch_python_dop_operator_3.py took 0.059 seconds
[2024-12-13T17:01:59.799+0000] {processor.py:186} INFO - Started process (PID=479) to work on /home/airflow/.local/lib/python3.12/site-packages/airflow/example_dags/example_branch_python_dop_operator_3.py
[2024-12-13T17:01:59.800+0000] {processor.py:914} INFO - Processing file /home/airflow/.local/lib/python3.12/site-packages/airflow/example_dags/example_branch_python_dop_operator_3.py for tasks to queue
[2024-12-13T17:01:59.802+0000] {logging_mixin.py:190} INFO - [2024-12-13T17:01:59.801+0000] {dagbag.py:588} INFO - Filling up the DagBag from /home/airflow/.local/lib/python3.12/site-packages/airflow/example_dags/example_branch_python_dop_operator_3.py
[2024-12-13T17:01:59.809+0000] {processor.py:925} INFO - DAG(s) 'example_branch_dop_operator_v3' retrieved from /home/airflow/.local/lib/python3.12/site-packages/airflow/example_dags/example_branch_python_dop_operator_3.py
[2024-12-13T17:01:59.826+0000] {logging_mixin.py:190} INFO - [2024-12-13T17:01:59.826+0000] {dag.py:3239} INFO - Sync 1 DAGs
[2024-12-13T17:01:59.848+0000] {logging_mixin.py:190} INFO - [2024-12-13T17:01:59.847+0000] {dag.py:4180} INFO - Setting next_dagrun for example_branch_dop_operator_v3 to 2024-12-13 17:00:00+00:00, run_after=2024-12-13 17:01:00+00:00
[2024-12-13T17:01:59.862+0000] {processor.py:208} INFO - Processing /home/airflow/.local/lib/python3.12/site-packages/airflow/example_dags/example_branch_python_dop_operator_3.py took 0.067 seconds
[2024-12-13T17:02:30.875+0000] {processor.py:186} INFO - Started process (PID=542) to work on /home/airflow/.local/lib/python3.12/site-packages/airflow/example_dags/example_branch_python_dop_operator_3.py
[2024-12-13T17:02:30.876+0000] {processor.py:914} INFO - Processing file /home/airflow/.local/lib/python3.12/site-packages/airflow/example_dags/example_branch_python_dop_operator_3.py for tasks to queue
[2024-12-13T17:02:30.877+0000] {logging_mixin.py:190} INFO - [2024-12-13T17:02:30.877+0000] {dagbag.py:588} INFO - Filling up the DagBag from /home/airflow/.local/lib/python3.12/site-packages/airflow/example_dags/example_branch_python_dop_operator_3.py
[2024-12-13T17:02:30.884+0000] {processor.py:925} INFO - DAG(s) 'example_branch_dop_operator_v3' retrieved from /home/airflow/.local/lib/python3.12/site-packages/airflow/example_dags/example_branch_python_dop_operator_3.py
[2024-12-13T17:02:30.897+0000] {logging_mixin.py:190} INFO - [2024-12-13T17:02:30.897+0000] {dag.py:3239} INFO - Sync 1 DAGs
[2024-12-13T17:02:30.914+0000] {logging_mixin.py:190} INFO - [2024-12-13T17:02:30.914+0000] {dag.py:4180} INFO - Setting next_dagrun for example_branch_dop_operator_v3 to 2024-12-13 17:01:00+00:00, run_after=2024-12-13 17:02:00+00:00
[2024-12-13T17:02:30.927+0000] {processor.py:208} INFO - Processing /home/airflow/.local/lib/python3.12/site-packages/airflow/example_dags/example_branch_python_dop_operator_3.py took 0.055 seconds
[2024-12-13T17:03:02.050+0000] {processor.py:186} INFO - Started process (PID=605) to work on /home/airflow/.local/lib/python3.12/site-packages/airflow/example_dags/example_branch_python_dop_operator_3.py
[2024-12-13T17:03:02.050+0000] {processor.py:914} INFO - Processing file /home/airflow/.local/lib/python3.12/site-packages/airflow/example_dags/example_branch_python_dop_operator_3.py for tasks to queue
[2024-12-13T17:03:02.052+0000] {logging_mixin.py:190} INFO - [2024-12-13T17:03:02.052+0000] {dagbag.py:588} INFO - Filling up the DagBag from /home/airflow/.local/lib/python3.12/site-packages/airflow/example_dags/example_branch_python_dop_operator_3.py
[2024-12-13T17:03:02.059+0000] {processor.py:925} INFO - DAG(s) 'example_branch_dop_operator_v3' retrieved from /home/airflow/.local/lib/python3.12/site-packages/airflow/example_dags/example_branch_python_dop_operator_3.py
[2024-12-13T17:03:02.072+0000] {logging_mixin.py:190} INFO - [2024-12-13T17:03:02.072+0000] {dag.py:3239} INFO - Sync 1 DAGs
[2024-12-13T17:03:02.088+0000] {logging_mixin.py:190} INFO - [2024-12-13T17:03:02.088+0000] {dag.py:4180} INFO - Setting next_dagrun for example_branch_dop_operator_v3 to 2024-12-13 17:02:00+00:00, run_after=2024-12-13 17:03:00+00:00
[2024-12-13T17:03:02.101+0000] {processor.py:208} INFO - Processing /home/airflow/.local/lib/python3.12/site-packages/airflow/example_dags/example_branch_python_dop_operator_3.py took 0.056 seconds
[2024-12-13T17:03:32.447+0000] {processor.py:186} INFO - Started process (PID=668) to work on /home/airflow/.local/lib/python3.12/site-packages/airflow/example_dags/example_branch_python_dop_operator_3.py
[2024-12-13T17:03:32.448+0000] {processor.py:914} INFO - Processing file /home/airflow/.local/lib/python3.12/site-packages/airflow/example_dags/example_branch_python_dop_operator_3.py for tasks to queue
[2024-12-13T17:03:32.450+0000] {logging_mixin.py:190} INFO - [2024-12-13T17:03:32.450+0000] {dagbag.py:588} INFO - Filling up the DagBag from /home/airflow/.local/lib/python3.12/site-packages/airflow/example_dags/example_branch_python_dop_operator_3.py
[2024-12-13T17:03:32.457+0000] {processor.py:925} INFO - DAG(s) 'example_branch_dop_operator_v3' retrieved from /home/airflow/.local/lib/python3.12/site-packages/airflow/example_dags/example_branch_python_dop_operator_3.py
[2024-12-13T17:03:32.472+0000] {logging_mixin.py:190} INFO - [2024-12-13T17:03:32.472+0000] {dag.py:3239} INFO - Sync 1 DAGs
[2024-12-13T17:03:32.490+0000] {logging_mixin.py:190} INFO - [2024-12-13T17:03:32.490+0000] {dag.py:4180} INFO - Setting next_dagrun for example_branch_dop_operator_v3 to 2024-12-13 17:02:00+00:00, run_after=2024-12-13 17:03:00+00:00
[2024-12-13T17:03:32.503+0000] {processor.py:208} INFO - Processing /home/airflow/.local/lib/python3.12/site-packages/airflow/example_dags/example_branch_python_dop_operator_3.py took 0.060 seconds
[2024-12-13T17:04:03.656+0000] {processor.py:186} INFO - Started process (PID=731) to work on /home/airflow/.local/lib/python3.12/site-packages/airflow/example_dags/example_branch_python_dop_operator_3.py
[2024-12-13T17:04:03.656+0000] {processor.py:914} INFO - Processing file /home/airflow/.local/lib/python3.12/site-packages/airflow/example_dags/example_branch_python_dop_operator_3.py for tasks to queue
[2024-12-13T17:04:03.658+0000] {logging_mixin.py:190} INFO - [2024-12-13T17:04:03.658+0000] {dagbag.py:588} INFO - Filling up the DagBag from /home/airflow/.local/lib/python3.12/site-packages/airflow/example_dags/example_branch_python_dop_operator_3.py
[2024-12-13T17:04:03.665+0000] {processor.py:925} INFO - DAG(s) 'example_branch_dop_operator_v3' retrieved from /home/airflow/.local/lib/python3.12/site-packages/airflow/example_dags/example_branch_python_dop_operator_3.py
[2024-12-13T17:04:03.680+0000] {logging_mixin.py:190} INFO - [2024-12-13T17:04:03.680+0000] {dag.py:3239} INFO - Sync 1 DAGs
[2024-12-13T17:04:03.698+0000] {logging_mixin.py:190} INFO - [2024-12-13T17:04:03.697+0000] {dag.py:4180} INFO - Setting next_dagrun for example_branch_dop_operator_v3 to 2024-12-13 17:03:00+00:00, run_after=2024-12-13 17:04:00+00:00
[2024-12-13T17:04:03.711+0000] {processor.py:208} INFO - Processing /home/airflow/.local/lib/python3.12/site-packages/airflow/example_dags/example_branch_python_dop_operator_3.py took 0.059 seconds
