[2024-12-13T16:58:50.518+0000] {processor.py:186} INFO - Started process (PID=59) to work on /home/airflow/.local/lib/python3.12/site-packages/airflow/example_dags/example_trigger_target_dag.py
[2024-12-13T16:58:50.518+0000] {processor.py:914} INFO - Processing file /home/airflow/.local/lib/python3.12/site-packages/airflow/example_dags/example_trigger_target_dag.py for tasks to queue
[2024-12-13T16:58:50.520+0000] {logging_mixin.py:190} INFO - [2024-12-13T16:58:50.520+0000] {dagbag.py:588} INFO - Filling up the DagBag from /home/airflow/.local/lib/python3.12/site-packages/airflow/example_dags/example_trigger_target_dag.py
[2024-12-13T16:58:50.525+0000] {processor.py:925} INFO - DAG(s) 'example_trigger_target_dag' retrieved from /home/airflow/.local/lib/python3.12/site-packages/airflow/example_dags/example_trigger_target_dag.py
[2024-12-13T16:58:50.598+0000] {logging_mixin.py:190} INFO - [2024-12-13T16:58:50.597+0000] {override.py:1911} INFO - Created Permission View: can edit on DAG:example_trigger_target_dag
[2024-12-13T16:58:50.604+0000] {logging_mixin.py:190} INFO - [2024-12-13T16:58:50.604+0000] {override.py:1911} INFO - Created Permission View: can read on DAG:example_trigger_target_dag
[2024-12-13T16:58:50.609+0000] {logging_mixin.py:190} INFO - [2024-12-13T16:58:50.609+0000] {override.py:1911} INFO - Created Permission View: can delete on DAG:example_trigger_target_dag
[2024-12-13T16:58:50.615+0000] {logging_mixin.py:190} INFO - [2024-12-13T16:58:50.615+0000] {override.py:1911} INFO - Created Permission View: menu access on DAG Run:example_trigger_target_dag
[2024-12-13T16:58:50.620+0000] {logging_mixin.py:190} INFO - [2024-12-13T16:58:50.620+0000] {override.py:1911} INFO - Created Permission View: can delete on DAG Run:example_trigger_target_dag
[2024-12-13T16:58:50.625+0000] {logging_mixin.py:190} INFO - [2024-12-13T16:58:50.624+0000] {override.py:1911} INFO - Created Permission View: can read on DAG Run:example_trigger_target_dag
[2024-12-13T16:58:50.629+0000] {logging_mixin.py:190} INFO - [2024-12-13T16:58:50.629+0000] {override.py:1911} INFO - Created Permission View: can create on DAG Run:example_trigger_target_dag
[2024-12-13T16:58:50.630+0000] {logging_mixin.py:190} INFO - [2024-12-13T16:58:50.629+0000] {dag.py:3239} INFO - Sync 1 DAGs
[2024-12-13T16:58:50.638+0000] {logging_mixin.py:190} INFO - [2024-12-13T16:58:50.638+0000] {dag.py:3262} INFO - Creating ORM DAG for example_trigger_target_dag
[2024-12-13T16:58:50.639+0000] {logging_mixin.py:190} INFO - [2024-12-13T16:58:50.639+0000] {dag.py:4180} INFO - Setting next_dagrun for example_trigger_target_dag to None, run_after=None
[2024-12-13T16:58:50.650+0000] {processor.py:208} INFO - Processing /home/airflow/.local/lib/python3.12/site-packages/airflow/example_dags/example_trigger_target_dag.py took 0.136 seconds
[2024-12-13T16:59:20.675+0000] {processor.py:186} INFO - Started process (PID=122) to work on /home/airflow/.local/lib/python3.12/site-packages/airflow/example_dags/example_trigger_target_dag.py
[2024-12-13T16:59:20.676+0000] {processor.py:914} INFO - Processing file /home/airflow/.local/lib/python3.12/site-packages/airflow/example_dags/example_trigger_target_dag.py for tasks to queue
[2024-12-13T16:59:20.677+0000] {logging_mixin.py:190} INFO - [2024-12-13T16:59:20.677+0000] {dagbag.py:588} INFO - Filling up the DagBag from /home/airflow/.local/lib/python3.12/site-packages/airflow/example_dags/example_trigger_target_dag.py
[2024-12-13T16:59:20.683+0000] {processor.py:925} INFO - DAG(s) 'example_trigger_target_dag' retrieved from /home/airflow/.local/lib/python3.12/site-packages/airflow/example_dags/example_trigger_target_dag.py
[2024-12-13T16:59:20.696+0000] {logging_mixin.py:190} INFO - [2024-12-13T16:59:20.696+0000] {dag.py:3239} INFO - Sync 1 DAGs
[2024-12-13T16:59:20.705+0000] {logging_mixin.py:190} INFO - [2024-12-13T16:59:20.705+0000] {dag.py:4180} INFO - Setting next_dagrun for example_trigger_target_dag to None, run_after=None
[2024-12-13T16:59:20.718+0000] {processor.py:208} INFO - Processing /home/airflow/.local/lib/python3.12/site-packages/airflow/example_dags/example_trigger_target_dag.py took 0.046 seconds
[2024-12-13T16:59:51.627+0000] {processor.py:186} INFO - Started process (PID=191) to work on /home/airflow/.local/lib/python3.12/site-packages/airflow/example_dags/example_trigger_target_dag.py
[2024-12-13T16:59:51.628+0000] {processor.py:914} INFO - Processing file /home/airflow/.local/lib/python3.12/site-packages/airflow/example_dags/example_trigger_target_dag.py for tasks to queue
[2024-12-13T16:59:51.629+0000] {logging_mixin.py:190} INFO - [2024-12-13T16:59:51.629+0000] {dagbag.py:588} INFO - Filling up the DagBag from /home/airflow/.local/lib/python3.12/site-packages/airflow/example_dags/example_trigger_target_dag.py
[2024-12-13T16:59:51.634+0000] {processor.py:925} INFO - DAG(s) 'example_trigger_target_dag' retrieved from /home/airflow/.local/lib/python3.12/site-packages/airflow/example_dags/example_trigger_target_dag.py
[2024-12-13T16:59:51.648+0000] {logging_mixin.py:190} INFO - [2024-12-13T16:59:51.648+0000] {dag.py:3239} INFO - Sync 1 DAGs
[2024-12-13T16:59:51.657+0000] {logging_mixin.py:190} INFO - [2024-12-13T16:59:51.657+0000] {dag.py:4180} INFO - Setting next_dagrun for example_trigger_target_dag to None, run_after=None
[2024-12-13T16:59:51.671+0000] {processor.py:208} INFO - Processing /home/airflow/.local/lib/python3.12/site-packages/airflow/example_dags/example_trigger_target_dag.py took 0.048 seconds
[2024-12-13T17:00:22.480+0000] {processor.py:186} INFO - Started process (PID=254) to work on /home/airflow/.local/lib/python3.12/site-packages/airflow/example_dags/example_trigger_target_dag.py
[2024-12-13T17:00:22.481+0000] {processor.py:914} INFO - Processing file /home/airflow/.local/lib/python3.12/site-packages/airflow/example_dags/example_trigger_target_dag.py for tasks to queue
[2024-12-13T17:00:22.482+0000] {logging_mixin.py:190} INFO - [2024-12-13T17:00:22.482+0000] {dagbag.py:588} INFO - Filling up the DagBag from /home/airflow/.local/lib/python3.12/site-packages/airflow/example_dags/example_trigger_target_dag.py
[2024-12-13T17:00:22.487+0000] {processor.py:925} INFO - DAG(s) 'example_trigger_target_dag' retrieved from /home/airflow/.local/lib/python3.12/site-packages/airflow/example_dags/example_trigger_target_dag.py
[2024-12-13T17:00:22.501+0000] {logging_mixin.py:190} INFO - [2024-12-13T17:00:22.500+0000] {dag.py:3239} INFO - Sync 1 DAGs
[2024-12-13T17:00:22.509+0000] {logging_mixin.py:190} INFO - [2024-12-13T17:00:22.509+0000] {dag.py:4180} INFO - Setting next_dagrun for example_trigger_target_dag to None, run_after=None
[2024-12-13T17:00:22.522+0000] {processor.py:208} INFO - Processing /home/airflow/.local/lib/python3.12/site-packages/airflow/example_dags/example_trigger_target_dag.py took 0.046 seconds
[2024-12-13T17:00:52.645+0000] {processor.py:186} INFO - Started process (PID=317) to work on /home/airflow/.local/lib/python3.12/site-packages/airflow/example_dags/example_trigger_target_dag.py
[2024-12-13T17:00:52.646+0000] {processor.py:914} INFO - Processing file /home/airflow/.local/lib/python3.12/site-packages/airflow/example_dags/example_trigger_target_dag.py for tasks to queue
[2024-12-13T17:00:52.647+0000] {logging_mixin.py:190} INFO - [2024-12-13T17:00:52.647+0000] {dagbag.py:588} INFO - Filling up the DagBag from /home/airflow/.local/lib/python3.12/site-packages/airflow/example_dags/example_trigger_target_dag.py
[2024-12-13T17:00:52.653+0000] {processor.py:925} INFO - DAG(s) 'example_trigger_target_dag' retrieved from /home/airflow/.local/lib/python3.12/site-packages/airflow/example_dags/example_trigger_target_dag.py
[2024-12-13T17:00:52.671+0000] {logging_mixin.py:190} INFO - [2024-12-13T17:00:52.670+0000] {dag.py:3239} INFO - Sync 1 DAGs
[2024-12-13T17:00:52.686+0000] {logging_mixin.py:190} INFO - [2024-12-13T17:00:52.685+0000] {dag.py:4180} INFO - Setting next_dagrun for example_trigger_target_dag to None, run_after=None
[2024-12-13T17:00:52.702+0000] {processor.py:208} INFO - Processing /home/airflow/.local/lib/python3.12/site-packages/airflow/example_dags/example_trigger_target_dag.py took 0.061 seconds
[2024-12-13T17:01:23.564+0000] {processor.py:186} INFO - Started process (PID=380) to work on /home/airflow/.local/lib/python3.12/site-packages/airflow/example_dags/example_trigger_target_dag.py
[2024-12-13T17:01:23.564+0000] {processor.py:914} INFO - Processing file /home/airflow/.local/lib/python3.12/site-packages/airflow/example_dags/example_trigger_target_dag.py for tasks to queue
[2024-12-13T17:01:23.566+0000] {logging_mixin.py:190} INFO - [2024-12-13T17:01:23.565+0000] {dagbag.py:588} INFO - Filling up the DagBag from /home/airflow/.local/lib/python3.12/site-packages/airflow/example_dags/example_trigger_target_dag.py
[2024-12-13T17:01:23.571+0000] {processor.py:925} INFO - DAG(s) 'example_trigger_target_dag' retrieved from /home/airflow/.local/lib/python3.12/site-packages/airflow/example_dags/example_trigger_target_dag.py
[2024-12-13T17:01:23.584+0000] {logging_mixin.py:190} INFO - [2024-12-13T17:01:23.584+0000] {dag.py:3239} INFO - Sync 1 DAGs
[2024-12-13T17:01:23.593+0000] {logging_mixin.py:190} INFO - [2024-12-13T17:01:23.593+0000] {dag.py:4180} INFO - Setting next_dagrun for example_trigger_target_dag to None, run_after=None
[2024-12-13T17:01:23.607+0000] {processor.py:208} INFO - Processing /home/airflow/.local/lib/python3.12/site-packages/airflow/example_dags/example_trigger_target_dag.py took 0.047 seconds
[2024-12-13T17:01:54.470+0000] {processor.py:186} INFO - Started process (PID=443) to work on /home/airflow/.local/lib/python3.12/site-packages/airflow/example_dags/example_trigger_target_dag.py
[2024-12-13T17:01:54.470+0000] {processor.py:914} INFO - Processing file /home/airflow/.local/lib/python3.12/site-packages/airflow/example_dags/example_trigger_target_dag.py for tasks to queue
[2024-12-13T17:01:54.472+0000] {logging_mixin.py:190} INFO - [2024-12-13T17:01:54.472+0000] {dagbag.py:588} INFO - Filling up the DagBag from /home/airflow/.local/lib/python3.12/site-packages/airflow/example_dags/example_trigger_target_dag.py
[2024-12-13T17:01:54.478+0000] {processor.py:925} INFO - DAG(s) 'example_trigger_target_dag' retrieved from /home/airflow/.local/lib/python3.12/site-packages/airflow/example_dags/example_trigger_target_dag.py
[2024-12-13T17:01:54.492+0000] {logging_mixin.py:190} INFO - [2024-12-13T17:01:54.491+0000] {dag.py:3239} INFO - Sync 1 DAGs
[2024-12-13T17:01:54.501+0000] {logging_mixin.py:190} INFO - [2024-12-13T17:01:54.501+0000] {dag.py:4180} INFO - Setting next_dagrun for example_trigger_target_dag to None, run_after=None
[2024-12-13T17:01:54.514+0000] {processor.py:208} INFO - Processing /home/airflow/.local/lib/python3.12/site-packages/airflow/example_dags/example_trigger_target_dag.py took 0.048 seconds
[2024-12-13T17:02:24.752+0000] {processor.py:186} INFO - Started process (PID=506) to work on /home/airflow/.local/lib/python3.12/site-packages/airflow/example_dags/example_trigger_target_dag.py
[2024-12-13T17:02:24.753+0000] {processor.py:914} INFO - Processing file /home/airflow/.local/lib/python3.12/site-packages/airflow/example_dags/example_trigger_target_dag.py for tasks to queue
[2024-12-13T17:02:24.754+0000] {logging_mixin.py:190} INFO - [2024-12-13T17:02:24.754+0000] {dagbag.py:588} INFO - Filling up the DagBag from /home/airflow/.local/lib/python3.12/site-packages/airflow/example_dags/example_trigger_target_dag.py
[2024-12-13T17:02:24.760+0000] {processor.py:925} INFO - DAG(s) 'example_trigger_target_dag' retrieved from /home/airflow/.local/lib/python3.12/site-packages/airflow/example_dags/example_trigger_target_dag.py
[2024-12-13T17:02:24.773+0000] {logging_mixin.py:190} INFO - [2024-12-13T17:02:24.773+0000] {dag.py:3239} INFO - Sync 1 DAGs
[2024-12-13T17:02:24.782+0000] {logging_mixin.py:190} INFO - [2024-12-13T17:02:24.781+0000] {dag.py:4180} INFO - Setting next_dagrun for example_trigger_target_dag to None, run_after=None
[2024-12-13T17:02:24.793+0000] {processor.py:208} INFO - Processing /home/airflow/.local/lib/python3.12/site-packages/airflow/example_dags/example_trigger_target_dag.py took 0.045 seconds
[2024-12-13T17:02:55.820+0000] {processor.py:186} INFO - Started process (PID=569) to work on /home/airflow/.local/lib/python3.12/site-packages/airflow/example_dags/example_trigger_target_dag.py
[2024-12-13T17:02:55.821+0000] {processor.py:914} INFO - Processing file /home/airflow/.local/lib/python3.12/site-packages/airflow/example_dags/example_trigger_target_dag.py for tasks to queue
[2024-12-13T17:02:55.823+0000] {logging_mixin.py:190} INFO - [2024-12-13T17:02:55.822+0000] {dagbag.py:588} INFO - Filling up the DagBag from /home/airflow/.local/lib/python3.12/site-packages/airflow/example_dags/example_trigger_target_dag.py
[2024-12-13T17:02:55.828+0000] {processor.py:925} INFO - DAG(s) 'example_trigger_target_dag' retrieved from /home/airflow/.local/lib/python3.12/site-packages/airflow/example_dags/example_trigger_target_dag.py
[2024-12-13T17:02:55.842+0000] {logging_mixin.py:190} INFO - [2024-12-13T17:02:55.842+0000] {dag.py:3239} INFO - Sync 1 DAGs
[2024-12-13T17:02:55.851+0000] {logging_mixin.py:190} INFO - [2024-12-13T17:02:55.851+0000] {dag.py:4180} INFO - Setting next_dagrun for example_trigger_target_dag to None, run_after=None
[2024-12-13T17:02:55.863+0000] {processor.py:208} INFO - Processing /home/airflow/.local/lib/python3.12/site-packages/airflow/example_dags/example_trigger_target_dag.py took 0.047 seconds
[2024-12-13T17:03:26.408+0000] {processor.py:186} INFO - Started process (PID=632) to work on /home/airflow/.local/lib/python3.12/site-packages/airflow/example_dags/example_trigger_target_dag.py
[2024-12-13T17:03:26.409+0000] {processor.py:914} INFO - Processing file /home/airflow/.local/lib/python3.12/site-packages/airflow/example_dags/example_trigger_target_dag.py for tasks to queue
[2024-12-13T17:03:26.411+0000] {logging_mixin.py:190} INFO - [2024-12-13T17:03:26.410+0000] {dagbag.py:588} INFO - Filling up the DagBag from /home/airflow/.local/lib/python3.12/site-packages/airflow/example_dags/example_trigger_target_dag.py
[2024-12-13T17:03:26.417+0000] {processor.py:925} INFO - DAG(s) 'example_trigger_target_dag' retrieved from /home/airflow/.local/lib/python3.12/site-packages/airflow/example_dags/example_trigger_target_dag.py
[2024-12-13T17:03:26.430+0000] {logging_mixin.py:190} INFO - [2024-12-13T17:03:26.430+0000] {dag.py:3239} INFO - Sync 1 DAGs
[2024-12-13T17:03:26.440+0000] {logging_mixin.py:190} INFO - [2024-12-13T17:03:26.440+0000] {dag.py:4180} INFO - Setting next_dagrun for example_trigger_target_dag to None, run_after=None
[2024-12-13T17:03:26.453+0000] {processor.py:208} INFO - Processing /home/airflow/.local/lib/python3.12/site-packages/airflow/example_dags/example_trigger_target_dag.py took 0.049 seconds
[2024-12-13T17:03:56.596+0000] {processor.py:186} INFO - Started process (PID=695) to work on /home/airflow/.local/lib/python3.12/site-packages/airflow/example_dags/example_trigger_target_dag.py
[2024-12-13T17:03:56.596+0000] {processor.py:914} INFO - Processing file /home/airflow/.local/lib/python3.12/site-packages/airflow/example_dags/example_trigger_target_dag.py for tasks to queue
[2024-12-13T17:03:56.598+0000] {logging_mixin.py:190} INFO - [2024-12-13T17:03:56.598+0000] {dagbag.py:588} INFO - Filling up the DagBag from /home/airflow/.local/lib/python3.12/site-packages/airflow/example_dags/example_trigger_target_dag.py
[2024-12-13T17:03:56.604+0000] {processor.py:925} INFO - DAG(s) 'example_trigger_target_dag' retrieved from /home/airflow/.local/lib/python3.12/site-packages/airflow/example_dags/example_trigger_target_dag.py
[2024-12-13T17:03:56.619+0000] {logging_mixin.py:190} INFO - [2024-12-13T17:03:56.619+0000] {dag.py:3239} INFO - Sync 1 DAGs
[2024-12-13T17:03:56.629+0000] {logging_mixin.py:190} INFO - [2024-12-13T17:03:56.629+0000] {dag.py:4180} INFO - Setting next_dagrun for example_trigger_target_dag to None, run_after=None
[2024-12-13T17:03:56.642+0000] {processor.py:208} INFO - Processing /home/airflow/.local/lib/python3.12/site-packages/airflow/example_dags/example_trigger_target_dag.py took 0.050 seconds
