[2024-12-13T16:58:52.657+0000] {processor.py:186} INFO - Started process (PID=78) to work on /home/airflow/.local/lib/python3.12/site-packages/airflow/example_dags/tutorial.py
[2024-12-13T16:58:52.657+0000] {processor.py:914} INFO - Processing file /home/airflow/.local/lib/python3.12/site-packages/airflow/example_dags/tutorial.py for tasks to queue
[2024-12-13T16:58:52.659+0000] {logging_mixin.py:190} INFO - [2024-12-13T16:58:52.659+0000] {dagbag.py:588} INFO - Filling up the DagBag from /home/airflow/.local/lib/python3.12/site-packages/airflow/example_dags/tutorial.py
[2024-12-13T16:58:52.665+0000] {processor.py:925} INFO - DAG(s) 'tutorial' retrieved from /home/airflow/.local/lib/python3.12/site-packages/airflow/example_dags/tutorial.py
[2024-12-13T16:58:52.753+0000] {logging_mixin.py:190} INFO - [2024-12-13T16:58:52.752+0000] {override.py:1911} INFO - Created Permission View: can edit on DAG:tutorial
[2024-12-13T16:58:52.760+0000] {logging_mixin.py:190} INFO - [2024-12-13T16:58:52.759+0000] {override.py:1911} INFO - Created Permission View: can read on DAG:tutorial
[2024-12-13T16:58:52.765+0000] {logging_mixin.py:190} INFO - [2024-12-13T16:58:52.764+0000] {override.py:1911} INFO - Created Permission View: can delete on DAG:tutorial
[2024-12-13T16:58:52.770+0000] {logging_mixin.py:190} INFO - [2024-12-13T16:58:52.770+0000] {override.py:1911} INFO - Created Permission View: menu access on DAG Run:tutorial
[2024-12-13T16:58:52.774+0000] {logging_mixin.py:190} INFO - [2024-12-13T16:58:52.774+0000] {override.py:1911} INFO - Created Permission View: can delete on DAG Run:tutorial
[2024-12-13T16:58:52.779+0000] {logging_mixin.py:190} INFO - [2024-12-13T16:58:52.779+0000] {override.py:1911} INFO - Created Permission View: can read on DAG Run:tutorial
[2024-12-13T16:58:52.783+0000] {logging_mixin.py:190} INFO - [2024-12-13T16:58:52.783+0000] {override.py:1911} INFO - Created Permission View: can create on DAG Run:tutorial
[2024-12-13T16:58:52.783+0000] {logging_mixin.py:190} INFO - [2024-12-13T16:58:52.783+0000] {dag.py:3239} INFO - Sync 1 DAGs
[2024-12-13T16:58:52.792+0000] {logging_mixin.py:190} INFO - [2024-12-13T16:58:52.792+0000] {dag.py:3262} INFO - Creating ORM DAG for tutorial
[2024-12-13T16:58:52.799+0000] {logging_mixin.py:190} INFO - [2024-12-13T16:58:52.798+0000] {dag.py:4180} INFO - Setting next_dagrun for tutorial to 2024-12-12 00:00:00+00:00, run_after=2024-12-13 00:00:00+00:00
[2024-12-13T16:58:52.811+0000] {processor.py:208} INFO - Processing /home/airflow/.local/lib/python3.12/site-packages/airflow/example_dags/tutorial.py took 0.158 seconds
[2024-12-13T16:59:23.641+0000] {processor.py:186} INFO - Started process (PID=141) to work on /home/airflow/.local/lib/python3.12/site-packages/airflow/example_dags/tutorial.py
[2024-12-13T16:59:23.642+0000] {processor.py:914} INFO - Processing file /home/airflow/.local/lib/python3.12/site-packages/airflow/example_dags/tutorial.py for tasks to queue
[2024-12-13T16:59:23.643+0000] {logging_mixin.py:190} INFO - [2024-12-13T16:59:23.643+0000] {dagbag.py:588} INFO - Filling up the DagBag from /home/airflow/.local/lib/python3.12/site-packages/airflow/example_dags/tutorial.py
[2024-12-13T16:59:23.650+0000] {processor.py:925} INFO - DAG(s) 'tutorial' retrieved from /home/airflow/.local/lib/python3.12/site-packages/airflow/example_dags/tutorial.py
[2024-12-13T16:59:23.665+0000] {logging_mixin.py:190} INFO - [2024-12-13T16:59:23.665+0000] {dag.py:3239} INFO - Sync 1 DAGs
[2024-12-13T16:59:23.683+0000] {logging_mixin.py:190} INFO - [2024-12-13T16:59:23.683+0000] {dag.py:4180} INFO - Setting next_dagrun for tutorial to 2024-12-12 00:00:00+00:00, run_after=2024-12-13 00:00:00+00:00
[2024-12-13T16:59:23.697+0000] {processor.py:208} INFO - Processing /home/airflow/.local/lib/python3.12/site-packages/airflow/example_dags/tutorial.py took 0.061 seconds
[2024-12-13T16:59:54.555+0000] {processor.py:186} INFO - Started process (PID=204) to work on /home/airflow/.local/lib/python3.12/site-packages/airflow/example_dags/tutorial.py
[2024-12-13T16:59:54.555+0000] {processor.py:914} INFO - Processing file /home/airflow/.local/lib/python3.12/site-packages/airflow/example_dags/tutorial.py for tasks to queue
[2024-12-13T16:59:54.557+0000] {logging_mixin.py:190} INFO - [2024-12-13T16:59:54.557+0000] {dagbag.py:588} INFO - Filling up the DagBag from /home/airflow/.local/lib/python3.12/site-packages/airflow/example_dags/tutorial.py
[2024-12-13T16:59:54.562+0000] {processor.py:925} INFO - DAG(s) 'tutorial' retrieved from /home/airflow/.local/lib/python3.12/site-packages/airflow/example_dags/tutorial.py
[2024-12-13T16:59:54.575+0000] {logging_mixin.py:190} INFO - [2024-12-13T16:59:54.575+0000] {dag.py:3239} INFO - Sync 1 DAGs
[2024-12-13T16:59:54.590+0000] {logging_mixin.py:190} INFO - [2024-12-13T16:59:54.590+0000] {dag.py:4180} INFO - Setting next_dagrun for tutorial to 2024-12-12 00:00:00+00:00, run_after=2024-12-13 00:00:00+00:00
[2024-12-13T16:59:54.604+0000] {processor.py:208} INFO - Processing /home/airflow/.local/lib/python3.12/site-packages/airflow/example_dags/tutorial.py took 0.053 seconds
[2024-12-13T17:00:25.622+0000] {processor.py:186} INFO - Started process (PID=267) to work on /home/airflow/.local/lib/python3.12/site-packages/airflow/example_dags/tutorial.py
[2024-12-13T17:00:25.623+0000] {processor.py:914} INFO - Processing file /home/airflow/.local/lib/python3.12/site-packages/airflow/example_dags/tutorial.py for tasks to queue
[2024-12-13T17:00:25.624+0000] {logging_mixin.py:190} INFO - [2024-12-13T17:00:25.624+0000] {dagbag.py:588} INFO - Filling up the DagBag from /home/airflow/.local/lib/python3.12/site-packages/airflow/example_dags/tutorial.py
[2024-12-13T17:00:25.630+0000] {processor.py:925} INFO - DAG(s) 'tutorial' retrieved from /home/airflow/.local/lib/python3.12/site-packages/airflow/example_dags/tutorial.py
[2024-12-13T17:00:25.644+0000] {logging_mixin.py:190} INFO - [2024-12-13T17:00:25.644+0000] {dag.py:3239} INFO - Sync 1 DAGs
[2024-12-13T17:00:25.659+0000] {logging_mixin.py:190} INFO - [2024-12-13T17:00:25.659+0000] {dag.py:4180} INFO - Setting next_dagrun for tutorial to 2024-12-12 00:00:00+00:00, run_after=2024-12-13 00:00:00+00:00
[2024-12-13T17:00:25.671+0000] {processor.py:208} INFO - Processing /home/airflow/.local/lib/python3.12/site-packages/airflow/example_dags/tutorial.py took 0.053 seconds
[2024-12-13T17:00:56.612+0000] {processor.py:186} INFO - Started process (PID=330) to work on /home/airflow/.local/lib/python3.12/site-packages/airflow/example_dags/tutorial.py
[2024-12-13T17:00:56.613+0000] {processor.py:914} INFO - Processing file /home/airflow/.local/lib/python3.12/site-packages/airflow/example_dags/tutorial.py for tasks to queue
[2024-12-13T17:00:56.615+0000] {logging_mixin.py:190} INFO - [2024-12-13T17:00:56.614+0000] {dagbag.py:588} INFO - Filling up the DagBag from /home/airflow/.local/lib/python3.12/site-packages/airflow/example_dags/tutorial.py
[2024-12-13T17:00:56.620+0000] {processor.py:925} INFO - DAG(s) 'tutorial' retrieved from /home/airflow/.local/lib/python3.12/site-packages/airflow/example_dags/tutorial.py
[2024-12-13T17:00:56.635+0000] {logging_mixin.py:190} INFO - [2024-12-13T17:00:56.635+0000] {dag.py:3239} INFO - Sync 1 DAGs
[2024-12-13T17:00:56.652+0000] {logging_mixin.py:190} INFO - [2024-12-13T17:00:56.651+0000] {dag.py:4180} INFO - Setting next_dagrun for tutorial to 2024-12-12 00:00:00+00:00, run_after=2024-12-13 00:00:00+00:00
[2024-12-13T17:00:56.664+0000] {processor.py:208} INFO - Processing /home/airflow/.local/lib/python3.12/site-packages/airflow/example_dags/tutorial.py took 0.056 seconds
[2024-12-13T17:01:27.541+0000] {processor.py:186} INFO - Started process (PID=393) to work on /home/airflow/.local/lib/python3.12/site-packages/airflow/example_dags/tutorial.py
[2024-12-13T17:01:27.542+0000] {processor.py:914} INFO - Processing file /home/airflow/.local/lib/python3.12/site-packages/airflow/example_dags/tutorial.py for tasks to queue
[2024-12-13T17:01:27.544+0000] {logging_mixin.py:190} INFO - [2024-12-13T17:01:27.544+0000] {dagbag.py:588} INFO - Filling up the DagBag from /home/airflow/.local/lib/python3.12/site-packages/airflow/example_dags/tutorial.py
[2024-12-13T17:01:27.549+0000] {processor.py:925} INFO - DAG(s) 'tutorial' retrieved from /home/airflow/.local/lib/python3.12/site-packages/airflow/example_dags/tutorial.py
[2024-12-13T17:01:27.563+0000] {logging_mixin.py:190} INFO - [2024-12-13T17:01:27.563+0000] {dag.py:3239} INFO - Sync 1 DAGs
[2024-12-13T17:01:27.578+0000] {logging_mixin.py:190} INFO - [2024-12-13T17:01:27.578+0000] {dag.py:4180} INFO - Setting next_dagrun for tutorial to 2024-12-12 00:00:00+00:00, run_after=2024-12-13 00:00:00+00:00
[2024-12-13T17:01:27.592+0000] {processor.py:208} INFO - Processing /home/airflow/.local/lib/python3.12/site-packages/airflow/example_dags/tutorial.py took 0.054 seconds
[2024-12-13T17:01:58.714+0000] {processor.py:186} INFO - Started process (PID=456) to work on /home/airflow/.local/lib/python3.12/site-packages/airflow/example_dags/tutorial.py
[2024-12-13T17:01:58.715+0000] {processor.py:914} INFO - Processing file /home/airflow/.local/lib/python3.12/site-packages/airflow/example_dags/tutorial.py for tasks to queue
[2024-12-13T17:01:58.717+0000] {logging_mixin.py:190} INFO - [2024-12-13T17:01:58.717+0000] {dagbag.py:588} INFO - Filling up the DagBag from /home/airflow/.local/lib/python3.12/site-packages/airflow/example_dags/tutorial.py
[2024-12-13T17:01:58.722+0000] {processor.py:925} INFO - DAG(s) 'tutorial' retrieved from /home/airflow/.local/lib/python3.12/site-packages/airflow/example_dags/tutorial.py
[2024-12-13T17:01:58.736+0000] {logging_mixin.py:190} INFO - [2024-12-13T17:01:58.735+0000] {dag.py:3239} INFO - Sync 1 DAGs
[2024-12-13T17:01:58.752+0000] {logging_mixin.py:190} INFO - [2024-12-13T17:01:58.751+0000] {dag.py:4180} INFO - Setting next_dagrun for tutorial to 2024-12-12 00:00:00+00:00, run_after=2024-12-13 00:00:00+00:00
[2024-12-13T17:01:58.765+0000] {processor.py:208} INFO - Processing /home/airflow/.local/lib/python3.12/site-packages/airflow/example_dags/tutorial.py took 0.054 seconds
[2024-12-13T17:02:29.796+0000] {processor.py:186} INFO - Started process (PID=519) to work on /home/airflow/.local/lib/python3.12/site-packages/airflow/example_dags/tutorial.py
[2024-12-13T17:02:29.797+0000] {processor.py:914} INFO - Processing file /home/airflow/.local/lib/python3.12/site-packages/airflow/example_dags/tutorial.py for tasks to queue
[2024-12-13T17:02:29.799+0000] {logging_mixin.py:190} INFO - [2024-12-13T17:02:29.798+0000] {dagbag.py:588} INFO - Filling up the DagBag from /home/airflow/.local/lib/python3.12/site-packages/airflow/example_dags/tutorial.py
[2024-12-13T17:02:29.804+0000] {processor.py:925} INFO - DAG(s) 'tutorial' retrieved from /home/airflow/.local/lib/python3.12/site-packages/airflow/example_dags/tutorial.py
[2024-12-13T17:02:29.818+0000] {logging_mixin.py:190} INFO - [2024-12-13T17:02:29.818+0000] {dag.py:3239} INFO - Sync 1 DAGs
[2024-12-13T17:02:29.835+0000] {logging_mixin.py:190} INFO - [2024-12-13T17:02:29.835+0000] {dag.py:4180} INFO - Setting next_dagrun for tutorial to 2024-12-12 00:00:00+00:00, run_after=2024-12-13 00:00:00+00:00
[2024-12-13T17:02:29.848+0000] {processor.py:208} INFO - Processing /home/airflow/.local/lib/python3.12/site-packages/airflow/example_dags/tutorial.py took 0.057 seconds
[2024-12-13T17:03:00.957+0000] {processor.py:186} INFO - Started process (PID=582) to work on /home/airflow/.local/lib/python3.12/site-packages/airflow/example_dags/tutorial.py
[2024-12-13T17:03:00.958+0000] {processor.py:914} INFO - Processing file /home/airflow/.local/lib/python3.12/site-packages/airflow/example_dags/tutorial.py for tasks to queue
[2024-12-13T17:03:00.960+0000] {logging_mixin.py:190} INFO - [2024-12-13T17:03:00.960+0000] {dagbag.py:588} INFO - Filling up the DagBag from /home/airflow/.local/lib/python3.12/site-packages/airflow/example_dags/tutorial.py
[2024-12-13T17:03:00.966+0000] {processor.py:925} INFO - DAG(s) 'tutorial' retrieved from /home/airflow/.local/lib/python3.12/site-packages/airflow/example_dags/tutorial.py
[2024-12-13T17:03:00.980+0000] {logging_mixin.py:190} INFO - [2024-12-13T17:03:00.980+0000] {dag.py:3239} INFO - Sync 1 DAGs
[2024-12-13T17:03:00.996+0000] {logging_mixin.py:190} INFO - [2024-12-13T17:03:00.996+0000] {dag.py:4180} INFO - Setting next_dagrun for tutorial to 2024-12-12 00:00:00+00:00, run_after=2024-12-13 00:00:00+00:00
[2024-12-13T17:03:01.009+0000] {processor.py:208} INFO - Processing /home/airflow/.local/lib/python3.12/site-packages/airflow/example_dags/tutorial.py took 0.057 seconds
[2024-12-13T17:03:31.377+0000] {processor.py:186} INFO - Started process (PID=645) to work on /home/airflow/.local/lib/python3.12/site-packages/airflow/example_dags/tutorial.py
[2024-12-13T17:03:31.378+0000] {processor.py:914} INFO - Processing file /home/airflow/.local/lib/python3.12/site-packages/airflow/example_dags/tutorial.py for tasks to queue
[2024-12-13T17:03:31.380+0000] {logging_mixin.py:190} INFO - [2024-12-13T17:03:31.380+0000] {dagbag.py:588} INFO - Filling up the DagBag from /home/airflow/.local/lib/python3.12/site-packages/airflow/example_dags/tutorial.py
[2024-12-13T17:03:31.386+0000] {processor.py:925} INFO - DAG(s) 'tutorial' retrieved from /home/airflow/.local/lib/python3.12/site-packages/airflow/example_dags/tutorial.py
[2024-12-13T17:03:31.402+0000] {logging_mixin.py:190} INFO - [2024-12-13T17:03:31.402+0000] {dag.py:3239} INFO - Sync 1 DAGs
[2024-12-13T17:03:31.419+0000] {logging_mixin.py:190} INFO - [2024-12-13T17:03:31.418+0000] {dag.py:4180} INFO - Setting next_dagrun for tutorial to 2024-12-12 00:00:00+00:00, run_after=2024-12-13 00:00:00+00:00
[2024-12-13T17:03:31.433+0000] {processor.py:208} INFO - Processing /home/airflow/.local/lib/python3.12/site-packages/airflow/example_dags/tutorial.py took 0.061 seconds
[2024-12-13T17:04:02.580+0000] {processor.py:186} INFO - Started process (PID=708) to work on /home/airflow/.local/lib/python3.12/site-packages/airflow/example_dags/tutorial.py
[2024-12-13T17:04:02.581+0000] {processor.py:914} INFO - Processing file /home/airflow/.local/lib/python3.12/site-packages/airflow/example_dags/tutorial.py for tasks to queue
[2024-12-13T17:04:02.584+0000] {logging_mixin.py:190} INFO - [2024-12-13T17:04:02.583+0000] {dagbag.py:588} INFO - Filling up the DagBag from /home/airflow/.local/lib/python3.12/site-packages/airflow/example_dags/tutorial.py
[2024-12-13T17:04:02.589+0000] {processor.py:925} INFO - DAG(s) 'tutorial' retrieved from /home/airflow/.local/lib/python3.12/site-packages/airflow/example_dags/tutorial.py
[2024-12-13T17:04:02.603+0000] {logging_mixin.py:190} INFO - [2024-12-13T17:04:02.603+0000] {dag.py:3239} INFO - Sync 1 DAGs
[2024-12-13T17:04:02.619+0000] {logging_mixin.py:190} INFO - [2024-12-13T17:04:02.619+0000] {dag.py:4180} INFO - Setting next_dagrun for tutorial to 2024-12-12 00:00:00+00:00, run_after=2024-12-13 00:00:00+00:00
[2024-12-13T17:04:02.633+0000] {processor.py:208} INFO - Processing /home/airflow/.local/lib/python3.12/site-packages/airflow/example_dags/tutorial.py took 0.057 seconds
