[2024-12-13T16:58:54.018+0000] {processor.py:186} INFO - Started process (PID=90) to work on /home/airflow/.local/lib/python3.12/site-packages/airflow/example_dags/tutorial_objectstorage.py
[2024-12-13T16:58:54.018+0000] {processor.py:914} INFO - Processing file /home/airflow/.local/lib/python3.12/site-packages/airflow/example_dags/tutorial_objectstorage.py for tasks to queue
[2024-12-13T16:58:54.020+0000] {logging_mixin.py:190} INFO - [2024-12-13T16:58:54.020+0000] {dagbag.py:588} INFO - Filling up the DagBag from /home/airflow/.local/lib/python3.12/site-packages/airflow/example_dags/tutorial_objectstorage.py
[2024-12-13T16:58:54.028+0000] {processor.py:925} INFO - DAG(s) 'tutorial_objectstorage' retrieved from /home/airflow/.local/lib/python3.12/site-packages/airflow/example_dags/tutorial_objectstorage.py
[2024-12-13T16:58:54.101+0000] {logging_mixin.py:190} INFO - [2024-12-13T16:58:54.100+0000] {override.py:1911} INFO - Created Permission View: can edit on DAG:tutorial_objectstorage
[2024-12-13T16:58:54.109+0000] {logging_mixin.py:190} INFO - [2024-12-13T16:58:54.109+0000] {override.py:1911} INFO - Created Permission View: can read on DAG:tutorial_objectstorage
[2024-12-13T16:58:54.114+0000] {logging_mixin.py:190} INFO - [2024-12-13T16:58:54.114+0000] {override.py:1911} INFO - Created Permission View: can delete on DAG:tutorial_objectstorage
[2024-12-13T16:58:54.121+0000] {logging_mixin.py:190} INFO - [2024-12-13T16:58:54.120+0000] {override.py:1911} INFO - Created Permission View: menu access on DAG Run:tutorial_objectstorage
[2024-12-13T16:58:54.126+0000] {logging_mixin.py:190} INFO - [2024-12-13T16:58:54.125+0000] {override.py:1911} INFO - Created Permission View: can delete on DAG Run:tutorial_objectstorage
[2024-12-13T16:58:54.131+0000] {logging_mixin.py:190} INFO - [2024-12-13T16:58:54.131+0000] {override.py:1911} INFO - Created Permission View: can read on DAG Run:tutorial_objectstorage
[2024-12-13T16:58:54.136+0000] {logging_mixin.py:190} INFO - [2024-12-13T16:58:54.135+0000] {override.py:1911} INFO - Created Permission View: can create on DAG Run:tutorial_objectstorage
[2024-12-13T16:58:54.136+0000] {logging_mixin.py:190} INFO - [2024-12-13T16:58:54.136+0000] {dag.py:3239} INFO - Sync 1 DAGs
[2024-12-13T16:58:54.145+0000] {logging_mixin.py:190} INFO - [2024-12-13T16:58:54.144+0000] {dag.py:3262} INFO - Creating ORM DAG for tutorial_objectstorage
[2024-12-13T16:58:54.145+0000] {logging_mixin.py:190} INFO - [2024-12-13T16:58:54.145+0000] {dag.py:4180} INFO - Setting next_dagrun for tutorial_objectstorage to None, run_after=None
[2024-12-13T16:58:54.158+0000] {processor.py:208} INFO - Processing /home/airflow/.local/lib/python3.12/site-packages/airflow/example_dags/tutorial_objectstorage.py took 0.144 seconds
[2024-12-13T16:59:24.262+0000] {processor.py:186} INFO - Started process (PID=153) to work on /home/airflow/.local/lib/python3.12/site-packages/airflow/example_dags/tutorial_objectstorage.py
[2024-12-13T16:59:24.263+0000] {processor.py:914} INFO - Processing file /home/airflow/.local/lib/python3.12/site-packages/airflow/example_dags/tutorial_objectstorage.py for tasks to queue
[2024-12-13T16:59:24.265+0000] {logging_mixin.py:190} INFO - [2024-12-13T16:59:24.264+0000] {dagbag.py:588} INFO - Filling up the DagBag from /home/airflow/.local/lib/python3.12/site-packages/airflow/example_dags/tutorial_objectstorage.py
[2024-12-13T16:59:24.271+0000] {processor.py:925} INFO - DAG(s) 'tutorial_objectstorage' retrieved from /home/airflow/.local/lib/python3.12/site-packages/airflow/example_dags/tutorial_objectstorage.py
[2024-12-13T16:59:24.284+0000] {logging_mixin.py:190} INFO - [2024-12-13T16:59:24.284+0000] {dag.py:3239} INFO - Sync 1 DAGs
[2024-12-13T16:59:24.293+0000] {logging_mixin.py:190} INFO - [2024-12-13T16:59:24.293+0000] {dag.py:4180} INFO - Setting next_dagrun for tutorial_objectstorage to None, run_after=None
[2024-12-13T16:59:24.306+0000] {processor.py:208} INFO - Processing /home/airflow/.local/lib/python3.12/site-packages/airflow/example_dags/tutorial_objectstorage.py took 0.048 seconds
[2024-12-13T16:59:55.154+0000] {processor.py:186} INFO - Started process (PID=216) to work on /home/airflow/.local/lib/python3.12/site-packages/airflow/example_dags/tutorial_objectstorage.py
[2024-12-13T16:59:55.154+0000] {processor.py:914} INFO - Processing file /home/airflow/.local/lib/python3.12/site-packages/airflow/example_dags/tutorial_objectstorage.py for tasks to queue
[2024-12-13T16:59:55.156+0000] {logging_mixin.py:190} INFO - [2024-12-13T16:59:55.156+0000] {dagbag.py:588} INFO - Filling up the DagBag from /home/airflow/.local/lib/python3.12/site-packages/airflow/example_dags/tutorial_objectstorage.py
[2024-12-13T16:59:55.162+0000] {processor.py:925} INFO - DAG(s) 'tutorial_objectstorage' retrieved from /home/airflow/.local/lib/python3.12/site-packages/airflow/example_dags/tutorial_objectstorage.py
[2024-12-13T16:59:55.174+0000] {logging_mixin.py:190} INFO - [2024-12-13T16:59:55.174+0000] {dag.py:3239} INFO - Sync 1 DAGs
[2024-12-13T16:59:55.186+0000] {logging_mixin.py:190} INFO - [2024-12-13T16:59:55.186+0000] {dag.py:4180} INFO - Setting next_dagrun for tutorial_objectstorage to None, run_after=None
[2024-12-13T16:59:55.200+0000] {processor.py:208} INFO - Processing /home/airflow/.local/lib/python3.12/site-packages/airflow/example_dags/tutorial_objectstorage.py took 0.050 seconds
[2024-12-13T17:00:26.215+0000] {processor.py:186} INFO - Started process (PID=279) to work on /home/airflow/.local/lib/python3.12/site-packages/airflow/example_dags/tutorial_objectstorage.py
[2024-12-13T17:00:26.215+0000] {processor.py:914} INFO - Processing file /home/airflow/.local/lib/python3.12/site-packages/airflow/example_dags/tutorial_objectstorage.py for tasks to queue
[2024-12-13T17:00:26.217+0000] {logging_mixin.py:190} INFO - [2024-12-13T17:00:26.217+0000] {dagbag.py:588} INFO - Filling up the DagBag from /home/airflow/.local/lib/python3.12/site-packages/airflow/example_dags/tutorial_objectstorage.py
[2024-12-13T17:00:26.223+0000] {processor.py:925} INFO - DAG(s) 'tutorial_objectstorage' retrieved from /home/airflow/.local/lib/python3.12/site-packages/airflow/example_dags/tutorial_objectstorage.py
[2024-12-13T17:00:26.237+0000] {logging_mixin.py:190} INFO - [2024-12-13T17:00:26.237+0000] {dag.py:3239} INFO - Sync 1 DAGs
[2024-12-13T17:00:26.247+0000] {logging_mixin.py:190} INFO - [2024-12-13T17:00:26.247+0000] {dag.py:4180} INFO - Setting next_dagrun for tutorial_objectstorage to None, run_after=None
[2024-12-13T17:00:26.260+0000] {processor.py:208} INFO - Processing /home/airflow/.local/lib/python3.12/site-packages/airflow/example_dags/tutorial_objectstorage.py took 0.049 seconds
[2024-12-13T17:00:57.210+0000] {processor.py:186} INFO - Started process (PID=342) to work on /home/airflow/.local/lib/python3.12/site-packages/airflow/example_dags/tutorial_objectstorage.py
[2024-12-13T17:00:57.211+0000] {processor.py:914} INFO - Processing file /home/airflow/.local/lib/python3.12/site-packages/airflow/example_dags/tutorial_objectstorage.py for tasks to queue
[2024-12-13T17:00:57.212+0000] {logging_mixin.py:190} INFO - [2024-12-13T17:00:57.212+0000] {dagbag.py:588} INFO - Filling up the DagBag from /home/airflow/.local/lib/python3.12/site-packages/airflow/example_dags/tutorial_objectstorage.py
[2024-12-13T17:00:57.218+0000] {processor.py:925} INFO - DAG(s) 'tutorial_objectstorage' retrieved from /home/airflow/.local/lib/python3.12/site-packages/airflow/example_dags/tutorial_objectstorage.py
[2024-12-13T17:00:57.232+0000] {logging_mixin.py:190} INFO - [2024-12-13T17:00:57.232+0000] {dag.py:3239} INFO - Sync 1 DAGs
[2024-12-13T17:00:57.242+0000] {logging_mixin.py:190} INFO - [2024-12-13T17:00:57.242+0000] {dag.py:4180} INFO - Setting next_dagrun for tutorial_objectstorage to None, run_after=None
[2024-12-13T17:00:57.255+0000] {processor.py:208} INFO - Processing /home/airflow/.local/lib/python3.12/site-packages/airflow/example_dags/tutorial_objectstorage.py took 0.049 seconds
[2024-12-13T17:01:28.156+0000] {processor.py:186} INFO - Started process (PID=405) to work on /home/airflow/.local/lib/python3.12/site-packages/airflow/example_dags/tutorial_objectstorage.py
[2024-12-13T17:01:28.157+0000] {processor.py:914} INFO - Processing file /home/airflow/.local/lib/python3.12/site-packages/airflow/example_dags/tutorial_objectstorage.py for tasks to queue
[2024-12-13T17:01:28.159+0000] {logging_mixin.py:190} INFO - [2024-12-13T17:01:28.159+0000] {dagbag.py:588} INFO - Filling up the DagBag from /home/airflow/.local/lib/python3.12/site-packages/airflow/example_dags/tutorial_objectstorage.py
[2024-12-13T17:01:28.165+0000] {processor.py:925} INFO - DAG(s) 'tutorial_objectstorage' retrieved from /home/airflow/.local/lib/python3.12/site-packages/airflow/example_dags/tutorial_objectstorage.py
[2024-12-13T17:01:28.178+0000] {logging_mixin.py:190} INFO - [2024-12-13T17:01:28.178+0000] {dag.py:3239} INFO - Sync 1 DAGs
[2024-12-13T17:01:28.187+0000] {logging_mixin.py:190} INFO - [2024-12-13T17:01:28.187+0000] {dag.py:4180} INFO - Setting next_dagrun for tutorial_objectstorage to None, run_after=None
[2024-12-13T17:01:28.200+0000] {processor.py:208} INFO - Processing /home/airflow/.local/lib/python3.12/site-packages/airflow/example_dags/tutorial_objectstorage.py took 0.048 seconds
[2024-12-13T17:01:59.314+0000] {processor.py:186} INFO - Started process (PID=468) to work on /home/airflow/.local/lib/python3.12/site-packages/airflow/example_dags/tutorial_objectstorage.py
[2024-12-13T17:01:59.315+0000] {processor.py:914} INFO - Processing file /home/airflow/.local/lib/python3.12/site-packages/airflow/example_dags/tutorial_objectstorage.py for tasks to queue
[2024-12-13T17:01:59.316+0000] {logging_mixin.py:190} INFO - [2024-12-13T17:01:59.316+0000] {dagbag.py:588} INFO - Filling up the DagBag from /home/airflow/.local/lib/python3.12/site-packages/airflow/example_dags/tutorial_objectstorage.py
[2024-12-13T17:01:59.323+0000] {processor.py:925} INFO - DAG(s) 'tutorial_objectstorage' retrieved from /home/airflow/.local/lib/python3.12/site-packages/airflow/example_dags/tutorial_objectstorage.py
[2024-12-13T17:01:59.337+0000] {logging_mixin.py:190} INFO - [2024-12-13T17:01:59.337+0000] {dag.py:3239} INFO - Sync 1 DAGs
[2024-12-13T17:01:59.347+0000] {logging_mixin.py:190} INFO - [2024-12-13T17:01:59.347+0000] {dag.py:4180} INFO - Setting next_dagrun for tutorial_objectstorage to None, run_after=None
[2024-12-13T17:01:59.360+0000] {processor.py:208} INFO - Processing /home/airflow/.local/lib/python3.12/site-packages/airflow/example_dags/tutorial_objectstorage.py took 0.051 seconds
[2024-12-13T17:02:30.402+0000] {processor.py:186} INFO - Started process (PID=531) to work on /home/airflow/.local/lib/python3.12/site-packages/airflow/example_dags/tutorial_objectstorage.py
[2024-12-13T17:02:30.403+0000] {processor.py:914} INFO - Processing file /home/airflow/.local/lib/python3.12/site-packages/airflow/example_dags/tutorial_objectstorage.py for tasks to queue
[2024-12-13T17:02:30.405+0000] {logging_mixin.py:190} INFO - [2024-12-13T17:02:30.404+0000] {dagbag.py:588} INFO - Filling up the DagBag from /home/airflow/.local/lib/python3.12/site-packages/airflow/example_dags/tutorial_objectstorage.py
[2024-12-13T17:02:30.411+0000] {processor.py:925} INFO - DAG(s) 'tutorial_objectstorage' retrieved from /home/airflow/.local/lib/python3.12/site-packages/airflow/example_dags/tutorial_objectstorage.py
[2024-12-13T17:02:30.424+0000] {logging_mixin.py:190} INFO - [2024-12-13T17:02:30.424+0000] {dag.py:3239} INFO - Sync 1 DAGs
[2024-12-13T17:02:30.434+0000] {logging_mixin.py:190} INFO - [2024-12-13T17:02:30.434+0000] {dag.py:4180} INFO - Setting next_dagrun for tutorial_objectstorage to None, run_after=None
[2024-12-13T17:02:30.447+0000] {processor.py:208} INFO - Processing /home/airflow/.local/lib/python3.12/site-packages/airflow/example_dags/tutorial_objectstorage.py took 0.048 seconds
[2024-12-13T17:03:01.559+0000] {processor.py:186} INFO - Started process (PID=594) to work on /home/airflow/.local/lib/python3.12/site-packages/airflow/example_dags/tutorial_objectstorage.py
[2024-12-13T17:03:01.560+0000] {processor.py:914} INFO - Processing file /home/airflow/.local/lib/python3.12/site-packages/airflow/example_dags/tutorial_objectstorage.py for tasks to queue
[2024-12-13T17:03:01.562+0000] {logging_mixin.py:190} INFO - [2024-12-13T17:03:01.562+0000] {dagbag.py:588} INFO - Filling up the DagBag from /home/airflow/.local/lib/python3.12/site-packages/airflow/example_dags/tutorial_objectstorage.py
[2024-12-13T17:03:01.569+0000] {processor.py:925} INFO - DAG(s) 'tutorial_objectstorage' retrieved from /home/airflow/.local/lib/python3.12/site-packages/airflow/example_dags/tutorial_objectstorage.py
[2024-12-13T17:03:01.582+0000] {logging_mixin.py:190} INFO - [2024-12-13T17:03:01.582+0000] {dag.py:3239} INFO - Sync 1 DAGs
[2024-12-13T17:03:01.593+0000] {logging_mixin.py:190} INFO - [2024-12-13T17:03:01.593+0000] {dag.py:4180} INFO - Setting next_dagrun for tutorial_objectstorage to None, run_after=None
[2024-12-13T17:03:01.607+0000] {processor.py:208} INFO - Processing /home/airflow/.local/lib/python3.12/site-packages/airflow/example_dags/tutorial_objectstorage.py took 0.052 seconds
[2024-12-13T17:03:32.035+0000] {processor.py:186} INFO - Started process (PID=657) to work on /home/airflow/.local/lib/python3.12/site-packages/airflow/example_dags/tutorial_objectstorage.py
[2024-12-13T17:03:32.035+0000] {processor.py:914} INFO - Processing file /home/airflow/.local/lib/python3.12/site-packages/airflow/example_dags/tutorial_objectstorage.py for tasks to queue
[2024-12-13T17:03:32.037+0000] {logging_mixin.py:190} INFO - [2024-12-13T17:03:32.037+0000] {dagbag.py:588} INFO - Filling up the DagBag from /home/airflow/.local/lib/python3.12/site-packages/airflow/example_dags/tutorial_objectstorage.py
[2024-12-13T17:03:32.043+0000] {processor.py:925} INFO - DAG(s) 'tutorial_objectstorage' retrieved from /home/airflow/.local/lib/python3.12/site-packages/airflow/example_dags/tutorial_objectstorage.py
[2024-12-13T17:03:32.056+0000] {logging_mixin.py:190} INFO - [2024-12-13T17:03:32.056+0000] {dag.py:3239} INFO - Sync 1 DAGs
[2024-12-13T17:03:32.066+0000] {logging_mixin.py:190} INFO - [2024-12-13T17:03:32.066+0000] {dag.py:4180} INFO - Setting next_dagrun for tutorial_objectstorage to None, run_after=None
[2024-12-13T17:03:32.079+0000] {processor.py:208} INFO - Processing /home/airflow/.local/lib/python3.12/site-packages/airflow/example_dags/tutorial_objectstorage.py took 0.048 seconds
[2024-12-13T17:04:03.166+0000] {processor.py:186} INFO - Started process (PID=720) to work on /home/airflow/.local/lib/python3.12/site-packages/airflow/example_dags/tutorial_objectstorage.py
[2024-12-13T17:04:03.167+0000] {processor.py:914} INFO - Processing file /home/airflow/.local/lib/python3.12/site-packages/airflow/example_dags/tutorial_objectstorage.py for tasks to queue
[2024-12-13T17:04:03.168+0000] {logging_mixin.py:190} INFO - [2024-12-13T17:04:03.168+0000] {dagbag.py:588} INFO - Filling up the DagBag from /home/airflow/.local/lib/python3.12/site-packages/airflow/example_dags/tutorial_objectstorage.py
[2024-12-13T17:04:03.174+0000] {processor.py:925} INFO - DAG(s) 'tutorial_objectstorage' retrieved from /home/airflow/.local/lib/python3.12/site-packages/airflow/example_dags/tutorial_objectstorage.py
[2024-12-13T17:04:03.188+0000] {logging_mixin.py:190} INFO - [2024-12-13T17:04:03.188+0000] {dag.py:3239} INFO - Sync 1 DAGs
[2024-12-13T17:04:03.197+0000] {logging_mixin.py:190} INFO - [2024-12-13T17:04:03.197+0000] {dag.py:4180} INFO - Setting next_dagrun for tutorial_objectstorage to None, run_after=None
[2024-12-13T17:04:03.211+0000] {processor.py:208} INFO - Processing /home/airflow/.local/lib/python3.12/site-packages/airflow/example_dags/tutorial_objectstorage.py took 0.049 seconds
