[2024-12-13T16:58:54.555+0000] {processor.py:186} INFO - Started process (PID=96) to work on /home/airflow/.local/lib/python3.12/site-packages/airflow/example_dags/tutorial_dag.py
[2024-12-13T16:58:54.556+0000] {processor.py:914} INFO - Processing file /home/airflow/.local/lib/python3.12/site-packages/airflow/example_dags/tutorial_dag.py for tasks to queue
[2024-12-13T16:58:54.557+0000] {logging_mixin.py:190} INFO - [2024-12-13T16:58:54.557+0000] {dagbag.py:588} INFO - Filling up the DagBag from /home/airflow/.local/lib/python3.12/site-packages/airflow/example_dags/tutorial_dag.py
[2024-12-13T16:58:54.563+0000] {processor.py:925} INFO - DAG(s) 'tutorial_dag' retrieved from /home/airflow/.local/lib/python3.12/site-packages/airflow/example_dags/tutorial_dag.py
[2024-12-13T16:58:54.639+0000] {logging_mixin.py:190} INFO - [2024-12-13T16:58:54.638+0000] {override.py:1911} INFO - Created Permission View: can edit on DAG:tutorial_dag
[2024-12-13T16:58:54.645+0000] {logging_mixin.py:190} INFO - [2024-12-13T16:58:54.645+0000] {override.py:1911} INFO - Created Permission View: can read on DAG:tutorial_dag
[2024-12-13T16:58:54.650+0000] {logging_mixin.py:190} INFO - [2024-12-13T16:58:54.649+0000] {override.py:1911} INFO - Created Permission View: can delete on DAG:tutorial_dag
[2024-12-13T16:58:54.654+0000] {logging_mixin.py:190} INFO - [2024-12-13T16:58:54.654+0000] {override.py:1911} INFO - Created Permission View: menu access on DAG Run:tutorial_dag
[2024-12-13T16:58:54.658+0000] {logging_mixin.py:190} INFO - [2024-12-13T16:58:54.658+0000] {override.py:1911} INFO - Created Permission View: can delete on DAG Run:tutorial_dag
[2024-12-13T16:58:54.662+0000] {logging_mixin.py:190} INFO - [2024-12-13T16:58:54.662+0000] {override.py:1911} INFO - Created Permission View: can read on DAG Run:tutorial_dag
[2024-12-13T16:58:54.667+0000] {logging_mixin.py:190} INFO - [2024-12-13T16:58:54.666+0000] {override.py:1911} INFO - Created Permission View: can create on DAG Run:tutorial_dag
[2024-12-13T16:58:54.667+0000] {logging_mixin.py:190} INFO - [2024-12-13T16:58:54.667+0000] {dag.py:3239} INFO - Sync 1 DAGs
[2024-12-13T16:58:54.675+0000] {logging_mixin.py:190} INFO - [2024-12-13T16:58:54.675+0000] {dag.py:3262} INFO - Creating ORM DAG for tutorial_dag
[2024-12-13T16:58:54.675+0000] {logging_mixin.py:190} INFO - [2024-12-13T16:58:54.675+0000] {dag.py:4180} INFO - Setting next_dagrun for tutorial_dag to None, run_after=None
[2024-12-13T16:58:54.685+0000] {processor.py:208} INFO - Processing /home/airflow/.local/lib/python3.12/site-packages/airflow/example_dags/tutorial_dag.py took 0.134 seconds
[2024-12-13T16:59:25.531+0000] {processor.py:186} INFO - Started process (PID=159) to work on /home/airflow/.local/lib/python3.12/site-packages/airflow/example_dags/tutorial_dag.py
[2024-12-13T16:59:25.532+0000] {processor.py:914} INFO - Processing file /home/airflow/.local/lib/python3.12/site-packages/airflow/example_dags/tutorial_dag.py for tasks to queue
[2024-12-13T16:59:25.534+0000] {logging_mixin.py:190} INFO - [2024-12-13T16:59:25.534+0000] {dagbag.py:588} INFO - Filling up the DagBag from /home/airflow/.local/lib/python3.12/site-packages/airflow/example_dags/tutorial_dag.py
[2024-12-13T16:59:25.539+0000] {processor.py:925} INFO - DAG(s) 'tutorial_dag' retrieved from /home/airflow/.local/lib/python3.12/site-packages/airflow/example_dags/tutorial_dag.py
[2024-12-13T16:59:25.553+0000] {logging_mixin.py:190} INFO - [2024-12-13T16:59:25.552+0000] {dag.py:3239} INFO - Sync 1 DAGs
[2024-12-13T16:59:25.562+0000] {logging_mixin.py:190} INFO - [2024-12-13T16:59:25.562+0000] {dag.py:4180} INFO - Setting next_dagrun for tutorial_dag to None, run_after=None
[2024-12-13T16:59:25.574+0000] {processor.py:208} INFO - Processing /home/airflow/.local/lib/python3.12/site-packages/airflow/example_dags/tutorial_dag.py took 0.047 seconds
[2024-12-13T16:59:56.378+0000] {processor.py:186} INFO - Started process (PID=222) to work on /home/airflow/.local/lib/python3.12/site-packages/airflow/example_dags/tutorial_dag.py
[2024-12-13T16:59:56.379+0000] {processor.py:914} INFO - Processing file /home/airflow/.local/lib/python3.12/site-packages/airflow/example_dags/tutorial_dag.py for tasks to queue
[2024-12-13T16:59:56.381+0000] {logging_mixin.py:190} INFO - [2024-12-13T16:59:56.380+0000] {dagbag.py:588} INFO - Filling up the DagBag from /home/airflow/.local/lib/python3.12/site-packages/airflow/example_dags/tutorial_dag.py
[2024-12-13T16:59:56.388+0000] {processor.py:925} INFO - DAG(s) 'tutorial_dag' retrieved from /home/airflow/.local/lib/python3.12/site-packages/airflow/example_dags/tutorial_dag.py
[2024-12-13T16:59:56.402+0000] {logging_mixin.py:190} INFO - [2024-12-13T16:59:56.402+0000] {dag.py:3239} INFO - Sync 1 DAGs
[2024-12-13T16:59:56.412+0000] {logging_mixin.py:190} INFO - [2024-12-13T16:59:56.411+0000] {dag.py:4180} INFO - Setting next_dagrun for tutorial_dag to None, run_after=None
[2024-12-13T16:59:56.424+0000] {processor.py:208} INFO - Processing /home/airflow/.local/lib/python3.12/site-packages/airflow/example_dags/tutorial_dag.py took 0.052 seconds
[2024-12-13T17:00:26.449+0000] {processor.py:186} INFO - Started process (PID=284) to work on /home/airflow/.local/lib/python3.12/site-packages/airflow/example_dags/tutorial_dag.py
[2024-12-13T17:00:26.450+0000] {processor.py:914} INFO - Processing file /home/airflow/.local/lib/python3.12/site-packages/airflow/example_dags/tutorial_dag.py for tasks to queue
[2024-12-13T17:00:26.451+0000] {logging_mixin.py:190} INFO - [2024-12-13T17:00:26.451+0000] {dagbag.py:588} INFO - Filling up the DagBag from /home/airflow/.local/lib/python3.12/site-packages/airflow/example_dags/tutorial_dag.py
[2024-12-13T17:00:26.456+0000] {processor.py:925} INFO - DAG(s) 'tutorial_dag' retrieved from /home/airflow/.local/lib/python3.12/site-packages/airflow/example_dags/tutorial_dag.py
[2024-12-13T17:00:26.471+0000] {logging_mixin.py:190} INFO - [2024-12-13T17:00:26.471+0000] {dag.py:3239} INFO - Sync 1 DAGs
[2024-12-13T17:00:26.481+0000] {logging_mixin.py:190} INFO - [2024-12-13T17:00:26.481+0000] {dag.py:4180} INFO - Setting next_dagrun for tutorial_dag to None, run_after=None
[2024-12-13T17:00:26.492+0000] {processor.py:208} INFO - Processing /home/airflow/.local/lib/python3.12/site-packages/airflow/example_dags/tutorial_dag.py took 0.047 seconds
[2024-12-13T17:00:57.389+0000] {processor.py:186} INFO - Started process (PID=347) to work on /home/airflow/.local/lib/python3.12/site-packages/airflow/example_dags/tutorial_dag.py
[2024-12-13T17:00:57.390+0000] {processor.py:914} INFO - Processing file /home/airflow/.local/lib/python3.12/site-packages/airflow/example_dags/tutorial_dag.py for tasks to queue
[2024-12-13T17:00:57.391+0000] {logging_mixin.py:190} INFO - [2024-12-13T17:00:57.391+0000] {dagbag.py:588} INFO - Filling up the DagBag from /home/airflow/.local/lib/python3.12/site-packages/airflow/example_dags/tutorial_dag.py
[2024-12-13T17:00:57.396+0000] {processor.py:925} INFO - DAG(s) 'tutorial_dag' retrieved from /home/airflow/.local/lib/python3.12/site-packages/airflow/example_dags/tutorial_dag.py
[2024-12-13T17:00:57.409+0000] {logging_mixin.py:190} INFO - [2024-12-13T17:00:57.409+0000] {dag.py:3239} INFO - Sync 1 DAGs
[2024-12-13T17:00:57.418+0000] {logging_mixin.py:190} INFO - [2024-12-13T17:00:57.418+0000] {dag.py:4180} INFO - Setting next_dagrun for tutorial_dag to None, run_after=None
[2024-12-13T17:00:57.431+0000] {processor.py:208} INFO - Processing /home/airflow/.local/lib/python3.12/site-packages/airflow/example_dags/tutorial_dag.py took 0.046 seconds
[2024-12-13T17:01:28.324+0000] {processor.py:186} INFO - Started process (PID=410) to work on /home/airflow/.local/lib/python3.12/site-packages/airflow/example_dags/tutorial_dag.py
[2024-12-13T17:01:28.324+0000] {processor.py:914} INFO - Processing file /home/airflow/.local/lib/python3.12/site-packages/airflow/example_dags/tutorial_dag.py for tasks to queue
[2024-12-13T17:01:28.326+0000] {logging_mixin.py:190} INFO - [2024-12-13T17:01:28.326+0000] {dagbag.py:588} INFO - Filling up the DagBag from /home/airflow/.local/lib/python3.12/site-packages/airflow/example_dags/tutorial_dag.py
[2024-12-13T17:01:28.331+0000] {processor.py:925} INFO - DAG(s) 'tutorial_dag' retrieved from /home/airflow/.local/lib/python3.12/site-packages/airflow/example_dags/tutorial_dag.py
[2024-12-13T17:01:28.344+0000] {logging_mixin.py:190} INFO - [2024-12-13T17:01:28.344+0000] {dag.py:3239} INFO - Sync 1 DAGs
[2024-12-13T17:01:28.353+0000] {logging_mixin.py:190} INFO - [2024-12-13T17:01:28.353+0000] {dag.py:4180} INFO - Setting next_dagrun for tutorial_dag to None, run_after=None
[2024-12-13T17:01:28.366+0000] {processor.py:208} INFO - Processing /home/airflow/.local/lib/python3.12/site-packages/airflow/example_dags/tutorial_dag.py took 0.046 seconds
[2024-12-13T17:01:59.494+0000] {processor.py:186} INFO - Started process (PID=473) to work on /home/airflow/.local/lib/python3.12/site-packages/airflow/example_dags/tutorial_dag.py
[2024-12-13T17:01:59.495+0000] {processor.py:914} INFO - Processing file /home/airflow/.local/lib/python3.12/site-packages/airflow/example_dags/tutorial_dag.py for tasks to queue
[2024-12-13T17:01:59.496+0000] {logging_mixin.py:190} INFO - [2024-12-13T17:01:59.496+0000] {dagbag.py:588} INFO - Filling up the DagBag from /home/airflow/.local/lib/python3.12/site-packages/airflow/example_dags/tutorial_dag.py
[2024-12-13T17:01:59.501+0000] {processor.py:925} INFO - DAG(s) 'tutorial_dag' retrieved from /home/airflow/.local/lib/python3.12/site-packages/airflow/example_dags/tutorial_dag.py
[2024-12-13T17:01:59.515+0000] {logging_mixin.py:190} INFO - [2024-12-13T17:01:59.515+0000] {dag.py:3239} INFO - Sync 1 DAGs
[2024-12-13T17:01:59.524+0000] {logging_mixin.py:190} INFO - [2024-12-13T17:01:59.524+0000] {dag.py:4180} INFO - Setting next_dagrun for tutorial_dag to None, run_after=None
[2024-12-13T17:01:59.537+0000] {processor.py:208} INFO - Processing /home/airflow/.local/lib/python3.12/site-packages/airflow/example_dags/tutorial_dag.py took 0.047 seconds
[2024-12-13T17:02:30.627+0000] {processor.py:186} INFO - Started process (PID=536) to work on /home/airflow/.local/lib/python3.12/site-packages/airflow/example_dags/tutorial_dag.py
[2024-12-13T17:02:30.628+0000] {processor.py:914} INFO - Processing file /home/airflow/.local/lib/python3.12/site-packages/airflow/example_dags/tutorial_dag.py for tasks to queue
[2024-12-13T17:02:30.629+0000] {logging_mixin.py:190} INFO - [2024-12-13T17:02:30.629+0000] {dagbag.py:588} INFO - Filling up the DagBag from /home/airflow/.local/lib/python3.12/site-packages/airflow/example_dags/tutorial_dag.py
[2024-12-13T17:02:30.634+0000] {processor.py:925} INFO - DAG(s) 'tutorial_dag' retrieved from /home/airflow/.local/lib/python3.12/site-packages/airflow/example_dags/tutorial_dag.py
[2024-12-13T17:02:30.647+0000] {logging_mixin.py:190} INFO - [2024-12-13T17:02:30.647+0000] {dag.py:3239} INFO - Sync 1 DAGs
[2024-12-13T17:02:30.657+0000] {logging_mixin.py:190} INFO - [2024-12-13T17:02:30.656+0000] {dag.py:4180} INFO - Setting next_dagrun for tutorial_dag to None, run_after=None
[2024-12-13T17:02:30.670+0000] {processor.py:208} INFO - Processing /home/airflow/.local/lib/python3.12/site-packages/airflow/example_dags/tutorial_dag.py took 0.046 seconds
[2024-12-13T17:03:01.780+0000] {processor.py:186} INFO - Started process (PID=599) to work on /home/airflow/.local/lib/python3.12/site-packages/airflow/example_dags/tutorial_dag.py
[2024-12-13T17:03:01.781+0000] {processor.py:914} INFO - Processing file /home/airflow/.local/lib/python3.12/site-packages/airflow/example_dags/tutorial_dag.py for tasks to queue
[2024-12-13T17:03:01.782+0000] {logging_mixin.py:190} INFO - [2024-12-13T17:03:01.782+0000] {dagbag.py:588} INFO - Filling up the DagBag from /home/airflow/.local/lib/python3.12/site-packages/airflow/example_dags/tutorial_dag.py
[2024-12-13T17:03:01.787+0000] {processor.py:925} INFO - DAG(s) 'tutorial_dag' retrieved from /home/airflow/.local/lib/python3.12/site-packages/airflow/example_dags/tutorial_dag.py
[2024-12-13T17:03:01.801+0000] {logging_mixin.py:190} INFO - [2024-12-13T17:03:01.801+0000] {dag.py:3239} INFO - Sync 1 DAGs
[2024-12-13T17:03:01.810+0000] {logging_mixin.py:190} INFO - [2024-12-13T17:03:01.810+0000] {dag.py:4180} INFO - Setting next_dagrun for tutorial_dag to None, run_after=None
[2024-12-13T17:03:01.823+0000] {processor.py:208} INFO - Processing /home/airflow/.local/lib/python3.12/site-packages/airflow/example_dags/tutorial_dag.py took 0.047 seconds
[2024-12-13T17:03:32.245+0000] {processor.py:186} INFO - Started process (PID=662) to work on /home/airflow/.local/lib/python3.12/site-packages/airflow/example_dags/tutorial_dag.py
[2024-12-13T17:03:32.246+0000] {processor.py:914} INFO - Processing file /home/airflow/.local/lib/python3.12/site-packages/airflow/example_dags/tutorial_dag.py for tasks to queue
[2024-12-13T17:03:32.248+0000] {logging_mixin.py:190} INFO - [2024-12-13T17:03:32.248+0000] {dagbag.py:588} INFO - Filling up the DagBag from /home/airflow/.local/lib/python3.12/site-packages/airflow/example_dags/tutorial_dag.py
[2024-12-13T17:03:32.253+0000] {processor.py:925} INFO - DAG(s) 'tutorial_dag' retrieved from /home/airflow/.local/lib/python3.12/site-packages/airflow/example_dags/tutorial_dag.py
[2024-12-13T17:03:32.267+0000] {logging_mixin.py:190} INFO - [2024-12-13T17:03:32.266+0000] {dag.py:3239} INFO - Sync 1 DAGs
[2024-12-13T17:03:32.277+0000] {logging_mixin.py:190} INFO - [2024-12-13T17:03:32.277+0000] {dag.py:4180} INFO - Setting next_dagrun for tutorial_dag to None, run_after=None
[2024-12-13T17:03:32.291+0000] {processor.py:208} INFO - Processing /home/airflow/.local/lib/python3.12/site-packages/airflow/example_dags/tutorial_dag.py took 0.050 seconds
[2024-12-13T17:04:03.392+0000] {processor.py:186} INFO - Started process (PID=725) to work on /home/airflow/.local/lib/python3.12/site-packages/airflow/example_dags/tutorial_dag.py
[2024-12-13T17:04:03.393+0000] {processor.py:914} INFO - Processing file /home/airflow/.local/lib/python3.12/site-packages/airflow/example_dags/tutorial_dag.py for tasks to queue
[2024-12-13T17:04:03.395+0000] {logging_mixin.py:190} INFO - [2024-12-13T17:04:03.395+0000] {dagbag.py:588} INFO - Filling up the DagBag from /home/airflow/.local/lib/python3.12/site-packages/airflow/example_dags/tutorial_dag.py
[2024-12-13T17:04:03.400+0000] {processor.py:925} INFO - DAG(s) 'tutorial_dag' retrieved from /home/airflow/.local/lib/python3.12/site-packages/airflow/example_dags/tutorial_dag.py
[2024-12-13T17:04:03.415+0000] {logging_mixin.py:190} INFO - [2024-12-13T17:04:03.414+0000] {dag.py:3239} INFO - Sync 1 DAGs
[2024-12-13T17:04:03.426+0000] {logging_mixin.py:190} INFO - [2024-12-13T17:04:03.426+0000] {dag.py:4180} INFO - Setting next_dagrun for tutorial_dag to None, run_after=None
[2024-12-13T17:04:03.440+0000] {processor.py:208} INFO - Processing /home/airflow/.local/lib/python3.12/site-packages/airflow/example_dags/tutorial_dag.py took 0.051 seconds
